number,value,datetime_start,datetime_complete,duration,params_feature_fraction,params_lambda_l2,params_learning_rate,params_min_data_in_leaf,params_min_gain_to_split,params_num_leaves,user_attrs_Company,state,Company
29,23.443694802461867,2025-04-30 15:24:04.043070,2025-04-30 15:24:04.135836,0 days 00:00:00.092766,0.7149987785904869,0.0003261309671811653,0.0242875370803217,60,0.10331890927403241,105,TXN.O,COMPLETE,TXN.O
0,29.914192396981928,2025-04-30 15:24:04.178255,2025-04-30 15:24:04.231347,0 days 00:00:00.053092,0.8661458407384508,3.0793596890573554,0.08657277255923677,39,0.2844412668754084,87,WDAY.O,COMPLETE,WDAY.O
1,30.35746042409372,2025-04-30 15:24:04.236010,2025-04-30 15:24:04.343478,0 days 00:00:00.107468,0.9095053130231108,3.118840958916257,0.03806690027898114,16,0.23914267684468649,47,WDAY.O,COMPLETE,WDAY.O
2,30.106784769627147,2025-04-30 15:24:04.355853,2025-04-30 15:24:04.520888,0 days 00:00:00.165035,0.6924279357623507,0.00804873210499556,0.006675969608801515,29,0.3596994663590928,101,WDAY.O,COMPLETE,WDAY.O
3,30.272511414597588,2025-04-30 15:24:04.531699,2025-04-30 15:24:04.600688,0 days 00:00:00.068989,0.9901735497040182,0.6762099895465893,0.02796675524878602,21,0.001729274633783362,25,WDAY.O,COMPLETE,WDAY.O
4,30.480208294136386,2025-04-30 15:24:04.611759,2025-04-30 15:24:04.663637,0 days 00:00:00.051878,0.8004264217516327,2.0249227334632978,0.019190394629531187,88,0.49458453604798835,106,WDAY.O,COMPLETE,WDAY.O
5,29.985433412683218,2025-04-30 15:24:04.673607,2025-04-30 15:24:04.749774,0 days 00:00:00.076167,0.720796262287318,0.000245446242747967,0.015372154551206165,56,0.0631836217131142,37,WDAY.O,COMPLETE,WDAY.O
6,30.234228038506227,2025-04-30 15:24:04.759493,2025-04-30 15:24:04.797839,0 days 00:00:00.038346,0.6687093673408676,0.5725092682432206,0.04879370967809157,88,0.14137257702471145,122,WDAY.O,COMPLETE,WDAY.O
7,29.985057125539782,2025-04-30 15:24:04.807639,2025-04-30 15:24:04.895265,0 days 00:00:00.087626,0.6649784477854396,1.6030551891017928,0.019843755424009506,25,0.1709991039137987,86,WDAY.O,COMPLETE,WDAY.O
8,30.022776148835668,2025-04-30 15:24:04.901581,2025-04-30 15:24:05.013981,0 days 00:00:00.112400,0.981496239498996,0.010975517727327863,0.0069637433281767875,50,0.4565770340737741,27,WDAY.O,COMPLETE,WDAY.O
9,30.955194674408446,2025-04-30 15:24:05.021184,2025-04-30 15:24:05.091534,0 days 00:00:00.070350,0.954928491946399,0.00027177166957743893,0.009255298740294543,100,0.04781416718761666,104,WDAY.O,COMPLETE,WDAY.O
10,29.694451425554753,2025-04-30 15:24:05.100322,2025-04-30 15:24:05.177089,0 days 00:00:00.076767,0.8445810834235347,0.08477043234104704,0.09244719953373488,47,0.3333543907176299,65,WDAY.O,COMPLETE,WDAY.O
11,29.504129659146898,2025-04-30 15:24:05.185196,2025-04-30 15:24:05.278583,0 days 00:00:00.093387,0.8449713417982085,0.09692327439217359,0.09390442426048443,48,0.339413737981919,60,WDAY.O,COMPLETE,WDAY.O
12,30.066213596663882,2025-04-30 15:24:05.289048,2025-04-30 15:24:05.373043,0 days 00:00:00.083995,0.8283047349568183,0.17527476286027457,0.09639582234926698,63,0.36810982192345865,61,WDAY.O,COMPLETE,WDAY.O
13,30.409307250641376,2025-04-30 15:24:05.380386,2025-04-30 15:24:05.476122,0 days 00:00:00.095736,0.759675322144245,0.06062994400779411,0.058984921492243526,70,0.37549877658755154,62,WDAY.O,COMPLETE,WDAY.O
14,29.742209586123828,2025-04-30 15:24:05.486813,2025-04-30 15:24:05.607413,0 days 00:00:00.120600,0.8723016923359619,0.0018241526743595269,0.06613830988039239,43,0.2861790610072281,66,WDAY.O,COMPLETE,WDAY.O
15,30.164664322036487,2025-04-30 15:24:05.615790,2025-04-30 15:24:05.710696,0 days 00:00:00.094906,0.6143698393125117,0.0619812236707211,0.03929282842913868,73,0.4132585781015272,49,WDAY.O,COMPLETE,WDAY.O
16,29.841094249919493,2025-04-30 15:24:05.719818,2025-04-30 15:24:05.832516,0 days 00:00:00.112698,0.7701021205227232,0.007218394939297687,0.09931851707009139,36,0.30470166268321364,80,WDAY.O,COMPLETE,WDAY.O
17,30.380336920719305,2025-04-30 15:24:05.839990,2025-04-30 15:24:06.023416,0 days 00:00:00.183426,0.9138844760340595,0.16122259105273476,0.0685012517498918,10,0.21114388332654338,48,WDAY.O,COMPLETE,WDAY.O
18,29.816968260794727,2025-04-30 15:24:06.035037,2025-04-30 15:24:06.160703,0 days 00:00:00.125666,0.8526505740933399,0.0010803548583906036,0.03066228956766089,52,0.32958810365308666,72,WDAY.O,COMPLETE,WDAY.O
19,30.37222358651263,2025-04-30 15:24:06.170761,2025-04-30 15:24:06.309937,0 days 00:00:00.139176,0.9085439346874609,0.030242972732627733,0.011716435807384908,63,0.42482242366319717,55,WDAY.O,COMPLETE,WDAY.O
20,29.837942737720063,2025-04-30 15:24:06.320443,2025-04-30 15:24:06.440683,0 days 00:00:00.120240,0.7860628403896749,7.847697236276663,0.050997419510690596,44,0.19671108654887381,73,WDAY.O,COMPLETE,WDAY.O
21,30.052624772189148,2025-04-30 15:24:06.450035,2025-04-30 15:24:06.555927,0 days 00:00:00.105892,0.8710713097714959,0.001115006232570123,0.06885489188610888,35,0.2675458733663335,67,WDAY.O,COMPLETE,WDAY.O
22,29.687136998989224,2025-04-30 15:24:06.564915,2025-04-30 15:24:06.679296,0 days 00:00:00.114381,0.8264431177939354,0.0021547154957707003,0.07531871492419326,43,0.3074501661310959,39,WDAY.O,COMPLETE,WDAY.O
23,29.721764324356496,2025-04-30 15:24:06.688430,2025-04-30 15:24:06.780632,0 days 00:00:00.092202,0.8240312818804354,0.021741300794312732,0.07995440628176677,47,0.3302158433968777,39,WDAY.O,COMPLETE,WDAY.O
24,29.65256451615196,2025-04-30 15:24:06.785344,2025-04-30 15:24:06.885820,0 days 00:00:00.100476,0.7306511384743358,0.0028530238847230653,0.047962631773443225,57,0.32545892419119143,39,WDAY.O,COMPLETE,WDAY.O
25,29.701239884846245,2025-04-30 15:24:06.894078,2025-04-30 15:24:07.002823,0 days 00:00:00.108745,0.7306870846126373,0.0029249560521879695,0.04381753688635082,58,0.40597748782563325,34,WDAY.O,COMPLETE,WDAY.O
26,30.3831147687998,2025-04-30 15:24:07.012592,2025-04-30 15:24:07.109432,0 days 00:00:00.096840,0.7411340489289877,0.003567143921387547,0.030381849037091218,73,0.2494615560428405,41,WDAY.O,COMPLETE,WDAY.O
27,29.63180847195939,2025-04-30 15:24:07.116228,2025-04-30 15:24:07.221311,0 days 00:00:00.105083,0.8082730625797045,0.0004217305963780942,0.056409142951181414,31,0.143785159094742,30,WDAY.O,COMPLETE,WDAY.O
28,29.806946203401615,2025-04-30 15:24:07.227582,2025-04-30 15:24:07.327925,0 days 00:00:00.100343,0.7926018084241784,0.00011287202862219327,0.05437065743461277,31,0.11365539577371048,20,WDAY.O,COMPLETE,WDAY.O
29,29.904045429346077,2025-04-30 15:24:07.333563,2025-04-30 15:24:07.423887,0 days 00:00:00.090324,0.7043689078037361,0.00032750900751960064,0.05901574385307175,38,0.12568527637244895,31,WDAY.O,COMPLETE,WDAY.O
0,14.089036944758414,2025-04-30 15:24:07.460596,2025-04-30 15:24:07.495589,0 days 00:00:00.034993,0.6668521344867965,0.004838278993983381,0.048490308463754773,62,0.245562462775068,36,ZS.O,COMPLETE,ZS.O
1,14.043659745378605,2025-04-30 15:24:07.500206,2025-04-30 15:24:07.537262,0 days 00:00:00.037056,0.666778399957347,3.17783710252923,0.005030235977178765,61,0.35889131449477985,69,ZS.O,COMPLETE,ZS.O
2,14.080703883454621,2025-04-30 15:24:07.543843,2025-04-30 15:24:07.588472,0 days 00:00:00.044629,0.9115461715020161,0.7005860597987151,0.03608326433207386,31,0.47589146038166785,21,ZS.O,COMPLETE,ZS.O
3,13.951331738348387,2025-04-30 15:24:07.595658,2025-04-30 15:24:07.666567,0 days 00:00:00.070909,0.6990352767558123,2.664668416742632,0.021731239416104636,14,0.3160056607342342,58,ZS.O,COMPLETE,ZS.O
4,14.102169063573358,2025-04-30 15:24:07.672087,2025-04-30 15:24:07.703644,0 days 00:00:00.031557,0.7392737659618001,0.11393791493366127,0.05597585040756289,90,0.2670735863423335,91,ZS.O,COMPLETE,ZS.O
5,14.048978734960128,2025-04-30 15:24:07.710178,2025-04-30 15:24:07.926998,0 days 00:00:00.216820,0.8062295072925153,0.026065993480230174,0.009141548623863089,64,0.1445799223380972,54,ZS.O,COMPLETE,ZS.O
6,14.0478403976328,2025-04-30 15:24:07.935912,2025-04-30 15:24:07.991947,0 days 00:00:00.056035,0.8226326305552761,0.9019100652339567,0.0724288029213199,20,0.1931249183005116,32,ZS.O,COMPLETE,ZS.O
7,14.095885633389939,2025-04-30 15:24:07.996276,2025-04-30 15:24:08.024282,0 days 00:00:00.028006,0.8421846206669459,0.19445267887060919,0.04520606014585924,83,0.013906776810007848,75,ZS.O,COMPLETE,ZS.O
8,14.094093823318772,2025-04-30 15:24:08.029661,2025-04-30 15:24:08.066651,0 days 00:00:00.036990,0.8298763769048202,0.8936629025572036,0.04263349168206479,85,0.28912469225392784,114,ZS.O,COMPLETE,ZS.O
9,14.073118489953384,2025-04-30 15:24:08.074686,2025-04-30 15:24:08.123004,0 days 00:00:00.048318,0.7355978320237846,0.0011948008607986567,0.02529612480001135,34,0.202667673004443,66,ZS.O,COMPLETE,ZS.O
10,14.082443936878004,2025-04-30 15:24:08.127254,2025-04-30 15:24:08.260166,0 days 00:00:00.132912,0.9996276268742557,8.606840695372043,0.013652429972964224,11,0.4302128306237296,124,ZS.O,COMPLETE,ZS.O
11,14.052189363359537,2025-04-30 15:24:08.267321,2025-04-30 15:24:08.348756,0 days 00:00:00.081435,0.6018877394021307,9.583576083247921,0.005063651201976257,47,0.3714607228231136,88,ZS.O,COMPLETE,ZS.O
12,13.990550589941558,2025-04-30 15:24:08.352791,2025-04-30 15:24:08.436985,0 days 00:00:00.084194,0.6779465728535541,0.00011130576011692072,0.005367686031373363,50,0.36318826421769623,54,ZS.O,COMPLETE,ZS.O
13,14.012071092079271,2025-04-30 15:24:08.444376,2025-04-30 15:24:08.528572,0 days 00:00:00.084196,0.7084535078323515,0.00013666845100192718,0.013616015398790609,45,0.34393211436114957,48,ZS.O,COMPLETE,ZS.O
14,13.837620853364102,2025-04-30 15:24:08.536354,2025-04-30 15:24:08.678220,0 days 00:00:00.141866,0.6008668378669659,0.00011266866957997058,0.008824557973856496,10,0.42357441898276416,52,ZS.O,COMPLETE,ZS.O
15,13.881731185731455,2025-04-30 15:24:08.684631,2025-04-30 15:24:08.788385,0 days 00:00:00.103754,0.6019856285048341,0.001393256551191551,0.019260437824241302,17,0.47333321592510597,41,ZS.O,COMPLETE,ZS.O
16,13.854672918927443,2025-04-30 15:24:08.792636,2025-04-30 15:24:08.900020,0 days 00:00:00.107384,0.6090216361701761,0.0007167881668167123,0.009139443029584152,26,0.49290527671460616,38,ZS.O,COMPLETE,ZS.O
17,13.877829468410013,2025-04-30 15:24:08.909051,2025-04-30 15:24:09.004370,0 days 00:00:00.095319,0.6344915909970907,0.0005737963433790418,0.00840177776211251,29,0.4998529384438777,25,ZS.O,COMPLETE,ZS.O
18,13.845447646392238,2025-04-30 15:24:09.009566,2025-04-30 15:24:09.126254,0 days 00:00:00.116688,0.6330034194102745,0.008744147619189901,0.008312806945508,27,0.4355412353596163,84,ZS.O,COMPLETE,ZS.O
19,14.044829336302158,2025-04-30 15:24:09.142920,2025-04-30 15:24:09.250890,0 days 00:00:00.107970,0.7623440223648077,0.01128025772943737,0.011743656980133209,40,0.42737203359701276,97,ZS.O,COMPLETE,ZS.O
20,14.07211917836102,2025-04-30 15:24:09.256372,2025-04-30 15:24:09.335633,0 days 00:00:00.079261,0.8924646663844767,0.004258790283436918,0.007072739026717238,75,0.4237557484108162,83,ZS.O,COMPLETE,ZS.O
21,13.876961899228439,2025-04-30 15:24:09.343342,2025-04-30 15:24:09.450923,0 days 00:00:00.107581,0.6345675220780576,0.00038560936834468855,0.010307454777966851,23,0.41249726510564366,103,ZS.O,COMPLETE,ZS.O
22,13.858930804067649,2025-04-30 15:24:09.455820,2025-04-30 15:24:09.567361,0 days 00:00:00.111541,0.6410684658897889,0.0003394772394739675,0.007094236103890614,25,0.45722704959248534,41,ZS.O,COMPLETE,ZS.O
23,14.091211456721194,2025-04-30 15:24:09.578808,2025-04-30 15:24:09.648159,0 days 00:00:00.069351,0.6056908531574368,0.002888005482463562,0.016263828660791756,100,0.4992045999301214,77,ZS.O,COMPLETE,ZS.O
24,13.892336483738683,2025-04-30 15:24:09.652750,2025-04-30 15:24:09.807935,0 days 00:00:00.155185,0.6431995380183548,0.014588926332807516,0.007404443338545213,10,0.3922520021723125,63,ZS.O,COMPLETE,ZS.O
25,14.050629558752531,2025-04-30 15:24:09.815035,2025-04-30 15:24:09.915440,0 days 00:00:00.100405,0.7722065049799524,0.0011812301835353869,0.010811265575678524,39,0.4479949951977509,45,ZS.O,COMPLETE,ZS.O
26,13.827287270763122,2025-04-30 15:24:09.922087,2025-04-30 15:24:10.037908,0 days 00:00:00.115821,0.6981307781638025,0.00023003034516711236,0.0066536119378603304,21,0.39668737641003704,29,ZS.O,COMPLETE,ZS.O
27,13.943851981348345,2025-04-30 15:24:10.044658,2025-04-30 15:24:10.156164,0 days 00:00:00.111506,0.7047000815281059,0.00020508470910178227,0.03056755790830891,18,0.3268906306408223,30,ZS.O,COMPLETE,ZS.O
28,13.868851077717892,2025-04-30 15:24:10.162544,2025-04-30 15:24:10.304311,0 days 00:00:00.141767,0.6740344041549944,0.0791613285879484,0.0067167050566723525,36,0.38620116426884815,107,ZS.O,COMPLETE,ZS.O
29,13.90370668194996,2025-04-30 15:24:10.310578,2025-04-30 15:24:10.435237,0 days 00:00:00.124659,0.6598154985625845,0.0076806495330768,0.005935101636676363,19,0.2287242797630887,32,ZS.O,COMPLETE,ZS.O
