number,value,datetime_start,datetime_complete,duration,params_feature_fraction,params_lambda_l2,params_learning_rate,params_min_data_in_leaf,params_min_gain_to_split,params_num_leaves,user_attrs_Company,state,Company
14,85.51726739079315,2025-04-30 15:23:47.245836,2025-04-30 15:23:47.403135,0 days 00:00:00.157299,0.7489310203030219,0.0019540443427970996,0.03872401877758062,74,0.1725861081394531,49,ROP.O,COMPLETE,ROP.O
15,85.35309539646049,2025-04-30 15:23:47.412864,2025-04-30 15:23:47.686842,0 days 00:00:00.273978,0.6526842391973905,0.00012338181628605746,0.008580657849852593,100,0.10024054844064295,101,ROP.O,COMPLETE,ROP.O
16,85.66058049771044,2025-04-30 15:23:47.695186,2025-04-30 15:23:48.134733,0 days 00:00:00.439547,0.6262159059708456,0.0001245813288958692,0.00694451721520109,74,0.006498921898456911,102,ROP.O,COMPLETE,ROP.O
17,85.28536935311894,2025-04-30 15:23:48.143961,2025-04-30 15:23:48.361410,0 days 00:00:00.217449,0.6455165347089259,0.00036335458144948354,0.014284694842756674,86,0.07583778800472335,126,ROP.O,COMPLETE,ROP.O
18,85.53205597250061,2025-04-30 15:23:48.372615,2025-04-30 15:23:48.514429,0 days 00:00:00.141814,0.7581545448545127,0.000607328489117977,0.036755169569370666,82,0.22968754513673917,122,ROP.O,COMPLETE,ROP.O
19,85.73121178108363,2025-04-30 15:23:48.524379,2025-04-30 15:23:48.735539,0 days 00:00:00.211160,0.7419820123766407,0.004718369103518692,0.01466058140425124,67,0.063879510199776,114,ROP.O,COMPLETE,ROP.O
20,85.36423740071623,2025-04-30 15:23:48.741159,2025-04-30 15:23:48.866390,0 days 00:00:00.125231,0.6391198449404332,0.020680280175753057,0.028424193525044515,87,0.22858170436707012,86,ROP.O,COMPLETE,ROP.O
21,85.41783003153459,2025-04-30 15:23:48.872552,2025-04-30 15:23:49.121311,0 days 00:00:00.248759,0.6562313994296353,0.0003163930192701118,0.008073678662561234,92,0.09869658776182531,103,ROP.O,COMPLETE,ROP.O
22,85.4996460524846,2025-04-30 15:23:49.127054,2025-04-30 15:23:49.326027,0 days 00:00:00.198973,0.6600324090176777,0.0001371305219623797,0.011941658894087315,100,0.06121706321486282,78,ROP.O,COMPLETE,ROP.O
23,85.4517701996657,2025-04-30 15:23:49.335247,2025-04-30 15:23:49.731680,0 days 00:00:00.396433,0.7228537906499435,0.0003870331024963915,0.0051514746471523825,80,0.14056699535971495,126,ROP.O,COMPLETE,ROP.O
24,85.42839702303223,2025-04-30 15:23:49.741440,2025-04-30 15:23:50.008830,0 days 00:00:00.267390,0.6012906963641019,0.003102490486704239,0.007783087764648143,92,0.040601827444400426,112,ROP.O,COMPLETE,ROP.O
25,86.1838142747421,2025-04-30 15:23:50.020068,2025-04-30 15:23:50.207083,0 days 00:00:00.187015,0.6526035268748193,0.000809834802592378,0.014531706383013744,60,0.0017990767538587638,96,ROP.O,COMPLETE,ROP.O
26,85.49683901412344,2025-04-30 15:23:50.218938,2025-04-30 15:23:50.433305,0 days 00:00:00.214367,0.7077129234149769,0.0002039561460729479,0.011785851123080601,78,0.09007115433882448,103,ROP.O,COMPLETE,ROP.O
27,85.81685266150858,2025-04-30 15:23:50.442382,2025-04-30 15:23:50.631828,0 days 00:00:00.189446,0.636837736098576,0.0005908296739468857,0.026999383982131347,66,0.14890323841715475,79,ROP.O,COMPLETE,ROP.O
28,85.52257710586532,2025-04-30 15:23:50.637757,2025-04-30 15:23:51.015210,0 days 00:00:00.377453,0.8096781633662612,0.6870499108330076,0.006257664530229871,93,0.2030151241084512,117,ROP.O,COMPLETE,ROP.O
29,85.32879852854886,2025-04-30 15:23:51.022820,2025-04-30 15:23:51.210852,0 days 00:00:00.188032,0.6653388546510165,0.03456917848246282,0.01539327233347786,87,0.0410769052670103,120,ROP.O,COMPLETE,ROP.O
0,175.76568100694593,2025-04-30 15:23:51.256073,2025-04-30 15:23:51.443376,0 days 00:00:00.187303,0.8884341601880417,7.944163870403007,0.019938027178477757,69,0.30281019027728023,30,SNPS.O,COMPLETE,SNPS.O
1,176.112392970681,2025-04-30 15:23:51.452771,2025-04-30 15:23:51.563930,0 days 00:00:00.111159,0.9305179205394208,1.488986045323086,0.042260020557567564,70,0.49396231143385827,104,SNPS.O,COMPLETE,SNPS.O
2,176.6236604584424,2025-04-30 15:23:51.573879,2025-04-30 15:23:51.807938,0 days 00:00:00.234059,0.9485323542937547,0.20573230369769296,0.009734310331737469,65,0.09703781613936191,94,SNPS.O,COMPLETE,SNPS.O
3,175.77090633765818,2025-04-30 15:23:51.819410,2025-04-30 15:23:51.963171,0 days 00:00:00.143761,0.6963256327057342,0.021363810501387588,0.016228367119120183,73,0.26062469441788627,83,SNPS.O,COMPLETE,SNPS.O
4,174.32144693802869,2025-04-30 15:23:51.970450,2025-04-30 15:23:52.067707,0 days 00:00:00.097257,0.6213324970686244,0.007588697867562558,0.077986036457441,21,0.1873487072942846,89,SNPS.O,COMPLETE,SNPS.O
5,175.14592780236885,2025-04-30 15:23:52.076127,2025-04-30 15:23:52.244595,0 days 00:00:00.168468,0.8315625203845135,0.36298786157273427,0.01693806433473162,99,0.3291314512863238,64,SNPS.O,COMPLETE,SNPS.O
6,175.8274497013391,2025-04-30 15:23:52.250978,2025-04-30 15:23:52.306101,0 days 00:00:00.055123,0.6085590710534682,0.00618970239397206,0.07564769474911436,87,0.09112760329134012,44,SNPS.O,COMPLETE,SNPS.O
7,176.1622684501151,2025-04-30 15:23:52.310828,2025-04-30 15:23:52.376639,0 days 00:00:00.065811,0.9170060121851464,0.0020865151418094185,0.07634821580463488,60,0.13657680343442258,79,SNPS.O,COMPLETE,SNPS.O
8,175.42693293172755,2025-04-30 15:23:52.383856,2025-04-30 15:23:52.639621,0 days 00:00:00.255765,0.9642980729356001,0.00013183562238720678,0.007457219300714814,82,0.4493814919997479,73,SNPS.O,COMPLETE,SNPS.O
9,173.85801613330503,2025-04-30 15:23:52.646719,2025-04-30 15:23:53.120876,0 days 00:00:00.474157,0.7310861355439047,0.56367327605084,0.014208881631879711,13,0.48239508207397247,74,SNPS.O,COMPLETE,SNPS.O
10,176.5773563277445,2025-04-30 15:23:53.128132,2025-04-30 15:23:54.136043,0 days 00:00:01.007911,0.7462704079501601,0.11328182841304436,0.0050992892287361315,10,0.3929961965177263,125,SNPS.O,COMPLETE,SNPS.O
11,176.74067401192247,2025-04-30 15:23:54.144012,2025-04-30 15:23:54.354294,0 days 00:00:00.210282,0.610871586365838,0.0011166064925208436,0.03582037641005925,16,0.19092447941089055,57,SNPS.O,COMPLETE,SNPS.O
12,175.11395437126654,2025-04-30 15:23:54.361264,2025-04-30 15:23:54.501541,0 days 00:00:00.140277,0.691919192211266,0.035528570269671315,0.03913421939597566,37,0.02269338085134276,108,SNPS.O,COMPLETE,SNPS.O
13,176.31708419529238,2025-04-30 15:23:54.511754,2025-04-30 15:23:54.790203,0 days 00:00:00.278449,0.6938700063354742,1.7558167790498875,0.012409256379314563,30,0.19875111473747617,93,SNPS.O,COMPLETE,SNPS.O
14,175.51830962797195,2025-04-30 15:23:54.799971,2025-04-30 15:23:54.893623,0 days 00:00:00.093652,0.7764706687774808,0.013488545072747993,0.09966814849269882,42,0.3798916248783289,52,SNPS.O,COMPLETE,SNPS.O
15,174.6417400095282,2025-04-30 15:23:54.901368,2025-04-30 15:23:55.128164,0 days 00:00:00.226796,0.6482437577751216,0.0004397219966813057,0.027507726693796863,20,0.21811435076264393,126,SNPS.O,COMPLETE,SNPS.O
16,176.36959130025406,2025-04-30 15:23:55.134126,2025-04-30 15:23:55.249671,0 days 00:00:00.115545,0.8343059889056874,0.07072024172120968,0.05977163479675552,48,0.0048680817543853006,22,SNPS.O,COMPLETE,SNPS.O
17,174.84768277604476,2025-04-30 15:23:55.257678,2025-04-30 15:23:55.462467,0 days 00:00:00.204789,0.7335734621766581,0.6174430863044869,0.02637709080999587,27,0.27897428279857484,108,SNPS.O,COMPLETE,SNPS.O
18,176.8438038518624,2025-04-30 15:23:55.472975,2025-04-30 15:23:56.082210,0 days 00:00:00.609235,0.6713943264328066,9.934913183630115,0.012022411163726827,10,0.3585513098837606,73,SNPS.O,COMPLETE,SNPS.O
19,174.9736626351344,2025-04-30 15:23:56.091566,2025-04-30 15:23:56.239247,0 days 00:00:00.147681,0.7432009274693877,0.004974562956427577,0.05058140431471815,28,0.4165715243892363,86,SNPS.O,COMPLETE,SNPS.O
20,175.53259540698855,2025-04-30 15:23:56.245628,2025-04-30 15:23:56.612670,0 days 00:00:00.367042,0.6449309708730395,1.915071969265423,0.006929616966763898,50,0.14419981284822903,62,SNPS.O,COMPLETE,SNPS.O
21,175.68305135732805,2025-04-30 15:23:56.621451,2025-04-30 15:23:56.826010,0 days 00:00:00.204559,0.6470460352057494,0.0002621824357349133,0.028207768043351265,20,0.19039883980922453,128,SNPS.O,COMPLETE,SNPS.O
22,175.8318849618659,2025-04-30 15:23:56.835855,2025-04-30 15:23:57.028458,0 days 00:00:00.192603,0.6455414821761849,0.0013700100979450469,0.026251799274269853,22,0.22697065772630537,116,SNPS.O,COMPLETE,SNPS.O
23,175.89389942553902,2025-04-30 15:23:57.035205,2025-04-30 15:23:57.269834,0 days 00:00:00.234629,0.7157103113547562,0.00043374950506728155,0.012707188362845878,34,0.24750609234711674,96,SNPS.O,COMPLETE,SNPS.O
24,176.43501361445823,2025-04-30 15:23:57.277837,2025-04-30 15:23:57.546340,0 days 00:00:00.268503,0.6015452104428031,0.005667024573269713,0.021408698831287397,18,0.14353456112782081,41,SNPS.O,COMPLETE,SNPS.O
25,174.85509521219038,2025-04-30 15:23:57.554695,2025-04-30 15:23:57.701501,0 days 00:00:00.146806,0.7822844049173505,0.0005495285296295305,0.03074131015767515,41,0.3341773197355536,117,SNPS.O,COMPLETE,SNPS.O
26,177.1494035220516,2025-04-30 15:23:57.709290,2025-04-30 15:23:57.859208,0 days 00:00:00.149918,0.6636053547851494,0.002953285194496883,0.0990199782974902,13,0.22178865125548977,71,SNPS.O,COMPLETE,SNPS.O
27,176.224290973889,2025-04-30 15:23:57.867228,2025-04-30 15:23:58.087046,0 days 00:00:00.219818,0.6253264892697151,0.052335650830733854,0.01564207758185889,23,0.06036457267308501,90,SNPS.O,COMPLETE,SNPS.O
28,174.94038836641604,2025-04-30 15:23:58.095397,2025-04-30 15:23:58.226890,0 days 00:00:00.131493,0.8153859931629568,0.00011353633797493942,0.0515571614519227,34,0.3013277339707047,121,SNPS.O,COMPLETE,SNPS.O
29,174.36177431205624,2025-04-30 15:23:58.235388,2025-04-30 15:23:58.466943,0 days 00:00:00.231555,0.9984674843854986,0.011885419036979445,0.019451315984767962,26,0.16584760462013481,102,SNPS.O,COMPLETE,SNPS.O
0,56.27181478099887,2025-04-30 15:23:58.522109,2025-04-30 15:23:58.570542,0 days 00:00:00.048433,0.8989530433438239,0.31346536324977975,0.02512817397722905,70,0.385098647463458,111,TEAM.O,COMPLETE,TEAM.O
1,56.33076942421279,2025-04-30 15:23:58.575925,2025-04-30 15:23:58.626055,0 days 00:00:00.050130,0.7069498406913897,0.0002133023986060734,0.0069622924826286195,45,0.06950120752589534,108,TEAM.O,COMPLETE,TEAM.O
2,56.40394991255504,2025-04-30 15:23:58.634476,2025-04-30 15:23:58.663625,0 days 00:00:00.029149,0.6510647128639201,0.013060528533814697,0.03295731547884557,82,0.15099260813144283,126,TEAM.O,COMPLETE,TEAM.O
3,56.31819717642947,2025-04-30 15:23:58.668876,2025-04-30 15:23:58.707767,0 days 00:00:00.038891,0.755074138426454,0.04002421096865614,0.03810547711761748,60,0.1439851396542196,94,TEAM.O,COMPLETE,TEAM.O
4,56.289963229413665,2025-04-30 15:23:58.713574,2025-04-30 15:23:58.772707,0 days 00:00:00.059133,0.9107000012054759,2.5554831202804333,0.00516959788310755,82,0.0626028241007699,80,TEAM.O,COMPLETE,TEAM.O
5,56.34648215991403,2025-04-30 15:23:58.781393,2025-04-30 15:23:58.821297,0 days 00:00:00.039904,0.8583712145698499,0.0034868011832866756,0.009910709878084503,33,0.04672022859365277,52,TEAM.O,COMPLETE,TEAM.O
6,56.2104644868989,2025-04-30 15:23:58.825971,2025-04-30 15:23:58.880065,0 days 00:00:00.054094,0.6733738132233338,0.23673588803965465,0.013273685104812166,43,0.20895646229488535,58,TEAM.O,COMPLETE,TEAM.O
7,56.34281724850833,2025-04-30 15:23:58.889541,2025-04-30 15:23:58.926560,0 days 00:00:00.037019,0.70394569548757,0.00014910380906838218,0.03671987975922322,38,0.18374775164619322,108,TEAM.O,COMPLETE,TEAM.O
8,56.290482462949285,2025-04-30 15:23:58.931255,2025-04-30 15:23:58.983479,0 days 00:00:00.052224,0.9078358120095551,0.7001462572875227,0.05664651356875455,60,0.25158965184402865,55,TEAM.O,COMPLETE,TEAM.O
9,56.16112707535218,2025-04-30 15:23:58.992367,2025-04-30 15:23:59.033186,0 days 00:00:00.040819,0.6870753751286065,0.0006300502472532813,0.06446171468339028,61,0.48203213155662467,31,TEAM.O,COMPLETE,TEAM.O
10,56.83767533837102,2025-04-30 15:23:59.038390,2025-04-30 15:23:59.132794,0 days 00:00:00.094404,0.9929858994462173,0.0014147317594963807,0.0996295951197093,11,0.48830361054260746,24,TEAM.O,COMPLETE,TEAM.O
11,56.2288255436677,2025-04-30 15:23:59.141307,2025-04-30 15:23:59.220266,0 days 00:00:00.078959,0.6089447323547349,0.16022782087488338,0.014640299659732414,98,0.3000667671210753,24,TEAM.O,COMPLETE,TEAM.O
12,56.35770515655222,2025-04-30 15:23:59.224592,2025-04-30 15:23:59.313621,0 days 00:00:00.089029,0.7901413776044056,0.01996406140239942,0.015586887883292752,24,0.37989353512594204,49,TEAM.O,COMPLETE,TEAM.O
13,56.54347774759562,2025-04-30 15:23:59.321862,2025-04-30 15:23:59.403402,0 days 00:00:00.081540,0.6807178648520947,4.501374305925544,0.0904473521093447,50,0.4672754612350789,43,TEAM.O,COMPLETE,TEAM.O
14,56.37030780951364,2025-04-30 15:23:59.407459,2025-04-30 15:23:59.497435,0 days 00:00:00.089976,0.75740227665705,0.0013170398089553256,0.016406971231655555,23,0.32775863555363416,71,TEAM.O,COMPLETE,TEAM.O
15,56.31678631215965,2025-04-30 15:23:59.504758,2025-04-30 15:23:59.577996,0 days 00:00:00.073238,0.601137702504213,0.08438286819612535,0.05985124974377908,66,0.2549497021308034,40,TEAM.O,COMPLETE,TEAM.O
16,56.07369449163289,2025-04-30 15:23:59.582816,2025-04-30 15:23:59.681796,0 days 00:00:00.098980,0.6494199547418955,0.8987011494953743,0.009787661500051727,47,0.19917640311746704,69,TEAM.O,COMPLETE,TEAM.O
17,56.35818369088774,2025-04-30 15:23:59.690485,2025-04-30 15:23:59.761450,0 days 00:00:00.070965,0.6392256011295753,1.228619005676332,0.007999338344959856,75,0.4304927108981542,72,TEAM.O,COMPLETE,TEAM.O
18,56.30156144422943,2025-04-30 15:23:59.769682,2025-04-30 15:23:59.857765,0 days 00:00:00.088083,0.735552944473304,0.003553654419236856,0.02490654567326839,53,0.32740144962392187,32,TEAM.O,COMPLETE,TEAM.O
19,56.368674263993434,2025-04-30 15:23:59.868800,2025-04-30 15:23:59.964542,0 days 00:00:00.095742,0.8003561485039108,0.00048484922906293716,0.06169777700001972,29,0.11240810831108905,87,TEAM.O,COMPLETE,TEAM.O
20,56.34628046087425,2025-04-30 15:23:59.968656,2025-04-30 15:24:00.043435,0 days 00:00:00.074779,0.8203920984888432,0.00455863915011478,0.011095384680691982,94,0.006398985942582036,60,TEAM.O,COMPLETE,TEAM.O
21,56.23168550927405,2025-04-30 15:24:00.055858,2025-04-30 15:24:00.164535,0 days 00:00:00.108677,0.6541261636686079,0.2357581015379834,0.011841114736568927,42,0.1992066599322474,65,TEAM.O,COMPLETE,TEAM.O
22,56.15757643265076,2025-04-30 15:24:00.169005,2025-04-30 15:24:00.291129,0 days 00:00:00.122124,0.6770685184549514,8.667359069458149,0.007329505388429491,48,0.21554070085742258,39,TEAM.O,COMPLETE,TEAM.O
23,56.20444143949389,2025-04-30 15:24:00.300946,2025-04-30 15:24:00.421100,0 days 00:00:00.120154,0.7192353208904684,4.626968389028032,0.00504911999996207,57,0.28202114157969527,36,TEAM.O,COMPLETE,TEAM.O
24,56.202233815148325,2025-04-30 15:24:00.430027,2025-04-30 15:24:00.557984,0 days 00:00:00.127957,0.6301099492145749,9.848187933611513,0.007062790854208718,50,0.22203395143722066,30,TEAM.O,COMPLETE,TEAM.O
25,56.16412011923596,2025-04-30 15:24:00.567362,2025-04-30 15:24:00.657741,0 days 00:00:00.090379,0.6865162167634458,0.9275756904580952,0.020288801444345788,68,0.15681554713221552,46,TEAM.O,COMPLETE,TEAM.O
26,56.34049959803552,2025-04-30 15:24:00.664754,2025-04-30 15:24:00.756269,0 days 00:00:00.091515,0.7462376779719958,9.782722819661021,0.009258967817869399,36,0.3708793978790158,20,TEAM.O,COMPLETE,TEAM.O
27,56.11051344524756,2025-04-30 15:24:00.768014,2025-04-30 15:24:00.890067,0 days 00:00:00.122053,0.6239257291157765,1.9157440251687832,0.00612106152173559,62,0.43405013304659945,82,TEAM.O,COMPLETE,TEAM.O
28,56.35321098317384,2025-04-30 15:24:00.900823,2025-04-30 15:24:00.977904,0 days 00:00:00.077081,0.6216661606250877,1.8000544111952472,0.006683369249474161,77,0.4271911452947961,95,TEAM.O,COMPLETE,TEAM.O
29,56.11359476235719,2025-04-30 15:24:00.984377,2025-04-30 15:24:01.108404,0 days 00:00:00.124027,0.6617223903594251,0.46152705886950995,0.005885431245351785,48,0.1015737530298342,84,TEAM.O,COMPLETE,TEAM.O
0,23.54466880345152,2025-04-30 15:24:01.150156,2025-04-30 15:24:01.192212,0 days 00:00:00.042056,0.7308629843263332,0.0006607389200977574,0.022042943241052788,44,0.1338739199211499,26,TXN.O,COMPLETE,TXN.O
1,23.52528358565747,2025-04-30 15:24:01.197219,2025-04-30 15:24:01.258847,0 days 00:00:00.061628,0.7467774829737666,3.0960541456415074,0.00867458001790288,98,0.26689689358943847,36,TXN.O,COMPLETE,TXN.O
2,23.566150739287227,2025-04-30 15:24:01.268281,2025-04-30 15:24:01.372798,0 days 00:00:00.104517,0.9391439609898692,0.018772002049829102,0.019389644500263346,10,0.26022873770026655,76,TXN.O,COMPLETE,TXN.O
3,23.5764001691066,2025-04-30 15:24:01.377355,2025-04-30 15:24:01.439027,0 days 00:00:00.061672,0.9473204995258488,1.0581075997817924,0.008892610221486255,18,0.18587762450184087,43,TXN.O,COMPLETE,TXN.O
4,23.554632228881793,2025-04-30 15:24:01.445955,2025-04-30 15:24:01.503372,0 days 00:00:00.057417,0.6981866500373151,0.0007037900025835054,0.007081037599816746,98,0.4643381500094949,96,TXN.O,COMPLETE,TXN.O
5,23.568891661527122,2025-04-30 15:24:01.508258,2025-04-30 15:24:01.556588,0 days 00:00:00.048330,0.7807324068377609,0.11037496399314724,0.010319214487586438,25,0.446185847901166,83,TXN.O,COMPLETE,TXN.O
6,23.57010730391641,2025-04-30 15:24:01.563617,2025-04-30 15:24:01.644878,0 days 00:00:00.081261,0.9286582379127584,0.0186707195085586,0.02707654741373796,14,0.14074569897829714,98,TXN.O,COMPLETE,TXN.O
7,23.456724221869095,2025-04-30 15:24:01.648673,2025-04-30 15:24:01.726568,0 days 00:00:00.077895,0.6422397865945512,6.109526163484745,0.008391570746478888,84,0.2262634172139888,82,TXN.O,COMPLETE,TXN.O
8,23.45307914099222,2025-04-30 15:24:01.737584,2025-04-30 15:24:01.829985,0 days 00:00:00.092401,0.9891497371190353,0.14590220793845018,0.005521923606638642,54,0.3162486375159698,123,TXN.O,COMPLETE,TXN.O
9,23.539562241766422,2025-04-30 15:24:01.836385,2025-04-30 15:24:01.897503,0 days 00:00:00.061118,0.9820413008440472,0.10199320732353806,0.006736278529047807,42,0.4171935255208081,56,TXN.O,COMPLETE,TXN.O
10,23.496256894006805,2025-04-30 15:24:01.907268,2025-04-30 15:24:01.988140,0 days 00:00:00.080872,0.8654343078365826,0.0030265110582218375,0.05203256865834388,68,0.043152614676424395,125,TXN.O,COMPLETE,TXN.O
11,23.478547269053138,2025-04-30 15:24:01.995230,2025-04-30 15:24:02.131212,0 days 00:00:00.135982,0.6109126448927878,0.6143835439203531,0.005149233263518691,74,0.3323284548820297,128,TXN.O,COMPLETE,TXN.O
12,23.474709519538564,2025-04-30 15:24:02.141951,2025-04-30 15:24:02.281446,0 days 00:00:00.139495,0.6067582924671107,5.504816922951865,0.013707201879910078,78,0.3506715985036677,107,TXN.O,COMPLETE,TXN.O
13,23.48855028842228,2025-04-30 15:24:02.287168,2025-04-30 15:24:02.425871,0 days 00:00:00.138703,0.8472719160113966,0.3692717229611408,0.005034036211666965,57,0.3326840151036735,57,TXN.O,COMPLETE,TXN.O
14,23.45686529736979,2025-04-30 15:24:02.438381,2025-04-30 15:24:02.529042,0 days 00:00:00.090661,0.6755645062580335,0.0001179589080060935,0.08232993917700715,82,0.2014577878380327,111,TXN.O,COMPLETE,TXN.O
15,23.460107824934575,2025-04-30 15:24:02.534915,2025-04-30 15:24:02.657544,0 days 00:00:00.122629,0.8571695950142382,9.092955055551084,0.013837273019883061,58,0.08300832123471741,63,TXN.O,COMPLETE,TXN.O
16,23.55863607623591,2025-04-30 15:24:02.666349,2025-04-30 15:24:02.757910,0 days 00:00:00.091561,0.8069801676397383,0.11122740762718301,0.03809441561125296,40,0.3679195893833207,94,TXN.O,COMPLETE,TXN.O
17,23.472475950326718,2025-04-30 15:24:02.762194,2025-04-30 15:24:02.892546,0 days 00:00:00.130352,0.6746115959224328,1.6480666463780405,0.013208003218167131,86,0.28498963343212946,114,TXN.O,COMPLETE,TXN.O
18,23.462205153880944,2025-04-30 15:24:02.899592,2025-04-30 15:24:03.041543,0 days 00:00:00.141951,0.8999986216580519,0.005083202107877952,0.006633598682226441,63,0.22222147090558567,83,TXN.O,COMPLETE,TXN.O
19,23.516876895177,2025-04-30 15:24:03.046963,2025-04-30 15:24:03.162693,0 days 00:00:00.115730,0.9950503937519559,0.3386868012678345,0.011151745528814106,48,0.38650932470331395,72,TXN.O,COMPLETE,TXN.O
20,23.54744859676585,2025-04-30 15:24:03.168883,2025-04-30 15:24:03.265344,0 days 00:00:00.096461,0.6420024431161468,0.050765020392081084,0.01770206983720545,33,0.29883282404898714,116,TXN.O,COMPLETE,TXN.O
21,23.487326945302023,2025-04-30 15:24:03.270889,2025-04-30 15:24:03.368345,0 days 00:00:00.097456,0.6679889954793541,0.0002019339145493789,0.06937271130388875,87,0.21092412119243725,107,TXN.O,COMPLETE,TXN.O
22,23.445692793706733,2025-04-30 15:24:03.373565,2025-04-30 15:24:03.476578,0 days 00:00:00.103013,0.7181752240832803,0.006520384195683433,0.09143584766655383,83,0.18237334065846877,117,TXN.O,COMPLETE,TXN.O
23,23.449181037372973,2025-04-30 15:24:03.484939,2025-04-30 15:24:03.575556,0 days 00:00:00.090617,0.7252707607944233,0.0035841728650069893,0.03339544845733771,70,0.1461076940452175,121,TXN.O,COMPLETE,TXN.O
24,23.45939386283827,2025-04-30 15:24:03.579396,2025-04-30 15:24:03.667325,0 days 00:00:00.087929,0.7242430676439788,0.006562919337861339,0.09946951434367794,71,0.15134911948729216,121,TXN.O,COMPLETE,TXN.O
25,23.480501757655205,2025-04-30 15:24:03.674419,2025-04-30 15:24:03.768657,0 days 00:00:00.094238,0.7830320775211623,0.0017598094341173996,0.032126163213846655,65,0.002784305939295184,128,TXN.O,COMPLETE,TXN.O
26,23.492058320114605,2025-04-30 15:24:03.772942,2025-04-30 15:24:03.860565,0 days 00:00:00.087623,0.7528989316946575,0.01298759025498725,0.053464183872722434,50,0.08694183359237428,102,TXN.O,COMPLETE,TXN.O
27,23.53698025663789,2025-04-30 15:24:03.869139,2025-04-30 15:24:03.945424,0 days 00:00:00.076285,0.8146158662814905,0.001249459633856804,0.04756880772579363,93,0.4967283084496343,119,TXN.O,COMPLETE,TXN.O
28,23.467742092574806,2025-04-30 15:24:03.949489,2025-04-30 15:24:04.034905,0 days 00:00:00.085416,0.7784764813134766,0.04696170955263891,0.06463216154115206,76,0.15919120162434713,90,TXN.O,COMPLETE,TXN.O
