number,value,datetime_start,datetime_complete,duration,params_feature_fraction,params_lambda_l2,params_learning_rate,params_min_data_in_leaf,params_min_gain_to_split,params_num_leaves,user_attrs_Company,state,Company
14,36.11264027609192,2025-04-30 15:21:03.061653,2025-04-30 15:21:03.119463,0 days 00:00:00.057810,0.7261512330076471,7.974841309849784,0.026316727468813268,99,0.34759296175843757,127,ADSK.O,COMPLETE,ADSK.O
15,36.50191300086272,2025-04-30 15:21:03.126043,2025-04-30 15:21:03.225597,0 days 00:00:00.099554,0.6866204655065159,0.016343676643434953,0.01134759214461177,55,0.19564663955321882,114,ADSK.O,COMPLETE,ADSK.O
16,36.327903307473186,2025-04-30 15:21:03.235157,2025-04-30 15:21:03.290197,0 days 00:00:00.055040,0.6016593974572596,0.00013723330989770318,0.06069449411945022,68,0.4163456434492113,116,ADSK.O,COMPLETE,ADSK.O
17,36.24224172604042,2025-04-30 15:21:03.298294,2025-04-30 15:21:03.359687,0 days 00:00:00.061393,0.7632808767574568,0.04381850926265184,0.04229024957227477,86,0.20873234722419398,93,ADSK.O,COMPLETE,ADSK.O
18,36.127730041507846,2025-04-30 15:21:03.365280,2025-04-30 15:21:03.433571,0 days 00:00:00.068291,0.6815582553876987,0.7252766083968949,0.02012485310261582,99,0.31291360036731886,115,ADSK.O,COMPLETE,ADSK.O
19,36.19036528899961,2025-04-30 15:21:03.440396,2025-04-30 15:21:03.512960,0 days 00:00:00.072564,0.7925535250622673,0.10132411825413952,0.03265629510442262,78,0.25821675056365917,70,ADSK.O,COMPLETE,ADSK.O
20,36.31512616398533,2025-04-30 15:21:03.520075,2025-04-30 15:21:03.574016,0 days 00:00:00.053941,0.6513702182409936,0.011020511327672048,0.09602098932500966,91,0.42632464424989136,123,ADSK.O,COMPLETE,ADSK.O
21,36.11338369564,2025-04-30 15:21:03.590023,2025-04-30 15:21:03.664251,0 days 00:00:00.074228,0.7191378778535217,5.3018559756715415,0.024821747517553436,100,0.3421600029382827,122,ADSK.O,COMPLETE,ADSK.O
22,36.33817768470154,2025-04-30 15:21:03.672440,2025-04-30 15:21:03.735758,0 days 00:00:00.063318,0.7665422125950886,9.515001275236525,0.025858683460158505,93,0.3520537965280839,105,ADSK.O,COMPLETE,ADSK.O
23,36.309726553376784,2025-04-30 15:21:03.743621,2025-04-30 15:21:03.825563,0 days 00:00:00.081942,0.7156318094026424,1.1340422194222748,0.012362087584931576,81,0.2881715161384965,112,ADSK.O,COMPLETE,ADSK.O
24,36.15350908676414,2025-04-30 15:21:03.832119,2025-04-30 15:21:03.892546,0 days 00:00:00.060427,0.7718384531124135,0.20807550889561474,0.03742795589115651,66,0.23114074644641713,128,ADSK.O,COMPLETE,ADSK.O
25,36.359027345180046,2025-04-30 15:21:03.899651,2025-04-30 15:21:03.971192,0 days 00:00:00.071541,0.6806787356902922,2.1878810654200955,0.027261754234418494,93,0.38402561626363363,96,ADSK.O,COMPLETE,ADSK.O
26,36.360884391583376,2025-04-30 15:21:03.975473,2025-04-30 15:21:04.046716,0 days 00:00:00.071243,0.6282422698018234,0.02457561351435863,0.015152776590748682,83,0.17006504304037595,120,ADSK.O,COMPLETE,ADSK.O
27,36.284674351596216,2025-04-30 15:21:04.059313,2025-04-30 15:21:04.175354,0 days 00:00:00.116041,0.7433678554839308,0.0070484660906056,0.0050022591616385535,73,0.3226390694204777,110,ADSK.O,COMPLETE,ADSK.O
28,35.96842762248655,2025-04-30 15:21:04.181519,2025-04-30 15:21:04.239827,0 days 00:00:00.058308,0.69090771999478,0.08917344329298071,0.06410910249255251,100,0.4816086035730053,127,ADSK.O,COMPLETE,ADSK.O
29,36.35075246913155,2025-04-30 15:21:04.245820,2025-04-30 15:21:04.312710,0 days 00:00:00.066890,0.6914433976380121,0.07315686417313987,0.05260210571977546,72,0.10599064214475815,92,ADSK.O,COMPLETE,ADSK.O
0,71.72365848382682,2025-04-30 15:21:04.361912,2025-04-30 15:21:04.533619,0 days 00:00:00.171707,0.811704542570495,0.3517030721040866,0.007479179643926343,66,0.24987454731437186,64,AMAT.O,COMPLETE,AMAT.O
1,71.17911294226788,2025-04-30 15:21:04.545680,2025-04-30 15:21:04.725316,0 days 00:00:00.179636,0.8563924458439229,0.037070837798980745,0.012721368083360053,30,0.10275055355497748,24,AMAT.O,COMPLETE,AMAT.O
2,70.94774317869984,2025-04-30 15:21:04.736096,2025-04-30 15:21:04.882963,0 days 00:00:00.146867,0.7288914306945206,0.0009639016868864161,0.018506636618894456,22,0.11027673471292937,82,AMAT.O,COMPLETE,AMAT.O
3,72.00729823552666,2025-04-30 15:21:04.892395,2025-04-30 15:21:05.079189,0 days 00:00:00.186794,0.8338938912924381,0.0011385699779548715,0.00563690040313751,98,0.4932916340470695,89,AMAT.O,COMPLETE,AMAT.O
4,70.99658909162837,2025-04-30 15:21:05.084551,2025-04-30 15:21:05.531090,0 days 00:00:00.446539,0.8435591645594734,9.847467412468347,0.0071932816777538,26,0.2550666308315926,117,AMAT.O,COMPLETE,AMAT.O
5,71.25141854418172,2025-04-30 15:21:05.536985,2025-04-30 15:21:05.621809,0 days 00:00:00.084824,0.6943057204940464,0.003732329338339309,0.026367720901528207,53,0.22955650655165522,39,AMAT.O,COMPLETE,AMAT.O
6,71.06222051429042,2025-04-30 15:21:05.627678,2025-04-30 15:21:05.756039,0 days 00:00:00.128361,0.7289227047883384,0.0001431444156386393,0.020048544392077896,28,0.4113881581014876,46,AMAT.O,COMPLETE,AMAT.O
7,71.3269793067355,2025-04-30 15:21:05.766011,2025-04-30 15:21:05.974625,0 days 00:00:00.208614,0.7704524523917682,0.4337282358715642,0.022192861215904167,15,0.06950783312167025,72,AMAT.O,COMPLETE,AMAT.O
8,71.31137941263091,2025-04-30 15:21:05.980596,2025-04-30 15:21:06.063488,0 days 00:00:00.082892,0.6097313190873185,0.0004391422453074809,0.02365881249644117,41,0.11618834464609223,124,AMAT.O,COMPLETE,AMAT.O
9,71.63705663746357,2025-04-30 15:21:06.072044,2025-04-30 15:21:06.187211,0 days 00:00:00.115167,0.7267964434043948,0.006087200411241894,0.01393910002421228,83,0.3192886341555211,34,AMAT.O,COMPLETE,AMAT.O
10,71.11655849177991,2025-04-30 15:21:06.197214,2025-04-30 15:21:06.406055,0 days 00:00:00.208841,0.9635976612003274,0.030759448215855727,0.06448166382091904,14,0.029140913967839577,96,AMAT.O,COMPLETE,AMAT.O
11,71.10327765303964,2025-04-30 15:21:06.411935,2025-04-30 15:21:06.564988,0 days 00:00:00.153053,0.9164304367979667,2.269079580128777,0.05321476931704887,34,0.17621816062643503,116,AMAT.O,COMPLETE,AMAT.O
12,71.38404470389126,2025-04-30 15:21:06.570321,2025-04-30 15:21:06.868873,0 days 00:00:00.298552,0.6568023502899784,7.707440656782159,0.010454976927745588,50,0.3103489909643829,105,AMAT.O,COMPLETE,AMAT.O
13,71.12701849301904,2025-04-30 15:21:06.874397,2025-04-30 15:21:07.214339,0 days 00:00:00.339942,0.9028430022547467,0.051299700743764984,0.039579074245406486,12,0.15723970646071472,84,AMAT.O,COMPLETE,AMAT.O
14,71.3621073695107,2025-04-30 15:21:07.220093,2025-04-30 15:21:07.355923,0 days 00:00:00.135830,0.7617680123407404,0.26605514387021856,0.0950099668855321,23,0.33479418085204404,58,AMAT.O,COMPLETE,AMAT.O
15,71.57516385471904,2025-04-30 15:21:07.361964,2025-04-30 15:21:07.786011,0 days 00:00:00.424047,0.86904663311312,0.005584988052123447,0.005105860625794325,69,0.007610822719816959,110,AMAT.O,COMPLETE,AMAT.O
16,71.07101318888915,2025-04-30 15:21:07.793650,2025-04-30 15:21:08.154805,0 days 00:00:00.361155,0.9902073931234258,0.0001208070834684859,0.008760619550938235,41,0.18254754680088758,77,AMAT.O,COMPLETE,AMAT.O
17,71.23450961074784,2025-04-30 15:21:08.161103,2025-04-30 15:21:08.610545,0 days 00:00:00.449442,0.7814952456020595,8.802952875142104,0.01611404954183694,21,0.2132939139084808,127,AMAT.O,COMPLETE,AMAT.O
18,71.08960416634461,2025-04-30 15:21:08.618886,2025-04-30 15:21:08.792923,0 days 00:00:00.174037,0.6828996327375274,0.0008670020486699259,0.03790916456287873,44,0.3801457107142708,98,AMAT.O,COMPLETE,AMAT.O
19,71.61486457983942,2025-04-30 15:21:08.798795,2025-04-30 15:21:09.227928,0 days 00:00:00.429133,0.6410042592664716,0.14152722850649713,0.0075356217359747475,61,0.27635862449239357,50,AMAT.O,COMPLETE,AMAT.O
20,71.08302613903369,2025-04-30 15:21:09.240396,2025-04-30 15:21:09.369984,0 days 00:00:00.129588,0.8141101963100478,2.6045681197199233,0.030785987375084825,35,0.12878205809026894,113,AMAT.O,COMPLETE,AMAT.O
21,70.95185029060399,2025-04-30 15:21:09.376598,2025-04-30 15:21:09.556383,0 days 00:00:00.179785,0.7329129714771836,0.00023663680923758339,0.01890504788281607,25,0.4337904929135881,41,AMAT.O,COMPLETE,AMAT.O
22,71.08039097070125,2025-04-30 15:21:09.564304,2025-04-30 15:21:09.751768,0 days 00:00:00.187464,0.7438750813467322,0.0003685342583895644,0.017499381144874752,22,0.48501671790280565,69,AMAT.O,COMPLETE,AMAT.O
23,71.2477952860999,2025-04-30 15:21:09.758407,2025-04-30 15:21:10.109454,0 days 00:00:00.351047,0.7270507497323739,0.0024450219458054833,0.01119562926333488,10,0.4309811295696543,20,AMAT.O,COMPLETE,AMAT.O
24,71.3574743757309,2025-04-30 15:21:10.122356,2025-04-30 15:21:10.314704,0 days 00:00:00.192348,0.6912221927256651,0.01660580745471864,0.01531120000620213,23,0.37125037297381996,83,AMAT.O,COMPLETE,AMAT.O
25,71.1250798491401,2025-04-30 15:21:10.320348,2025-04-30 15:21:10.443646,0 days 00:00:00.123298,0.7941774315194218,0.0003377985782293039,0.03133605619748002,34,0.2821317848170431,59,AMAT.O,COMPLETE,AMAT.O
26,71.38359646703599,2025-04-30 15:21:10.451744,2025-04-30 15:21:10.942365,0 days 00:00:00.490621,0.8733330990970515,0.0012640255773086122,0.006359042046921475,18,0.06238451619559511,97,AMAT.O,COMPLETE,AMAT.O
27,71.32887192078168,2025-04-30 15:21:10.949935,2025-04-30 15:21:11.181030,0 days 00:00:00.231095,0.8335772938173894,0.011624836129769637,0.00997842443853096,49,0.4408260339571746,38,AMAT.O,COMPLETE,AMAT.O
28,70.73790636167904,2025-04-30 15:21:11.187255,2025-04-30 15:21:11.362711,0 days 00:00:00.175456,0.9228147964680113,0.00010393781283539765,0.019148709045406085,28,0.3608908574046399,52,AMAT.O,COMPLETE,AMAT.O
29,71.48112812517398,2025-04-30 15:21:11.374227,2025-04-30 15:21:11.544283,0 days 00:00:00.170056,0.9069631978076552,0.0001774944513749693,0.01958856313013164,59,0.36707648031223283,51,AMAT.O,COMPLETE,AMAT.O
0,49.89338676691837,2025-04-30 15:21:11.596625,2025-04-30 15:21:11.676068,0 days 00:00:00.079443,0.9621612668185409,0.052010761971302576,0.06713661492357122,67,0.16383282797985899,103,AMD.O,COMPLETE,AMD.O
1,49.54862980714087,2025-04-30 15:21:11.683191,2025-04-30 15:21:11.753931,0 days 00:00:00.070740,0.774870931761077,0.0003150212113120531,0.056190117574944805,33,0.09100928527416874,55,AMD.O,COMPLETE,AMD.O
2,49.80332569618124,2025-04-30 15:21:11.759973,2025-04-30 15:21:11.824276,0 days 00:00:00.064303,0.9146713503221868,1.2708509885560246,0.06711743811784839,100,0.18220214853570404,125,AMD.O,COMPLETE,AMD.O
3,49.75587362769703,2025-04-30 15:21:11.831340,2025-04-30 15:21:11.983937,0 days 00:00:00.152597,0.7683214087735468,2.886067482572394,0.011680331721085117,61,0.09229424305933875,116,AMD.O,COMPLETE,AMD.O
4,49.500728466169406,2025-04-30 15:21:11.989548,2025-04-30 15:21:12.042502,0 days 00:00:00.052954,0.7412399384783956,0.0006839433081936305,0.09955070911047226,42,0.11486682460936681,49,AMD.O,COMPLETE,AMD.O
5,49.84117619138711,2025-04-30 15:21:12.051381,2025-04-30 15:21:12.274986,0 days 00:00:00.223605,0.8879996220235128,1.267934476494541,0.009605242824476038,33,0.32911376893130007,122,AMD.O,COMPLETE,AMD.O
6,49.65392554107808,2025-04-30 15:21:12.281456,2025-04-30 15:21:12.404118,0 days 00:00:00.122662,0.8749455467502609,0.00012065755600978997,0.019558856980147234,26,0.22936786686348154,49,AMD.O,COMPLETE,AMD.O
7,49.67225547941216,2025-04-30 15:21:12.411897,2025-04-30 15:21:12.515366,0 days 00:00:00.103469,0.8810878067676025,0.03372588369549059,0.03906590249740347,28,0.003351447912633032,75,AMD.O,COMPLETE,AMD.O
8,50.083037817125415,2025-04-30 15:21:12.521621,2025-04-30 15:21:12.665016,0 days 00:00:00.143395,0.9611167458991636,0.00039978072413438394,0.006261076248392316,86,0.22723794333553898,71,AMD.O,COMPLETE,AMD.O
9,49.86974556796962,2025-04-30 15:21:12.674015,2025-04-30 15:21:12.932970,0 days 00:00:00.258955,0.9169970460242433,0.001969790931251572,0.006771996136587112,15,0.21803952736274468,22,AMD.O,COMPLETE,AMD.O
10,49.452497174534784,2025-04-30 15:21:12.938435,2025-04-30 15:21:13.034481,0 days 00:00:00.096046,0.6425705151702593,0.0037362312100357956,0.03000986923736291,49,0.4583565230247392,22,AMD.O,COMPLETE,AMD.O
11,49.49416497462346,2025-04-30 15:21:13.041679,2025-04-30 15:21:13.153864,0 days 00:00:00.112185,0.6525302806955946,0.003861408371996016,0.03196979586502708,48,0.49978882635537486,24,AMD.O,COMPLETE,AMD.O
12,49.52461022712014,2025-04-30 15:21:13.160752,2025-04-30 15:21:13.285593,0 days 00:00:00.124841,0.613828292251942,0.006755808077662078,0.02789886486917733,50,0.4987332158644165,24,AMD.O,COMPLETE,AMD.O
13,49.65133395494966,2025-04-30 15:21:13.292516,2025-04-30 15:21:13.416667,0 days 00:00:00.124151,0.621127050585432,0.005425709295441229,0.02036395866950679,71,0.46606336537639426,34,AMD.O,COMPLETE,AMD.O
14,49.521120146262135,2025-04-30 15:21:13.422929,2025-04-30 15:21:13.522890,0 days 00:00:00.099961,0.673571316009632,0.11745079120325247,0.0319153327180696,50,0.39944063121852025,35,AMD.O,COMPLETE,AMD.O
15,49.82937211065479,2025-04-30 15:21:13.529033,2025-04-30 15:21:13.653763,0 days 00:00:00.124730,0.7038582555381503,0.006777224675841357,0.015512464151030629,80,0.3521414699668415,85,AMD.O,COMPLETE,AMD.O
16,49.608482771177826,2025-04-30 15:21:13.661698,2025-04-30 15:21:13.756488,0 days 00:00:00.094790,0.6682186352751676,0.3276131565224944,0.043092750374880265,44,0.41753860484519345,36,AMD.O,COMPLETE,AMD.O
17,50.380607655961256,2025-04-30 15:21:13.762055,2025-04-30 15:21:13.981995,0 days 00:00:00.219940,0.835964490578869,0.0021973557545787036,0.02906795077017832,11,0.44228287649666753,59,AMD.O,COMPLETE,AMD.O
18,49.64012254572593,2025-04-30 15:21:13.987426,2025-04-30 15:21:14.123901,0 days 00:00:00.136475,0.6528528386149609,0.014122360532310592,0.014748064504813002,57,0.30408456144556906,41,AMD.O,COMPLETE,AMD.O
19,49.8595904858635,2025-04-30 15:21:14.130527,2025-04-30 15:21:14.232712,0 days 00:00:00.102185,0.7227372262667737,0.0010456717030150702,0.04524847605525809,39,0.37783957842923904,94,AMD.O,COMPLETE,AMD.O
20,50.445104997231354,2025-04-30 15:21:14.238485,2025-04-30 15:21:14.347222,0 days 00:00:00.108737,0.6993603957612722,0.13521414346784263,0.02612047050448531,20,0.28641325693214237,24,AMD.O,COMPLETE,AMD.O
21,49.45650446998919,2025-04-30 15:21:14.354439,2025-04-30 15:21:14.426777,0 days 00:00:00.072338,0.7434553347565561,0.0008664746013934046,0.09023052162276397,44,0.4907855221751122,20,AMD.O,COMPLETE,AMD.O
22,49.5110190969645,2025-04-30 15:21:14.432949,2025-04-30 15:21:14.515457,0 days 00:00:00.082508,0.6016256999871373,0.0001196191385723095,0.09405801461251759,51,0.4820596490048567,21,AMD.O,COMPLETE,AMD.O
23,49.51112467849904,2025-04-30 15:21:14.523241,2025-04-30 15:21:14.626935,0 days 00:00:00.103694,0.8051590163394138,0.0024760077112508357,0.05798286519835058,60,0.4372019111685082,31,AMD.O,COMPLETE,AMD.O
24,49.648530656171175,2025-04-30 15:21:14.634591,2025-04-30 15:21:14.739048,0 days 00:00:00.104457,0.6401515595818118,0.015346684340978852,0.03631753417368813,43,0.4903062406141774,40,AMD.O,COMPLETE,AMD.O
25,49.65557612379363,2025-04-30 15:21:14.745535,2025-04-30 15:21:14.816058,0 days 00:00:00.070523,0.6948970556240974,0.0010219815248374438,0.07641797264481007,67,0.37971190038942537,66,AMD.O,COMPLETE,AMD.O
26,49.90478590823015,2025-04-30 15:21:14.820754,2025-04-30 15:21:14.938562,0 days 00:00:00.117808,0.7429058335751089,0.004011010693834392,0.021779291663445038,36,0.45183351265751304,46,AMD.O,COMPLETE,AMD.O
27,49.392751071140914,2025-04-30 15:21:14.946114,2025-04-30 15:21:15.042568,0 days 00:00:00.096454,0.6392568572129712,0.012190542115627147,0.05322350486584945,48,0.4175741614815336,29,AMD.O,COMPLETE,AMD.O
28,49.68074334019934,2025-04-30 15:21:15.051870,2025-04-30 15:21:15.143322,0 days 00:00:00.091452,0.8252191988596123,0.017876841469120948,0.0488796203448717,55,0.4114744232416103,61,AMD.O,COMPLETE,AMD.O
29,49.65510048309159,2025-04-30 15:21:15.147363,2025-04-30 15:21:15.230927,0 days 00:00:00.083564,0.6320507785225739,0.0704635788426123,0.0730566955170128,74,0.34339331983882604,30,AMD.O,COMPLETE,AMD.O
0,17.701006408411565,2025-04-30 15:21:15.275224,2025-04-30 15:21:15.362156,0 days 00:00:00.086932,0.9805738229198357,0.9678877118345806,0.005965572071474529,74,0.34214607473006226,65,ANSS.O,COMPLETE,ANSS.O
1,17.91460795289056,2025-04-30 15:21:15.369690,2025-04-30 15:21:15.401225,0 days 00:00:00.031535,0.6673957810972632,0.0009109688442748586,0.031917550124297624,97,0.36731133636748553,65,ANSS.O,COMPLETE,ANSS.O
2,18.09350567310115,2025-04-30 15:21:15.405563,2025-04-30 15:21:15.477987,0 days 00:00:00.072424,0.9535533112696218,0.002992738035332914,0.007676063087818056,36,0.3442698182211426,94,ANSS.O,COMPLETE,ANSS.O
3,17.76467864106303,2025-04-30 15:21:15.484539,2025-04-30 15:21:15.549589,0 days 00:00:00.065050,0.7317162526800967,0.00033204056029710735,0.006477784093703696,71,0.43378209546127944,121,ANSS.O,COMPLETE,ANSS.O
4,17.71523403973673,2025-04-30 15:21:15.556672,2025-04-30 15:21:15.588658,0 days 00:00:00.031986,0.7318651305902074,0.0013782219670106749,0.021858524168872198,62,0.2421831683749633,57,ANSS.O,COMPLETE,ANSS.O
5,18.29113604714945,2025-04-30 15:21:15.595962,2025-04-30 15:21:15.656676,0 days 00:00:00.060714,0.9477978787941371,0.0010026483229162355,0.02188708721835733,22,0.3829053791800037,38,ANSS.O,COMPLETE,ANSS.O
6,17.74387763250948,2025-04-30 15:21:15.663188,2025-04-30 15:21:15.708452,0 days 00:00:00.045264,0.9799645892925679,0.013052135329440426,0.00833869761864578,80,0.2338927104850005,60,ANSS.O,COMPLETE,ANSS.O
7,17.64238789354528,2025-04-30 15:21:15.718050,2025-04-30 15:21:15.756840,0 days 00:00:00.038790,0.6191410451025643,0.5220409649994671,0.037999346788634356,59,0.22205020358765087,112,ANSS.O,COMPLETE,ANSS.O
8,18.071196751865674,2025-04-30 15:21:15.761783,2025-04-30 15:21:15.799167,0 days 00:00:00.037384,0.7117806512618524,0.008093809690806315,0.05498138824987549,35,0.3804232369640368,25,ANSS.O,COMPLETE,ANSS.O
9,18.115583226833056,2025-04-30 15:21:15.804218,2025-04-30 15:21:15.842802,0 days 00:00:00.038584,0.7936664286138677,0.08533251187474562,0.05710910261830598,45,0.2987104275687836,113,ANSS.O,COMPLETE,ANSS.O
10,18.02265842565487,2025-04-30 15:21:15.850995,2025-04-30 15:21:15.933424,0 days 00:00:00.082429,0.6016096200172654,4.98787833894608,0.09624608641564254,16,0.09294376438530827,93,ANSS.O,COMPLETE,ANSS.O
11,17.85191508794584,2025-04-30 15:21:15.940031,2025-04-30 15:21:16.029451,0 days 00:00:00.089420,0.8654909471942627,0.6558976465501972,0.012297065794722908,89,0.12714507052473822,89,ANSS.O,COMPLETE,ANSS.O
12,17.74268300021839,2025-04-30 15:21:16.036258,2025-04-30 15:21:16.116290,0 days 00:00:00.080032,0.87363294886341,0.2710691756323318,0.013098071320051896,56,0.16878907158427858,77,ANSS.O,COMPLETE,ANSS.O
13,17.763183945467578,2025-04-30 15:21:16.120875,2025-04-30 15:21:16.178686,0 days 00:00:00.057811,0.8422861660137155,7.186566311285841,0.03699244526315314,71,0.02955178269898795,110,ANSS.O,COMPLETE,ANSS.O
14,17.863024187915062,2025-04-30 15:21:16.186263,2025-04-30 15:21:16.284941,0 days 00:00:00.098678,0.6132472563076837,1.1953424591603734,0.01265365436939905,67,0.47359855956332203,38,ANSS.O,COMPLETE,ANSS.O
15,18.1501987036729,2025-04-30 15:21:16.290502,2025-04-30 15:21:16.351881,0 days 00:00:00.061379,0.7943707290747095,0.11022290802037123,0.03302543784317536,46,0.28723116012889854,81,ANSS.O,COMPLETE,ANSS.O
16,17.65542691033693,2025-04-30 15:21:16.358328,2025-04-30 15:21:16.454847,0 days 00:00:00.096519,0.9129351441612396,1.23671979150133,0.005420462551250077,81,0.200305253613662,126,ANSS.O,COMPLETE,ANSS.O
17,17.80345639412816,2025-04-30 15:21:16.459376,2025-04-30 15:21:16.517279,0 days 00:00:00.057903,0.9086564051959511,3.080428008933736,0.056513779922945366,85,0.18720813320565782,125,ANSS.O,COMPLETE,ANSS.O
18,17.927756364404434,2025-04-30 15:21:16.525252,2025-04-30 15:21:16.598531,0 days 00:00:00.073279,0.6719510598935411,0.05362104004942571,0.01793225339613642,99,0.19416630195276888,106,ANSS.O,COMPLETE,ANSS.O
19,17.652454403963716,2025-04-30 15:21:16.605064,2025-04-30 15:21:16.664688,0 days 00:00:00.059624,0.8253832956763043,0.3560046267157683,0.09475197895882995,57,0.04523467189742311,103,ANSS.O,COMPLETE,ANSS.O
20,18.33851405651107,2025-04-30 15:21:16.672546,2025-04-30 15:21:16.741199,0 days 00:00:00.068653,0.7667933239351038,0.25766338394335064,0.09259294816186765,46,0.0009366308454741429,104,ANSS.O,COMPLETE,ANSS.O
21,17.647317833070915,2025-04-30 15:21:16.745050,2025-04-30 15:21:16.797304,0 days 00:00:00.052254,0.8391999454445978,0.344377934988351,0.07095929711392979,58,0.07836971936182842,125,ANSS.O,COMPLETE,ANSS.O
22,17.683245978170774,2025-04-30 15:21:16.803887,2025-04-30 15:21:16.878902,0 days 00:00:00.075015,0.8222255634999066,0.35232646276847807,0.07946913851446477,58,0.0801457064413506,116,ANSS.O,COMPLETE,ANSS.O
23,17.796703901144557,2025-04-30 15:21:16.883232,2025-04-30 15:21:16.942025,0 days 00:00:00.058793,0.765569656270719,0.018115137502307862,0.06981219270709876,52,0.06494885844161237,100,ANSS.O,COMPLETE,ANSS.O
24,18.062573506185885,2025-04-30 15:21:16.955876,2025-04-30 15:21:17.026487,0 days 00:00:00.070611,0.8298827409233317,0.13599555995694,0.0453437353680892,35,0.1366319996734186,116,ANSS.O,COMPLETE,ANSS.O
25,17.7282274816027,2025-04-30 15:21:17.030501,2025-04-30 15:21:17.093417,0 days 00:00:00.062916,0.8912911010652128,3.4919274927316213,0.07060037845123372,62,0.03951209170001382,128,ANSS.O,COMPLETE,ANSS.O
26,17.60998565990388,2025-04-30 15:21:17.101256,2025-04-30 15:21:17.169175,0 days 00:00:00.067919,0.6505087698750943,0.514694595828501,0.043678169366527124,54,0.1320666098316993,86,ANSS.O,COMPLETE,ANSS.O
27,17.73110543758252,2025-04-30 15:21:17.174557,2025-04-30 15:21:17.237569,0 days 00:00:00.063012,0.645436363797369,0.02784359851222254,0.04125291598653515,51,0.10511177868211691,85,ANSS.O,COMPLETE,ANSS.O
28,18.014635839325674,2025-04-30 15:21:17.245491,2025-04-30 15:21:17.343590,0 days 00:00:00.098099,0.6388947616032324,2.1059973289920704,0.027909269113989346,39,0.15059253690724383,118,ANSS.O,COMPLETE,ANSS.O
