number,value,datetime_start,datetime_complete,duration,params_feature_fraction,params_lambda_l2,params_learning_rate,params_min_data_in_leaf,params_min_gain_to_split,params_num_leaves,user_attrs_Company,state,Company
14,98.17841552458964,2025-04-30 15:21:34.226649,2025-04-30 15:21:34.543062,0 days 00:00:00.316413,0.8626892557496649,0.334907958870413,0.00974571036107859,58,0.15400076898220866,52,CDNS.O,COMPLETE,CDNS.O
15,98.0686344770667,2025-04-30 15:21:34.549782,2025-04-30 15:21:34.692029,0 days 00:00:00.142247,0.8171625937415709,0.10079626906251253,0.03220857816990132,47,0.01661301907442654,54,CDNS.O,COMPLETE,CDNS.O
16,98.5515356345551,2025-04-30 15:21:34.698000,2025-04-30 15:21:34.901884,0 days 00:00:00.203884,0.9014173213886731,0.9537290383491305,0.011686826546612832,80,0.05075311539496663,42,CDNS.O,COMPLETE,CDNS.O
17,97.446607837805,2025-04-30 15:21:34.908034,2025-04-30 15:21:35.085708,0 days 00:00:00.177674,0.939443423125902,0.012605089416341947,0.02192509007020054,39,0.17447556609721715,78,CDNS.O,COMPLETE,CDNS.O
18,98.2604891947738,2025-04-30 15:21:35.097643,2025-04-30 15:21:35.293172,0 days 00:00:00.195529,0.8320653939262581,0.013240757964919674,0.020652539722126072,56,0.19081602023546335,86,CDNS.O,COMPLETE,CDNS.O
19,97.17345351330374,2025-04-30 15:21:35.300021,2025-04-30 15:21:35.468993,0 days 00:00:00.168972,0.9384503090891679,0.005359143223370982,0.05224869131040795,41,0.26068083749097587,77,CDNS.O,COMPLETE,CDNS.O
20,97.21352016446963,2025-04-30 15:21:35.480224,2025-04-30 15:21:35.610051,0 days 00:00:00.129827,0.9358048049289195,0.00518261201654847,0.055609260947970494,39,0.2856704459370262,81,CDNS.O,COMPLETE,CDNS.O
21,97.55098977963624,2025-04-30 15:21:35.615232,2025-04-30 15:21:35.777214,0 days 00:00:00.161982,0.9472328638094617,0.007036316236338794,0.05422115838036342,36,0.2869202512596243,81,CDNS.O,COMPLETE,CDNS.O
22,97.67679343791576,2025-04-30 15:21:35.784026,2025-04-30 15:21:35.916348,0 days 00:00:00.132322,0.9457144857179894,0.004187484521660453,0.09515859409189081,38,0.2869897994315254,103,CDNS.O,COMPLETE,CDNS.O
23,98.3577008460513,2025-04-30 15:21:35.921833,2025-04-30 15:21:36.070173,0 days 00:00:00.148340,0.8507623465195845,0.02603045432545609,0.06816183885854557,54,0.24230732098243407,80,CDNS.O,COMPLETE,CDNS.O
24,97.58464859156973,2025-04-30 15:21:36.078919,2025-04-30 15:21:36.277420,0 days 00:00:00.198501,0.9271207328473976,0.0007291382947673618,0.04608203909677899,21,0.4040387415398355,63,CDNS.O,COMPLETE,CDNS.O
25,98.43937868328318,2025-04-30 15:21:36.286969,2025-04-30 15:21:36.430856,0 days 00:00:00.143887,0.7858081484418696,0.003600496077295751,0.06273511808749127,17,0.3045424192573054,78,CDNS.O,COMPLETE,CDNS.O
26,97.47315659664473,2025-04-30 15:21:36.436203,2025-04-30 15:21:36.566758,0 days 00:00:00.130555,0.9970770840081106,0.013944023845994778,0.04066770407450197,40,0.21764264617253115,88,CDNS.O,COMPLETE,CDNS.O
27,98.18970491583063,2025-04-30 15:21:36.574150,2025-04-30 15:21:36.677732,0 days 00:00:00.103582,0.7888269576303876,0.04870356719399645,0.03742029513480693,53,0.13953702938654378,105,CDNS.O,COMPLETE,CDNS.O
28,98.81917421326432,2025-04-30 15:21:36.683365,2025-04-30 15:21:36.785648,0 days 00:00:00.102283,0.9538281632965563,0.0001437020416389769,0.07973492572529019,61,0.3976038942765682,74,CDNS.O,COMPLETE,CDNS.O
29,98.18451578132402,2025-04-30 15:21:36.791203,2025-04-30 15:21:36.893407,0 days 00:00:00.102204,0.9126886853451014,0.0005054663995746763,0.027860920496837253,51,0.09701613910052446,62,CDNS.O,COMPLETE,CDNS.O
0,36.846820934145875,2025-04-30 15:21:36.939307,2025-04-30 15:21:37.080135,0 days 00:00:00.140828,0.7676869797140301,0.06477077727067113,0.03354083852474891,15,0.2594527489262596,97,CDW.O,COMPLETE,CDW.O
1,36.85538294548847,2025-04-30 15:21:37.086685,2025-04-30 15:21:37.228749,0 days 00:00:00.142064,0.7718071034421352,9.013008235241685,0.009827716999128867,61,0.4729542011638742,91,CDW.O,COMPLETE,CDW.O
2,36.91287763857489,2025-04-30 15:21:37.234542,2025-04-30 15:21:37.295055,0 days 00:00:00.060513,0.9655637159515118,0.000135485686431805,0.03914594652438083,68,0.00881418232238429,101,CDW.O,COMPLETE,CDW.O
3,36.725106431670866,2025-04-30 15:21:37.300488,2025-04-30 15:21:37.360326,0 days 00:00:00.059838,0.637250912268311,0.09032794538157105,0.03242229792032244,42,0.18742629202294286,100,CDW.O,COMPLETE,CDW.O
4,36.9285981168843,2025-04-30 15:21:37.369134,2025-04-30 15:21:37.498046,0 days 00:00:00.128912,0.8567373709990258,0.0003476094384030809,0.029833558441917873,15,0.3917522517276347,119,CDW.O,COMPLETE,CDW.O
5,36.76499655985396,2025-04-30 15:21:37.502936,2025-04-30 15:21:37.677588,0 days 00:00:00.174652,0.6938468342235526,0.0032142534417138008,0.006624935246303271,65,0.33195357101706374,97,CDW.O,COMPLETE,CDW.O
6,36.91620421198909,2025-04-30 15:21:37.684859,2025-04-30 15:21:37.797999,0 days 00:00:00.113140,0.7487046744129013,0.28182235229842906,0.01286632284437922,58,0.3534135719389885,122,CDW.O,COMPLETE,CDW.O
7,36.69762482200308,2025-04-30 15:21:37.805329,2025-04-30 15:21:38.202115,0 days 00:00:00.396786,0.7696306555151076,0.0014583829750121947,0.008904407377706291,14,0.08542861170292859,54,CDW.O,COMPLETE,CDW.O
8,36.85227674778359,2025-04-30 15:21:38.210575,2025-04-30 15:21:38.292255,0 days 00:00:00.081680,0.7279496881059918,0.0035270593792046776,0.04524925920372552,47,0.4508694358319029,90,CDW.O,COMPLETE,CDW.O
9,36.85190293996051,2025-04-30 15:21:38.299438,2025-04-30 15:21:38.338650,0 days 00:00:00.039212,0.8676929181529818,0.0001904366527764507,0.08619955569108897,61,0.04674195652168961,110,CDW.O,COMPLETE,CDW.O
10,36.92447804814134,2025-04-30 15:21:38.347002,2025-04-30 15:21:38.632490,0 days 00:00:00.285488,0.9986883176353835,0.005208224429651323,0.0051797294681555275,92,0.12923818703897427,40,CDW.O,COMPLETE,CDW.O
11,36.77443769965103,2025-04-30 15:21:38.640804,2025-04-30 15:21:38.811038,0 days 00:00:00.170234,0.6137447432812573,0.49725719352268777,0.016975015615244064,29,0.15265011271155604,57,CDW.O,COMPLETE,CDW.O
12,36.66378025905069,2025-04-30 15:21:38.817234,2025-04-30 15:21:38.944437,0 days 00:00:00.127203,0.6016931573593717,0.04079381544821993,0.02148329708329794,39,0.16685322978686257,70,CDW.O,COMPLETE,CDW.O
13,36.81551496924704,2025-04-30 15:21:38.950913,2025-04-30 15:21:39.194009,0 days 00:00:00.243096,0.6710684139356274,0.015553549465250735,0.009044433426753689,29,0.08703512693768897,66,CDW.O,COMPLETE,CDW.O
14,36.951811880615686,2025-04-30 15:21:39.201434,2025-04-30 15:21:39.341008,0 days 00:00:00.139574,0.8262612709991455,0.0010285660169745327,0.014959564519755044,29,0.25096386526201,20,CDW.O,COMPLETE,CDW.O
15,36.872630609952296,2025-04-30 15:21:39.347057,2025-04-30 15:21:39.463599,0 days 00:00:00.116542,0.9103984795678733,0.016037081593963887,0.01995619888410636,83,0.19612032025109194,50,CDW.O,COMPLETE,CDW.O
16,36.84146091714921,2025-04-30 15:21:39.474346,2025-04-30 15:21:39.596655,0 days 00:00:00.122309,0.6006100416367963,1.1439148544730544,0.060199294972463395,11,0.11537211197406282,73,CDW.O,COMPLETE,CDW.O
17,36.73412208872951,2025-04-30 15:21:39.601951,2025-04-30 15:21:39.793565,0 days 00:00:00.191614,0.6789888348532056,0.001030738275796225,0.010134994959608647,40,0.06287672712800307,34,CDW.O,COMPLETE,CDW.O
18,36.76372473519322,2025-04-30 15:21:39.799941,2025-04-30 15:21:39.939622,0 days 00:00:00.139681,0.8135436223521962,0.024031294106260936,0.023774628926146242,23,0.19338884460787073,75,CDW.O,COMPLETE,CDW.O
19,36.78127426462642,2025-04-30 15:21:39.946333,2025-04-30 15:21:40.183536,0 days 00:00:00.237203,0.7205588236892115,0.0007399714258111327,0.006344489207864312,49,0.27921780399607504,81,CDW.O,COMPLETE,CDW.O
20,36.900414915477576,2025-04-30 15:21:40.190403,2025-04-30 15:21:40.295941,0 days 00:00:00.105538,0.9125443310789009,0.09960759078854065,0.023320047004533752,76,0.004711626262951907,59,CDW.O,COMPLETE,CDW.O
21,36.711241222612614,2025-04-30 15:21:40.302626,2025-04-30 15:21:40.403226,0 days 00:00:00.100600,0.6411774859415442,0.12237377347623275,0.0646109344662274,39,0.1934570414748103,47,CDW.O,COMPLETE,CDW.O
22,36.429257293589586,2025-04-30 15:21:40.409030,2025-04-30 15:21:40.493863,0 days 00:00:00.084833,0.6422037603106926,1.8978266562879436,0.09699705957945347,37,0.16551084875889643,46,CDW.O,COMPLETE,CDW.O
23,36.77895648158815,2025-04-30 15:21:40.498452,2025-04-30 15:21:40.756539,0 days 00:00:00.258087,0.6486470002763032,3.7174744522340344,0.012350354031179537,21,0.1002732827184895,32,CDW.O,COMPLETE,CDW.O
24,36.72929445023276,2025-04-30 15:21:40.768028,2025-04-30 15:21:40.875712,0 days 00:00:00.107684,0.6072779506904368,1.5529345370959078,0.05123326587532101,33,0.15920192829323404,60,CDW.O,COMPLETE,CDW.O
25,36.772894616066075,2025-04-30 15:21:40.881675,2025-04-30 15:21:40.965794,0 days 00:00:00.084119,0.7000446902426141,0.008798558857950441,0.09096331289438973,51,0.051701830531377224,48,CDW.O,COMPLETE,CDW.O
26,36.756372289013825,2025-04-30 15:21:40.970363,2025-04-30 15:21:41.157397,0 days 00:00:00.187034,0.6542905869274438,0.400310908522274,0.01870340510891419,21,0.21542558477049978,66,CDW.O,COMPLETE,CDW.O
27,36.929651083346414,2025-04-30 15:21:41.165696,2025-04-30 15:21:41.449831,0 days 00:00:00.284135,0.7948583646269771,9.518051298361977,0.007238563975195444,10,0.14241346478067574,21,CDW.O,COMPLETE,CDW.O
28,36.92235160355496,2025-04-30 15:21:41.457536,2025-04-30 15:21:41.574532,0 days 00:00:00.116996,0.7201651219138484,0.040091599453209156,0.025939719598565968,36,0.23494137408786464,39,CDW.O,COMPLETE,CDW.O
29,36.9973558432528,2025-04-30 15:21:41.580625,2025-04-30 15:21:41.672073,0 days 00:00:00.091448,0.7589232059167842,0.0018751861490741595,0.07591192415892122,46,0.2807424699682431,80,CDW.O,COMPLETE,CDW.O
0,125.80897622926086,2025-04-30 15:21:41.712426,2025-04-30 15:21:41.835300,0 days 00:00:00.122874,0.6403890458916555,0.00011145679944594739,0.013355326596391959,85,0.40099665381726884,120,CRWD.O,COMPLETE,CRWD.O
1,126.10789030118298,2025-04-30 15:21:41.841438,2025-04-30 15:21:42.018819,0 days 00:00:00.177381,0.7224084500197397,0.3039549513419318,0.00503303082429846,82,0.4879195404336514,95,CRWD.O,COMPLETE,CRWD.O
2,126.81057388519925,2025-04-30 15:21:42.026679,2025-04-30 15:21:42.135136,0 days 00:00:00.108457,0.6932167856048734,0.007410847267375186,0.06921978636889699,12,0.3675158025147158,93,CRWD.O,COMPLETE,CRWD.O
3,126.16279630785722,2025-04-30 15:21:42.140916,2025-04-30 15:21:42.184212,0 days 00:00:00.043296,0.6499630339737236,0.0017464732085030253,0.07980975571151305,57,0.15969574370371592,44,CRWD.O,COMPLETE,CRWD.O
4,125.46398293560152,2025-04-30 15:21:42.189112,2025-04-30 15:21:42.362146,0 days 00:00:00.173034,0.9667246355499691,0.08115395059652661,0.008960593552116855,28,0.41198777214550186,98,CRWD.O,COMPLETE,CRWD.O
5,126.08109207025103,2025-04-30 15:21:42.372261,2025-04-30 15:21:42.575615,0 days 00:00:00.203354,0.9464722342783635,0.00036718389920511346,0.0056800155684979415,92,0.18773632992473538,68,CRWD.O,COMPLETE,CRWD.O
6,126.88242595202799,2025-04-30 15:21:42.581389,2025-04-30 15:21:42.817107,0 days 00:00:00.235718,0.8199492140819501,0.10705247556212615,0.009700447927697994,19,0.06931199853756492,69,CRWD.O,COMPLETE,CRWD.O
7,125.93095265198443,2025-04-30 15:21:42.828352,2025-04-30 15:21:42.976723,0 days 00:00:00.148371,0.7012405927395933,0.0006251088016888929,0.005953986817772661,75,0.1676953317078424,55,CRWD.O,COMPLETE,CRWD.O
8,126.07919219807118,2025-04-30 15:21:42.983745,2025-04-30 15:21:43.064571,0 days 00:00:00.080826,0.8658974468205854,0.14811037706302788,0.06218355839951085,25,0.20262850162017548,41,CRWD.O,COMPLETE,CRWD.O
9,125.67312714673541,2025-04-30 15:21:43.068567,2025-04-30 15:21:43.358275,0 days 00:00:00.289708,0.9687457382391299,0.04831267390249247,0.005421122700066969,17,0.20300585875488897,121,CRWD.O,COMPLETE,CRWD.O
10,125.24214775749745,2025-04-30 15:21:43.365328,2025-04-30 15:21:43.481310,0 days 00:00:00.115982,0.891564254702272,2.123072050003796,0.031571778834812526,41,0.32773544022472845,95,CRWD.O,COMPLETE,CRWD.O
11,125.50180290307662,2025-04-30 15:21:43.488367,2025-04-30 15:21:43.609287,0 days 00:00:00.120920,0.901990043222503,1.6303456613266345,0.030221698945664233,38,0.31326846575350653,96,CRWD.O,COMPLETE,CRWD.O
12,125.0964937757198,2025-04-30 15:21:43.614843,2025-04-30 15:21:43.723112,0 days 00:00:00.108269,0.9910262200036065,9.343049309645654,0.029332788637439662,42,0.47833191236676814,108,CRWD.O,COMPLETE,CRWD.O
13,125.55388103327928,2025-04-30 15:21:43.731703,2025-04-30 15:21:43.860058,0 days 00:00:00.128355,0.8997380948220387,5.008106367646555,0.031747453894771675,48,0.4810836448860049,113,CRWD.O,COMPLETE,CRWD.O
14,125.66347600917965,2025-04-30 15:21:43.870843,2025-04-30 15:21:43.960404,0 days 00:00:00.089561,0.7958253128708823,7.4484186926730604,0.044405011541515535,63,0.31813504097428275,81,CRWD.O,COMPLETE,CRWD.O
15,125.11768018935955,2025-04-30 15:21:43.964490,2025-04-30 15:21:44.075196,0 days 00:00:00.110706,0.916155180902227,1.409074593360238,0.019075584345414086,41,0.2845579710265429,20,CRWD.O,COMPLETE,CRWD.O
16,125.86260707235242,2025-04-30 15:21:44.082616,2025-04-30 15:21:44.195137,0 days 00:00:00.112521,0.9774284540739319,0.8020766170571864,0.017649614168072272,68,0.002020519601301396,25,CRWD.O,COMPLETE,CRWD.O
17,125.36200461696104,2025-04-30 15:21:44.203835,2025-04-30 15:21:44.351561,0 days 00:00:00.147726,0.9937536868150687,9.119949701869714,0.019307512191534627,35,0.24576273145728547,21,CRWD.O,COMPLETE,CRWD.O
18,125.39724023796515,2025-04-30 15:21:44.357686,2025-04-30 15:21:44.447648,0 days 00:00:00.089962,0.8410701602634526,0.5696815907011958,0.04483241718486546,50,0.10313311501599326,108,CRWD.O,COMPLETE,CRWD.O
19,125.41192008187745,2025-04-30 15:21:44.454005,2025-04-30 15:21:44.605048,0 days 00:00:00.151043,0.7659693857887366,2.033571819420327,0.014280532121678033,45,0.4443005321326159,80,CRWD.O,COMPLETE,CRWD.O
20,125.49260127073974,2025-04-30 15:21:44.613575,2025-04-30 15:21:44.744161,0 days 00:00:00.130586,0.9258035586239112,0.016253772149513127,0.024511631770398893,29,0.270317172711491,57,CRWD.O,COMPLETE,CRWD.O
21,125.74668397893078,2025-04-30 15:21:44.750534,2025-04-30 15:21:44.848320,0 days 00:00:00.097786,0.8767266677813459,2.5645093503031227,0.03861322398193964,37,0.34171524738358183,128,CRWD.O,COMPLETE,CRWD.O
22,125.3310641056705,2025-04-30 15:21:44.854425,2025-04-30 15:21:44.985795,0 days 00:00:00.131370,0.9252456473842113,0.7370103991934199,0.025362042438583775,57,0.2723359026479918,106,CRWD.O,COMPLETE,CRWD.O
23,124.85768410278031,2025-04-30 15:21:44.991366,2025-04-30 15:21:45.099017,0 days 00:00:00.107651,0.9978296854711285,3.33265381549389,0.03414399483669895,44,0.38256695129369855,79,CRWD.O,COMPLETE,CRWD.O
24,125.23898631052775,2025-04-30 15:21:45.104603,2025-04-30 15:21:45.212457,0 days 00:00:00.107854,0.9978802734551615,9.866283893098624,0.05371578494957894,51,0.4343489216042487,38,CRWD.O,COMPLETE,CRWD.O
25,125.42818439175632,2025-04-30 15:21:45.219496,2025-04-30 15:21:45.298537,0 days 00:00:00.079041,0.9433576268915176,0.23699731356165785,0.09520305399393142,62,0.385949530386156,84,CRWD.O,COMPLETE,CRWD.O
26,124.91337045449265,2025-04-30 15:21:45.303669,2025-04-30 15:21:45.463080,0 days 00:00:00.159411,0.9990563550753943,4.107106446655959,0.019809589244157832,33,0.4529751837399316,58,CRWD.O,COMPLETE,CRWD.O
27,125.15004207794892,2025-04-30 15:21:45.473829,2025-04-30 15:21:45.678453,0 days 00:00:00.204624,0.9525690437179225,4.3356884406053515,0.012407768402535829,34,0.46029155444581094,59,CRWD.O,COMPLETE,CRWD.O
28,125.84966967394301,2025-04-30 15:21:45.687712,2025-04-30 15:21:45.817070,0 days 00:00:00.129358,0.9930315925953277,4.009352765507327,0.03684006991388794,22,0.49190677652682646,70,CRWD.O,COMPLETE,CRWD.O
29,125.58656391655232,2025-04-30 15:21:45.822707,2025-04-30 15:21:45.978201,0 days 00:00:00.155494,0.6227104883100296,0.40693374785426134,0.014531510544893699,100,0.42305272318621834,50,CRWD.O,COMPLETE,CRWD.O
0,5.124800426467661,2025-04-30 15:21:46.017572,2025-04-30 15:21:46.081670,0 days 00:00:00.064098,0.6790259185754208,0.000255340698958261,0.005679895446461637,31,0.3697004492608423,33,CTSH.O,COMPLETE,CTSH.O
1,5.1265251812465795,2025-04-30 15:21:46.090130,2025-04-30 15:21:46.146702,0 days 00:00:00.056572,0.6299136671816085,0.057893609327752484,0.0058086798773188154,72,0.1652633546214209,33,CTSH.O,COMPLETE,CTSH.O
2,5.049594647985935,2025-04-30 15:21:46.153033,2025-04-30 15:21:46.258630,0 days 00:00:00.105597,0.915450232813256,0.004405952873378361,0.09315452760778267,11,0.13113300233762626,106,CTSH.O,COMPLETE,CTSH.O
3,5.101581530834517,2025-04-30 15:21:46.264582,2025-04-30 15:21:46.311617,0 days 00:00:00.047035,0.7185595982848163,0.0004515649681909729,0.018424725066639332,48,0.4753450647625951,39,CTSH.O,COMPLETE,CTSH.O
4,5.101584570449485,2025-04-30 15:21:46.318448,2025-04-30 15:21:46.417202,0 days 00:00:00.098754,0.796226964566844,0.27354524539216746,0.008047928069113119,21,0.23474205793379033,23,CTSH.O,COMPLETE,CTSH.O
5,5.116652823019469,2025-04-30 15:21:46.422029,2025-04-30 15:21:46.485630,0 days 00:00:00.063601,0.671770245185824,0.0007507395067813989,0.0066374565893460285,48,0.20919725329864292,35,CTSH.O,COMPLETE,CTSH.O
6,5.072385252059504,2025-04-30 15:21:46.497426,2025-04-30 15:21:46.573359,0 days 00:00:00.075933,0.8279778433732049,0.00024874673198376906,0.005394548373885706,40,0.17200313349394664,108,CTSH.O,COMPLETE,CTSH.O
7,5.127461678159908,2025-04-30 15:21:46.577940,2025-04-30 15:21:46.605369,0 days 00:00:00.027429,0.7134707823700155,0.04555452533218048,0.05298594507219934,90,0.18015807913261445,79,CTSH.O,COMPLETE,CTSH.O
8,5.126994980015095,2025-04-30 15:21:46.612146,2025-04-30 15:21:46.642899,0 days 00:00:00.030753,0.8528014643950675,0.00023381751895780345,0.04602642746243008,81,0.4410254287248283,55,CTSH.O,COMPLETE,CTSH.O
9,5.086849313879051,2025-04-30 15:21:46.647677,2025-04-30 15:21:46.708213,0 days 00:00:00.060536,0.9735801458055385,6.417944979708376,0.09112777317400686,23,0.3048877497974339,37,CTSH.O,COMPLETE,CTSH.O
10,5.057019232549141,2025-04-30 15:21:46.718518,2025-04-30 15:21:46.896451,0 days 00:00:00.177933,0.9739402809380857,0.006225016387791051,0.019727318128522107,12,0.008819099227905622,124,CTSH.O,COMPLETE,CTSH.O
11,5.09268822728159,2025-04-30 15:21:46.902256,2025-04-30 15:21:47.078679,0 days 00:00:00.176423,0.9761582096421784,0.003906610515738012,0.017620229305524433,13,0.004605591460766834,124,CTSH.O,COMPLETE,CTSH.O
12,5.060505658995704,2025-04-30 15:21:47.090830,2025-04-30 15:21:47.238123,0 days 00:00:00.147293,0.9104693351955895,0.005827508511569927,0.028787806847887287,12,0.030941641834500738,97,CTSH.O,COMPLETE,CTSH.O
13,5.12394542562397,2025-04-30 15:21:47.242107,2025-04-30 15:21:47.326222,0 days 00:00:00.084115,0.917677383213644,0.006109133056815451,0.012069939441928664,64,0.08374339880079945,127,CTSH.O,COMPLETE,CTSH.O
14,5.10706963975306,2025-04-30 15:21:47.334229,2025-04-30 15:21:47.434283,0 days 00:00:00.100054,0.9108557499493993,0.6578526907484157,0.03322242208681348,32,0.09533494914931706,104,CTSH.O,COMPLETE,CTSH.O
15,5.04923162196539,2025-04-30 15:21:47.438425,2025-04-30 15:21:47.584207,0 days 00:00:00.145782,0.9947592539959531,0.0016787681167904642,0.09514511805279897,11,0.08952864841665252,87,CTSH.O,COMPLETE,CTSH.O
16,5.069400268029968,2025-04-30 15:21:47.591758,2025-04-30 15:21:47.687887,0 days 00:00:00.096129,0.9979015897901884,0.0015505966331625508,0.09819204910921894,29,0.09934956631269473,79,CTSH.O,COMPLETE,CTSH.O
17,5.104547929877677,2025-04-30 15:21:47.697090,2025-04-30 15:21:47.794315,0 days 00:00:00.097225,0.8702124088328258,0.016386180804344622,0.06913103790721921,59,0.2871053723943483,90,CTSH.O,COMPLETE,CTSH.O
18,5.110251146054879,2025-04-30 15:21:47.804772,2025-04-30 15:21:47.911563,0 days 00:00:00.106791,0.7879239054881989,0.0017692732236033303,0.06427386958579845,37,0.13556760336910822,57,CTSH.O,COMPLETE,CTSH.O
19,5.1210644016546825,2025-04-30 15:21:47.916498,2025-04-30 15:21:48.050430,0 days 00:00:00.133932,0.9291806627308312,0.00010163582802603276,0.03977052114732752,21,0.05716883795565378,67,CTSH.O,COMPLETE,CTSH.O
20,5.105819647264407,2025-04-30 15:21:48.056981,2025-04-30 15:21:48.171474,0 days 00:00:00.114493,0.9460464827295658,0.15633307716508962,0.06849727454030549,46,0.1302493490398874,114,CTSH.O,COMPLETE,CTSH.O
21,5.03792314787428,2025-04-30 15:21:48.182986,2025-04-30 15:21:48.358840,0 days 00:00:00.175854,0.9977483203255156,0.01740949791443903,0.025706300587987667,11,0.007220296054994288,116,CTSH.O,COMPLETE,CTSH.O
22,5.080919497852279,2025-04-30 15:21:48.371029,2025-04-30 15:21:48.565007,0 days 00:00:00.193978,0.994040066910127,0.01698018511412581,0.011777518486477382,10,0.05632635988005531,90,CTSH.O,COMPLETE,CTSH.O
23,5.112014722908845,2025-04-30 15:21:48.573814,2025-04-30 15:21:48.691063,0 days 00:00:00.117249,0.884906322274345,0.0015506775009922094,0.08207460145997,21,0.05260777696823144,116,CTSH.O,COMPLETE,CTSH.O
24,5.079915310203447,2025-04-30 15:21:48.702319,2025-04-30 15:21:48.850490,0 days 00:00:00.148171,0.9518198822346399,0.017672593695564162,0.026063008855717443,18,0.131191936803078,97,CTSH.O,COMPLETE,CTSH.O
25,5.128039617082769,2025-04-30 15:21:48.858317,2025-04-30 15:21:48.976002,0 days 00:00:00.117685,0.9463305724829054,0.09847505319287966,0.05586042329709858,25,0.08907157707390828,88,CTSH.O,COMPLETE,CTSH.O
26,5.124185178761393,2025-04-30 15:21:48.986769,2025-04-30 15:21:49.132458,0 days 00:00:00.145689,0.8818450384438672,0.9977399192614458,0.03562189814271032,16,0.004962130785435323,107,CTSH.O,COMPLETE,CTSH.O
27,5.0779788936230394,2025-04-30 15:21:49.142433,2025-04-30 15:21:49.278855,0 days 00:00:00.136422,0.8319581749426631,0.0027361403572111415,0.012844500766451692,37,0.2856527990069857,115,CTSH.O,COMPLETE,CTSH.O
28,5.076198732213555,2025-04-30 15:21:49.285566,2025-04-30 15:21:49.457678,0 days 00:00:00.172112,0.753604804949483,0.012109476868695516,0.08077760984575551,10,0.21001246398667744,100,CTSH.O,COMPLETE,CTSH.O
