number,value,datetime_start,datetime_complete,duration,params_feature_fraction,params_lambda_l2,params_learning_rate,params_min_data_in_leaf,params_min_gain_to_split,params_num_leaves,user_attrs_Company,state,Company
29,5.119898417188769,2025-04-30 15:21:49.465796,2025-04-30 15:21:49.575321,0 days 00:00:00.109525,0.9980609526017089,0.0005983135044388031,0.04666418521768339,30,0.3498758440564187,67,CTSH.O,COMPLETE,CTSH.O
0,34.558255213139375,2025-04-30 15:21:49.621631,2025-04-30 15:21:49.671102,0 days 00:00:00.049471,0.8727330310805805,4.218970539457788,0.03110920841425693,90,0.4329778054703979,35,DASH.O,COMPLETE,DASH.O
1,34.470023507384845,2025-04-30 15:21:49.675829,2025-04-30 15:21:49.713816,0 days 00:00:00.037987,0.6746280680765571,0.0009776831807877466,0.0687216925298457,97,0.23096581023358298,123,DASH.O,COMPLETE,DASH.O
2,34.88147844748194,2025-04-30 15:21:49.723206,2025-04-30 15:21:49.802750,0 days 00:00:00.079544,0.91752926421379,0.007923511832565242,0.011903857919814218,38,0.015333706479544573,24,DASH.O,COMPLETE,DASH.O
3,34.96819773648516,2025-04-30 15:21:49.807936,2025-04-30 15:21:49.857760,0 days 00:00:00.049824,0.6687783484959675,2.3636214248306,0.02377911367087285,45,0.35090258769191535,65,DASH.O,COMPLETE,DASH.O
4,34.34898105443887,2025-04-30 15:21:49.871128,2025-04-30 15:21:49.910895,0 days 00:00:00.039767,0.7984086173220334,0.00023208593344034912,0.04302219416796998,91,0.37553402411469206,74,DASH.O,COMPLETE,DASH.O
5,34.76008006167389,2025-04-30 15:21:49.918373,2025-04-30 15:21:49.991197,0 days 00:00:00.072824,0.6162869993815832,0.00036975175405041887,0.011557996933717963,59,0.1289440894121751,80,DASH.O,COMPLETE,DASH.O
6,35.463922744507414,2025-04-30 15:21:50.000871,2025-04-30 15:21:50.098973,0 days 00:00:00.098102,0.9067376796884559,0.08299871600283222,0.025321777381126738,15,0.31724410097428457,70,DASH.O,COMPLETE,DASH.O
7,34.86163770921071,2025-04-30 15:21:50.105839,2025-04-30 15:21:50.170921,0 days 00:00:00.065082,0.9931514948456308,9.102300011247683,0.08268682392512888,30,0.09485230313219523,48,DASH.O,COMPLETE,DASH.O
8,34.73283534753858,2025-04-30 15:21:50.179314,2025-04-30 15:21:50.284336,0 days 00:00:00.105022,0.7351588993159489,4.311975957953577,0.006528382689805604,77,0.22464486995603472,104,DASH.O,COMPLETE,DASH.O
9,34.88326596176453,2025-04-30 15:21:50.292293,2025-04-30 15:21:50.379087,0 days 00:00:00.086794,0.6943054118280059,0.021569692809467127,0.006843444856978039,72,0.0029577654454301383,80,DASH.O,COMPLETE,DASH.O
10,34.66517860707153,2025-04-30 15:21:50.394018,2025-04-30 15:21:50.493964,0 days 00:00:00.099946,0.778594582116666,0.00011283590458423727,0.044534314817917836,66,0.4682681154660096,104,DASH.O,COMPLETE,DASH.O
11,34.138310686226646,2025-04-30 15:21:50.501199,2025-04-30 15:21:50.594181,0 days 00:00:00.092982,0.8264146825007621,0.0009969375044556659,0.0946948423935919,96,0.23554428428766572,117,DASH.O,COMPLETE,DASH.O
12,34.4259498112645,2025-04-30 15:21:50.606541,2025-04-30 15:21:50.683872,0 days 00:00:00.077331,0.8258224616885732,0.0029170112455920924,0.05141509354746504,85,0.33911559035221506,97,DASH.O,COMPLETE,DASH.O
13,34.21106636772946,2025-04-30 15:21:50.688929,2025-04-30 15:21:50.761920,0 days 00:00:00.072991,0.8095080420299144,0.00010422345697261823,0.09967970799080404,98,0.4087123781520111,127,DASH.O,COMPLETE,DASH.O
14,34.00750848019186,2025-04-30 15:21:50.770190,2025-04-30 15:21:50.841348,0 days 00:00:00.071158,0.8173713315342471,0.16800741114502335,0.09808350466239926,100,0.27436443635194896,128,DASH.O,COMPLETE,DASH.O
15,34.381790142717165,2025-04-30 15:21:50.846444,2025-04-30 15:21:50.932150,0 days 00:00:00.085706,0.8547463110358746,0.2317910915033082,0.06046010739439378,83,0.1686374630641158,115,DASH.O,COMPLETE,DASH.O
16,33.833414959875384,2025-04-30 15:21:50.940688,2025-04-30 15:21:51.034538,0 days 00:00:00.093850,0.7535528246651282,0.4605776050236001,0.0966864268100567,100,0.282114935936842,95,DASH.O,COMPLETE,DASH.O
17,34.81335667346491,2025-04-30 15:21:51.040969,2025-04-30 15:21:51.177668,0 days 00:00:00.136699,0.7459028094588744,0.3671594785638175,0.01562629944822204,51,0.292659387886822,95,DASH.O,COMPLETE,DASH.O
18,34.55632410088571,2025-04-30 15:21:51.190691,2025-04-30 15:21:51.297638,0 days 00:00:00.106947,0.7423768377979424,0.7432705906802695,0.034356783762214564,75,0.279580502497954,88,DASH.O,COMPLETE,DASH.O
19,34.70086085688424,2025-04-30 15:21:51.302983,2025-04-30 15:21:51.393970,0 days 00:00:00.090987,0.9750753259846897,0.05774009268995082,0.06904026856326105,66,0.1803953418937222,56,DASH.O,COMPLETE,DASH.O
20,35.2080174327139,2025-04-30 15:21:51.402132,2025-04-30 15:21:51.550630,0 days 00:00:00.148498,0.7648228652986068,0.7961547546879789,0.05695915677864644,11,0.2719772195791289,109,DASH.O,COMPLETE,DASH.O
21,34.00482380768091,2025-04-30 15:21:51.555080,2025-04-30 15:21:51.625114,0 days 00:00:00.070034,0.8513449071556236,0.1474636116038892,0.09854263225949438,100,0.21161908278458572,117,DASH.O,COMPLETE,DASH.O
22,34.31706573713093,2025-04-30 15:21:51.634366,2025-04-30 15:21:51.715417,0 days 00:00:00.081051,0.8808835546589333,0.13988549029033592,0.0787108216133983,84,0.1671107824371827,126,DASH.O,COMPLETE,DASH.O
23,33.830574099786034,2025-04-30 15:21:51.719371,2025-04-30 15:21:51.791897,0 days 00:00:00.072526,0.846548288619122,0.0219362101459709,0.09677899982640732,100,0.20777322280431218,111,DASH.O,COMPLETE,DASH.O
24,34.626282929592726,2025-04-30 15:21:51.800064,2025-04-30 15:21:51.874852,0 days 00:00:00.074788,0.935448911552016,0.0161896350966681,0.07019461852540106,89,0.08758368199383794,93,DASH.O,COMPLETE,DASH.O
25,34.16309954363897,2025-04-30 15:21:51.879124,2025-04-30 15:21:51.954997,0 days 00:00:00.075873,0.8519912969124898,0.04717400967915981,0.0382333231900855,100,0.19339641884081404,113,DASH.O,COMPLETE,DASH.O
26,34.30779711917604,2025-04-30 15:21:51.962556,2025-04-30 15:21:52.040361,0 days 00:00:00.077805,0.71368898849654,0.008923358078040178,0.05202580521198574,79,0.12202267771962344,101,DASH.O,COMPLETE,DASH.O
27,34.43711431111158,2025-04-30 15:21:52.044608,2025-04-30 15:21:52.129918,0 days 00:00:00.085310,0.9530710342654914,0.41437527845129807,0.08345895792475597,91,0.2061189355964116,88,DASH.O,COMPLETE,DASH.O
28,34.16845845852034,2025-04-30 15:21:52.140955,2025-04-30 15:21:52.226410,0 days 00:00:00.085455,0.7755151406956114,1.1641691100652194,0.0619472219795702,92,0.13597231576604835,109,DASH.O,COMPLETE,DASH.O
29,34.702505078552534,2025-04-30 15:21:52.231251,2025-04-30 15:21:52.323521,0 days 00:00:00.092270,0.8817275728053591,0.004869905300224666,0.01840325291843259,70,0.048285067271360865,119,DASH.O,COMPLETE,DASH.O
0,21.459165640554726,2025-04-30 15:21:52.369686,2025-04-30 15:21:52.404430,0 days 00:00:00.034744,0.7032688280588966,0.1256744722899518,0.044376823334016095,69,0.1697333717200632,85,DDOG.O,COMPLETE,DDOG.O
1,21.375355625760875,2025-04-30 15:21:52.408820,2025-04-30 15:21:52.519428,0 days 00:00:00.110608,0.9053282119876821,1.0294496617096633,0.005174819982351372,44,0.4044783361917965,104,DDOG.O,COMPLETE,DDOG.O
2,21.215216927337387,2025-04-30 15:21:52.527494,2025-04-30 15:21:52.614533,0 days 00:00:00.087039,0.7080443626466496,0.0002508643365585345,0.01890545080226616,13,0.004779320941422638,95,DDOG.O,COMPLETE,DDOG.O
3,21.45669533170091,2025-04-30 15:21:52.619227,2025-04-30 15:21:52.667860,0 days 00:00:00.048633,0.6939794781662795,0.0064920007662978025,0.005911492864787183,88,0.010869212764707314,118,DDOG.O,COMPLETE,DDOG.O
4,21.408188220901135,2025-04-30 15:21:52.675324,2025-04-30 15:21:52.710065,0 days 00:00:00.034741,0.6110764453440578,0.7645496809808855,0.04356901111655501,70,0.4707917766462468,40,DDOG.O,COMPLETE,DDOG.O
5,21.493794315590716,2025-04-30 15:21:52.713943,2025-04-30 15:21:52.749851,0 days 00:00:00.035908,0.8610858149799994,0.024440749874803224,0.020470366864107043,56,0.09271583400822386,21,DDOG.O,COMPLETE,DDOG.O
6,21.353477384201913,2025-04-30 15:21:52.755315,2025-04-30 15:21:52.823324,0 days 00:00:00.068009,0.8808133406140266,0.0004747965061459032,0.014556292780787013,28,0.10381882425103428,89,DDOG.O,COMPLETE,DDOG.O
7,21.461494860762013,2025-04-30 15:21:52.830617,2025-04-30 15:21:52.863430,0 days 00:00:00.032813,0.656379639833122,2.0113661963726766,0.011930026550436594,83,0.1876571994189985,101,DDOG.O,COMPLETE,DDOG.O
8,21.475345677396717,2025-04-30 15:21:52.869545,2025-04-30 15:21:52.902201,0 days 00:00:00.032656,0.7645219986445764,0.0008808294802076292,0.023935245233672995,78,0.080218057399223,72,DDOG.O,COMPLETE,DDOG.O
9,21.439926792302362,2025-04-30 15:21:52.910838,2025-04-30 15:21:52.966797,0 days 00:00:00.055959,0.6836331992456677,0.014288705401766995,0.0062908389998964495,63,0.29486976324334274,47,DDOG.O,COMPLETE,DDOG.O
10,21.203231659178773,2025-04-30 15:21:52.973664,2025-04-30 15:21:53.084930,0 days 00:00:00.111266,0.7753615236811642,0.00010031864067698373,0.08136190004581134,16,0.3321941564602169,124,DDOG.O,COMPLETE,DDOG.O
11,21.26070906789744,2025-04-30 15:21:53.089606,2025-04-30 15:21:53.222634,0 days 00:00:00.133028,0.78617910487016,0.0001319867912061911,0.09728591682251765,10,0.32681099240213624,127,DDOG.O,COMPLETE,DDOG.O
12,21.102551985621588,2025-04-30 15:21:53.229800,2025-04-30 15:21:53.373348,0 days 00:00:00.143548,0.9681795545172727,0.00015609012131383808,0.09040550509502673,12,0.36255940734673786,111,DDOG.O,COMPLETE,DDOG.O
13,21.396669522023082,2025-04-30 15:21:53.378683,2025-04-30 15:21:53.464920,0 days 00:00:00.086237,0.9932473778070016,0.0021346060174606525,0.08636576171834999,31,0.37947737171384743,115,DDOG.O,COMPLETE,DDOG.O
14,21.365547927611402,2025-04-30 15:21:53.477031,2025-04-30 15:21:53.594144,0 days 00:00:00.117113,0.9947071949045496,0.00010273571967850409,0.05717099694025841,26,0.49287015508572746,128,DDOG.O,COMPLETE,DDOG.O
15,21.32997072468539,2025-04-30 15:21:53.599818,2025-04-30 15:21:53.678588,0 days 00:00:00.078770,0.8420516179851286,0.002124448155491106,0.06321799725244343,40,0.26508165108608805,70,DDOG.O,COMPLETE,DDOG.O
16,21.282148075090106,2025-04-30 15:21:53.688149,2025-04-30 15:21:53.805309,0 days 00:00:00.117160,0.932978339877367,0.18421706141525448,0.029960516982083508,18,0.36305340343117337,112,DDOG.O,COMPLETE,DDOG.O
17,21.414286337588237,2025-04-30 15:21:53.809488,2025-04-30 15:21:53.895252,0 days 00:00:00.085764,0.7586204367475811,0.0011391444225868769,0.06957782193616163,43,0.442501535023882,59,DDOG.O,COMPLETE,DDOG.O
18,21.306393714684965,2025-04-30 15:21:53.902232,2025-04-30 15:21:54.000926,0 days 00:00:00.098694,0.8266996259632117,5.658156740954209,0.038607068978342936,22,0.2161028578567797,83,DDOG.O,COMPLETE,DDOG.O
19,21.39367743567917,2025-04-30 15:21:54.005273,2025-04-30 15:21:54.090084,0 days 00:00:00.084811,0.9534108171643997,0.0003714510615279869,0.09738855872266683,33,0.3306258170676266,106,DDOG.O,COMPLETE,DDOG.O
20,21.462283254803186,2025-04-30 15:21:54.096927,2025-04-30 15:21:54.173515,0 days 00:00:00.076588,0.7370039594508796,0.004556217962699151,0.05486513403465023,98,0.4249896543592998,121,DDOG.O,COMPLETE,DDOG.O
21,21.172078732736935,2025-04-30 15:21:54.181446,2025-04-30 15:21:54.318172,0 days 00:00:00.136726,0.8031638540437166,0.00019679337247411805,0.012505502313815527,15,0.25149783276305043,97,DDOG.O,COMPLETE,DDOG.O
22,21.253657664947976,2025-04-30 15:21:54.324987,2025-04-30 15:21:54.460007,0 days 00:00:00.135020,0.810591048103931,0.00010361784579019871,0.009086609278241406,17,0.24781152941945245,97,DDOG.O,COMPLETE,DDOG.O
23,21.27475094164731,2025-04-30 15:21:54.466450,2025-04-30 15:21:54.605766,0 days 00:00:00.139316,0.7895725057086942,0.00033813730492215346,0.009475096635660317,21,0.30827384609457614,109,DDOG.O,COMPLETE,DDOG.O
24,21.26183597428576,2025-04-30 15:21:54.611836,2025-04-30 15:21:54.764785,0 days 00:00:00.152949,0.8809087402828499,0.0009965555366701535,0.030982188593426177,10,0.3587477589807325,121,DDOG.O,COMPLETE,DDOG.O
25,21.392962603234793,2025-04-30 15:21:54.770289,2025-04-30 15:21:54.857595,0 days 00:00:00.087306,0.6385452465597414,0.0002275397064602814,0.07536010259986418,36,0.27602866857843517,92,DDOG.O,COMPLETE,DDOG.O
26,21.455617122759048,2025-04-30 15:21:54.864169,2025-04-30 15:21:54.953426,0 days 00:00:00.089257,0.9536202590215173,0.0007448942554609682,0.015068584984363484,48,0.22730933121615343,82,DDOG.O,COMPLETE,DDOG.O
27,21.25385940658116,2025-04-30 15:21:54.960030,2025-04-30 15:21:55.127623,0 days 00:00:00.167593,0.7324926568647113,0.003503823809532151,0.008770078605485263,22,0.13941412754349142,111,DDOG.O,COMPLETE,DDOG.O
28,21.47102869874629,2025-04-30 15:21:55.135378,2025-04-30 15:21:55.223144,0 days 00:00:00.087766,0.9213720411865489,0.06507012527434498,0.026479971529024673,52,0.34056044826048676,102,DDOG.O,COMPLETE,DDOG.O
29,21.211816308888846,2025-04-30 15:21:55.230249,2025-04-30 15:21:55.352267,0 days 00:00:00.122018,0.8486043727373734,0.00018898390668190543,0.03604713718221177,15,0.17326359133940805,81,DDOG.O,COMPLETE,DDOG.O
0,20.585378532816907,2025-04-30 15:21:55.400452,2025-04-30 15:21:55.435374,0 days 00:00:00.034922,0.7642163946462155,0.004191435577142925,0.09600367864931993,60,0.21596944034365134,63,FTNT.O,COMPLETE,FTNT.O
1,20.64604734395821,2025-04-30 15:21:55.439878,2025-04-30 15:21:55.559074,0 days 00:00:00.119196,0.7415605725870847,1.0050565684596153,0.007475363570490142,24,0.0008278064103328653,37,FTNT.O,COMPLETE,FTNT.O
2,20.546563581444886,2025-04-30 15:21:55.566497,2025-04-30 15:21:55.763695,0 days 00:00:00.197198,0.7886340043557724,0.002750954581758856,0.005763140302884168,78,0.1837716609385825,78,FTNT.O,COMPLETE,FTNT.O
3,20.673174954571138,2025-04-30 15:21:55.768450,2025-04-30 15:21:55.967560,0 days 00:00:00.199110,0.8340256334715538,3.8352071912288945,0.0247058816487416,10,0.06059089282661356,115,FTNT.O,COMPLETE,FTNT.O
4,20.400590872619826,2025-04-30 15:21:55.974818,2025-04-30 15:21:56.030541,0 days 00:00:00.055723,0.7781435362276825,0.0032240970999567824,0.07090444745815107,93,0.4715372787213162,120,FTNT.O,COMPLETE,FTNT.O
5,20.39368239968869,2025-04-30 15:21:56.037838,2025-04-30 15:21:56.079307,0 days 00:00:00.041469,0.8674376590769675,0.0004737156648618676,0.07815619585062711,100,0.18682455247710855,93,FTNT.O,COMPLETE,FTNT.O
6,20.39583087106076,2025-04-30 15:21:56.089216,2025-04-30 15:21:56.240634,0 days 00:00:00.151418,0.9633880882581882,0.00100625866001331,0.01982708461864366,19,0.4233240568124573,93,FTNT.O,COMPLETE,FTNT.O
7,20.556750132935633,2025-04-30 15:21:56.245564,2025-04-30 15:21:56.449837,0 days 00:00:00.204273,0.7789899123495065,0.17894408010040055,0.005330867250628486,51,0.4953532679725798,23,FTNT.O,COMPLETE,FTNT.O
8,20.482897234406874,2025-04-30 15:21:56.458022,2025-04-30 15:21:56.515670,0 days 00:00:00.057648,0.8089078174237067,0.0003312185126360919,0.08755607377108378,39,0.38209088185815687,120,FTNT.O,COMPLETE,FTNT.O
9,20.519223562738542,2025-04-30 15:21:56.520964,2025-04-30 15:21:56.582214,0 days 00:00:00.061250,0.7816329176467272,0.0002376774911914449,0.03266825366920873,78,0.05740364613299909,24,FTNT.O,COMPLETE,FTNT.O
10,20.37010798107462,2025-04-30 15:21:56.589769,2025-04-30 15:21:56.694049,0 days 00:00:00.104280,0.6337897515591926,0.0376744626606283,0.048002648817209156,100,0.31292196647833603,96,FTNT.O,COMPLETE,FTNT.O
11,20.364520797201596,2025-04-30 15:21:56.698638,2025-04-30 15:21:56.801599,0 days 00:00:00.102961,0.612326313865748,0.03681784833519826,0.046702589662600665,99,0.31620768314474396,95,FTNT.O,COMPLETE,FTNT.O
12,20.46419982341466,2025-04-30 15:21:56.809064,2025-04-30 15:21:56.907332,0 days 00:00:00.098268,0.6082251814505417,0.05038598137149169,0.04228799525907817,82,0.3081773613887532,98,FTNT.O,COMPLETE,FTNT.O
13,20.40777058210292,2025-04-30 15:21:56.911602,2025-04-30 15:21:56.992317,0 days 00:00:00.080715,0.6039139888870931,0.023235370791349467,0.04738162267433038,88,0.31911614961501206,68,FTNT.O,COMPLETE,FTNT.O
14,20.577657461781428,2025-04-30 15:21:57.001822,2025-04-30 15:21:57.136518,0 days 00:00:00.134696,0.6764031090412129,0.16926328001654833,0.014760952963556928,67,0.28464119227004636,107,FTNT.O,COMPLETE,FTNT.O
15,20.40154301951364,2025-04-30 15:21:57.141096,2025-04-30 15:21:57.226638,0 days 00:00:00.085542,0.6770400245556667,0.023152920073866542,0.05177908183023491,98,0.35348900052565774,80,FTNT.O,COMPLETE,FTNT.O
16,20.58220707087271,2025-04-30 15:21:57.235169,2025-04-30 15:21:57.388267,0 days 00:00:00.153098,0.6671098344904747,0.11951784239897041,0.01282778583192115,68,0.23617810714542034,48,FTNT.O,COMPLETE,FTNT.O
17,20.570284640825445,2025-04-30 15:21:57.394623,2025-04-30 15:21:57.511577,0 days 00:00:00.116954,0.7119441741791265,0.7096339125936076,0.030521631232181844,45,0.411827122118096,102,FTNT.O,COMPLETE,FTNT.O
18,20.414140649529404,2025-04-30 15:21:57.517179,2025-04-30 15:21:57.610477,0 days 00:00:00.093298,0.6345924945042513,0.01061958204480485,0.05531656019197716,86,0.1343223810142772,127,FTNT.O,COMPLETE,FTNT.O
19,20.454751995404504,2025-04-30 15:21:57.614715,2025-04-30 15:21:57.696603,0 days 00:00:00.081888,0.8987216068941258,0.42563458105661495,0.036032526786586354,65,0.27133529788283406,86,FTNT.O,COMPLETE,FTNT.O
20,20.595642547509463,2025-04-30 15:21:57.703009,2025-04-30 15:21:57.784272,0 days 00:00:00.081263,0.7276707896973564,2.0946785785222266,0.06495040473922538,75,0.3510966758914452,58,FTNT.O,COMPLETE,FTNT.O
21,20.39731895789331,2025-04-30 15:21:57.791222,2025-04-30 15:21:57.891010,0 days 00:00:00.099788,0.9020507602296833,0.06431726723229982,0.07087013679041743,100,0.16405853991279137,91,FTNT.O,COMPLETE,FTNT.O
22,20.387833751826836,2025-04-30 15:21:57.897220,2025-04-30 15:21:57.984558,0 days 00:00:00.087338,0.8674191282689289,0.0007356922827322654,0.08107871581340702,92,0.23196494734521028,108,FTNT.O,COMPLETE,FTNT.O
23,20.43644136602713,2025-04-30 15:21:57.989156,2025-04-30 15:21:58.058777,0 days 00:00:00.069621,0.9375215869426363,0.0001013385257659384,0.09967137435586167,92,0.23971939147038623,108,FTNT.O,COMPLETE,FTNT.O
24,20.338918776652427,2025-04-30 15:21:58.067664,2025-04-30 15:21:58.196517,0 days 00:00:00.128853,0.6451239806043713,0.009925499165513496,0.04054865713570036,91,0.3278276724577127,112,FTNT.O,COMPLETE,FTNT.O
25,20.428006959351205,2025-04-30 15:21:58.201290,2025-04-30 15:21:58.305858,0 days 00:00:00.104568,0.6444381615728484,0.011180714275872937,0.025011227227044307,86,0.3360467942712169,128,FTNT.O,COMPLETE,FTNT.O
26,20.377649317668006,2025-04-30 15:21:58.312299,2025-04-30 15:21:58.435457,0 days 00:00:00.123158,0.6273996754538117,0.010392300470353468,0.03692831516425824,95,0.3852848482485209,82,FTNT.O,COMPLETE,FTNT.O
27,20.454533038851945,2025-04-30 15:21:58.443900,2025-04-30 15:21:58.545275,0 days 00:00:00.101375,0.6892191736593773,0.001606607322691604,0.058377426023055304,83,0.28583015519627475,72,FTNT.O,COMPLETE,FTNT.O
28,20.548715198535607,2025-04-30 15:21:58.551628,2025-04-30 15:21:58.637837,0 days 00:00:00.086209,0.6546922120833369,0.006645327479731762,0.043739837519369655,73,0.4244761336058488,98,FTNT.O,COMPLETE,FTNT.O
29,20.53452249519302,2025-04-30 15:21:58.644998,2025-04-30 15:21:58.760023,0 days 00:00:00.115025,0.7064580872978576,0.0365842461322496,0.01895600673756889,62,0.3677361766953745,114,FTNT.O,COMPLETE,FTNT.O
0,13.046906658093246,2025-04-30 15:21:58.811923,2025-04-30 15:21:58.868043,0 days 00:00:00.056120,0.9306776371913866,0.00013480674400800547,0.013536226609286571,24,0.034163595933932756,29,GFS.O,COMPLETE,GFS.O
1,13.05780254982582,2025-04-30 15:21:58.872773,2025-04-30 15:21:58.907660,0 days 00:00:00.034887,0.6456303621982166,4.872045816458524,0.08228563148794231,52,0.16384231308754493,96,GFS.O,COMPLETE,GFS.O
2,13.040703677228358,2025-04-30 15:21:58.915044,2025-04-30 15:21:58.940608,0 days 00:00:00.025564,0.7064862139588144,6.366328613262075,0.010251485397839573,71,0.024744737006982653,118,GFS.O,COMPLETE,GFS.O
3,13.032892472637421,2025-04-30 15:21:58.945231,2025-04-30 15:21:58.988685,0 days 00:00:00.043454,0.739119977970267,0.006051005624868542,0.01297119478265797,23,0.26903311929921536,128,GFS.O,COMPLETE,GFS.O
4,13.045743643386958,2025-04-30 15:21:58.998401,2025-04-30 15:21:59.035361,0 days 00:00:00.036960,0.9986097422884767,0.016941305206075355,0.014240854544046644,32,0.38038908324097753,69,GFS.O,COMPLETE,GFS.O
5,13.034998133912632,2025-04-30 15:21:59.046543,2025-04-30 15:21:59.076276,0 days 00:00:00.029733,0.7600315652934675,0.00016265510610937725,0.023389273467756183,66,0.2399401245943737,95,GFS.O,COMPLETE,GFS.O
6,13.018983545737054,2025-04-30 15:21:59.080854,2025-04-30 15:21:59.123617,0 days 00:00:00.042763,0.8729486846347887,0.002217961223370766,0.04615247945736535,27,0.0638719255040488,128,GFS.O,COMPLETE,GFS.O
7,13.047878815801138,2025-04-30 15:21:59.129526,2025-04-30 15:21:59.154888,0 days 00:00:00.025362,0.8119086729977436,0.03286535902282096,0.013674980190949142,57,0.4918003292287448,40,GFS.O,COMPLETE,GFS.O
8,13.046228756913845,2025-04-30 15:21:59.162365,2025-04-30 15:21:59.209488,0 days 00:00:00.047123,0.9240870967372318,3.738743731121336,0.011471058417092025,21,0.44028746776523575,91,GFS.O,COMPLETE,GFS.O
9,13.045451544835887,2025-04-30 15:21:59.213591,2025-04-30 15:21:59.238698,0 days 00:00:00.025107,0.878221635187643,0.0007630894993232928,0.005783854811908052,63,0.11089333897426035,59,GFS.O,COMPLETE,GFS.O
10,13.05067551100744,2025-04-30 15:21:59.244124,2025-04-30 15:21:59.305608,0 days 00:00:00.061484,0.8250752267436037,0.28135283170788106,0.05381706176970477,91,0.12676483230083507,104,GFS.O,COMPLETE,GFS.O
11,13.039612330692044,2025-04-30 15:21:59.312836,2025-04-30 15:21:59.423537,0 days 00:00:00.110701,0.7182934685786209,0.003671655289937798,0.03272738408190323,10,0.29625731549830187,126,GFS.O,COMPLETE,GFS.O
12,13.052668828390832,2025-04-30 15:21:59.427556,2025-04-30 15:21:59.501625,0 days 00:00:00.074069,0.6218495377358937,0.005247689736974317,0.03957336984813939,38,0.27661292831662787,126,GFS.O,COMPLETE,GFS.O
13,13.030154999861878,2025-04-30 15:21:59.507136,2025-04-30 15:21:59.581144,0 days 00:00:00.074008,0.8655479506831035,0.10215893165766367,0.08837214121326341,45,0.19926256237471748,111,GFS.O,COMPLETE,GFS.O
