number,value,datetime_start,datetime_complete,duration,params_feature_fraction,params_lambda_l2,params_learning_rate,params_min_data_in_leaf,params_min_gain_to_split,params_num_leaves,user_attrs_Company,state,Company
14,11.727686323273403,2025-04-30 15:22:34.524183,2025-04-30 15:22:34.855304,0 days 00:00:00.331121,0.9062391159496319,4.852796900645737,0.009749818596798094,29,0.3456247179550679,79,MCHP.O,COMPLETE,MCHP.O
15,11.753444438469183,2025-04-30 15:22:34.864311,2025-04-30 15:22:35.109606,0 days 00:00:00.245295,0.8361106144122195,0.07325925647603859,0.007324321741717224,47,0.4453163334956591,39,MCHP.O,COMPLETE,MCHP.O
16,11.740664054619039,2025-04-30 15:22:35.118538,2025-04-30 15:22:35.576024,0 days 00:00:00.457486,0.93664818601724,0.5187672398222799,0.012049716275517548,10,0.310817372635615,57,MCHP.O,COMPLETE,MCHP.O
17,11.680212594701791,2025-04-30 15:22:35.585356,2025-04-30 15:22:35.781033,0 days 00:00:00.195677,0.8039784505217039,2.2836734343211593,0.03207718648740589,26,0.4476188322423689,124,MCHP.O,COMPLETE,MCHP.O
18,11.68565746428892,2025-04-30 15:22:35.789754,2025-04-30 15:22:35.932932,0 days 00:00:00.143178,0.8013203438118336,3.743159287438226,0.06042696808538216,25,0.4654932994434123,124,MCHP.O,COMPLETE,MCHP.O
19,11.795802711733826,2025-04-30 15:22:35.940614,2025-04-30 15:22:36.075579,0 days 00:00:00.134965,0.8449914007999589,1.8110327737380247,0.03356174845020173,61,0.11030319873791289,110,MCHP.O,COMPLETE,MCHP.O
20,11.780695792487425,2025-04-30 15:22:36.085190,2025-04-30 15:22:36.223859,0 days 00:00:00.138669,0.7908526738664855,0.21896274659314396,0.04773468099332023,40,0.3541746557388776,85,MCHP.O,COMPLETE,MCHP.O
21,11.684333767941435,2025-04-30 15:22:36.234267,2025-04-30 15:22:36.365595,0 days 00:00:00.131328,0.7973390660270266,3.2273667402243653,0.08983389418413218,26,0.4685518034283797,125,MCHP.O,COMPLETE,MCHP.O
22,11.66098091909974,2025-04-30 15:22:36.372929,2025-04-30 15:22:36.493177,0 days 00:00:00.120248,0.8000690016297388,1.9555621215567698,0.0923745064268504,26,0.46390136014924266,117,MCHP.O,COMPLETE,MCHP.O
23,11.695926489561417,2025-04-30 15:22:36.501378,2025-04-30 15:22:36.672943,0 days 00:00:00.171565,0.8791562226466465,8.965270082579583,0.026879539212719458,23,0.40347280963576104,117,MCHP.O,COMPLETE,MCHP.O
24,11.781899439059272,2025-04-30 15:22:36.680785,2025-04-30 15:22:36.801653,0 days 00:00:00.120868,0.7675189280412285,0.87175667380434,0.046515881130244525,43,0.4982760776664193,91,MCHP.O,COMPLETE,MCHP.O
25,11.764410964295742,2025-04-30 15:22:36.809466,2025-04-30 15:22:36.921584,0 days 00:00:00.112118,0.8228690450824682,0.2381989222514076,0.053241944499319314,30,0.4441924210234782,112,MCHP.O,COMPLETE,MCHP.O
26,11.723155731843725,2025-04-30 15:22:36.928408,2025-04-30 15:22:37.107509,0 days 00:00:00.179101,0.7256635032744664,2.0134665529883953,0.06973254087221166,16,0.3765409147510921,94,MCHP.O,COMPLETE,MCHP.O
27,11.766377350128394,2025-04-30 15:22:37.113200,2025-04-30 15:22:37.284955,0 days 00:00:00.171755,0.8786489965077464,0.10989913020779658,0.012518285502031545,34,0.3203062503185985,110,MCHP.O,COMPLETE,MCHP.O
28,11.817439576473603,2025-04-30 15:22:37.292233,2025-04-30 15:22:37.410511,0 days 00:00:00.118278,0.9420641716649525,0.5897975897578621,0.024949090383192336,73,0.4568785773799698,74,MCHP.O,COMPLETE,MCHP.O
29,11.632256781879756,2025-04-30 15:22:37.417819,2025-04-30 15:22:37.576088,0 days 00:00:00.158269,0.8197644408282969,0.01639723161837855,0.03992973428032526,10,0.3912664494272765,32,MCHP.O,COMPLETE,MCHP.O
0,69.6054205647744,2025-04-30 15:22:37.624140,2025-04-30 15:22:37.667632,0 days 00:00:00.043492,0.9366793769040433,0.0004180221105527179,0.017676788579228272,46,0.10382942396468009,114,MDB.O,COMPLETE,MDB.O
1,69.5249888008679,2025-04-30 15:22:37.673760,2025-04-30 15:22:37.743657,0 days 00:00:00.069897,0.8458406064684905,0.006137374651336319,0.007280083080793647,14,0.42600661367559317,98,MDB.O,COMPLETE,MDB.O
2,69.51943702222732,2025-04-30 15:22:37.753783,2025-04-30 15:22:37.806848,0 days 00:00:00.053065,0.8365685210574758,0.0008263352786497543,0.008900424776467087,39,0.2820014789325382,102,MDB.O,COMPLETE,MDB.O
3,69.67744673834358,2025-04-30 15:22:37.812719,2025-04-30 15:22:37.848339,0 days 00:00:00.035620,0.9860413692709292,0.45076887663801274,0.03693517324632011,58,0.48883879625011456,119,MDB.O,COMPLETE,MDB.O
4,69.50571439169397,2025-04-30 15:22:37.856493,2025-04-30 15:22:37.943979,0 days 00:00:00.087486,0.9041403091048235,1.2801875765418085,0.006017235798551111,10,0.1785418490751367,47,MDB.O,COMPLETE,MDB.O
5,69.52460012456693,2025-04-30 15:22:37.948789,2025-04-30 15:22:37.979338,0 days 00:00:00.030549,0.6678469862964302,2.0989791834436295,0.01242418741539479,81,0.0010626320246973076,56,MDB.O,COMPLETE,MDB.O
6,69.52464026259776,2025-04-30 15:22:37.986643,2025-04-30 15:22:38.031381,0 days 00:00:00.044738,0.7597000622244088,1.091539728982043,0.010811813878888916,30,0.2685457761677354,95,MDB.O,COMPLETE,MDB.O
7,69.64084758471358,2025-04-30 15:22:38.036224,2025-04-30 15:22:38.119969,0 days 00:00:00.083745,0.9102706317030538,0.0017766783718393738,0.01727966323797769,12,0.3437260733159917,93,MDB.O,COMPLETE,MDB.O
8,69.69234513810565,2025-04-30 15:22:38.127742,2025-04-30 15:22:38.199391,0 days 00:00:00.071649,0.950817174676524,0.29590265783310965,0.029258021585259922,15,0.4069290215875564,34,MDB.O,COMPLETE,MDB.O
9,69.491805596698,2025-04-30 15:22:38.208471,2025-04-30 15:22:38.251564,0 days 00:00:00.043093,0.9035390822818274,0.00013834557628670404,0.007773939618784684,34,0.42799435200821906,54,MDB.O,COMPLETE,MDB.O
10,69.78246830662977,2025-04-30 15:22:38.260250,2025-04-30 15:22:38.328792,0 days 00:00:00.068542,0.7356319187244728,0.0001467948470153516,0.05247821597567598,69,0.499767950051858,69,MDB.O,COMPLETE,MDB.O
11,69.49885042179176,2025-04-30 15:22:38.333132,2025-04-30 15:22:38.396911,0 days 00:00:00.063779,0.8655849069927103,0.04269908106818199,0.005609411359715194,100,0.16625597176663215,38,MDB.O,COMPLETE,MDB.O
12,69.49531575144762,2025-04-30 15:22:38.404239,2025-04-30 15:22:38.469793,0 days 00:00:00.065554,0.8505764674314259,0.03757636266129923,0.005021564785915431,96,0.16840194318177773,21,MDB.O,COMPLETE,MDB.O
13,70.06172318746506,2025-04-30 15:22:38.475531,2025-04-30 15:22:38.546046,0 days 00:00:00.070515,0.7801474580906143,0.0329413449464344,0.09433111567228987,100,0.18079928205049145,24,MDB.O,COMPLETE,MDB.O
14,69.48929975287479,2025-04-30 15:22:38.556705,2025-04-30 15:22:38.632385,0 days 00:00:00.075680,0.6915667621635968,0.005215652588664349,0.005002812327512078,81,0.08268862967851986,69,MDB.O,COMPLETE,MDB.O
15,69.5271692030435,2025-04-30 15:22:38.639813,2025-04-30 15:22:38.710635,0 days 00:00:00.070822,0.6246940948437518,0.004975526148286623,0.0127867983354053,79,0.013154957226131136,73,MDB.O,COMPLETE,MDB.O
16,69.51149625213236,2025-04-30 15:22:38.718338,2025-04-30 15:22:38.790347,0 days 00:00:00.072009,0.7212511646989068,0.0001001595349220344,0.008515123915397764,58,0.06667214819732686,61,MDB.O,COMPLETE,MDB.O
17,69.48877860626199,2025-04-30 15:22:38.794803,2025-04-30 15:22:38.888232,0 days 00:00:00.093429,0.6890647090736638,8.14943510828534,0.007299204759955688,29,0.33292643689014645,83,MDB.O,COMPLETE,MDB.O
18,69.5583258011635,2025-04-30 15:22:38.898507,2025-04-30 15:22:38.974115,0 days 00:00:00.075608,0.6815722446536469,9.133442605732185,0.017258897636706454,71,0.33359461024345866,79,MDB.O,COMPLETE,MDB.O
19,69.59899409024217,2025-04-30 15:22:38.978615,2025-04-30 15:22:39.073717,0 days 00:00:00.095102,0.6092466764065331,0.14862550885606904,0.0236381596263905,26,0.2319653550582666,83,MDB.O,COMPLETE,MDB.O
20,69.49892668627002,2025-04-30 15:22:39.083890,2025-04-30 15:22:39.166946,0 days 00:00:00.083056,0.6937938657122286,0.007942515434844241,0.005030939135003682,47,0.09747041553572783,109,MDB.O,COMPLETE,MDB.O
21,69.49738525127398,2025-04-30 15:22:39.172880,2025-04-30 15:22:39.255227,0 days 00:00:00.082347,0.6448305851329408,9.474974902218287,0.00760649683349108,29,0.39228623856218886,60,MDB.O,COMPLETE,MDB.O
22,69.52346189292066,2025-04-30 15:22:39.262983,2025-04-30 15:22:39.356681,0 days 00:00:00.093698,0.7149790933946023,0.0017120224712185153,0.01013803468327827,38,0.3153824873496102,128,MDB.O,COMPLETE,MDB.O
23,69.52722807512379,2025-04-30 15:22:39.362231,2025-04-30 15:22:39.458055,0 days 00:00:00.095824,0.8001030891527727,0.013930342456706915,0.006790056619254833,20,0.4430531700650127,85,MDB.O,COMPLETE,MDB.O
24,69.54373284221276,2025-04-30 15:22:39.465158,2025-04-30 15:22:39.553214,0 days 00:00:00.088056,0.7949552256317717,0.0005136736411284721,0.014097320552457635,37,0.37491483643767864,47,MDB.O,COMPLETE,MDB.O
25,69.50231199712307,2025-04-30 15:22:39.557751,2025-04-30 15:22:39.641547,0 days 00:00:00.083796,0.6499969317402058,0.08783246601078033,0.007033713602758594,51,0.44879022254164835,70,MDB.O,COMPLETE,MDB.O
26,69.51817174027094,2025-04-30 15:22:39.651501,2025-04-30 15:22:39.732146,0 days 00:00:00.080645,0.7511334849550672,0.0022792759652106027,0.00953766269015856,87,0.22638609673576426,50,MDB.O,COMPLETE,MDB.O
27,69.50637347563747,2025-04-30 15:22:39.737026,2025-04-30 15:22:39.839333,0 days 00:00:00.102307,0.9901114683528497,0.00022638557835656453,0.0064668576698830495,22,0.36833626313301104,65,MDB.O,COMPLETE,MDB.O
28,69.76651417034171,2025-04-30 15:22:39.846572,2025-04-30 15:22:39.933623,0 days 00:00:00.087051,0.7007937942356619,3.228675524111726,0.05149458449539812,69,0.29941388438330974,87,MDB.O,COMPLETE,MDB.O
29,69.621045214119,2025-04-30 15:22:39.937936,2025-04-30 15:22:40.012173,0 days 00:00:00.074237,0.8152098323162094,0.0006797902529786994,0.021765919607657596,62,0.12396823308063123,77,MDB.O,COMPLETE,MDB.O
0,253.59963649556542,2025-04-30 15:22:40.055241,2025-04-30 15:22:40.160646,0 days 00:00:00.105405,0.8680485058222598,0.017477963917971608,0.024415092895296604,82,0.2581796948000432,82,META.O,COMPLETE,META.O
1,253.9096851132906,2025-04-30 15:22:40.167817,2025-04-30 15:22:40.454907,0 days 00:00:00.287090,0.7379114069609578,0.024657676882885636,0.006577068581346526,80,0.1859073675215136,81,META.O,COMPLETE,META.O
2,252.88536671977468,2025-04-30 15:22:40.460576,2025-04-30 15:22:40.568067,0 days 00:00:00.107491,0.9662736349613711,9.474690303792098,0.04262639299457516,47,0.22347229610146474,111,META.O,COMPLETE,META.O
3,252.40998594793948,2025-04-30 15:22:40.575915,2025-04-30 15:22:40.642498,0 days 00:00:00.066583,0.8920250873022828,0.5205731975017412,0.08409730192159741,71,0.04881728367967325,25,META.O,COMPLETE,META.O
4,252.7963016862704,2025-04-30 15:22:40.647377,2025-04-30 15:22:40.921582,0 days 00:00:00.274205,0.6789748957283158,0.0014614477040333458,0.007138736270462494,58,0.2605459406293969,121,META.O,COMPLETE,META.O
5,254.13275457730626,2025-04-30 15:22:40.929989,2025-04-30 15:22:41.132159,0 days 00:00:00.202170,0.9541084352750033,0.02617196364599275,0.009901267856349741,84,0.1088844727186048,46,META.O,COMPLETE,META.O
6,251.70401868224678,2025-04-30 15:22:41.138593,2025-04-30 15:22:41.463050,0 days 00:00:00.324457,0.8663220137970066,0.08313748458746024,0.012251458658670437,27,0.18781283492640877,45,META.O,COMPLETE,META.O
7,254.34000863211142,2025-04-30 15:22:41.469950,2025-04-30 15:22:41.636008,0 days 00:00:00.166058,0.6571070772334026,0.0005269268206962275,0.012989291458331324,96,0.01567021487974496,100,META.O,COMPLETE,META.O
8,253.83559193541203,2025-04-30 15:22:41.641982,2025-04-30 15:22:41.725123,0 days 00:00:00.083141,0.8369018758949334,0.713770093816046,0.033946716843819585,79,0.25654559890657497,44,META.O,COMPLETE,META.O
9,253.6717167140876,2025-04-30 15:22:41.729425,2025-04-30 15:22:41.808511,0 days 00:00:00.079086,0.9239945974194791,0.7191738718174515,0.06387604608692145,73,0.1960636318545131,53,META.O,COMPLETE,META.O
10,253.14456945239,2025-04-30 15:22:41.816450,2025-04-30 15:22:42.112111,0 days 00:00:00.295661,0.782669091396632,0.0026901771953192393,0.01641915753753228,18,0.41961326345841465,65,META.O,COMPLETE,META.O
11,250.93135442005402,2025-04-30 15:22:42.121090,2025-04-30 15:22:42.242549,0 days 00:00:00.121459,0.8840014386384769,0.353356990448928,0.08077701614788053,21,0.003329499048256891,22,META.O,COMPLETE,META.O
12,251.4366477290081,2025-04-30 15:22:42.248955,2025-04-30 15:22:42.364250,0 days 00:00:00.115295,0.8022378974382669,0.1848657773353322,0.09970704233142176,15,0.3817910740581379,22,META.O,COMPLETE,META.O
13,251.71063833584924,2025-04-30 15:22:42.373015,2025-04-30 15:22:42.483024,0 days 00:00:00.110009,0.7934461369588136,0.16531920704527436,0.09059553305752019,10,0.425572082720406,20,META.O,COMPLETE,META.O
14,251.94067918498985,2025-04-30 15:22:42.489441,2025-04-30 15:22:42.630525,0 days 00:00:00.141084,0.7352850606799122,5.79278341586127,0.054230639565667864,35,0.3539773337899501,27,META.O,COMPLETE,META.O
15,253.09456700874193,2025-04-30 15:22:42.636548,2025-04-30 15:22:42.738711,0 days 00:00:00.102163,0.6098305457367086,0.00010582520984477854,0.09583638328514883,33,0.48071484033239303,33,META.O,COMPLETE,META.O
16,252.12904390008262,2025-04-30 15:22:42.747957,2025-04-30 15:22:43.101713,0 days 00:00:00.353756,0.9968180203473554,0.1566170818528908,0.02919937488893268,10,0.33991101804068957,66,META.O,COMPLETE,META.O
17,252.43073370186738,2025-04-30 15:22:43.112069,2025-04-30 15:22:43.258498,0 days 00:00:00.146429,0.8267701551614498,2.666492256688071,0.059441615836652764,47,0.09432748462958457,36,META.O,COMPLETE,META.O
18,250.7746697836225,2025-04-30 15:22:43.264941,2025-04-30 15:22:43.411339,0 days 00:00:00.146398,0.7574380866972925,0.006052884951438997,0.04523915539121591,26,0.35058370993110977,59,META.O,COMPLETE,META.O
19,251.7652227143171,2025-04-30 15:22:43.417514,2025-04-30 15:22:43.584915,0 days 00:00:00.167401,0.7185507422327797,0.008917824644807193,0.03873887121082568,24,0.29908433285916586,94,META.O,COMPLETE,META.O
20,252.30516985285,2025-04-30 15:22:43.590834,2025-04-30 15:22:43.744085,0 days 00:00:00.153251,0.9150435271319982,0.005623490207581485,0.05119407421606401,41,0.1455948688031145,60,META.O,COMPLETE,META.O
21,251.53102426691828,2025-04-30 15:22:43.749696,2025-04-30 15:22:43.894617,0 days 00:00:00.144921,0.7638930056984395,0.06614472530207782,0.07434467527427094,21,0.39546234759506926,35,META.O,COMPLETE,META.O
22,251.92066938567442,2025-04-30 15:22:43.900367,2025-04-30 15:22:44.059028,0 days 00:00:00.158661,0.8186521319443457,0.32814668157371557,0.06815108218976623,16,0.4917733852212842,53,META.O,COMPLETE,META.O
23,251.8365025756835,2025-04-30 15:22:44.065276,2025-04-30 15:22:44.215072,0 days 00:00:00.149796,0.702915434795618,0.058126511015310856,0.04378140320420726,30,0.3360617039973615,21,META.O,COMPLETE,META.O
24,252.63308772056791,2025-04-30 15:22:44.220710,2025-04-30 15:22:44.328029,0 days 00:00:00.107319,0.8516214976500207,1.696272615301743,0.07510713081538543,60,0.368111399067706,77,META.O,COMPLETE,META.O
25,251.28709663726454,2025-04-30 15:22:44.333713,2025-04-30 15:22:44.435902,0 days 00:00:00.102189,0.7678328620019982,0.0006747213008657224,0.09632664178901137,39,0.3096132783714287,32,META.O,COMPLETE,META.O
26,252.5928739360787,2025-04-30 15:22:44.441626,2025-04-30 15:22:44.650593,0 days 00:00:00.208967,0.7610016624345683,0.0004189351932987102,0.02101118627763567,40,0.3022350344230904,39,META.O,COMPLETE,META.O
27,252.1121413978368,2025-04-30 15:22:44.656344,2025-04-30 15:22:44.777083,0 days 00:00:00.120739,0.6372112388391692,0.0010374430545653035,0.048063947448377935,50,0.30326928017129906,53,META.O,COMPLETE,META.O
28,251.62293188842278,2025-04-30 15:22:44.782751,2025-04-30 15:22:44.944479,0 days 00:00:00.161728,0.6907785295926007,0.0002819915836141298,0.030215492557636097,37,0.45543552638057777,31,META.O,COMPLETE,META.O
29,251.58184638995243,2025-04-30 15:22:44.950216,2025-04-30 15:22:45.159409,0 days 00:00:00.209193,0.8973992622861966,0.005420403916362194,0.022765041214338543,27,0.2807240912563025,92,META.O,COMPLETE,META.O
0,25.07936554116425,2025-04-30 15:22:45.199647,2025-04-30 15:22:45.388388,0 days 00:00:00.188741,0.7059159061090079,0.0004219114007194634,0.028287175858383837,61,0.2716181969656221,86,MRVL.O,COMPLETE,MRVL.O
1,25.189631151637755,2025-04-30 15:22:45.397427,2025-04-30 15:22:46.116025,0 days 00:00:00.718598,0.8898086219801188,0.0010804495339133834,0.005223381380568302,14,0.47445297569659156,104,MRVL.O,COMPLETE,MRVL.O
2,24.975325977181306,2025-04-30 15:22:46.122461,2025-04-30 15:22:46.208616,0 days 00:00:00.086155,0.9127223735471093,0.0016146079820116323,0.08409915116159351,63,0.16553302786339097,71,MRVL.O,COMPLETE,MRVL.O
3,25.17434856951015,2025-04-30 15:22:46.214081,2025-04-30 15:22:46.537667,0 days 00:00:00.323586,0.672099229913201,0.005707242627488864,0.005769180555758683,85,0.3751596077634061,37,MRVL.O,COMPLETE,MRVL.O
4,25.0218462067054,2025-04-30 15:22:46.545308,2025-04-30 15:22:46.662053,0 days 00:00:00.116745,0.7353328130409809,0.05153399771956365,0.0649345623609749,84,0.37869115906372514,33,MRVL.O,COMPLETE,MRVL.O
5,25.004036797654088,2025-04-30 15:22:46.671865,2025-04-30 15:22:46.801969,0 days 00:00:00.130104,0.718495645604596,0.012748981912300885,0.05796251363800927,90,0.47512496635277934,31,MRVL.O,COMPLETE,MRVL.O
6,25.050213737984336,2025-04-30 15:22:46.812731,2025-04-30 15:22:47.009508,0 days 00:00:00.196777,0.7215691460549047,0.013582595524725247,0.024732812431903065,61,0.12690635291305158,65,MRVL.O,COMPLETE,MRVL.O
7,25.067783655292093,2025-04-30 15:22:47.017905,2025-04-30 15:22:47.140405,0 days 00:00:00.122500,0.7053655313745263,0.008453115124617001,0.021623744535712433,84,0.04498436556916596,75,MRVL.O,COMPLETE,MRVL.O
8,25.14419042890832,2025-04-30 15:22:47.146887,2025-04-30 15:22:47.215148,0 days 00:00:00.068261,0.8918335082140492,0.0025913041715149555,0.04580982894965195,97,0.42049611119944164,66,MRVL.O,COMPLETE,MRVL.O
9,25.10254065642735,2025-04-30 15:22:47.220227,2025-04-30 15:22:47.611289,0 days 00:00:00.391062,0.8736182069258429,1.9961530244384131,0.0074262271436427085,71,0.4493374393605689,107,MRVL.O,COMPLETE,MRVL.O
10,24.950091127681358,2025-04-30 15:22:47.618379,2025-04-30 15:22:47.751394,0 days 00:00:00.133015,0.9907736531752992,0.00011082181658129176,0.09777982283007218,32,0.18531137448158835,119,MRVL.O,COMPLETE,MRVL.O
11,24.789522442563413,2025-04-30 15:22:47.757364,2025-04-30 15:22:47.877147,0 days 00:00:00.119783,0.9867037794982598,0.00015408107073584123,0.09697357315453486,34,0.20328844443264535,123,MRVL.O,COMPLETE,MRVL.O
12,25.037281176205184,2025-04-30 15:22:47.885005,2025-04-30 15:22:47.994018,0 days 00:00:00.109013,0.9975070716143395,0.00011726949519468443,0.09963754426226824,33,0.260599588323206,127,MRVL.O,COMPLETE,MRVL.O
13,24.97140521090432,2025-04-30 15:22:47.999489,2025-04-30 15:22:48.236001,0 days 00:00:00.236512,0.9807505521057424,0.00010745283376217982,0.01316301586817977,39,0.1737955941247299,128,MRVL.O,COMPLETE,MRVL.O
14,25.02118717416968,2025-04-30 15:22:48.242221,2025-04-30 15:22:48.393208,0 days 00:00:00.150987,0.8138209600996029,0.21243070312335635,0.04212763359823953,39,0.0006079202411992946,109,MRVL.O,COMPLETE,MRVL.O
15,25.069985942085548,2025-04-30 15:22:48.398776,2025-04-30 15:22:48.529675,0 days 00:00:00.130899,0.9473768717276201,0.0004295253345813517,0.07047068445434312,22,0.2161238943269068,90,MRVL.O,COMPLETE,MRVL.O
16,25.029401280369935,2025-04-30 15:22:48.535996,2025-04-30 15:22:48.685604,0 days 00:00:00.149608,0.8195567769064243,8.623990137003114,0.03773898141658867,47,0.3024907405019438,117,MRVL.O,COMPLETE,MRVL.O
17,25.029604715283394,2025-04-30 15:22:48.691482,2025-04-30 15:22:48.885322,0 days 00:00:00.193840,0.9472164705572875,0.0003710155275263239,0.01501842266860902,31,0.11691861328217279,49,MRVL.O,COMPLETE,MRVL.O
18,25.159402960391173,2025-04-30 15:22:48.891145,2025-04-30 15:22:49.080191,0 days 00:00:00.189046,0.6141079596113401,0.3207314952843527,0.09109709639577947,13,0.3169025604324077,93,MRVL.O,COMPLETE,MRVL.O
19,25.043044367074767,2025-04-30 15:22:49.087670,2025-04-30 15:22:49.216806,0 days 00:00:00.129136,0.8467761140487917,0.00010992360193073012,0.05467524641090852,24,0.2028344747944614,112,MRVL.O,COMPLETE,MRVL.O
20,25.095870907044834,2025-04-30 15:22:49.222644,2025-04-30 15:22:49.371986,0 days 00:00:00.149342,0.7742882657539687,0.09136328788188931,0.030865024935163743,49,0.08665318897560709,98,MRVL.O,COMPLETE,MRVL.O
21,25.022013130619914,2025-04-30 15:22:49.377574,2025-04-30 15:22:49.627354,0 days 00:00:00.249780,0.9973562181553511,0.00010491320538928864,0.011672023667434634,41,0.1749964864422801,125,MRVL.O,COMPLETE,MRVL.O
22,25.069453835680008,2025-04-30 15:22:49.634110,2025-04-30 15:22:49.874344,0 days 00:00:00.240234,0.957770730944704,0.000308794413999093,0.013630774893958078,26,0.228060216217971,119,MRVL.O,COMPLETE,MRVL.O
23,24.93208745386196,2025-04-30 15:22:49.880623,2025-04-30 15:22:50.232429,0 days 00:00:00.351806,0.9684922125763877,0.0010692303765919649,0.010125521183028115,40,0.15517433165914007,124,MRVL.O,COMPLETE,MRVL.O
24,25.017871508540345,2025-04-30 15:22:50.242182,2025-04-30 15:22:50.646574,0 days 00:00:00.404392,0.9251312435266015,0.0007657273237876589,0.008582383260711942,49,0.11330820378542263,118,MRVL.O,COMPLETE,MRVL.O
25,25.005605004901565,2025-04-30 15:22:50.653065,2025-04-30 15:22:50.862072,0 days 00:00:00.209007,0.9663240210711473,0.004043183755533582,0.020025819514470418,33,0.15129389952966307,98,MRVL.O,COMPLETE,MRVL.O
26,25.022829488403037,2025-04-30 15:22:50.872987,2025-04-30 15:22:51.252212,0 days 00:00:00.379225,0.927337386222474,0.00029560561760785516,0.009553493580670881,19,0.06803328665348973,118,MRVL.O,COMPLETE,MRVL.O
27,25.193609752115368,2025-04-30 15:22:51.263192,2025-04-30 15:22:51.454552,0 days 00:00:00.191360,0.8445984044666168,0.001064429397222508,0.01854350882050959,54,0.2976651515698006,83,MRVL.O,COMPLETE,MRVL.O
28,25.063932445231398,2025-04-30 15:22:51.465781,2025-04-30 15:22:51.617155,0 days 00:00:00.151374,0.9987167233650531,0.002467490791804671,0.04921891258141209,29,0.24300270056049256,102,MRVL.O,COMPLETE,MRVL.O
