number,value,datetime_start,datetime_complete,duration,params_feature_fraction,params_lambda_l2,params_learning_rate,params_min_data_in_leaf,params_min_gain_to_split,params_num_leaves,user_attrs_Company,state,Company
0,58.723135005866475,2025-04-30 15:20:50.896160,2025-04-30 15:20:50.967787,0 days 00:00:00.071627,0.907570589375438,0.00978130104103429,0.07997973960831509,31,0.1630112077291721,51,AAPL.O,COMPLETE,AAPL.O
1,58.63775880613423,2025-04-30 15:20:50.972502,2025-04-30 15:20:51.053870,0 days 00:00:00.081368,0.9863476713911921,0.1480919063432012,0.06736477710510158,15,0.2544463853796163,71,AAPL.O,COMPLETE,AAPL.O
2,59.071225608373915,2025-04-30 15:20:51.064845,2025-04-30 15:20:51.138111,0 days 00:00:00.073266,0.6226850339771185,3.1125144524035964,0.04271053502295308,29,0.12086295809676256,110,AAPL.O,COMPLETE,AAPL.O
3,58.79559432126201,2025-04-30 15:20:51.142273,2025-04-30 15:20:51.297005,0 days 00:00:00.154732,0.7745260811818807,0.0012958286921157653,0.008890488391821126,87,0.21889044350482884,77,AAPL.O,COMPLETE,AAPL.O
4,58.569811581135276,2025-04-30 15:20:51.304500,2025-04-30 15:20:51.361418,0 days 00:00:00.056918,0.7001730060413672,0.017823588080398935,0.06321728551180052,41,0.368291930229865,75,AAPL.O,COMPLETE,AAPL.O
5,58.66099126925782,2025-04-30 15:20:51.366511,2025-04-30 15:20:51.483593,0 days 00:00:00.117082,0.7584710621733705,0.013421021672129206,0.015849530234631433,75,0.41873797358301335,67,AAPL.O,COMPLETE,AAPL.O
6,58.83594586803495,2025-04-30 15:20:51.491045,2025-04-30 15:20:51.680565,0 days 00:00:00.189520,0.8851930624874729,0.0007851536125335946,0.00522683723258052,93,0.23196408709811978,20,AAPL.O,COMPLETE,AAPL.O
7,58.75480539778275,2025-04-30 15:20:51.686445,2025-04-30 15:20:51.781134,0 days 00:00:00.094689,0.9001086400788658,0.005257968794251351,0.04488164520882599,16,0.2562565622675547,40,AAPL.O,COMPLETE,AAPL.O
8,58.642501882318435,2025-04-30 15:20:51.788289,2025-04-30 15:20:52.039080,0 days 00:00:00.250791,0.8096543617659139,0.005187522862702816,0.006930204438217861,77,0.008339400788523244,106,AAPL.O,COMPLETE,AAPL.O
9,59.09654480926554,2025-04-30 15:20:52.047261,2025-04-30 15:20:52.174656,0 days 00:00:00.127395,0.6663602019040561,0.00017783113612960378,0.006143306137800094,82,0.11752758310093553,54,AAPL.O,COMPLETE,AAPL.O
10,58.836402034180175,2025-04-30 15:20:52.180236,2025-04-30 15:20:52.303453,0 days 00:00:00.123217,0.7024013070838369,0.21075566024380157,0.023336820790571776,54,0.4607877766813586,90,AAPL.O,COMPLETE,AAPL.O
11,58.808584343624496,2025-04-30 15:20:52.309222,2025-04-30 15:20:52.376325,0 days 00:00:00.067103,0.9721557983170941,0.2193706600510075,0.09602521024249132,47,0.35198533814039584,82,AAPL.O,COMPLETE,AAPL.O
12,58.834565261030065,2025-04-30 15:20:52.380504,2025-04-30 15:20:52.543389,0 days 00:00:00.162885,0.9975643295601344,0.11910736542284285,0.05226666481800177,10,0.3298011470271247,126,AAPL.O,COMPLETE,AAPL.O
13,58.80395418182029,2025-04-30 15:20:52.552523,2025-04-30 15:20:52.648824,0 days 00:00:00.096301,0.7129468836916516,1.9176250827914072,0.028261728580233663,36,0.35031804255798304,64,AAPL.O,COMPLETE,AAPL.O
14,58.656986562400014,2025-04-30 15:20:52.655556,2025-04-30 15:20:52.738446,0 days 00:00:00.082890,0.8232006927513151,0.043173766063296724,0.057456811675987395,21,0.49419039312193264,94,AAPL.O,COMPLETE,AAPL.O
15,58.765417318461466,2025-04-30 15:20:52.744695,2025-04-30 15:20:52.826747,0 days 00:00:00.082052,0.6364503789030803,0.8068971415026148,0.0321177585708995,64,0.3043321900071816,36,AAPL.O,COMPLETE,AAPL.O
16,58.648333073268454,2025-04-30 15:20:52.836594,2025-04-30 15:20:52.994979,0 days 00:00:00.158385,0.7205549701838986,0.04968251903069649,0.016527557769754425,42,0.4082200208873655,65,AAPL.O,COMPLETE,AAPL.O
17,58.92206147290559,2025-04-30 15:20:53.005104,2025-04-30 15:20:53.084009,0 days 00:00:00.078905,0.8582296146763463,6.985018556494264,0.06937464662506194,64,0.38771360131892846,87,AAPL.O,COMPLETE,AAPL.O
18,59.052729820289066,2025-04-30 15:20:53.089570,2025-04-30 15:20:53.206090,0 days 00:00:00.116520,0.9499918720455781,0.6006207116284251,0.09918080411456791,24,0.2833058390023513,54,AAPL.O,COMPLETE,AAPL.O
19,58.85506806868572,2025-04-30 15:20:53.213747,2025-04-30 15:20:53.376314,0 days 00:00:00.162567,0.6017289060620554,0.0014731650695714164,0.03604685417321039,41,0.18419860102735083,101,AAPL.O,COMPLETE,AAPL.O
20,58.736173844289354,2025-04-30 15:20:53.382175,2025-04-30 15:20:53.498331,0 days 00:00:00.116156,0.664132738536819,0.02814044007196584,0.06508500792232717,55,0.018821425229931077,75,AAPL.O,COMPLETE,AAPL.O
21,58.86313770911405,2025-04-30 15:20:53.506443,2025-04-30 15:20:53.732655,0 days 00:00:00.226212,0.8292634462549199,0.00366745691023502,0.010189456389965981,99,0.039667559289877634,114,AAPL.O,COMPLETE,AAPL.O
22,58.72986912482182,2025-04-30 15:20:53.738162,2025-04-30 15:20:53.968475,0 days 00:00:00.230313,0.7715127463954177,0.09065438180776877,0.013815602429501613,69,0.07698180258197249,127,AAPL.O,COMPLETE,AAPL.O
23,58.764692763480895,2025-04-30 15:20:53.975135,2025-04-30 15:20:54.191596,0 days 00:00:00.216461,0.9317294351403027,0.01762394744485923,0.021900260459890936,79,0.18935671016435668,101,AAPL.O,COMPLETE,AAPL.O
24,58.59369290331013,2025-04-30 15:20:54.200938,2025-04-30 15:20:54.518012,0 days 00:00:00.317074,0.7401055210259339,0.000275730672895625,0.009642015661349323,48,0.2722525708820224,114,AAPL.O,COMPLETE,AAPL.O
25,58.66366918503393,2025-04-30 15:20:54.530099,2025-04-30 15:20:54.785251,0 days 00:00:00.255152,0.7327304738823484,0.00011783381657648603,0.011129468215631527,48,0.2794535952407389,42,AAPL.O,COMPLETE,AAPL.O
26,58.92826566320949,2025-04-30 15:20:54.791481,2025-04-30 15:20:55.086935,0 days 00:00:00.295454,0.6761261771047641,0.0006451962011142427,0.021739201756100297,11,0.37554171140611486,118,AAPL.O,COMPLETE,AAPL.O
27,58.702420175644505,2025-04-30 15:20:55.097145,2025-04-30 15:20:55.250138,0 days 00:00:00.152993,0.7515697397752742,0.00028566053442142814,0.07745728831647812,35,0.3141120890808954,27,AAPL.O,COMPLETE,AAPL.O
28,58.73338764839234,2025-04-30 15:20:55.255408,2025-04-30 15:20:55.439393,0 days 00:00:00.183985,0.85039148987285,0.3493548397652063,0.043303067950737684,24,0.2702146835820136,69,AAPL.O,COMPLETE,AAPL.O
29,58.82718562423566,2025-04-30 15:20:55.450963,2025-04-30 15:20:55.587905,0 days 00:00:00.136942,0.7918375044300393,0.0030592463076963474,0.055147785727926474,29,0.1590589586310901,60,AAPL.O,COMPLETE,AAPL.O
0,44.312605915156425,2025-04-30 15:20:55.641169,2025-04-30 15:20:55.685463,0 days 00:00:00.044294,0.6880855129032355,1.7887485119245161,0.032015817516871284,72,0.4247559369751734,73,ADBE.O,COMPLETE,ADBE.O
1,44.05073871166029,2025-04-30 15:20:55.690521,2025-04-30 15:20:55.736912,0 days 00:00:00.046391,0.6032365109771789,0.0053856524776233,0.01264802703590198,81,0.11894347517902787,123,ADBE.O,COMPLETE,ADBE.O
2,43.91390279774796,2025-04-30 15:20:55.745157,2025-04-30 15:20:55.810686,0 days 00:00:00.065529,0.8574363165641052,0.0025703834231343065,0.040401328519164274,19,0.23365812827753984,40,ADBE.O,COMPLETE,ADBE.O
3,44.29444323770488,2025-04-30 15:20:55.815640,2025-04-30 15:20:55.881122,0 days 00:00:00.065482,0.6714874832491148,0.05398981778918647,0.005957822396792047,95,0.23808994519693322,48,ADBE.O,COMPLETE,ADBE.O
4,44.446790146351994,2025-04-30 15:20:55.889214,2025-04-30 15:20:55.940873,0 days 00:00:00.051659,0.8226235532959263,0.06338458593537621,0.008581560602471741,95,0.12013547131544972,40,ADBE.O,COMPLETE,ADBE.O
5,44.37102324533771,2025-04-30 15:20:55.947203,2025-04-30 15:20:56.022739,0 days 00:00:00.075536,0.9616992558187442,4.15213974397921,0.006076781701948988,47,0.24721231882261502,65,ADBE.O,COMPLETE,ADBE.O
6,44.343822597623635,2025-04-30 15:20:56.034095,2025-04-30 15:20:56.112225,0 days 00:00:00.078130,0.7218908420453389,0.0003267885222711785,0.005347711991698696,48,0.03552521430031513,29,ADBE.O,COMPLETE,ADBE.O
7,44.447798433403754,2025-04-30 15:20:56.116985,2025-04-30 15:20:56.152302,0 days 00:00:00.035317,0.9270029420041372,0.3486935687277753,0.057537598547672764,67,0.2282636144929412,33,ADBE.O,COMPLETE,ADBE.O
8,44.14056947162884,2025-04-30 15:20:56.162158,2025-04-30 15:20:56.268236,0 days 00:00:00.106078,0.6063145105994782,0.0015913829369296677,0.0053328541719581445,15,0.36140177810032464,60,ADBE.O,COMPLETE,ADBE.O
9,44.695019680770145,2025-04-30 15:20:56.273129,2025-04-30 15:20:56.307311,0 days 00:00:00.034182,0.9962514769369777,0.0006209819803839374,0.049105598394411136,38,0.3153785940139994,109,ADBE.O,COMPLETE,ADBE.O
10,44.49003765292683,2025-04-30 15:20:56.313962,2025-04-30 15:20:56.388203,0 days 00:00:00.074241,0.8525985594923251,0.007841579079364345,0.09414750747798195,14,0.4383736035458162,103,ADBE.O,COMPLETE,ADBE.O
11,44.16495373286807,2025-04-30 15:20:56.394836,2025-04-30 15:20:56.443228,0 days 00:00:00.048392,0.7668106100717879,0.005913199001482875,0.019997322934926728,75,0.1322270772095037,86,ADBE.O,COMPLETE,ADBE.O
12,44.55219814935344,2025-04-30 15:20:56.449762,2025-04-30 15:20:56.524889,0 days 00:00:00.075127,0.875131988195349,0.005663239971296283,0.013748950108355872,30,0.13562891878956823,128,ADBE.O,COMPLETE,ADBE.O
13,44.11919354795495,2025-04-30 15:20:56.531607,2025-04-30 15:20:56.588400,0 days 00:00:00.056793,0.770624407742594,0.00010205397014675272,0.013568348101850125,83,0.05640483072379654,90,ADBE.O,COMPLETE,ADBE.O
14,44.12180162436498,2025-04-30 15:20:56.596432,2025-04-30 15:20:56.651921,0 days 00:00:00.055489,0.6019151251687871,0.014867095110589713,0.028388547079690508,63,0.17758579934441196,53,ADBE.O,COMPLETE,ADBE.O
15,44.60481418277489,2025-04-30 15:20:56.656814,2025-04-30 15:20:56.720921,0 days 00:00:00.064107,0.8966393931505284,0.0016211462284244215,0.016810833048142095,30,0.31990937259493796,122,ADBE.O,COMPLETE,ADBE.O
16,44.29208968577763,2025-04-30 15:20:56.729555,2025-04-30 15:20:56.802361,0 days 00:00:00.072806,0.8201037646870705,0.17417667738653342,0.009883417916503443,56,0.07004755636774938,84,ADBE.O,COMPLETE,ADBE.O
17,44.28408435788053,2025-04-30 15:20:56.808405,2025-04-30 15:20:56.856622,0 days 00:00:00.048217,0.740290160106372,0.0013451739739584728,0.0375102624376875,84,0.1873905703287735,107,ADBE.O,COMPLETE,ADBE.O
18,44.42268334494951,2025-04-30 15:20:56.864717,2025-04-30 15:20:56.927826,0 days 00:00:00.063109,0.6627553743194599,0.019542285174298558,0.08157436411064405,23,0.00725400691054498,73,ADBE.O,COMPLETE,ADBE.O
19,44.5489438047608,2025-04-30 15:20:56.931942,2025-04-30 15:20:56.982909,0 days 00:00:00.050967,0.929233436043176,0.00010020957439279341,0.02220975420197698,84,0.29504673967885614,27,ADBE.O,COMPLETE,ADBE.O
20,44.56172335649702,2025-04-30 15:20:56.990631,2025-04-30 15:20:57.047271,0 days 00:00:00.056640,0.7991680076161526,0.004342318742355451,0.05217859185231471,56,0.4942548991047498,42,ADBE.O,COMPLETE,ADBE.O
21,44.25173075125398,2025-04-30 15:20:57.051570,2025-04-30 15:20:57.109522,0 days 00:00:00.057952,0.7793066702095037,0.00012530873112613536,0.012388992040982587,81,0.06724855479183676,92,ADBE.O,COMPLETE,ADBE.O
22,44.403259301392,2025-04-30 15:20:57.117924,2025-04-30 15:20:57.186674,0 days 00:00:00.068750,0.8492061301642493,0.00037205015782869593,0.014192583183657334,98,0.08070007560323186,95,ADBE.O,COMPLETE,ADBE.O
23,44.13441010918004,2025-04-30 15:20:57.190904,2025-04-30 15:20:57.258500,0 days 00:00:00.067596,0.6289173969759978,0.0008257118768603888,0.008683644918689849,86,0.19123400644987212,20,ADBE.O,COMPLETE,ADBE.O
24,44.50122885516771,2025-04-30 15:20:57.265747,2025-04-30 15:20:57.349015,0 days 00:00:00.083268,0.7210804341339153,0.00300697967084084,0.025127039062954177,64,0.004741863306939376,117,ADBE.O,COMPLETE,ADBE.O
25,44.28243475975257,2025-04-30 15:20:57.355034,2025-04-30 15:20:57.408904,0 days 00:00:00.053870,0.7567877707109908,0.00021246188263907847,0.03735168844372533,77,0.10366915284939182,81,ADBE.O,COMPLETE,ADBE.O
26,44.32622719021839,2025-04-30 15:20:57.416353,2025-04-30 15:20:57.479904,0 days 00:00:00.063551,0.8907390110717017,0.027989770817662296,0.010723751616738416,92,0.16880077683304853,96,ADBE.O,COMPLETE,ADBE.O
27,44.265690096720526,2025-04-30 15:20:57.486180,2025-04-30 15:20:57.541091,0 days 00:00:00.054911,0.7006474658419696,0.16637997871518403,0.020048234974346903,47,0.047678564864775105,63,ADBE.O,COMPLETE,ADBE.O
28,44.609623271958625,2025-04-30 15:20:57.549332,2025-04-30 15:20:57.612388,0 days 00:00:00.063056,0.6465490790209588,0.010817046934627587,0.06341082204845748,70,0.27508337820545603,114,ADBE.O,COMPLETE,ADBE.O
29,44.300031993323,2025-04-30 15:20:57.617953,2025-04-30 15:20:57.673037,0 days 00:00:00.055084,0.803293121176621,1.5257160497378144,0.016605116825842182,90,0.3724803140131467,79,ADBE.O,COMPLETE,ADBE.O
0,48.13252210282622,2025-04-30 15:20:57.714626,2025-04-30 15:20:57.865388,0 days 00:00:00.150762,0.8663589046871059,0.0024978135176363906,0.013000063783921783,75,0.3110566882048138,82,ADI.O,COMPLETE,ADI.O
1,48.05259390241923,2025-04-30 15:20:57.875453,2025-04-30 15:20:57.923866,0 days 00:00:00.048413,0.6951237119261244,0.0002728993652897341,0.08334506153482922,47,0.43814872447236874,107,ADI.O,COMPLETE,ADI.O
2,48.093467442109514,2025-04-30 15:20:57.931695,2025-04-30 15:20:58.029895,0 days 00:00:00.098200,0.6694913257377334,0.0003531851131756313,0.019627689464779226,60,0.45473912384750537,24,ADI.O,COMPLETE,ADI.O
3,48.25793022819635,2025-04-30 15:20:58.040843,2025-04-30 15:20:58.156566,0 days 00:00:00.115723,0.8175148191538675,0.09932992342235006,0.015559508195107893,59,0.4654008293759028,25,ADI.O,COMPLETE,ADI.O
4,48.26584895841977,2025-04-30 15:20:58.162308,2025-04-30 15:20:58.238131,0 days 00:00:00.075823,0.7172977838282344,0.00021144050981468702,0.03548614219442779,61,0.3792737391574484,82,ADI.O,COMPLETE,ADI.O
5,48.088412470466444,2025-04-30 15:20:58.244388,2025-04-30 15:20:58.472220,0 days 00:00:00.227832,0.625223102203402,3.27528769875101,0.00849957230724772,79,0.4502419797766983,84,ADI.O,COMPLETE,ADI.O
6,48.30829521053499,2025-04-30 15:20:58.482050,2025-04-30 15:20:58.574941,0 days 00:00:00.092891,0.7711596499331204,0.18476578080969,0.015634627921474586,81,0.04217375852989452,119,ADI.O,COMPLETE,ADI.O
7,48.42050745658491,2025-04-30 15:20:58.580504,2025-04-30 15:20:58.621406,0 days 00:00:00.040902,0.9716697344915617,0.022123084152479433,0.05108774630722784,60,0.4401794736204607,119,ADI.O,COMPLETE,ADI.O
8,48.05926385583927,2025-04-30 15:20:58.634312,2025-04-30 15:20:58.702004,0 days 00:00:00.067692,0.6437906755736199,0.054806852244625906,0.04804708654830279,65,0.3706265554034119,47,ADI.O,COMPLETE,ADI.O
9,48.1526129612185,2025-04-30 15:20:58.706611,2025-04-30 15:20:58.754940,0 days 00:00:00.048329,0.804686615954439,0.00015068284909083412,0.0826879884178186,33,0.12148905114666753,65,ADI.O,COMPLETE,ADI.O
10,48.15912754246979,2025-04-30 15:20:58.766644,2025-04-30 15:20:59.301709,0 days 00:00:00.535065,0.9575113871672181,0.0033962294878753865,0.0052835883554662,32,0.21754914752891402,104,ADI.O,COMPLETE,ADI.O
11,48.322221748922495,2025-04-30 15:20:59.306369,2025-04-30 15:20:59.412483,0 days 00:00:00.106114,0.624399630621357,3.0151758649402045,0.09218951863752699,19,0.3145651077028553,46,ADI.O,COMPLETE,ADI.O
12,48.31951397287007,2025-04-30 15:20:59.420502,2025-04-30 15:20:59.505998,0 days 00:00:00.085496,0.7061066313269551,0.009830297104684324,0.03971226814473585,96,0.34605853541347276,53,ADI.O,COMPLETE,ADI.O
13,48.122480612688086,2025-04-30 15:20:59.510766,2025-04-30 15:20:59.600238,0 days 00:00:00.089472,0.7206219799675063,0.30510533313897376,0.059901861222903224,42,0.24323695141188156,103,ADI.O,COMPLETE,ADI.O
14,48.01471947413631,2025-04-30 15:20:59.609486,2025-04-30 15:20:59.748706,0 days 00:00:00.139220,0.6051520517061377,0.0008515323985315418,0.02748057314699991,45,0.3864920494958533,45,ADI.O,COMPLETE,ADI.O
15,47.932446706443095,2025-04-30 15:20:59.754932,2025-04-30 15:20:59.888512,0 days 00:00:00.133580,0.6088052379840488,0.0008767200818333597,0.02872195718068499,45,0.39106455681893765,100,ADI.O,COMPLETE,ADI.O
16,48.329523215665816,2025-04-30 15:20:59.895599,2025-04-30 15:21:00.123118,0 days 00:00:00.227519,0.8924435336770892,0.0012571280525774965,0.026403799652090817,18,0.17179508771663904,62,ADI.O,COMPLETE,ADI.O
17,48.04110933012537,2025-04-30 15:21:00.128839,2025-04-30 15:21:00.255828,0 days 00:00:00.126989,0.6017134992240224,0.0009271481551927246,0.02667130459191293,45,0.4982680145397593,36,ADI.O,COMPLETE,ADI.O
18,48.169015636962726,2025-04-30 15:21:00.262449,2025-04-30 15:21:00.537292,0 days 00:00:00.274843,0.761382977942042,0.008016573767241311,0.01062778901882055,31,0.2944441185631336,91,ADI.O,COMPLETE,ADI.O
19,47.83799457368697,2025-04-30 15:21:00.543431,2025-04-30 15:21:00.682709,0 days 00:00:00.139278,0.6672299906312531,0.0006819802716411053,0.023235747109489953,49,0.388234261405378,128,ADI.O,COMPLETE,ADI.O
20,48.69778759751278,2025-04-30 15:21:00.688523,2025-04-30 15:21:00.984765,0 days 00:00:00.296242,0.6598710197394295,0.009661584429182744,0.019886261908986534,10,0.272359807640423,125,ADI.O,COMPLETE,ADI.O
21,47.891694243637716,2025-04-30 15:21:00.991367,2025-04-30 15:21:01.117339,0 days 00:00:00.125972,0.6019271997306997,0.0007892937946585672,0.030889100968402854,50,0.4005460903967665,95,ADI.O,COMPLETE,ADI.O
22,47.805906243322426,2025-04-30 15:21:01.123534,2025-04-30 15:21:01.227457,0 days 00:00:00.103923,0.6695943277630263,0.0006776426408618022,0.03433221253589202,53,0.40830105861621185,98,ADI.O,COMPLETE,ADI.O
23,48.114777190114125,2025-04-30 15:21:01.233306,2025-04-30 15:21:01.356985,0 days 00:00:00.123679,0.6755850697161547,0.0031434300146953994,0.03641630073638522,70,0.4046593834649187,114,ADI.O,COMPLETE,ADI.O
24,48.18541768123007,2025-04-30 15:21:01.363901,2025-04-30 15:21:01.511697,0 days 00:00:00.147796,0.739511340899471,0.0004959637110600912,0.020129485759482528,55,0.3276891139538645,128,ADI.O,COMPLETE,ADI.O
25,47.94999034045035,2025-04-30 15:21:01.519316,2025-04-30 15:21:01.598320,0 days 00:00:00.079004,0.6488463249538114,0.00013515315108786956,0.059727583436057954,52,0.4978555013795073,93,ADI.O,COMPLETE,ADI.O
26,48.061004996201824,2025-04-30 15:21:01.603998,2025-04-30 15:21:01.722941,0 days 00:00:00.118943,0.6801684566375616,0.00010778541884860979,0.032437409815516266,39,0.35127177608703886,71,ADI.O,COMPLETE,ADI.O
27,47.86291648616819,2025-04-30 15:21:01.730156,2025-04-30 15:21:01.861984,0 days 00:00:00.131828,0.6451591715237198,0.8543216594197138,0.023037470325913925,51,0.4005942373709705,112,ADI.O,COMPLETE,ADI.O
28,48.28686650129038,2025-04-30 15:21:01.868108,2025-04-30 15:21:01.962143,0 days 00:00:00.094035,0.7448790434412034,0.4142404226457716,0.04290562252185775,66,0.4196812109229541,112,ADI.O,COMPLETE,ADI.O
29,48.00354938068205,2025-04-30 15:21:01.966271,2025-04-30 15:21:02.128392,0 days 00:00:00.162121,0.6368359276218842,1.9519114859627082,0.01682019597715248,73,0.28886495872206447,121,ADI.O,COMPLETE,ADI.O
0,36.52981689990568,2025-04-30 15:21:02.175822,2025-04-30 15:21:02.216222,0 days 00:00:00.040400,0.9366208089851223,0.0023862920864654693,0.05327574731873458,74,0.12316236332547781,44,ADSK.O,COMPLETE,ADSK.O
1,36.720383669613234,2025-04-30 15:21:02.221066,2025-04-30 15:21:02.301058,0 days 00:00:00.079992,0.9311372258003303,0.0009613731229730864,0.01591840227047623,28,0.047691098141050325,78,ADSK.O,COMPLETE,ADSK.O
2,36.218885166101174,2025-04-30 15:21:02.309404,2025-04-30 15:21:02.344505,0 days 00:00:00.035101,0.6617582095159013,0.12496104977246555,0.08145711770045357,77,0.2340593556291075,38,ADSK.O,COMPLETE,ADSK.O
3,36.54935829885566,2025-04-30 15:21:02.350923,2025-04-30 15:21:02.389493,0 days 00:00:00.038570,0.9906435138475521,0.0003573604900460443,0.047875609070190984,34,0.05135513384996171,63,ADSK.O,COMPLETE,ADSK.O
4,36.43953034954983,2025-04-30 15:21:02.397152,2025-04-30 15:21:02.431219,0 days 00:00:00.034067,0.8913958353727564,2.115410115107814,0.03951407457368879,49,0.1302681465475254,97,ADSK.O,COMPLETE,ADSK.O
5,36.87294946870838,2025-04-30 15:21:02.440603,2025-04-30 15:21:02.537795,0 days 00:00:00.097192,0.8185681330828724,0.31240020397219004,0.006358538938585521,18,0.10175111611465837,102,ADSK.O,COMPLETE,ADSK.O
6,36.783199388527336,2025-04-30 15:21:02.542849,2025-04-30 15:21:02.608185,0 days 00:00:00.065336,0.8756415386562183,0.003237456536115632,0.07013221384931154,11,0.3755016409425636,106,ADSK.O,COMPLETE,ADSK.O
7,36.26790354328474,2025-04-30 15:21:02.614735,2025-04-30 15:21:02.655911,0 days 00:00:00.041176,0.6397585288656573,0.0021454314668207957,0.03126110971099017,89,0.16485286018206247,84,ADSK.O,COMPLETE,ADSK.O
8,36.42515053606187,2025-04-30 15:21:02.661140,2025-04-30 15:21:02.722538,0 days 00:00:00.061398,0.8384024439491844,0.0034629930177605913,0.006862435578555695,85,0.26940390457563573,57,ADSK.O,COMPLETE,ADSK.O
9,36.69379941206044,2025-04-30 15:21:02.729665,2025-04-30 15:21:02.790874,0 days 00:00:00.061209,0.6138849846537259,0.35992628956251227,0.009154087632125505,37,0.030882005351192787,85,ADSK.O,COMPLETE,ADSK.O
10,36.33353569677505,2025-04-30 15:21:02.796983,2025-04-30 15:21:02.858245,0 days 00:00:00.061262,0.7219218214771332,0.044562934656065534,0.01804123195570978,65,0.480866416843381,21,ADSK.O,COMPLETE,ADSK.O
11,36.074149541353755,2025-04-30 15:21:02.865908,2025-04-30 15:21:02.935177,0 days 00:00:00.069269,0.6117888784697583,0.0332805186709121,0.03415411656608382,98,0.22728030586287068,121,ADSK.O,COMPLETE,ADSK.O
12,36.08132615434391,2025-04-30 15:21:02.939882,2025-04-30 15:21:02.988695,0 days 00:00:00.048813,0.711393561943988,0.03320333120954957,0.09250228411263088,98,0.2495412181783654,123,ADSK.O,COMPLETE,ADSK.O
13,36.12647238877592,2025-04-30 15:21:02.996608,2025-04-30 15:21:03.057256,0 days 00:00:00.060648,0.7343191654260741,0.011572043769182156,0.09288354188782932,97,0.2998011403161398,128,ADSK.O,COMPLETE,ADSK.O
