number,value,datetime_start,datetime_complete,duration,params_feature_fraction,params_lambda_l2,params_learning_rate,params_min_data_in_leaf,params_min_gain_to_split,params_num_leaves,user_attrs_Company,state,Company
29,16.820623646382593,2025-04-30 15:22:14.792928,2025-04-30 15:22:14.884549,0 days 00:00:00.091621,0.7182915473507759,5.407497004215893,0.02342730765030526,24,0.19462932778960582,89,INTC.O,COMPLETE,INTC.O
0,145.0518163301642,2025-04-30 15:22:14.924385,2025-04-30 15:22:15.008957,0 days 00:00:00.084572,0.9034513835692894,3.207203801374519,0.04595451467555305,94,0.26970710931307257,44,INTU.O,COMPLETE,INTU.O
1,146.80078806994138,2025-04-30 15:22:15.014921,2025-04-30 15:22:15.122154,0 days 00:00:00.107233,0.7293862886928673,2.7622174967156505,0.05574135159838964,25,0.13781977852963817,114,INTU.O,COMPLETE,INTU.O
2,147.43277006580783,2025-04-30 15:22:15.128491,2025-04-30 15:22:15.521873,0 days 00:00:00.393382,0.7499236983137871,0.00013453680614248847,0.008432904777884298,18,0.13384074044411398,65,INTU.O,COMPLETE,INTU.O
3,145.66194812927498,2025-04-30 15:22:15.528139,2025-04-30 15:22:15.816826,0 days 00:00:00.288687,0.7493500106606306,0.3475905073352093,0.008821012514532342,41,0.36837835035203303,96,INTU.O,COMPLETE,INTU.O
4,145.58634972487124,2025-04-30 15:22:15.822618,2025-04-30 15:22:15.944502,0 days 00:00:00.121884,0.6485039330642618,0.05818057942104574,0.022179541828471844,31,0.20588952033833413,58,INTU.O,COMPLETE,INTU.O
5,145.37246434154716,2025-04-30 15:22:15.950884,2025-04-30 15:22:16.002625,0 days 00:00:00.051741,0.9971342842210793,0.001745882237533605,0.06480019351192874,75,0.4338901447885141,121,INTU.O,COMPLETE,INTU.O
6,145.6329112738206,2025-04-30 15:22:16.006948,2025-04-30 15:22:16.099711,0 days 00:00:00.092763,0.7859442901650642,0.0008281975687366838,0.050871612614303355,35,0.4941595714944795,111,INTU.O,COMPLETE,INTU.O
7,146.51370743966774,2025-04-30 15:22:16.106849,2025-04-30 15:22:16.783914,0 days 00:00:00.677065,0.8387976945199751,0.0060885938768551855,0.008188811115454086,10,0.4779158245452999,115,INTU.O,COMPLETE,INTU.O
8,145.71582597731907,2025-04-30 15:22:16.792830,2025-04-30 15:22:16.980385,0 days 00:00:00.187555,0.9055620384793868,0.010437506365604825,0.008821601222699055,46,0.06589874246730676,115,INTU.O,COMPLETE,INTU.O
9,145.70213092272098,2025-04-30 15:22:16.986847,2025-04-30 15:22:17.137798,0 days 00:00:00.150951,0.7830260246758114,5.625691589346465,0.015349958756773812,65,0.06807201097833798,105,INTU.O,COMPLETE,INTU.O
10,145.31751724588804,2025-04-30 15:22:17.148549,2025-04-30 15:22:17.242342,0 days 00:00:00.093793,0.9353031158642607,0.35734359725488385,0.09932067492788668,97,0.31715995037724265,27,INTU.O,COMPLETE,INTU.O
11,145.10819207308984,2025-04-30 15:22:17.247955,2025-04-30 15:22:17.322003,0 days 00:00:00.074048,0.9294289591125573,0.4240019381020272,0.09950051913319097,100,0.3216851352487351,25,INTU.O,COMPLETE,INTU.O
12,145.12129067806546,2025-04-30 15:22:17.326413,2025-04-30 15:22:17.433162,0 days 00:00:00.106749,0.8701553313640656,0.7361434865444902,0.03374160996005261,91,0.2680381937299071,21,INTU.O,COMPLETE,INTU.O
13,145.56620259975838,2025-04-30 15:22:17.440439,2025-04-30 15:22:17.522508,0 days 00:00:00.082069,0.978735238553408,0.08516697179029878,0.09865534739733757,84,0.35589651104781117,44,INTU.O,COMPLETE,INTU.O
14,144.92322914962185,2025-04-30 15:22:17.526677,2025-04-30 15:22:17.659422,0 days 00:00:00.132745,0.9237738120707315,8.293579434997659,0.034240699868837696,100,0.2415018759789218,43,INTU.O,COMPLETE,INTU.O
15,145.79802406138757,2025-04-30 15:22:17.670087,2025-04-30 15:22:17.789323,0 days 00:00:00.119236,0.8522279401174816,9.203900443385598,0.03544985707179399,76,0.21973823558884964,44,INTU.O,COMPLETE,INTU.O
16,145.46830079914116,2025-04-30 15:22:17.794901,2025-04-30 15:22:17.932792,0 days 00:00:00.137891,0.8962510308028127,1.8840373198102849,0.019838691356183408,62,0.1553366918287173,83,INTU.O,COMPLETE,INTU.O
17,145.5379015551532,2025-04-30 15:22:17.938714,2025-04-30 15:22:18.035645,0 days 00:00:00.096931,0.9739772454082144,1.584684356032302,0.03635214983489659,85,0.23710059396173025,42,INTU.O,COMPLETE,INTU.O
18,145.87353455403385,2025-04-30 15:22:18.041510,2025-04-30 15:22:18.233167,0 days 00:00:00.191657,0.8193732956732551,9.480161366623243,0.014050121835124078,74,0.2763424300047564,56,INTU.O,COMPLETE,INTU.O
19,145.10182338287674,2025-04-30 15:22:18.241535,2025-04-30 15:22:18.369871,0 days 00:00:00.128336,0.6450158295751176,0.15505800315916388,0.028228668759462533,53,0.39577004223738704,74,INTU.O,COMPLETE,INTU.O
20,145.46846312893274,2025-04-30 15:22:18.382303,2025-04-30 15:22:18.511196,0 days 00:00:00.128893,0.9469804078572309,0.018801998036778907,0.04682084264433506,91,0.1904393063706482,35,INTU.O,COMPLETE,INTU.O
21,145.23991221265533,2025-04-30 15:22:18.519948,2025-04-30 15:22:18.709468,0 days 00:00:00.189520,0.603274045845132,0.13917408215490554,0.02911356155389526,52,0.41563801800144357,77,INTU.O,COMPLETE,INTU.O
22,145.45371126589657,2025-04-30 15:22:18.719009,2025-04-30 15:22:18.858611,0 days 00:00:00.139602,0.6764588782730869,1.0822908748824713,0.025441556370014974,58,0.29051388344336615,90,INTU.O,COMPLETE,INTU.O
23,145.52295884535627,2025-04-30 15:22:18.868349,2025-04-30 15:22:19.056062,0 days 00:00:00.187713,0.8906717864731194,3.7333714973725765,0.017019757565892416,50,0.018174488884970974,66,INTU.O,COMPLETE,INTU.O
24,145.20136656981396,2025-04-30 15:22:19.065326,2025-04-30 15:22:19.197025,0 days 00:00:00.131699,0.6780167904538859,0.2436192828501284,0.03954593625418144,69,0.39601129803353663,54,INTU.O,COMPLETE,INTU.O
25,145.63803647453122,2025-04-30 15:22:19.204812,2025-04-30 15:22:19.580482,0 days 00:00:00.375670,0.6170527491611821,0.9231730448772744,0.005148357884009709,84,0.33248527754655083,34,INTU.O,COMPLETE,INTU.O
26,145.11444619375592,2025-04-30 15:22:19.591386,2025-04-30 15:22:19.694851,0 days 00:00:00.103465,0.8139141030301138,0.040510543873224725,0.07075402250149773,92,0.18133119916484514,70,INTU.O,COMPLETE,INTU.O
27,145.73512352323087,2025-04-30 15:22:19.701134,2025-04-30 15:22:19.873018,0 days 00:00:00.171884,0.7050597925188237,3.1908188314099664,0.02795675921816461,56,0.25816534711928996,52,INTU.O,COMPLETE,INTU.O
28,145.33878744591746,2025-04-30 15:22:19.882686,2025-04-30 15:22:20.015483,0 days 00:00:00.132797,0.8709550927744679,4.834220745769686,0.043926011644222315,80,0.4502552373119578,82,INTU.O,COMPLETE,INTU.O
29,145.18541389763146,2025-04-30 15:22:20.025522,2025-04-30 15:22:20.160544,0 days 00:00:00.135022,0.9612760656272599,0.12621106324450612,0.05952844082702815,100,0.12423357377427935,34,INTU.O,COMPLETE,INTU.O
0,325.44050611673174,2025-04-30 15:22:20.205975,2025-04-30 15:22:20.437668,0 days 00:00:00.231693,0.6240719081131713,0.0031918095547885748,0.017673625289480077,43,0.2998580442983257,121,KLAC.O,COMPLETE,KLAC.O
1,326.67536283687974,2025-04-30 15:22:20.447086,2025-04-30 15:22:20.600515,0 days 00:00:00.153429,0.6857039610690912,0.0018281596777728784,0.05239808167378296,17,0.3225920756164797,99,KLAC.O,COMPLETE,KLAC.O
2,324.843765502762,2025-04-30 15:22:20.607255,2025-04-30 15:22:20.832841,0 days 00:00:00.225586,0.9446293275768878,3.1157439353609457,0.015133580375860595,47,0.3568885182006878,39,KLAC.O,COMPLETE,KLAC.O
3,326.96841054261665,2025-04-30 15:22:20.843662,2025-04-30 15:22:21.070810,0 days 00:00:00.227148,0.6423094325996033,0.009947631210647047,0.012012193291513264,90,0.287710434472961,30,KLAC.O,COMPLETE,KLAC.O
4,327.13408279092,2025-04-30 15:22:21.080994,2025-04-30 15:22:22.034071,0 days 00:00:00.953077,0.6948942831282485,1.9975666316013072,0.005947095461538134,17,0.2024621938925747,55,KLAC.O,COMPLETE,KLAC.O
5,327.30922196271473,2025-04-30 15:22:22.041619,2025-04-30 15:22:22.233079,0 days 00:00:00.191460,0.9010362077972941,0.0004367834476173,0.005560231505768943,68,0.1358162038766652,35,KLAC.O,COMPLETE,KLAC.O
6,327.0721139083035,2025-04-30 15:22:22.241662,2025-04-30 15:22:22.332323,0 days 00:00:00.090661,0.8243033510151418,0.09321370583094775,0.0513648479522576,76,0.21713843532526705,84,KLAC.O,COMPLETE,KLAC.O
7,324.5672729940607,2025-04-30 15:22:22.338418,2025-04-30 15:22:22.395896,0 days 00:00:00.057478,0.6205210689321552,0.008853867669170264,0.09489554000573706,46,0.4435924886413156,64,KLAC.O,COMPLETE,KLAC.O
8,326.46114549761995,2025-04-30 15:22:22.403962,2025-04-30 15:22:22.547062,0 days 00:00:00.143100,0.8298557144091736,0.00011104838386242978,0.019744281914265978,80,0.08614769456690674,68,KLAC.O,COMPLETE,KLAC.O
9,327.28699693226054,2025-04-30 15:22:22.552963,2025-04-30 15:22:22.876785,0 days 00:00:00.323822,0.6566430685750434,0.0009517333372466982,0.010230024414232692,16,0.2812853456469541,110,KLAC.O,COMPLETE,KLAC.O
10,325.97067653170694,2025-04-30 15:22:22.886889,2025-04-30 15:22:22.994360,0 days 00:00:00.107471,0.7457424000533341,0.06307517186486852,0.08421907779988935,35,0.46174684103875235,80,KLAC.O,COMPLETE,KLAC.O
11,327.21249931878464,2025-04-30 15:22:23.001555,2025-04-30 15:22:23.137894,0 days 00:00:00.136339,0.9896261997126504,9.340538105436876,0.030418767561667615,54,0.44155744106347633,50,KLAC.O,COMPLETE,KLAC.O
12,324.71726782809503,2025-04-30 15:22:23.147368,2025-04-30 15:22:23.281389,0 days 00:00:00.134021,0.9936699011119553,0.3416624979945347,0.033410580771897874,39,0.39234841572937984,49,KLAC.O,COMPLETE,KLAC.O
13,324.75056038253433,2025-04-30 15:22:23.287712,2025-04-30 15:22:23.390008,0 days 00:00:00.102296,0.8878856101719583,0.31705334764179316,0.08326766831138795,33,0.3916342747775582,63,KLAC.O,COMPLETE,KLAC.O
14,327.1463375210956,2025-04-30 15:22:23.396410,2025-04-30 15:22:23.519351,0 days 00:00:00.122941,0.7653826008667768,0.3920479201420226,0.03266780900687554,60,0.4890279854398228,46,KLAC.O,COMPLETE,KLAC.O
15,325.8042191406215,2025-04-30 15:22:23.525146,2025-04-30 15:22:23.659483,0 days 00:00:00.134337,0.6041555739168979,0.016572824353113996,0.04223275037895924,30,0.4021228926918188,89,KLAC.O,COMPLETE,KLAC.O
16,325.7291286011721,2025-04-30 15:22:23.668197,2025-04-30 15:22:23.806323,0 days 00:00:00.138126,0.9941157098870242,0.4166276954025807,0.07528033571657247,56,0.4980091426895863,25,KLAC.O,COMPLETE,KLAC.O
17,325.1567220094173,2025-04-30 15:22:23.811755,2025-04-30 15:22:23.961293,0 days 00:00:00.149538,0.8724550877715775,0.006192874308797192,0.024889654170147015,43,0.4058511518114178,64,KLAC.O,COMPLETE,KLAC.O
18,326.0824298197557,2025-04-30 15:22:23.967692,2025-04-30 15:22:24.063693,0 days 00:00:00.096001,0.7374597521984873,0.040715590378898533,0.0985292989771173,24,0.024304706379819352,74,KLAC.O,COMPLETE,KLAC.O
19,326.48628795174574,2025-04-30 15:22:24.069023,2025-04-30 15:22:24.160521,0 days 00:00:00.091498,0.785480124346737,0.11146368907616486,0.06198270882043706,100,0.3441568482081948,56,KLAC.O,COMPLETE,KLAC.O
20,326.5161904548689,2025-04-30 15:22:24.164985,2025-04-30 15:22:24.284191,0 days 00:00:00.119206,0.9196722505470799,1.409010588376264,0.039669866890402694,65,0.43556117547782247,41,KLAC.O,COMPLETE,KLAC.O
21,325.45220898359656,2025-04-30 15:22:24.291282,2025-04-30 15:22:24.412969,0 days 00:00:00.121687,0.8590959419430777,0.45737362386056,0.067926869419692,35,0.3788043477127858,63,KLAC.O,COMPLETE,KLAC.O
22,326.2929517580402,2025-04-30 15:22:24.418735,2025-04-30 15:22:24.537821,0 days 00:00:00.119086,0.9510297948777131,0.1699534214700338,0.09922418174779102,27,0.4207469168169647,73,KLAC.O,COMPLETE,KLAC.O
23,324.87594405657615,2025-04-30 15:22:24.543673,2025-04-30 15:22:24.666909,0 days 00:00:00.123236,0.948373524047837,0.023088269633148282,0.05572293955278256,48,0.3546669506456962,58,KLAC.O,COMPLETE,KLAC.O
24,326.14683614779585,2025-04-30 15:22:24.674755,2025-04-30 15:22:24.833091,0 days 00:00:00.158336,0.879237569402916,0.9463627960868016,0.041594379421903804,37,0.25019965944601924,48,KLAC.O,COMPLETE,KLAC.O
25,324.7036454743302,2025-04-30 15:22:24.839189,2025-04-30 15:22:24.964523,0 days 00:00:00.125334,0.8285057828669558,0.2245340794190273,0.07959686197356079,24,0.4711939688869286,22,KLAC.O,COMPLETE,KLAC.O
26,325.9933608574151,2025-04-30 15:22:24.971520,2025-04-30 15:22:25.121744,0 days 00:00:00.150224,0.7067902669803093,0.03746704481188023,0.031484002898864084,23,0.4612835584003764,20,KLAC.O,COMPLETE,KLAC.O
27,323.84548316562365,2025-04-30 15:22:25.131224,2025-04-30 15:22:25.234797,0 days 00:00:00.103573,0.8271581541356849,0.1662718242218394,0.07178600094906384,41,0.4682359520189425,30,KLAC.O,COMPLETE,KLAC.O
28,325.47953765449233,2025-04-30 15:22:25.244010,2025-04-30 15:22:25.352033,0 days 00:00:00.108023,0.8162207651645105,0.00530201487296703,0.07324032562809657,51,0.4766349430557143,30,KLAC.O,COMPLETE,KLAC.O
29,323.453244921613,2025-04-30 15:22:25.358101,2025-04-30 15:22:25.468916,0 days 00:00:00.110815,0.8504921904262255,0.002555024508836988,0.09933832242979787,44,0.49941586708462404,21,KLAC.O,COMPLETE,KLAC.O
0,29.13333924162208,2025-04-30 15:22:25.511045,2025-04-30 15:22:25.766070,0 days 00:00:00.255025,0.692466142549316,1.1005213985596973,0.005755493626622398,95,0.2294384109062998,108,LRCX.O,COMPLETE,LRCX.O
1,28.767222960814944,2025-04-30 15:22:25.773269,2025-04-30 15:22:25.872033,0 days 00:00:00.098764,0.8880021573614341,0.0011050342085311385,0.04040996445725769,59,0.015474770132761773,34,LRCX.O,COMPLETE,LRCX.O
2,28.654753961378038,2025-04-30 15:22:25.878507,2025-04-30 15:22:26.038987,0 days 00:00:00.160480,0.6406438299525028,0.32768810238521356,0.026000639930504017,27,0.4395958940883634,84,LRCX.O,COMPLETE,LRCX.O
3,28.795183393353234,2025-04-30 15:22:26.045830,2025-04-30 15:22:26.257898,0 days 00:00:00.212068,0.9339881382722137,0.34803645204620226,0.009554042642950544,68,0.01029112633004936,84,LRCX.O,COMPLETE,LRCX.O
4,28.663296107795762,2025-04-30 15:22:26.264759,2025-04-30 15:22:26.759002,0 days 00:00:00.494243,0.8009511856659388,0.0002402381410709563,0.005387011428397468,25,0.33347068057988055,118,LRCX.O,COMPLETE,LRCX.O
5,28.946238919088138,2025-04-30 15:22:26.766179,2025-04-30 15:22:27.397412,0 days 00:00:00.631233,0.6811365009562963,0.00027138735930732163,0.006505980650296739,13,0.3387111999025201,57,LRCX.O,COMPLETE,LRCX.O
6,28.845900525749137,2025-04-30 15:22:27.403150,2025-04-30 15:22:27.544090,0 days 00:00:00.140940,0.9327763570570868,2.7289583523768637,0.012543053955069631,73,0.14164707962894985,79,LRCX.O,COMPLETE,LRCX.O
7,28.76056854340995,2025-04-30 15:22:27.550073,2025-04-30 15:22:27.758575,0 days 00:00:00.208502,0.9441036343761602,0.0017956032908080226,0.010473047060597622,49,0.44221367429859476,91,LRCX.O,COMPLETE,LRCX.O
8,28.68477427511087,2025-04-30 15:22:27.765903,2025-04-30 15:22:27.958572,0 days 00:00:00.192669,0.7233272991887738,6.991108095842773,0.011646763533867928,35,0.09104529692820534,38,LRCX.O,COMPLETE,LRCX.O
9,28.818693820142975,2025-04-30 15:22:27.965715,2025-04-30 15:22:28.170425,0 days 00:00:00.204710,0.6264374628054519,0.006796435664211391,0.021774191266704126,13,0.45030069124379973,26,LRCX.O,COMPLETE,LRCX.O
10,28.680148030743915,2025-04-30 15:22:28.176002,2025-04-30 15:22:28.291351,0 days 00:00:00.115349,0.7971309610160339,0.08617693080451243,0.07758497679007853,38,0.48359355454651787,61,LRCX.O,COMPLETE,LRCX.O
11,28.558546122590048,2025-04-30 15:22:28.300480,2025-04-30 15:22:28.467612,0 days 00:00:00.167132,0.8136971546173343,0.04658953161417764,0.025318495024066016,28,0.33934996583081856,128,LRCX.O,COMPLETE,LRCX.O
12,28.51089642927366,2025-04-30 15:22:28.476301,2025-04-30 15:22:28.627597,0 days 00:00:00.151296,0.8008470189536124,0.03805396502377357,0.029528122313625192,28,0.3526430702242457,128,LRCX.O,COMPLETE,LRCX.O
13,28.626725318238925,2025-04-30 15:22:28.634215,2025-04-30 15:22:28.754127,0 days 00:00:00.119912,0.819826154289863,0.025926052882797056,0.043808169468407855,46,0.3335522685070354,118,LRCX.O,COMPLETE,LRCX.O
14,28.587229563488272,2025-04-30 15:22:28.759914,2025-04-30 15:22:28.947691,0 days 00:00:00.187777,0.8545234951033316,0.024245680137654314,0.02399139961844476,26,0.23683705482011894,99,LRCX.O,COMPLETE,LRCX.O
15,28.731294897003078,2025-04-30 15:22:28.953092,2025-04-30 15:22:29.093802,0 days 00:00:00.140710,0.7531414518405918,0.09457738650969526,0.0383276411809388,36,0.37964291056574145,127,LRCX.O,COMPLETE,LRCX.O
16,28.67201094777751,2025-04-30 15:22:29.101231,2025-04-30 15:22:29.284086,0 days 00:00:00.182855,0.873004583531111,0.006269506804185008,0.0703135939470715,11,0.27678236920712695,126,LRCX.O,COMPLETE,LRCX.O
17,28.786429573751327,2025-04-30 15:22:29.290174,2025-04-30 15:22:29.434419,0 days 00:00:00.144245,0.7731120225285296,0.1273442905699797,0.021220283803794936,59,0.17013647526198594,104,LRCX.O,COMPLETE,LRCX.O
18,28.922941230850924,2025-04-30 15:22:29.442392,2025-04-30 15:22:29.552049,0 days 00:00:00.109657,0.9780961310381762,0.008390641361487965,0.05503975634713218,83,0.39095362693260843,113,LRCX.O,COMPLETE,LRCX.O
19,28.705712757858166,2025-04-30 15:22:29.557950,2025-04-30 15:22:29.797220,0 days 00:00:00.239270,0.8370545040545461,0.553285910290747,0.016858124860091937,22,0.2822501041167116,67,LRCX.O,COMPLETE,LRCX.O
20,28.635544273695288,2025-04-30 15:22:29.805068,2025-04-30 15:22:29.929947,0 days 00:00:00.124879,0.7459529910743862,0.05033720239463644,0.031268598059997606,47,0.3796986313629779,96,LRCX.O,COMPLETE,LRCX.O
21,28.73186048709174,2025-04-30 15:22:29.935363,2025-04-30 15:22:30.180957,0 days 00:00:00.245594,0.8618989469192176,0.021417884709097657,0.017436338732297652,22,0.2347124769652917,101,LRCX.O,COMPLETE,LRCX.O
22,28.56243845291023,2025-04-30 15:22:30.188399,2025-04-30 15:22:30.332174,0 days 00:00:00.143775,0.8884368763688766,0.013920989482183125,0.028517511154384962,30,0.18251785757026096,128,LRCX.O,COMPLETE,LRCX.O
23,28.783109319005924,2025-04-30 15:22:30.337894,2025-04-30 15:22:30.474148,0 days 00:00:00.136254,0.9088286286591253,0.001573198896017733,0.033365612490825654,35,0.1608728761281502,128,LRCX.O,COMPLETE,LRCX.O
24,28.55535108565037,2025-04-30 15:22:30.479963,2025-04-30 15:22:30.593253,0 days 00:00:00.113290,0.8222127055353509,0.003658350775672024,0.058546515611140666,43,0.29067333453924704,118,LRCX.O,COMPLETE,LRCX.O
25,28.47529682871817,2025-04-30 15:22:30.599632,2025-04-30 15:22:30.726953,0 days 00:00:00.127321,0.7812954505401981,0.0029684300188412512,0.057696450189307275,42,0.28705859683394974,114,LRCX.O,COMPLETE,LRCX.O
26,28.65823377184135,2025-04-30 15:22:30.732855,2025-04-30 15:22:30.845611,0 days 00:00:00.112756,0.7840458311700528,0.003167087680108218,0.05693080642334764,42,0.2850687371728158,111,LRCX.O,COMPLETE,LRCX.O
27,28.507686418894405,2025-04-30 15:22:30.852641,2025-04-30 15:22:30.954507,0 days 00:00:00.101866,0.7237045141506457,0.0005938448788177039,0.09516215546776766,48,0.29735493739440616,119,LRCX.O,COMPLETE,LRCX.O
28,28.78000051761258,2025-04-30 15:22:30.959493,2025-04-30 15:22:31.056645,0 days 00:00:00.097152,0.7055879162941735,0.0006659773370877799,0.09911692992784335,55,0.4062144897018647,117,LRCX.O,COMPLETE,LRCX.O
29,28.726544588806984,2025-04-30 15:22:31.062033,2025-04-30 15:22:31.188482,0 days 00:00:00.126449,0.6948838093903913,0.00014520802722311148,0.08839141473803229,66,0.22157554923658127,109,LRCX.O,COMPLETE,LRCX.O
0,11.6957436932041,2025-04-30 15:22:31.225125,2025-04-30 15:22:32.151097,0 days 00:00:00.925972,0.9771648640915699,0.0032062608937865563,0.008703253062244098,10,0.4106315155713649,65,MCHP.O,COMPLETE,MCHP.O
1,11.804718209818754,2025-04-30 15:22:32.164058,2025-04-30 15:22:32.288549,0 days 00:00:00.124491,0.757910750428347,0.0005407394492455787,0.018996549647498952,51,0.4043932097144792,103,MCHP.O,COMPLETE,MCHP.O
2,11.79506166046684,2025-04-30 15:22:32.296875,2025-04-30 15:22:32.432170,0 days 00:00:00.135295,0.6136534059444403,0.0019165953474432516,0.015421436846531446,36,0.233171993330066,85,MCHP.O,COMPLETE,MCHP.O
3,11.786638983379817,2025-04-30 15:22:32.440018,2025-04-30 15:22:32.505692,0 days 00:00:00.065674,0.6936099997396356,0.17276824630021229,0.03344006375782639,71,0.18174166420672527,68,MCHP.O,COMPLETE,MCHP.O
4,11.811214631583484,2025-04-30 15:22:32.511982,2025-04-30 15:22:32.737088,0 days 00:00:00.225106,0.6872007284912093,0.012899592113147512,0.020564262893932247,17,0.37526166288213575,44,MCHP.O,COMPLETE,MCHP.O
5,11.706764177230555,2025-04-30 15:22:32.745748,2025-04-30 15:22:32.911603,0 days 00:00:00.165855,0.695429432973701,1.1938512989964387,0.01648905562580082,11,0.2972215965446071,32,MCHP.O,COMPLETE,MCHP.O
6,11.750551848181257,2025-04-30 15:22:32.917084,2025-04-30 15:22:33.129950,0 days 00:00:00.212866,0.9042454220196516,0.002932574906267016,0.006331021262053231,19,0.13914986308139443,102,MCHP.O,COMPLETE,MCHP.O
7,11.769784049372609,2025-04-30 15:22:33.138793,2025-04-30 15:22:33.218307,0 days 00:00:00.079514,0.6268232821453776,0.046745443144466756,0.03107360870811573,39,0.2684449262050837,99,MCHP.O,COMPLETE,MCHP.O
8,11.791803783056869,2025-04-30 15:22:33.225463,2025-04-30 15:22:33.301760,0 days 00:00:00.076297,0.7404301290207541,0.012533408508913086,0.017262808220512644,84,0.42737105368771167,49,MCHP.O,COMPLETE,MCHP.O
9,11.795475200722114,2025-04-30 15:22:33.308565,2025-04-30 15:22:33.425589,0 days 00:00:00.117024,0.6482144816653507,0.001746034967516504,0.07610417822862742,20,0.21194956096185136,59,MCHP.O,COMPLETE,MCHP.O
10,11.820282993360097,2025-04-30 15:22:33.435447,2025-04-30 15:22:33.682461,0 days 00:00:00.247014,0.9881529029336844,0.00013329138508151372,0.0051520503315609775,99,0.00407965716991876,122,MCHP.O,COMPLETE,MCHP.O
11,11.652665274156215,2025-04-30 15:22:33.689193,2025-04-30 15:22:34.116862,0 days 00:00:00.427669,0.8621235440964405,4.463763688463577,0.009890246178964723,12,0.4894365395732475,22,MCHP.O,COMPLETE,MCHP.O
12,11.765313273070834,2025-04-30 15:22:34.123630,2025-04-30 15:22:34.358042,0 days 00:00:00.234412,0.8584469315907775,9.231593937249237,0.009340643439697902,33,0.49613180321429523,20,MCHP.O,COMPLETE,MCHP.O
13,11.800995913150304,2025-04-30 15:22:34.364112,2025-04-30 15:22:34.513758,0 days 00:00:00.149646,0.9952876622079421,0.5790362180390575,0.009479940859880744,60,0.4979057773659845,20,MCHP.O,COMPLETE,MCHP.O
