number,value,datetime_start,datetime_complete,duration,params_feature_fraction,params_lambda_l2,params_learning_rate,params_min_data_in_leaf,params_min_gain_to_split,params_num_leaves,user_attrs_Company,state,Company
14,88.92811639720492,2025-04-30 15:23:14.379652,2025-04-30 15:23:14.640665,0 days 00:00:00.261013,0.7099374671959752,0.04921094004576329,0.052938368765679394,11,0.49298294634023854,86,NVDA.O,COMPLETE,NVDA.O
15,88.93176286002839,2025-04-30 15:23:14.646775,2025-04-30 15:23:14.832148,0 days 00:00:00.185373,0.7106750359936853,0.0039056530701036397,0.0496168193178974,26,0.49516320799329794,75,NVDA.O,COMPLETE,NVDA.O
16,88.84662919388849,2025-04-30 15:23:14.838396,2025-04-30 15:23:14.996089,0 days 00:00:00.157693,0.715275871804782,0.1046932555081111,0.05052694292741727,25,0.16764854588341088,73,NVDA.O,COMPLETE,NVDA.O
17,88.87604743081587,2025-04-30 15:23:15.001888,2025-04-30 15:23:15.170904,0 days 00:00:00.169016,0.7060854620470614,0.0007398442631322171,0.04479497938745207,25,0.1515793110751889,67,NVDA.O,COMPLETE,NVDA.O
18,89.02962754657722,2025-04-30 15:23:15.178638,2025-04-30 15:23:15.369916,0 days 00:00:00.191278,0.7438854558040333,0.1298918162368601,0.03576732274654466,33,0.11861630394740331,104,NVDA.O,COMPLETE,NVDA.O
19,89.06545451782999,2025-04-30 15:23:15.377000,2025-04-30 15:23:15.527481,0 days 00:00:00.150481,0.8435684666247342,0.00010069359672288959,0.06268298926386828,23,0.02340732895320713,81,NVDA.O,COMPLETE,NVDA.O
20,89.23008154584754,2025-04-30 15:23:15.535125,2025-04-30 15:23:15.714197,0 days 00:00:00.179072,0.6594154385591763,0.012009873699684408,0.03578523364669463,37,0.20256024736386835,67,NVDA.O,COMPLETE,NVDA.O
21,88.82744836220215,2025-04-30 15:23:15.719582,2025-04-30 15:23:15.894554,0 days 00:00:00.174972,0.7158178163625902,0.0008529959428590098,0.04541243607302984,24,0.13714528280900418,61,NVDA.O,COMPLETE,NVDA.O
22,88.97380307835704,2025-04-30 15:23:15.900021,2025-04-30 15:23:16.035920,0 days 00:00:00.135899,0.6862731339128672,0.08758187796867657,0.06215519582927744,20,0.09563077772672995,58,NVDA.O,COMPLETE,NVDA.O
23,88.97200093994616,2025-04-30 15:23:16.042361,2025-04-30 15:23:16.175236,0 days 00:00:00.132875,0.7387432127965919,0.010920222387652277,0.0670039415345474,31,0.21963005557670262,76,NVDA.O,COMPLETE,NVDA.O
24,89.014887111323,2025-04-30 15:23:16.184240,2025-04-30 15:23:16.437184,0 days 00:00:00.252944,0.7333208181033682,0.0014720902544556839,0.04225658190334047,10,0.07403337443723101,58,NVDA.O,COMPLETE,NVDA.O
25,89.07687397814784,2025-04-30 15:23:16.444199,2025-04-30 15:23:16.613341,0 days 00:00:00.169142,0.7874010740273123,0.0002085657907294268,0.03095529078218638,51,0.15693948969591545,102,NVDA.O,COMPLETE,NVDA.O
26,89.19851637242544,2025-04-30 15:23:16.620390,2025-04-30 15:23:16.749293,0 days 00:00:00.128903,0.6834750606940015,0.01563327846051841,0.07364412211710318,63,0.14788247442847147,80,NVDA.O,COMPLETE,NVDA.O
27,88.84384444670788,2025-04-30 15:23:16.759276,2025-04-30 15:23:16.959052,0 days 00:00:00.199776,0.8797124910068636,0.08117505213952939,0.05413096177149989,20,0.33366323877049864,71,NVDA.O,COMPLETE,NVDA.O
28,89.000118837714,2025-04-30 15:23:16.965683,2025-04-30 15:23:17.282873,0 days 00:00:00.317190,0.8718912975995932,0.003355205332555624,0.02637331205296487,18,0.34505995184039273,59,NVDA.O,COMPLETE,NVDA.O
29,89.18648597001923,2025-04-30 15:23:17.293808,2025-04-30 15:23:17.468872,0 days 00:00:00.175064,0.8930498219783098,0.005024232991133269,0.04070927256752118,42,0.4522894820720986,45,NVDA.O,COMPLETE,NVDA.O
0,54.54436194530863,2025-04-30 15:23:17.517833,2025-04-30 15:23:18.479372,0 days 00:00:00.961539,0.6855086381509251,0.6549461931274317,0.006937618842946403,12,0.485205943527944,128,NXPI.O,COMPLETE,NXPI.O
1,53.93260385270324,2025-04-30 15:23:18.488156,2025-04-30 15:23:18.555188,0 days 00:00:00.067032,0.8970701873604796,0.006953396251676943,0.08082956094019503,48,0.37077340655827173,90,NXPI.O,COMPLETE,NXPI.O
2,54.171740624106235,2025-04-30 15:23:18.561883,2025-04-30 15:23:18.664565,0 days 00:00:00.102682,0.9298790285279457,0.00032052104358312023,0.05899685162205322,32,0.2606894491631259,83,NXPI.O,COMPLETE,NXPI.O
3,54.25397541817972,2025-04-30 15:23:18.671688,2025-04-30 15:23:18.820929,0 days 00:00:00.149241,0.692694469178701,0.0001485652651244156,0.02147887356495078,40,0.4741288473600221,120,NXPI.O,COMPLETE,NXPI.O
4,54.130679619378164,2025-04-30 15:23:18.826742,2025-04-30 15:23:18.879185,0 days 00:00:00.052443,0.8450872635494531,2.5902691578173687,0.08531803502652488,45,0.3735309190883783,122,NXPI.O,COMPLETE,NXPI.O
5,54.32232308248618,2025-04-30 15:23:18.883429,2025-04-30 15:23:20.193858,0 days 00:00:01.310429,0.8314206590837612,1.0943188684609069,0.0067528123998214324,10,0.3847579688483066,45,NXPI.O,COMPLETE,NXPI.O
6,54.34981533790451,2025-04-30 15:23:20.201378,2025-04-30 15:23:20.398208,0 days 00:00:00.196830,0.7340018312371317,0.0001619284165376847,0.021310584706943247,23,0.10333886969080958,102,NXPI.O,COMPLETE,NXPI.O
7,54.10668874888686,2025-04-30 15:23:20.406855,2025-04-30 15:23:20.821455,0 days 00:00:00.414600,0.8674040122244839,6.57294838939914,0.005336116083436405,58,0.1600086729559057,101,NXPI.O,COMPLETE,NXPI.O
8,54.28767724676219,2025-04-30 15:23:20.827668,2025-04-30 15:23:20.903671,0 days 00:00:00.076003,0.8980015589421988,0.0019026421519872524,0.06257083872001706,31,0.07929887197171842,53,NXPI.O,COMPLETE,NXPI.O
9,54.396606937203266,2025-04-30 15:23:20.907813,2025-04-30 15:23:21.097174,0 days 00:00:00.189361,0.6189759739570008,9.18908160988733,0.01418547686645793,55,0.3949687138874345,32,NXPI.O,COMPLETE,NXPI.O
10,54.16856986486159,2025-04-30 15:23:21.108394,2025-04-30 15:23:21.310456,0 days 00:00:00.202062,0.9928416056659461,0.0364968004795364,0.037903728667285676,85,0.2583747064672559,73,NXPI.O,COMPLETE,NXPI.O
11,54.22073846671872,2025-04-30 15:23:21.318515,2025-04-30 15:23:21.571405,0 days 00:00:00.252890,0.907483030489848,0.02119638053161459,0.012006957337371069,76,0.16605885180257354,91,NXPI.O,COMPLETE,NXPI.O
12,54.26248050967112,2025-04-30 15:23:21.577921,2025-04-30 15:23:22.117145,0 days 00:00:00.539224,0.7814753844171272,0.055203143369965464,0.00506918242666124,67,0.1736713249184155,105,NXPI.O,COMPLETE,NXPI.O
13,54.71036721627823,2025-04-30 15:23:22.125465,2025-04-30 15:23:22.288707,0 days 00:00:00.163242,0.9499909600987733,0.004214765082961594,0.03659905243756822,99,0.0029200202288330313,65,NXPI.O,COMPLETE,NXPI.O
14,54.04954573426499,2025-04-30 15:23:22.295513,2025-04-30 15:23:22.419631,0 days 00:00:00.124118,0.8681411196422075,0.18069660664627393,0.03143378499178558,56,0.3111515961680317,100,NXPI.O,COMPLETE,NXPI.O
15,54.0355263619868,2025-04-30 15:23:22.425558,2025-04-30 15:23:22.522297,0 days 00:00:00.096739,0.7797212740552943,0.1333064338162947,0.09628159879069845,53,0.3073650727123709,88,NXPI.O,COMPLETE,NXPI.O
16,54.09500936140544,2025-04-30 15:23:22.529318,2025-04-30 15:23:22.631148,0 days 00:00:00.101830,0.7824595577849706,0.005222635811042364,0.09413004494073202,46,0.3208849004104418,82,NXPI.O,COMPLETE,NXPI.O
17,54.1631179282532,2025-04-30 15:23:22.636871,2025-04-30 15:23:22.747401,0 days 00:00:00.110530,0.7352986220930037,0.19244578138747795,0.05243269308636022,69,0.3249862872658694,63,NXPI.O,COMPLETE,NXPI.O
18,54.27021608515374,2025-04-30 15:23:22.753413,2025-04-30 15:23:22.875837,0 days 00:00:00.122424,0.810253818764655,0.009421559328132594,0.0953964273546792,84,0.43691386424827133,113,NXPI.O,COMPLETE,NXPI.O
19,53.82714760743526,2025-04-30 15:23:22.882365,2025-04-30 15:23:22.999779,0 days 00:00:00.117414,0.9690115510169368,0.0013286829826678896,0.0695997802708463,36,0.23311455638190076,21,NXPI.O,COMPLETE,NXPI.O
20,54.2082771530539,2025-04-30 15:23:23.006117,2025-04-30 15:23:23.153538,0 days 00:00:00.147421,0.9973335907707028,0.0008732204982146004,0.046618710976946844,27,0.21907449904920576,25,NXPI.O,COMPLETE,NXPI.O
21,53.837887655628734,2025-04-30 15:23:23.159494,2025-04-30 15:23:23.274152,0 days 00:00:00.114658,0.9472454502969493,0.0008351454143191706,0.0758808294180938,41,0.29943928503745526,88,NXPI.O,COMPLETE,NXPI.O
22,53.78253816256564,2025-04-30 15:23:23.279935,2025-04-30 15:23:23.418452,0 days 00:00:00.138517,0.9583937308841777,0.000803200929574453,0.07265749997772214,38,0.22758209394274767,72,NXPI.O,COMPLETE,NXPI.O
23,53.71922484206102,2025-04-30 15:23:23.424951,2025-04-30 15:23:23.541870,0 days 00:00:00.116919,0.9658717778733744,0.000876048079786142,0.06786336125723667,39,0.2174730567034269,39,NXPI.O,COMPLETE,NXPI.O
24,53.83937367714913,2025-04-30 15:23:23.548594,2025-04-30 15:23:23.698822,0 days 00:00:00.150228,0.9711311310525663,0.0005372404568313057,0.06631255977212656,19,0.22545269915833252,38,NXPI.O,COMPLETE,NXPI.O
25,53.962083123811745,2025-04-30 15:23:23.704652,2025-04-30 15:23:23.832054,0 days 00:00:00.127402,0.9579150553238736,0.0019368573696411727,0.04509067717860611,36,0.2031905107014379,20,NXPI.O,COMPLETE,NXPI.O
26,53.79509257225319,2025-04-30 15:23:23.837686,2025-04-30 15:23:24.042493,0 days 00:00:00.204807,0.9264260840072878,0.0025372809654057994,0.028098235595936397,19,0.12157554064773546,48,NXPI.O,COMPLETE,NXPI.O
27,53.75077033756554,2025-04-30 15:23:24.048291,2025-04-30 15:23:24.299329,0 days 00:00:00.251038,0.9222523518805196,0.0003583440157639704,0.027292619826129474,19,0.10116069951836551,48,NXPI.O,COMPLETE,NXPI.O
28,54.007344157110936,2025-04-30 15:23:24.306494,2025-04-30 15:23:24.629301,0 days 00:00:00.322807,0.9188003580105326,0.0003556138356399558,0.01650514603731631,25,0.022641466428353796,58,NXPI.O,COMPLETE,NXPI.O
29,54.45612611327829,2025-04-30 15:23:24.638349,2025-04-30 15:23:24.966365,0 days 00:00:00.328016,0.8738160793349274,0.00011309132782777956,0.009489293620680463,17,0.04691865593424138,71,NXPI.O,COMPLETE,NXPI.O
0,7.379824981794567,2025-04-30 15:23:25.023176,2025-04-30 15:23:25.146105,0 days 00:00:00.122929,0.96883768228584,0.2775366984580077,0.00974938239720864,11,0.27707007309037246,102,ON.O,COMPLETE,ON.O
1,7.220177969118752,2025-04-30 15:23:25.159576,2025-04-30 15:23:25.192952,0 days 00:00:00.033376,0.6842749852931251,1.225744150361865,0.06961553736080192,86,0.020341395528280404,75,ON.O,COMPLETE,ON.O
2,7.149089482410066,2025-04-30 15:23:25.198187,2025-04-30 15:23:25.245435,0 days 00:00:00.047248,0.7740060708955585,0.0017716907925695226,0.07195005635413677,47,0.45248168856956583,73,ON.O,COMPLETE,ON.O
3,7.29054654398942,2025-04-30 15:23:25.253377,2025-04-30 15:23:25.350846,0 days 00:00:00.097469,0.7911774867697804,6.706163089939013,0.01026942179790738,17,0.19981444062482273,36,ON.O,COMPLETE,ON.O
4,7.171942881992121,2025-04-30 15:23:25.358802,2025-04-30 15:23:25.392288,0 days 00:00:00.033486,0.6790854800930812,0.001958060551434324,0.022476146280400653,80,0.4758862045651681,77,ON.O,COMPLETE,ON.O
5,7.153103510416119,2025-04-30 15:23:25.396640,2025-04-30 15:23:25.461492,0 days 00:00:00.064852,0.8963333075634328,0.014158811543457701,0.0079463579679969,63,0.44235164763381984,104,ON.O,COMPLETE,ON.O
6,7.206930935748096,2025-04-30 15:23:25.468912,2025-04-30 15:23:25.538995,0 days 00:00:00.070083,0.9759861324244133,0.017768360845162607,0.012119692209163167,63,0.2536831521488261,48,ON.O,COMPLETE,ON.O
7,7.425838022392382,2025-04-30 15:23:25.546564,2025-04-30 15:23:25.592488,0 days 00:00:00.045924,0.653472656739196,0.00015795794040615127,0.039657519101051045,31,0.18336562954396163,30,ON.O,COMPLETE,ON.O
8,7.215506417312331,2025-04-30 15:23:25.602073,2025-04-30 15:23:25.682881,0 days 00:00:00.080808,0.8269211551022689,0.14080998463367342,0.006446827969211406,71,0.38265854383535663,87,ON.O,COMPLETE,ON.O
9,7.382765676371282,2025-04-30 15:23:25.688385,2025-04-30 15:23:25.753146,0 days 00:00:00.064761,0.6671274351168522,0.0004115914656358191,0.024889845813904264,17,0.3546245436684222,25,ON.O,COMPLETE,ON.O
10,7.123973631706473,2025-04-30 15:23:25.762413,2025-04-30 15:23:25.843358,0 days 00:00:00.080945,0.7754056047839407,0.0017721396379244538,0.0964094499380597,45,0.03356948889814637,127,ON.O,COMPLETE,ON.O
11,7.077931994136997,2025-04-30 15:23:25.849626,2025-04-30 15:23:25.931486,0 days 00:00:00.081860,0.7672556639330664,0.0026198902515560834,0.09685626105829283,43,0.020638861567899115,121,ON.O,COMPLETE,ON.O
12,7.076374293410001,2025-04-30 15:23:25.940586,2025-04-30 15:23:26.027013,0 days 00:00:00.086427,0.743122533687406,0.0030637096484770108,0.09779347656032783,43,0.0010468655914447726,126,ON.O,COMPLETE,ON.O
13,7.192462177207773,2025-04-30 15:23:26.036271,2025-04-30 15:23:26.122739,0 days 00:00:00.086468,0.7464929699338404,0.007954310389211128,0.04367582752386715,38,0.09429233530151322,127,ON.O,COMPLETE,ON.O
14,7.251830286476234,2025-04-30 15:23:26.131849,2025-04-30 15:23:26.220626,0 days 00:00:00.088777,0.8459235848537368,0.05282786506294571,0.09880911532405151,30,0.107441987758691,114,ON.O,COMPLETE,ON.O
15,7.1141821835303825,2025-04-30 15:23:26.225328,2025-04-30 15:23:26.307615,0 days 00:00:00.082287,0.7401581888767018,0.00042678233279123907,0.04637942516278077,53,0.09923348424851221,115,ON.O,COMPLETE,ON.O
16,7.483559937655985,2025-04-30 15:23:26.316385,2025-04-30 15:23:26.398267,0 days 00:00:00.081882,0.6012640760352252,0.00435575831619369,0.06172422169430234,30,0.0006466316313746834,93,ON.O,COMPLETE,ON.O
17,7.254078290842264,2025-04-30 15:23:26.402641,2025-04-30 15:23:26.482894,0 days 00:00:00.080253,0.8972654362199721,0.0001060228963391097,0.03061792316079153,96,0.1569540202523518,53,ON.O,COMPLETE,ON.O
18,7.1698065540174545,2025-04-30 15:23:26.493836,2025-04-30 15:23:26.584958,0 days 00:00:00.091122,0.7227580723598621,0.07412899841389517,0.05702465253957073,58,0.059326319661185664,111,ON.O,COMPLETE,ON.O
19,7.233019735766575,2025-04-30 15:23:26.591146,2025-04-30 15:23:26.707375,0 days 00:00:00.116229,0.8504560758326434,0.000511855554191596,0.018341236004209744,42,0.13396195116707132,128,ON.O,COMPLETE,ON.O
20,7.221113680599904,2025-04-30 15:23:26.718512,2025-04-30 15:23:26.806680,0 days 00:00:00.088168,0.610878347109105,0.004135318944387792,0.08706317946844376,51,0.05590190053630517,93,ON.O,COMPLETE,ON.O
21,7.188630002280282,2025-04-30 15:23:26.811305,2025-04-30 15:23:26.911043,0 days 00:00:00.099738,0.7297081465152084,0.0005189230002969732,0.048241102640459416,37,0.08033340380975591,116,ON.O,COMPLETE,ON.O
22,7.169674746744807,2025-04-30 15:23:26.922482,2025-04-30 15:23:27.018215,0 days 00:00:00.095733,0.7321906581884166,0.0007761942331032723,0.03203829277228,55,0.0020597061025498624,118,ON.O,COMPLETE,ON.O
23,7.239145525747282,2025-04-30 15:23:27.022928,2025-04-30 15:23:27.105167,0 days 00:00:00.082239,0.6977778517859164,0.004734228411161455,0.0796188417382945,70,0.1160963313760823,101,ON.O,COMPLETE,ON.O
24,7.246903992461005,2025-04-30 15:23:27.114513,2025-04-30 15:23:27.226691,0 days 00:00:00.112178,0.8060941125642768,0.00022168530212183973,0.054400412733395874,23,0.052485703287565424,118,ON.O,COMPLETE,ON.O
25,7.143743343721196,2025-04-30 15:23:27.235044,2025-04-30 15:23:27.335521,0 days 00:00:00.100477,0.7562122770109103,0.0013047074491060854,0.0157370489433394,52,0.20123396199938295,106,ON.O,COMPLETE,ON.O
26,7.272929531081322,2025-04-30 15:23:27.347510,2025-04-30 15:23:27.440564,0 days 00:00:00.093054,0.6458678550430282,0.013947471592418145,0.03532946220020748,37,0.07118402209688657,121,ON.O,COMPLETE,ON.O
27,7.185388334070584,2025-04-30 15:23:27.449386,2025-04-30 15:23:27.551205,0 days 00:00:00.101819,0.7055492870338649,0.0003025594327180695,0.07550799866960875,60,0.14957876898063818,61,ON.O,COMPLETE,ON.O
28,7.1864485643391385,2025-04-30 15:23:27.557525,2025-04-30 15:23:27.633037,0 days 00:00:00.075512,0.8097374010021458,0.0008848817857186306,0.049246454426547195,70,0.0318395576465262,94,ON.O,COMPLETE,ON.O
29,7.119097112035447,2025-04-30 15:23:27.640408,2025-04-30 15:23:27.756874,0 days 00:00:00.116466,0.8789943709208384,0.028891123885095977,0.061427567601250246,47,0.29600970120290726,110,ON.O,COMPLETE,ON.O
0,73.19262905275478,2025-04-30 15:23:27.804504,2025-04-30 15:23:28.068998,0 days 00:00:00.264494,0.8472077729245042,1.7483578021871962,0.007125195070821397,83,0.32469862491946533,93,PANW.O,COMPLETE,PANW.O
1,73.34696738700869,2025-04-30 15:23:28.076668,2025-04-30 15:23:28.255874,0 days 00:00:00.179206,0.9921834697763273,2.4347392377650237,0.015690251055230645,26,0.2343607605900011,92,PANW.O,COMPLETE,PANW.O
2,73.29170405846308,2025-04-30 15:23:28.261851,2025-04-30 15:23:28.504692,0 days 00:00:00.242841,0.7460317978810097,3.0585482029632494,0.02734935648216455,13,0.11245322724526757,72,PANW.O,COMPLETE,PANW.O
3,72.51252153785524,2025-04-30 15:23:28.511208,2025-04-30 15:23:28.574575,0 days 00:00:00.063367,0.8672892389349953,6.641745107371404,0.0916634564484708,34,0.42758108562370734,109,PANW.O,COMPLETE,PANW.O
4,72.70264385610429,2025-04-30 15:23:28.582464,2025-04-30 15:23:28.925220,0 days 00:00:00.342756,0.8231031957066107,0.0023379123744125384,0.006034447658026065,100,0.011520370940840075,110,PANW.O,COMPLETE,PANW.O
5,73.0127206398325,2025-04-30 15:23:28.934047,2025-04-30 15:23:28.992446,0 days 00:00:00.058399,0.695912694432504,0.0041412560882213845,0.08895293300333673,63,0.054272949924050184,86,PANW.O,COMPLETE,PANW.O
6,72.79098969713459,2025-04-30 15:23:28.996681,2025-04-30 15:23:29.081823,0 days 00:00:00.085142,0.6069167099769112,0.00013686122052261317,0.035314516172070765,41,0.12516090879306185,31,PANW.O,COMPLETE,PANW.O
7,73.09007310654655,2025-04-30 15:23:29.089752,2025-04-30 15:23:29.689262,0 days 00:00:00.599510,0.908496611614876,0.004905646819181016,0.005109056637266949,25,0.4011618974378768,47,PANW.O,COMPLETE,PANW.O
8,73.0866460680693,2025-04-30 15:23:29.696491,2025-04-30 15:23:29.901709,0 days 00:00:00.205218,0.7503225385647667,0.09717575011712293,0.013440864065371663,32,0.2569605626420054,86,PANW.O,COMPLETE,PANW.O
9,73.2040111510889,2025-04-30 15:23:29.908372,2025-04-30 15:23:30.016748,0 days 00:00:00.108376,0.9320424900043134,0.04298416293098689,0.04593331333064749,19,0.337201178758716,87,PANW.O,COMPLETE,PANW.O
10,72.9755319217222,2025-04-30 15:23:30.022601,2025-04-30 15:23:30.130390,0 days 00:00:00.107789,0.8878983596567404,0.4398015984867125,0.08011901666138235,52,0.4982741233330996,126,PANW.O,COMPLETE,PANW.O
11,72.59815837520522,2025-04-30 15:23:30.137072,2025-04-30 15:23:30.382979,0 days 00:00:00.245907,0.8176228149526155,0.0006007742238944322,0.01021898550279159,99,0.4845796188978395,124,PANW.O,COMPLETE,PANW.O
12,72.96822225262473,2025-04-30 15:23:30.389694,2025-04-30 15:23:30.642355,0 days 00:00:00.252661,0.7814386467513431,0.00025461138028395343,0.011858993823856141,71,0.49360588930791943,123,PANW.O,COMPLETE,PANW.O
13,72.53418315893954,2025-04-30 15:23:30.649061,2025-04-30 15:23:30.757776,0 days 00:00:00.108715,0.8386561177500066,0.0006076410308076986,0.06083082433142308,96,0.4213339185111042,108,PANW.O,COMPLETE,PANW.O
14,73.19322132742455,2025-04-30 15:23:30.763821,2025-04-30 15:23:30.893321,0 days 00:00:00.129500,0.9741796896279237,0.3669889217561144,0.05693589717594651,46,0.4033536675846478,106,PANW.O,COMPLETE,PANW.O
15,72.84065660096365,2025-04-30 15:23:30.903278,2025-04-30 15:23:31.019033,0 days 00:00:00.115755,0.8707188752490028,0.010845200202005969,0.06112317814509679,79,0.40621731913776793,67,PANW.O,COMPLETE,PANW.O
16,72.61267001261852,2025-04-30 15:23:31.024769,2025-04-30 15:23:31.123511,0 days 00:00:00.098742,0.7026470123397212,0.0007355940072406732,0.09428728916926346,37,0.30837192684340964,106,PANW.O,COMPLETE,PANW.O
17,72.95109671897262,2025-04-30 15:23:31.129797,2025-04-30 15:23:31.301139,0 days 00:00:00.171342,0.9494416833231398,0.16062240669162994,0.02196244273577034,59,0.4373574317693261,61,PANW.O,COMPLETE,PANW.O
18,72.86546941830814,2025-04-30 15:23:31.307068,2025-04-30 15:23:31.433963,0 days 00:00:00.126895,0.8538933061633536,9.693042128351923,0.04369130818955622,82,0.24078462518597193,112,PANW.O,COMPLETE,PANW.O
19,72.8666322664459,2025-04-30 15:23:31.441486,2025-04-30 15:23:31.558199,0 days 00:00:00.116713,0.7843976803072261,0.018698006080699034,0.06550026765474008,92,0.35016663898853373,101,PANW.O,COMPLETE,PANW.O
20,72.91934821459701,2025-04-30 15:23:31.564758,2025-04-30 15:23:31.692592,0 days 00:00:00.127834,0.917556000113691,0.001084932427476496,0.032011069925608135,70,0.435215086677645,55,PANW.O,COMPLETE,PANW.O
21,72.85662908608863,2025-04-30 15:23:31.698468,2025-04-30 15:23:31.984135,0 days 00:00:00.285667,0.8193856298810506,0.00044421474247823196,0.007958901737711948,100,0.4627357969908543,119,PANW.O,COMPLETE,PANW.O
22,73.11074628530197,2025-04-30 15:23:31.991881,2025-04-30 15:23:32.240578,0 days 00:00:00.248697,0.8274292898363073,0.00010424469387825333,0.020232445375756577,90,0.36613442781002237,116,PANW.O,COMPLETE,PANW.O
23,72.94651008562852,2025-04-30 15:23:32.248932,2025-04-30 15:23:32.608873,0 days 00:00:00.359941,0.8891726296670257,0.0017035489907255659,0.009765649525668944,88,0.4543291550229714,127,PANW.O,COMPLETE,PANW.O
24,72.8554656675419,2025-04-30 15:23:32.617556,2025-04-30 15:23:32.745164,0 days 00:00:00.127608,0.7637252348385069,0.0004016189181363807,0.07052520231131718,51,0.28617280877716034,77,PANW.O,COMPLETE,PANW.O
25,72.92072319836751,2025-04-30 15:23:32.754322,2025-04-30 15:23:32.883987,0 days 00:00:00.129665,0.7245490540677821,0.009518235236865177,0.04868980698202508,72,0.19047201333755265,99,PANW.O,COMPLETE,PANW.O
26,72.70942328938206,2025-04-30 15:23:32.893131,2025-04-30 15:23:32.983194,0 days 00:00:00.090063,0.8027522925412465,0.03565802076690179,0.09787327446470719,98,0.39097664809758603,115,PANW.O,COMPLETE,PANW.O
27,73.11630636523077,2025-04-30 15:23:32.987392,2025-04-30 15:23:33.186974,0 days 00:00:00.199582,0.8414805738279053,8.808079599127884,0.016172051889626133,94,0.4835946794726565,99,PANW.O,COMPLETE,PANW.O
28,73.05901659415599,2025-04-30 15:23:33.193926,2025-04-30 15:23:33.406520,0 days 00:00:00.212594,0.8741656517230721,0.003111428840183071,0.0364709512053748,78,0.37297122339087685,128,PANW.O,COMPLETE,PANW.O
