number,value,datetime_start,datetime_complete,duration,params_feature_fraction,params_lambda_l2,params_learning_rate,params_min_data_in_leaf,params_min_gain_to_split,params_num_leaves,user_attrs_Company,state,Company
29,18.008468442053765,2025-04-30 15:21:17.348449,2025-04-30 15:21:17.418601,0 days 00:00:00.070152,0.7014258206505884,0.6521955849137855,0.04903718784075859,27,0.28865832593261775,70,ANSS.O,COMPLETE,ANSS.O
0,136.29601895945282,2025-04-30 15:21:17.465379,2025-04-30 15:21:17.594863,0 days 00:00:00.129484,0.6873569167143049,0.4602012519633653,0.01510508783502745,31,0.22563405997936187,27,APP.O,COMPLETE,APP.O
1,136.10700986836034,2025-04-30 15:21:17.601580,2025-04-30 15:21:17.679420,0 days 00:00:00.077840,0.8798600164348704,0.04817176208088001,0.015002076492134,43,0.47571364585890935,30,APP.O,COMPLETE,APP.O
2,136.4447278671038,2025-04-30 15:21:17.687256,2025-04-30 15:21:17.739275,0 days 00:00:00.052019,0.7613543058066737,0.7863835475746388,0.007022596587350937,65,0.39793241096845705,50,APP.O,COMPLETE,APP.O
3,135.97946717707674,2025-04-30 15:21:17.750077,2025-04-30 15:21:17.809985,0 days 00:00:00.059908,0.8292893390968489,1.2945871196472791,0.035446989838175715,38,0.2294209089343346,37,APP.O,COMPLETE,APP.O
4,136.005031729071,2025-04-30 15:21:17.814431,2025-04-30 15:21:17.894241,0 days 00:00:00.079810,0.7538719975157665,0.5732455753936163,0.05423365694162827,25,0.08696632843479235,123,APP.O,COMPLETE,APP.O
5,136.01120749717407,2025-04-30 15:21:17.900971,2025-04-30 15:21:17.989830,0 days 00:00:00.088859,0.880401785402321,3.8125748114223463,0.016431921710871055,45,0.1805520497183461,104,APP.O,COMPLETE,APP.O
6,136.40041128386883,2025-04-30 15:21:17.993975,2025-04-30 15:21:18.054003,0 days 00:00:00.060028,0.8164154058329439,0.0002031795395264834,0.006994720213491963,57,0.061789080051909584,128,APP.O,COMPLETE,APP.O
7,136.0106121397741,2025-04-30 15:21:18.061880,2025-04-30 15:21:18.169921,0 days 00:00:00.108041,0.6766030302834117,0.001312539912053893,0.024404413325833936,43,0.4170001360131045,117,APP.O,COMPLETE,APP.O
8,135.98662275626788,2025-04-30 15:21:18.173852,2025-04-30 15:21:18.237960,0 days 00:00:00.064108,0.6853185218501412,0.5536718457377774,0.06652534107898567,13,0.44639019213006326,27,APP.O,COMPLETE,APP.O
9,136.30949203701633,2025-04-30 15:21:18.245469,2025-04-30 15:21:18.311408,0 days 00:00:00.065939,0.9765581831373624,0.008717464667389603,0.059004054313979905,69,0.26943960165615477,46,APP.O,COMPLETE,APP.O
10,136.06479190927382,2025-04-30 15:21:18.315507,2025-04-30 15:21:18.444099,0 days 00:00:00.128592,0.602999600631973,9.87565951164491,0.03020819840053993,96,0.3152352365602921,76,APP.O,COMPLETE,APP.O
11,135.7709747979768,2025-04-30 15:21:18.454134,2025-04-30 15:21:18.575680,0 days 00:00:00.121546,0.8412640952672674,0.11979309571884225,0.08479072354667469,12,0.3298099543177438,64,APP.O,COMPLETE,APP.O
12,135.64979281736896,2025-04-30 15:21:18.581165,2025-04-30 15:21:18.681292,0 days 00:00:00.100127,0.8567614020051526,0.09622947767369129,0.09926299452335872,11,0.3568793839512485,72,APP.O,COMPLETE,APP.O
13,136.18505876161913,2025-04-30 15:21:18.693361,2025-04-30 15:21:18.801382,0 days 00:00:00.108021,0.9482735494240785,0.05077339855953517,0.08418274004002389,11,0.34512644323354214,72,APP.O,COMPLETE,APP.O
14,136.08420333928117,2025-04-30 15:21:18.808069,2025-04-30 15:21:18.904418,0 days 00:00:00.096349,0.8965316490957423,0.007920542281678418,0.0973371698600998,25,0.35137391767540915,73,APP.O,COMPLETE,APP.O
15,136.18330471841062,2025-04-30 15:21:18.912086,2025-04-30 15:21:19.072285,0 days 00:00:00.160199,0.9249019118656885,0.11712556039467975,0.0441597232441822,10,0.15263786289206926,92,APP.O,COMPLETE,APP.O
16,136.28360840200818,2025-04-30 15:21:19.078411,2025-04-30 15:21:19.146430,0 days 00:00:00.068019,0.8416355398871199,0.007154150276683381,0.09962684396939316,81,0.28276130738166905,59,APP.O,COMPLETE,APP.O
17,135.72339781555385,2025-04-30 15:21:19.151140,2025-04-30 15:21:19.288033,0 days 00:00:00.136893,0.7660669848455904,0.19566318644678998,0.0733875223244934,23,0.0022144196523860016,92,APP.O,COMPLETE,APP.O
18,136.02658244679307,2025-04-30 15:21:19.295664,2025-04-30 15:21:19.468567,0 days 00:00:00.172903,0.7641007596199997,0.21567766549236397,0.04303637760457049,23,0.1295374166656035,87,APP.O,COMPLETE,APP.O
19,136.07897925852254,2025-04-30 15:21:19.476156,2025-04-30 15:21:19.870275,0 days 00:00:00.394119,0.7812077960280341,0.022211185119536896,0.010100489636171139,21,0.04809432975286618,99,APP.O,COMPLETE,APP.O
20,135.5657173331738,2025-04-30 15:21:19.876398,2025-04-30 15:21:20.002471,0 days 00:00:00.126073,0.727846251319342,0.001276661268946172,0.06615358954982627,36,0.009623979676781979,85,APP.O,COMPLETE,APP.O
21,135.79988817691486,2025-04-30 15:21:20.008393,2025-04-30 15:21:20.118606,0 days 00:00:00.110213,0.7446117669642267,0.001261788520364183,0.06645374988749596,34,0.006574656609455375,83,APP.O,COMPLETE,APP.O
22,135.2308192043083,2025-04-30 15:21:20.124715,2025-04-30 15:21:20.272993,0 days 00:00:00.148278,0.7160727289641663,0.0020221163824936184,0.07076144113113517,19,0.002008841054755503,107,APP.O,COMPLETE,APP.O
23,136.13082181650586,2025-04-30 15:21:20.283656,2025-04-30 15:21:20.480293,0 days 00:00:00.196637,0.7153556139885908,0.0008815639220172362,0.043211136387113165,18,0.10978218671648918,108,APP.O,COMPLETE,APP.O
24,135.9138129232314,2025-04-30 15:21:20.489752,2025-04-30 15:21:20.622437,0 days 00:00:00.132685,0.6485496969872736,0.00011758419763742981,0.05282399920968054,31,0.04543772846283609,113,APP.O,COMPLETE,APP.O
25,135.7898709465051,2025-04-30 15:21:20.631477,2025-04-30 15:21:20.847715,0 days 00:00:00.216238,0.7183556134674088,0.0009090149178137677,0.03074284979281218,52,0.19581540607313516,100,APP.O,COMPLETE,APP.O
26,135.79145452234775,2025-04-30 15:21:20.853765,2025-04-30 15:21:21.025071,0 days 00:00:00.171306,0.8005605368129449,0.003222665912510031,0.07835961819846342,17,0.37810719700315204,80,APP.O,COMPLETE,APP.O
27,136.23410918072992,2025-04-30 15:21:21.031529,2025-04-30 15:21:21.199688,0 days 00:00:00.168159,0.6412987648661247,0.00045099448535614983,0.020793796838318782,30,0.031234556009433312,63,APP.O,COMPLETE,APP.O
28,135.8678375296899,2025-04-30 15:21:21.206919,2025-04-30 15:21:21.336656,0 days 00:00:00.129737,0.7249594496261687,0.0031842979173590984,0.05160085692641264,37,0.08668350754661608,93,APP.O,COMPLETE,APP.O
29,136.35789208536812,2025-04-30 15:21:21.342240,2025-04-30 15:21:21.433637,0 days 00:00:00.091397,0.6660870105424026,0.022196441122401028,0.06521191666774728,30,0.4998336639845273,67,APP.O,COMPLETE,APP.O
0,227.60323504508986,2025-04-30 15:21:21.476090,2025-04-30 15:21:21.773561,0 days 00:00:00.297471,0.9251957675328459,0.0023498731569101573,0.03578900584819317,19,0.05226631599517567,91,ASML.O,COMPLETE,ASML.O
1,229.96749175864744,2025-04-30 15:21:21.781854,2025-04-30 15:21:22.008465,0 days 00:00:00.226611,0.7240622038011237,1.137802261873291,0.0065684693103397794,54,0.07616843832940079,41,ASML.O,COMPLETE,ASML.O
2,229.35999927687726,2025-04-30 15:21:22.014051,2025-04-30 15:21:22.095552,0 days 00:00:00.081501,0.8132048716341571,0.0004420330688637726,0.04045520242953224,48,0.45793202483911316,46,ASML.O,COMPLETE,ASML.O
3,228.85983339091837,2025-04-30 15:21:22.099489,2025-04-30 15:21:22.163278,0 days 00:00:00.063789,0.749827215510396,0.0011945544390770094,0.07175572875770228,85,0.08137086122634934,92,ASML.O,COMPLETE,ASML.O
4,228.14594524492858,2025-04-30 15:21:22.170624,2025-04-30 15:21:22.307399,0 days 00:00:00.136775,0.8310172534702787,0.5094001084574861,0.04406872869795741,91,0.35781005945543726,121,ASML.O,COMPLETE,ASML.O
5,231.9698683849201,2025-04-30 15:21:22.313539,2025-04-30 15:21:22.463607,0 days 00:00:00.150068,0.957489319482708,5.384651223211577,0.008082340128792675,55,0.33483792815207625,128,ASML.O,COMPLETE,ASML.O
6,232.30702068725336,2025-04-30 15:21:22.473464,2025-04-30 15:21:22.635677,0 days 00:00:00.162213,0.9997743905838377,0.00014029449988972758,0.005924084247042734,56,0.08621311048101077,30,ASML.O,COMPLETE,ASML.O
7,230.20459476451083,2025-04-30 15:21:22.644694,2025-04-30 15:21:22.864975,0 days 00:00:00.220281,0.7207781420732999,0.01503200814667582,0.03850787373818862,12,0.10766113159670854,38,ASML.O,COMPLETE,ASML.O
8,228.55461618495707,2025-04-30 15:21:22.871236,2025-04-30 15:21:22.961486,0 days 00:00:00.090250,0.8555597249269435,0.000482522025033345,0.021462874940881293,84,0.0463854230393454,29,ASML.O,COMPLETE,ASML.O
9,228.31206742679063,2025-04-30 15:21:22.965597,2025-04-30 15:21:23.012684,0 days 00:00:00.047087,0.9449077881112841,0.32605932734791576,0.07088496171010648,36,0.13616756619497333,90,ASML.O,COMPLETE,ASML.O
10,230.1357601596582,2025-04-30 15:21:23.020790,2025-04-30 15:21:23.206194,0 days 00:00:00.185404,0.6059219201309902,0.010759952649328865,0.0187842686213206,17,0.22407198400317008,65,ASML.O,COMPLETE,ASML.O
11,228.23399517992388,2025-04-30 15:21:23.212810,2025-04-30 15:21:23.317403,0 days 00:00:00.104593,0.8793693329652568,0.16616514154645645,0.03432836000980408,99,0.3539234508875174,123,ASML.O,COMPLETE,ASML.O
12,229.64458195995775,2025-04-30 15:21:23.325424,2025-04-30 15:21:23.435677,0 days 00:00:00.110253,0.8936809116441546,0.005514414057506721,0.013055588967794051,73,0.2254550684661077,109,ASML.O,COMPLETE,ASML.O
13,229.24996380641687,2025-04-30 15:21:23.441123,2025-04-30 15:21:23.531495,0 days 00:00:00.090372,0.8117739661724931,0.09146372629235687,0.09585321523637116,29,0.3458683472083192,102,ASML.O,COMPLETE,ASML.O
14,228.71883442814686,2025-04-30 15:21:23.536562,2025-04-30 15:21:23.630446,0 days 00:00:00.093884,0.9234826110429923,6.405097131497433,0.051540262799657156,67,0.48500548265798404,73,ASML.O,COMPLETE,ASML.O
15,228.3164945459317,2025-04-30 15:21:23.639091,2025-04-30 15:21:23.769860,0 days 00:00:00.130769,0.846446100032505,0.003072659279379266,0.0309692968241975,100,0.0028452160136758844,115,ASML.O,COMPLETE,ASML.O
16,228.27942645991968,2025-04-30 15:21:23.775803,2025-04-30 15:21:23.944106,0 days 00:00:00.168303,0.6457390336764453,0.06580446734014629,0.013161507922836085,32,0.2889144877041284,89,ASML.O,COMPLETE,ASML.O
17,228.31929493481422,2025-04-30 15:21:23.950001,2025-04-30 15:21:24.057209,0 days 00:00:00.107208,0.7720918065666005,0.7587339470252921,0.0549992633417016,23,0.4175547503570343,68,ASML.O,COMPLETE,ASML.O
18,230.18628190504208,2025-04-30 15:21:24.063123,2025-04-30 15:21:24.161688,0 days 00:00:00.098565,0.9767180210021784,0.032432837266315455,0.027210622975344885,45,0.14891790037066602,101,ASML.O,COMPLETE,ASML.O
19,229.67397043197528,2025-04-30 15:21:24.168232,2025-04-30 15:21:24.275906,0 days 00:00:00.107674,0.8987484512470182,2.4516523319823924,0.017298611660457403,69,0.1723008401686841,57,ASML.O,COMPLETE,ASML.O
20,228.7501759403693,2025-04-30 15:21:24.283358,2025-04-30 15:21:24.359211,0 days 00:00:00.075853,0.84532112780016,0.002999018218429035,0.05193694070532278,84,0.4057619439431511,79,ASML.O,COMPLETE,ASML.O
21,227.91963356209422,2025-04-30 15:21:24.367041,2025-04-30 15:21:24.457373,0 days 00:00:00.090332,0.8842014518272932,0.30070165300915946,0.03436303575264248,98,0.34151000468754317,127,ASML.O,COMPLETE,ASML.O
22,228.99736486331133,2025-04-30 15:21:24.464706,2025-04-30 15:21:24.583679,0 days 00:00:00.118973,0.920435701851561,0.3832846103404,0.025509461331682203,93,0.29434201535505256,117,ASML.O,COMPLETE,ASML.O
23,228.28990093818683,2025-04-30 15:21:24.589412,2025-04-30 15:21:24.682048,0 days 00:00:00.092636,0.87073812478897,0.037987717211436754,0.04278985605130112,76,0.38423406999195425,107,ASML.O,COMPLETE,ASML.O
24,227.1571287769339,2025-04-30 15:21:24.687777,2025-04-30 15:21:24.759772,0 days 00:00:00.071995,0.7955038287145647,1.625898996647871,0.06766204841642304,91,0.26947164142635943,128,ASML.O,COMPLETE,ASML.O
25,228.20220952383812,2025-04-30 15:21:24.766754,2025-04-30 15:21:24.867664,0 days 00:00:00.100910,0.7846332335331512,2.036670183680536,0.0935298672963023,65,0.2776105074899853,126,ASML.O,COMPLETE,ASML.O
26,228.23493533099895,2025-04-30 15:21:24.878102,2025-04-30 15:21:24.958457,0 days 00:00:00.080355,0.6806348143830815,0.1551356396138356,0.06657222811153636,92,0.20283650446998275,82,ASML.O,COMPLETE,ASML.O
27,228.8419554303975,2025-04-30 15:21:24.962552,2025-04-30 15:21:25.044643,0 days 00:00:00.082091,0.9198217600680574,2.095299879868644,0.030471752092853403,79,0.3046200139909713,112,ASML.O,COMPLETE,ASML.O
28,228.69644543486683,2025-04-30 15:21:25.053850,2025-04-30 15:21:25.147312,0 days 00:00:00.093462,0.7572212846316363,0.00010830504497081451,0.07796879535885287,38,0.2435839747660186,98,ASML.O,COMPLETE,ASML.O
29,230.86345870675717,2025-04-30 15:21:25.152097,2025-04-30 15:21:25.277100,0 days 00:00:00.125003,0.7167524206972766,1.1269648281116178,0.014294738175663894,60,0.1826941789031207,57,ASML.O,COMPLETE,ASML.O
0,95.56136282439337,2025-04-30 15:21:25.316197,2025-04-30 15:21:25.745351,0 days 00:00:00.429154,0.8843240994414403,0.03506243605609684,0.006029503853013945,60,0.0016366172695223558,107,AVGO.O,COMPLETE,AVGO.O
1,95.30675746915172,2025-04-30 15:21:25.770987,2025-04-30 15:21:25.937097,0 days 00:00:00.166110,0.8363026842346598,0.0005347900112987342,0.041797274054711224,35,0.4106308246215982,87,AVGO.O,COMPLETE,AVGO.O
2,95.4045956479196,2025-04-30 15:21:25.956053,2025-04-30 15:21:26.090796,0 days 00:00:00.134743,0.8710092642304819,0.6168986007940941,0.0289576495909527,100,0.034084960772359174,70,AVGO.O,COMPLETE,AVGO.O
3,95.34581896662698,2025-04-30 15:21:26.114181,2025-04-30 15:21:26.254115,0 days 00:00:00.139934,0.6185458341377261,0.00014187629208631616,0.03140728869671773,59,0.2269654590875511,59,AVGO.O,COMPLETE,AVGO.O
4,95.78989029302777,2025-04-30 15:21:26.262294,2025-04-30 15:21:26.449796,0 days 00:00:00.187502,0.9290248334555382,1.5538526169973552,0.0075969890800474255,87,0.30823535513987943,39,AVGO.O,COMPLETE,AVGO.O
5,95.76760040922834,2025-04-30 15:21:26.461572,2025-04-30 15:21:26.564547,0 days 00:00:00.102975,0.6121807174836864,0.2662458699770638,0.045786877085917076,14,0.3990374577015428,29,AVGO.O,COMPLETE,AVGO.O
6,95.31169653825273,2025-04-30 15:21:26.570141,2025-04-30 15:21:26.764680,0 days 00:00:00.194539,0.8232967869881901,0.0006199919792829131,0.009057809817128693,41,0.09883488066977758,103,AVGO.O,COMPLETE,AVGO.O
7,95.5438223134203,2025-04-30 15:21:26.771127,2025-04-30 15:21:26.833577,0 days 00:00:00.062450,0.771520843193964,1.6257586494666976,0.05366842950254645,97,0.16853612712625787,46,AVGO.O,COMPLETE,AVGO.O
8,95.3901442291528,2025-04-30 15:21:26.840585,2025-04-30 15:21:27.035040,0 days 00:00:00.194455,0.6960346267659842,0.0007311733864644471,0.008133561750665097,43,0.40109803528483157,38,AVGO.O,COMPLETE,AVGO.O
9,95.43343850489828,2025-04-30 15:21:27.043497,2025-04-30 15:21:27.266267,0 days 00:00:00.222770,0.8746710626749732,0.00011716923206964698,0.006085899921911513,38,0.1331314258489132,125,AVGO.O,COMPLETE,AVGO.O
10,94.78203015521888,2025-04-30 15:21:27.273040,2025-04-30 15:21:27.456346,0 days 00:00:00.183306,0.9744187783289726,0.007218793827787199,0.0931101359346104,10,0.4772328321177139,89,AVGO.O,COMPLETE,AVGO.O
11,95.33776884657316,2025-04-30 15:21:27.468517,2025-04-30 15:21:27.662751,0 days 00:00:00.194234,0.9996018376263278,0.007034280822599911,0.09904618868556368,11,0.4911112120502566,92,AVGO.O,COMPLETE,AVGO.O
12,95.12358466923483,2025-04-30 15:21:27.670156,2025-04-30 15:21:27.774522,0 days 00:00:00.104366,0.9961682025451762,0.008879648044404723,0.0949497717357674,25,0.48090017740132635,88,AVGO.O,COMPLETE,AVGO.O
13,95.00245387558746,2025-04-30 15:21:27.784067,2025-04-30 15:21:27.894174,0 days 00:00:00.110107,0.9978170648834744,0.018484473176866814,0.09462791978973234,24,0.49783615121470837,76,AVGO.O,COMPLETE,AVGO.O
14,95.01842520969922,2025-04-30 15:21:27.904611,2025-04-30 15:21:28.167177,0 days 00:00:00.262566,0.9410395767899191,0.07164297487720162,0.01462769220686947,22,0.3229595943615727,70,AVGO.O,COMPLETE,AVGO.O
15,95.25939891124119,2025-04-30 15:21:28.175445,2025-04-30 15:21:28.299532,0 days 00:00:00.124087,0.9476229965998977,0.004904817087416128,0.0697061028953138,71,0.4974075261397042,60,AVGO.O,COMPLETE,AVGO.O
16,95.06878879538885,2025-04-30 15:21:28.306226,2025-04-30 15:21:28.536791,0 days 00:00:00.230565,0.760502193665406,0.1583795010852763,0.016788230610198403,25,0.323861703027661,108,AVGO.O,COMPLETE,AVGO.O
17,95.31890746557397,2025-04-30 15:21:28.547136,2025-04-30 15:21:28.752898,0 days 00:00:00.205762,0.9623501132909679,0.002376216399976749,0.06349713894776915,10,0.4385972059745331,81,AVGO.O,COMPLETE,AVGO.O
18,95.16414107190634,2025-04-30 15:21:28.759246,2025-04-30 15:21:28.872825,0 days 00:00:00.113579,0.9214277916037533,8.19603737236344,0.07334373761098753,27,0.23550543446158168,58,AVGO.O,COMPLETE,AVGO.O
19,95.0726234997784,2025-04-30 15:21:28.880448,2025-04-30 15:21:29.057284,0 days 00:00:00.176836,0.7200234177555276,0.022689579992903247,0.033360132963318086,18,0.34995504587198606,126,AVGO.O,COMPLETE,AVGO.O
20,95.37145398902621,2025-04-30 15:21:29.067278,2025-04-30 15:21:29.215974,0 days 00:00:00.148696,0.9016117597158317,0.020422948757697297,0.02084246064359931,52,0.44761316670376433,99,AVGO.O,COMPLETE,AVGO.O
21,95.11194533182403,2025-04-30 15:21:29.221985,2025-04-30 15:21:29.502033,0 days 00:00:00.280048,0.9755319327259308,0.074826045453936,0.015957679552269764,21,0.2814158625659303,73,AVGO.O,COMPLETE,AVGO.O
22,95.33520564915604,2025-04-30 15:21:29.511319,2025-04-30 15:21:29.755818,0 days 00:00:00.244499,0.950601564708071,0.0620578429812772,0.01278372331434914,28,0.36074862722149004,68,AVGO.O,COMPLETE,AVGO.O
23,95.45242002742991,2025-04-30 15:21:29.763565,2025-04-30 15:21:29.968764,0 days 00:00:00.205199,0.9711304548297464,0.002206921556154256,0.011865942274728923,35,0.44744377705957933,78,AVGO.O,COMPLETE,AVGO.O
24,95.20103735769864,2025-04-30 15:21:29.974218,2025-04-30 15:21:30.084222,0 days 00:00:00.110004,0.913574301810463,0.01330628027294892,0.0837734494198405,49,0.37660500770626015,66,AVGO.O,COMPLETE,AVGO.O
25,95.33352531780737,2025-04-30 15:21:30.090221,2025-04-30 15:21:30.336227,0 days 00:00:00.246006,0.9998398418516211,0.09864791620752228,0.023903952299576214,19,0.19588575327518198,49,AVGO.O,COMPLETE,AVGO.O
26,95.25956157854112,2025-04-30 15:21:30.351410,2025-04-30 15:21:30.458951,0 days 00:00:00.107541,0.9394414989529235,0.0028548027394005547,0.05445764375287533,31,0.287559208389007,81,AVGO.O,COMPLETE,AVGO.O
27,95.06631708579413,2025-04-30 15:21:30.465401,2025-04-30 15:21:30.805352,0 days 00:00:00.339951,0.842055642020923,0.38281119464460545,0.01133035664196746,16,0.4568821526317713,95,AVGO.O,COMPLETE,AVGO.O
28,95.24484915544492,2025-04-30 15:21:30.812326,2025-04-30 15:21:30.918534,0 days 00:00:00.106208,0.9695564590529537,0.03749317857450697,0.038604076937483946,46,0.4125368108439909,115,AVGO.O,COMPLETE,AVGO.O
29,95.69002235415294,2025-04-30 15:21:30.926978,2025-04-30 15:21:31.226323,0 days 00:00:00.299345,0.8957587618491331,0.04017172050770405,0.005087933924517806,74,0.32797528426519096,110,AVGO.O,COMPLETE,AVGO.O
0,97.64740026791839,2025-04-30 15:21:31.269797,2025-04-30 15:21:31.436677,0 days 00:00:00.166880,0.9315744361050879,0.1597554127637152,0.0305701768527844,32,0.05109227193613819,66,CDNS.O,COMPLETE,CDNS.O
1,97.90323344203819,2025-04-30 15:21:31.445644,2025-04-30 15:21:31.580976,0 days 00:00:00.135332,0.6738930225629389,0.05416306614798129,0.014316881676946551,44,0.4825586403248311,97,CDNS.O,COMPLETE,CDNS.O
2,97.64913543069865,2025-04-30 15:21:31.587112,2025-04-30 15:21:31.753113,0 days 00:00:00.166001,0.9769202105428585,0.0009885523386286765,0.02212986619264756,24,0.3569820091929729,113,CDNS.O,COMPLETE,CDNS.O
3,98.21266102838092,2025-04-30 15:21:31.764402,2025-04-30 15:21:31.850079,0 days 00:00:00.085677,0.7162121215412852,0.00017019587201661052,0.030303026254030932,65,0.08823217352295293,71,CDNS.O,COMPLETE,CDNS.O
4,97.6647929846276,2025-04-30 15:21:31.854123,2025-04-30 15:21:31.919235,0 days 00:00:00.065112,0.9766587852684376,0.8269676108469916,0.0662665089280824,33,0.32932564284482835,24,CDNS.O,COMPLETE,CDNS.O
5,98.36978378154927,2025-04-30 15:21:31.926043,2025-04-30 15:21:32.073798,0 days 00:00:00.147755,0.6453753487519821,0.00038613629178279934,0.017824384612417667,29,0.346335279362997,26,CDNS.O,COMPLETE,CDNS.O
6,97.87824827209474,2025-04-30 15:21:32.079622,2025-04-30 15:21:32.197701,0 days 00:00:00.118079,0.6689744469554246,3.3763249884919686,0.031246811966243765,73,0.3542625472068353,68,CDNS.O,COMPLETE,CDNS.O
7,97.99444266516129,2025-04-30 15:21:32.204637,2025-04-30 15:21:32.279887,0 days 00:00:00.075250,0.7496192350013813,0.19024884387513663,0.04113767607180908,46,0.4912876328924291,93,CDNS.O,COMPLETE,CDNS.O
8,98.57831949476272,2025-04-30 15:21:32.284319,2025-04-30 15:21:32.748786,0 days 00:00:00.464467,0.7268588279199815,0.02529076454397578,0.008268092489715422,10,0.4591613697093598,47,CDNS.O,COMPLETE,CDNS.O
9,98.22267857501485,2025-04-30 15:21:32.755583,2025-04-30 15:21:33.408465,0 days 00:00:00.652882,0.7266017552677928,4.467524997315265,0.006629999258295289,11,0.12158898755522402,29,CDNS.O,COMPLETE,CDNS.O
10,97.65549356835288,2025-04-30 15:21:33.419162,2025-04-30 15:21:33.524279,0 days 00:00:00.105117,0.8817988490983086,0.009013573942526928,0.08784296587785972,96,0.0009314462182253569,128,CDNS.O,COMPLETE,CDNS.O
11,97.95162250754622,2025-04-30 15:21:33.532424,2025-04-30 15:21:33.827342,0 days 00:00:00.294918,0.9904539489652321,0.0025474302408796654,0.015442743676597434,28,0.21210261536092556,118,CDNS.O,COMPLETE,CDNS.O
12,98.07779590121254,2025-04-30 15:21:33.833692,2025-04-30 15:21:34.012904,0 days 00:00:00.179212,0.9004731279017995,0.0016592534816809855,0.04979989102194283,24,0.24521450075415946,93,CDNS.O,COMPLETE,CDNS.O
13,97.57307485592771,2025-04-30 15:21:34.018366,2025-04-30 15:21:34.218371,0 days 00:00:00.200005,0.9033988975502069,0.2065814411286967,0.023125890206332576,45,0.1700353448505669,56,CDNS.O,COMPLETE,CDNS.O
