number,value,datetime_start,datetime_complete,duration,params_feature_fraction,params_lambda_l2,params_learning_rate,params_min_data_in_leaf,params_min_gain_to_split,params_num_leaves,user_attrs_Company,state,Company
14,13.0225363325988,2025-04-30 15:21:59.587512,2025-04-30 15:21:59.659143,0 days 00:00:00.071631,0.865416386692423,0.21717916945606183,0.09582986240770054,44,0.19575656992794735,107,GFS.O,COMPLETE,GFS.O
15,13.05664094704092,2025-04-30 15:21:59.663376,2025-04-30 15:21:59.729039,0 days 00:00:00.065663,0.9510155636894566,0.5710253401838941,0.06090837994029247,84,0.06659742534525429,82,GFS.O,COMPLETE,GFS.O
16,13.051880968899791,2025-04-30 15:21:59.735823,2025-04-30 15:21:59.807180,0 days 00:00:00.071357,0.8658379488754511,0.7921845454903391,0.05914733295333062,40,0.10359829290445684,109,GFS.O,COMPLETE,GFS.O
17,13.040909526681114,2025-04-30 15:21:59.811840,2025-04-30 15:21:59.879602,0 days 00:00:00.067762,0.7823638691831153,0.0012645365707659717,0.03281657790297612,51,0.18566520103329218,63,GFS.O,COMPLETE,GFS.O
18,13.018973602164824,2025-04-30 15:21:59.888965,2025-04-30 15:22:00.042940,0 days 00:00:00.153975,0.8289792941879599,0.0860696759467616,0.0950914087952569,10,0.33225144734213163,78,GFS.O,COMPLETE,GFS.O
19,13.0342543908413,2025-04-30 15:22:00.049757,2025-04-30 15:22:00.183576,0 days 00:00:00.133819,0.8257492379143916,0.028509375834180412,0.04788654247248537,10,0.35607936775496696,50,GFS.O,COMPLETE,GFS.O
20,13.050288156905255,2025-04-30 15:22:00.191587,2025-04-30 15:22:00.282335,0 days 00:00:00.090748,0.689147573966064,0.0010233950174543987,0.022765123150338178,30,0.3432644721963983,82,GFS.O,COMPLETE,GFS.O
21,13.018325173129188,2025-04-30 15:22:00.287236,2025-04-30 15:22:00.389946,0 days 00:00:00.102710,0.8887312995788382,0.10778213343345423,0.09807926572211668,14,0.22638601829777427,116,GFS.O,COMPLETE,GFS.O
22,13.018796911597263,2025-04-30 15:22:00.397935,2025-04-30 15:22:00.499529,0 days 00:00:00.101594,0.8994249595702056,0.06396022081701691,0.07209696430704177,19,0.3270177825401189,116,GFS.O,COMPLETE,GFS.O
23,13.042334381369852,2025-04-30 15:22:00.504468,2025-04-30 15:22:00.601018,0 days 00:00:00.096550,0.9075608973335247,0.08045033926399586,0.06838993415051224,18,0.32110696779232606,78,GFS.O,COMPLETE,GFS.O
24,13.05490374650706,2025-04-30 15:22:00.608182,2025-04-30 15:22:00.709653,0 days 00:00:00.101471,0.973972433271182,1.548288837948581,0.07578530649656057,16,0.424493139076366,114,GFS.O,COMPLETE,GFS.O
25,13.03213981288287,2025-04-30 15:22:00.716248,2025-04-30 15:22:00.827928,0 days 00:00:00.111680,0.9038390764043449,0.0791877893818256,0.0979599493135941,14,0.2352764417096906,100,GFS.O,COMPLETE,GFS.O
26,13.061911115185733,2025-04-30 15:22:00.835590,2025-04-30 15:22:00.919389,0 days 00:00:00.083799,0.8391682783464682,0.014898857912933225,0.06855875954609437,35,0.39459501887696175,119,GFS.O,COMPLETE,GFS.O
27,13.023281419987967,2025-04-30 15:22:00.923682,2025-04-30 15:22:01.028834,0 days 00:00:00.105152,0.7863494377688793,0.1876773876732142,0.09798989066335667,17,0.3121923784172829,21,GFS.O,COMPLETE,GFS.O
28,12.99099007489848,2025-04-30 15:22:01.037166,2025-04-30 15:22:01.130952,0 days 00:00:00.093786,0.8973016976519729,0.49460728246433944,0.03630371462911618,27,0.2365102419168763,89,GFS.O,COMPLETE,GFS.O
29,13.052960794871414,2025-04-30 15:22:01.135790,2025-04-30 15:22:01.224382,0 days 00:00:00.088592,0.9004636968847805,1.3029860457034295,0.03191670023660853,25,0.23421106912603487,90,GFS.O,COMPLETE,GFS.O
0,49.02970899875832,2025-04-30 15:22:01.282009,2025-04-30 15:22:01.558804,0 days 00:00:00.276795,0.8454368270087695,0.013476735693024103,0.02210507466830574,23,0.15133922781690212,87,GOOG.O,COMPLETE,GOOG.O
1,49.05584044219375,2025-04-30 15:22:01.567562,2025-04-30 15:22:01.714233,0 days 00:00:00.146671,0.6619163583342974,9.347431916833798,0.027260112018833587,36,0.43881061837423035,67,GOOG.O,COMPLETE,GOOG.O
2,49.1129172954354,2025-04-30 15:22:01.720685,2025-04-30 15:22:01.802655,0 days 00:00:00.081970,0.7428385181654285,0.0013866465002830603,0.0400653246426263,61,0.027934182025780296,51,GOOG.O,COMPLETE,GOOG.O
3,49.186131350854666,2025-04-30 15:22:01.811626,2025-04-30 15:22:02.135211,0 days 00:00:00.323585,0.757692415325573,1.6387625669581605,0.01626536987237528,15,0.10827625901850474,110,GOOG.O,COMPLETE,GOOG.O
4,48.88707565046528,2025-04-30 15:22:02.143880,2025-04-30 15:22:02.399391,0 days 00:00:00.255511,0.6082739867086541,1.2098484506762484,0.015223941301533586,27,0.3750975232716685,98,GOOG.O,COMPLETE,GOOG.O
5,48.91029789912405,2025-04-30 15:22:02.409663,2025-04-30 15:22:02.569131,0 days 00:00:00.159468,0.615632818290517,3.0473223652490375,0.021075064180944177,40,0.20310262900105291,23,GOOG.O,COMPLETE,GOOG.O
6,49.01178038391235,2025-04-30 15:22:02.577432,2025-04-30 15:22:02.839921,0 days 00:00:00.262489,0.7906556865598395,0.3139700936005791,0.008130943267822899,47,0.4324841737988097,127,GOOG.O,COMPLETE,GOOG.O
7,48.84658189567646,2025-04-30 15:22:02.845450,2025-04-30 15:22:02.934576,0 days 00:00:00.089126,0.688813667758698,0.0001062770854939687,0.04312358152213142,26,0.4651561294485198,52,GOOG.O,COMPLETE,GOOG.O
8,48.84627081999366,2025-04-30 15:22:02.941343,2025-04-30 15:22:03.084666,0 days 00:00:00.143323,0.6655120382381506,0.010335966553580878,0.02178809520344904,32,0.3715456779855252,57,GOOG.O,COMPLETE,GOOG.O
9,49.141992087283825,2025-04-30 15:22:03.096265,2025-04-30 15:22:03.199382,0 days 00:00:00.103117,0.6340984735101167,0.00019424623520173745,0.0937359382547765,22,0.30049553715146626,110,GOOG.O,COMPLETE,GOOG.O
10,48.964073149634196,2025-04-30 15:22:03.206966,2025-04-30 15:22:03.520475,0 days 00:00:00.313509,0.9783671073474246,0.030018675639953543,0.005054742530771386,89,0.2968979975833729,22,GOOG.O,COMPLETE,GOOG.O
11,49.0702661700404,2025-04-30 15:22:03.527790,2025-04-30 15:22:03.627328,0 days 00:00:00.099538,0.7023456914482672,0.0001634433242384367,0.05963262755128946,57,0.4911787019306016,50,GOOG.O,COMPLETE,GOOG.O
12,49.335863712541226,2025-04-30 15:22:03.632978,2025-04-30 15:22:03.817558,0 days 00:00:00.184580,0.8943934473036159,0.0017899749518520177,0.041312647417500084,10,0.36457762248141995,52,GOOG.O,COMPLETE,GOOG.O
13,48.94746989435486,2025-04-30 15:22:03.827978,2025-04-30 15:22:03.948346,0 days 00:00:00.120368,0.6913279073837407,0.003021722825364482,0.03997878778744683,72,0.4992508859828919,70,GOOG.O,COMPLETE,GOOG.O
14,49.004908213725884,2025-04-30 15:22:03.953520,2025-04-30 15:22:04.300429,0 days 00:00:00.346909,0.7154411127035988,0.17067480700491194,0.009824189550363622,35,0.3686885317284886,38,GOOG.O,COMPLETE,GOOG.O
15,48.768395127832065,2025-04-30 15:22:04.312829,2025-04-30 15:22:04.441070,0 days 00:00:00.128241,0.8193455814239794,0.0004629623527951406,0.0688504259168358,47,0.25955398725269235,80,GOOG.O,COMPLETE,GOOG.O
16,48.998257081098,2025-04-30 15:22:04.447273,2025-04-30 15:22:04.566184,0 days 00:00:00.118911,0.8441286116437476,0.006371327911064094,0.06355831598464338,71,0.2474963965584832,86,GOOG.O,COMPLETE,GOOG.O
17,48.89694074119523,2025-04-30 15:22:04.571876,2025-04-30 15:22:04.691876,0 days 00:00:00.120000,0.9334568473956055,0.0005512660017857369,0.09804418117688549,48,0.2914599862475311,80,GOOG.O,COMPLETE,GOOG.O
18,48.99459794471571,2025-04-30 15:22:04.700222,2025-04-30 15:22:04.831004,0 days 00:00:00.130782,0.8351548809527437,0.0704916852252243,0.02826414319929741,100,0.21731027025413352,67,GOOG.O,COMPLETE,GOOG.O
19,49.13442601669735,2025-04-30 15:22:04.836686,2025-04-30 15:22:05.100007,0 days 00:00:00.263321,0.7912144586788336,0.0006865735940056891,0.012098289307231056,63,0.15965137518446107,99,GOOG.O,COMPLETE,GOOG.O
20,48.98933017166632,2025-04-30 15:22:05.108031,2025-04-30 15:22:05.229269,0 days 00:00:00.121238,0.878023168223462,0.008722156556972756,0.06518943005547966,45,0.32974186445202747,61,GOOG.O,COMPLETE,GOOG.O
21,48.90253022066285,2025-04-30 15:22:05.234776,2025-04-30 15:22:05.360027,0 days 00:00:00.125251,0.6730072568409835,0.00012670835032055025,0.049170686441579375,30,0.4338159914159443,37,GOOG.O,COMPLETE,GOOG.O
22,49.298193731878584,2025-04-30 15:22:05.366849,2025-04-30 15:22:05.702752,0 days 00:00:00.335903,0.7467080760300769,0.0005401770199778506,0.030803652269685913,18,0.4078265561126324,38,GOOG.O,COMPLETE,GOOG.O
23,49.03010562261022,2025-04-30 15:22:05.710883,2025-04-30 15:22:05.848795,0 days 00:00:00.137912,0.6636644990098164,0.000392589978547983,0.07623401282202957,31,0.4633006776127611,58,GOOG.O,COMPLETE,GOOG.O
24,48.884584612597784,2025-04-30 15:22:05.857482,2025-04-30 15:22:06.009175,0 days 00:00:00.151693,0.7256473396850298,0.0028621852587915647,0.049570674955897155,41,0.3390935356149769,78,GOOG.O,COMPLETE,GOOG.O
25,48.955696335725314,2025-04-30 15:22:06.020944,2025-04-30 15:22:06.191826,0 days 00:00:00.170882,0.7719564129636586,0.00010574966862861891,0.0367190499262685,49,0.3993378302716991,60,GOOG.O,COMPLETE,GOOG.O
26,48.996490052752655,2025-04-30 15:22:06.199282,2025-04-30 15:22:06.421748,0 days 00:00:00.222466,0.6337271451312566,0.028338836714192135,0.01869103949387115,53,0.2610171761733249,30,GOOG.O,COMPLETE,GOOG.O
27,48.86508702253079,2025-04-30 15:22:06.427943,2025-04-30 15:22:06.585360,0 days 00:00:00.157417,0.8161126808446041,0.00034318410509270625,0.05177030211445069,37,0.46331773499855994,47,GOOG.O,COMPLETE,GOOG.O
28,48.95346590250694,2025-04-30 15:22:06.589945,2025-04-30 15:22:06.706561,0 days 00:00:00.116616,0.8789244381860337,0.0013110586683063197,0.07669678038306128,26,0.33444362791195176,74,GOOG.O,COMPLETE,GOOG.O
29,49.138978119061726,2025-04-30 15:22:06.711861,2025-04-30 15:22:06.847071,0 days 00:00:00.135210,0.8101402218226056,0.012249463420907433,0.027431823914404525,19,0.14587070854650802,90,GOOG.O,COMPLETE,GOOG.O
0,48.37089972440231,2025-04-30 15:22:06.891645,2025-04-30 15:22:06.945551,0 days 00:00:00.053906,0.9038073316253536,5.280104195122967,0.09644317992333995,79,0.3758873522144863,28,GOOGL.O,COMPLETE,GOOGL.O
1,48.52472419353601,2025-04-30 15:22:06.952119,2025-04-30 15:22:07.128170,0 days 00:00:00.176051,0.9602795153047459,0.0035296935906592337,0.021435081913091805,66,0.4683727835978141,69,GOOGL.O,COMPLETE,GOOGL.O
2,48.38390501691052,2025-04-30 15:22:07.139015,2025-04-30 15:22:07.316553,0 days 00:00:00.177538,0.7599332228645329,0.0007202158274565523,0.007896865277634425,78,0.25674612474013164,109,GOOGL.O,COMPLETE,GOOGL.O
3,48.39496586824757,2025-04-30 15:22:07.324796,2025-04-30 15:22:07.584498,0 days 00:00:00.259702,0.889233823065964,0.00621788070187184,0.011911669769218095,30,0.4268539985441107,78,GOOGL.O,COMPLETE,GOOGL.O
4,48.72122574484485,2025-04-30 15:22:07.594090,2025-04-30 15:22:07.694858,0 days 00:00:00.100768,0.9434938500164305,0.3779139079749225,0.09220701835646992,16,0.2574312457639218,52,GOOGL.O,COMPLETE,GOOGL.O
5,48.379300459887745,2025-04-30 15:22:07.700653,2025-04-30 15:22:07.862945,0 days 00:00:00.162292,0.7669082576133853,1.143354406825351,0.010282414943234867,83,0.1753486541582372,48,GOOGL.O,COMPLETE,GOOGL.O
6,48.450785943924444,2025-04-30 15:22:07.871185,2025-04-30 15:22:08.111553,0 days 00:00:00.240368,0.7180538399882317,0.029577686709918772,0.0053706820271922084,80,0.05828472331516127,53,GOOGL.O,COMPLETE,GOOGL.O
7,48.387752130677406,2025-04-30 15:22:08.118670,2025-04-30 15:22:08.220844,0 days 00:00:00.102174,0.6594928126628942,6.752362286625328,0.033666124090796896,31,0.11847548055476081,48,GOOGL.O,COMPLETE,GOOGL.O
8,48.38762378918022,2025-04-30 15:22:08.227089,2025-04-30 15:22:08.398376,0 days 00:00:00.171287,0.8191878466382247,0.009780832203164195,0.006292270175256404,86,0.39510804102159786,55,GOOGL.O,COMPLETE,GOOGL.O
9,48.3594535569733,2025-04-30 15:22:08.405906,2025-04-30 15:22:08.566971,0 days 00:00:00.161065,0.689790562004028,0.001036926713030936,0.01149993589314372,36,0.2917190562686945,49,GOOGL.O,COMPLETE,GOOGL.O
10,48.46693995943875,2025-04-30 15:22:08.575345,2025-04-30 15:22:08.725900,0 days 00:00:00.150555,0.628249653771371,0.00017126829710221105,0.020272860966746117,46,0.3248973257426555,20,GOOGL.O,COMPLETE,GOOGL.O
11,48.326211691366616,2025-04-30 15:22:08.731193,2025-04-30 15:22:08.822569,0 days 00:00:00.091376,0.8546466909081388,0.35870589284539706,0.09176569023812989,57,0.34724278820402865,20,GOOGL.O,COMPLETE,GOOGL.O
12,48.468645038957604,2025-04-30 15:22:08.827133,2025-04-30 15:22:08.929210,0 days 00:00:00.102077,0.8422846856640088,0.23193688894727402,0.04598604472967395,54,0.3219707821439047,32,GOOGL.O,COMPLETE,GOOGL.O
13,48.47436390279225,2025-04-30 15:22:08.935912,2025-04-30 15:22:09.116867,0 days 00:00:00.180955,0.6958044862323548,0.08083807610015237,0.01466084764855334,38,0.21251099167030674,80,GOOGL.O,COMPLETE,GOOGL.O
14,48.39534402265249,2025-04-30 15:22:09.122890,2025-04-30 15:22:09.208044,0 days 00:00:00.085154,0.9984041571247999,0.0008220879570545424,0.04904089697903879,99,0.3266749773860338,102,GOOGL.O,COMPLETE,GOOGL.O
15,48.4871980967441,2025-04-30 15:22:09.212141,2025-04-30 15:22:09.308128,0 days 00:00:00.095987,0.7660507143421863,0.00014331964474191523,0.05239571281901845,62,0.4936775280136543,33,GOOGL.O,COMPLETE,GOOGL.O
16,48.420973902335255,2025-04-30 15:22:09.318105,2025-04-30 15:22:09.464612,0 days 00:00:00.146507,0.8698499886097989,0.03609181758162723,0.02911814957217077,23,0.2929435854236631,68,GOOGL.O,COMPLETE,GOOGL.O
17,48.457909125872874,2025-04-30 15:22:09.470203,2025-04-30 15:22:09.610060,0 days 00:00:00.139857,0.7034284531463937,0.7574857763348883,0.015695793482324305,51,0.16332848592308935,36,GOOGL.O,COMPLETE,GOOGL.O
18,48.820140939408404,2025-04-30 15:22:09.615530,2025-04-30 15:22:09.783233,0 days 00:00:00.167703,0.6125821436162876,0.0011425076639475953,0.06378945132723408,10,0.39112191901370386,123,GOOGL.O,COMPLETE,GOOGL.O
19,48.4819808870095,2025-04-30 15:22:09.791694,2025-04-30 15:22:09.895992,0 days 00:00:00.104298,0.7904327686072886,0.07459755960542995,0.03087347068727175,64,0.0020735210603521903,21,GOOGL.O,COMPLETE,GOOGL.O
20,48.30056966796614,2025-04-30 15:22:09.902623,2025-04-30 15:22:10.113634,0 days 00:00:00.211011,0.8443086895679115,0.01409100828193681,0.008982816747512876,41,0.2197650228487218,91,GOOGL.O,COMPLETE,GOOGL.O
21,48.32457771439298,2025-04-30 15:22:10.121037,2025-04-30 15:22:10.311049,0 days 00:00:00.190012,0.828848449186745,0.015227736704217927,0.008472517727171414,42,0.21516845671288307,93,GOOGL.O,COMPLETE,GOOGL.O
22,48.33684135492954,2025-04-30 15:22:10.317660,2025-04-30 15:22:10.529697,0 days 00:00:00.212037,0.8367089908263727,0.011765230019620222,0.007716198584429967,45,0.2069902554582836,93,GOOGL.O,COMPLETE,GOOGL.O
23,48.11433858458985,2025-04-30 15:22:10.540325,2025-04-30 15:22:10.770665,0 days 00:00:00.230340,0.918322480928164,0.128005220715515,0.009087586461978372,43,0.10767116742848601,88,GOOGL.O,COMPLETE,GOOGL.O
24,48.18555286031075,2025-04-30 15:22:10.777079,2025-04-30 15:22:11.002026,0 days 00:00:00.224947,0.9412021298866871,0.02829309116897885,0.008484321108964405,42,0.11211061193745414,88,GOOGL.O,COMPLETE,GOOGL.O
25,48.43194848315596,2025-04-30 15:22:11.010145,2025-04-30 15:22:11.403558,0 days 00:00:00.393413,0.925304727759034,0.11383050531088813,0.005433930777390163,25,0.1058105728105182,88,GOOGL.O,COMPLETE,GOOGL.O
26,48.37731890594914,2025-04-30 15:22:11.410834,2025-04-30 15:22:11.590685,0 days 00:00:00.179851,0.9934863477403517,0.003531167761809202,0.014741746414467953,50,0.09989772337725344,108,GOOGL.O,COMPLETE,GOOGL.O
27,48.336516629488216,2025-04-30 15:22:11.597554,2025-04-30 15:22:11.854457,0 days 00:00:00.256903,0.9057814715182666,0.0323067744671852,0.009508484248302453,37,0.037369342853873,122,GOOGL.O,COMPLETE,GOOGL.O
28,48.457917387793756,2025-04-30 15:22:11.862028,2025-04-30 15:22:12.167766,0 days 00:00:00.305738,0.967006308815457,0.12812212868824102,0.007118015636550747,25,0.1583601440712109,87,GOOGL.O,COMPLETE,GOOGL.O
29,48.41529737853771,2025-04-30 15:22:12.179936,2025-04-30 15:22:12.368084,0 days 00:00:00.188148,0.8916375199639561,2.798114131203611,0.017864957047136594,71,0.07532702771115432,102,GOOGL.O,COMPLETE,GOOGL.O
0,16.84249505178343,2025-04-30 15:22:12.405478,2025-04-30 15:22:12.433579,0 days 00:00:00.028101,0.6715026768943341,9.075432576921076,0.07128446564544308,63,0.3968838530371826,87,INTC.O,COMPLETE,INTC.O
1,16.786739318857762,2025-04-30 15:22:12.438340,2025-04-30 15:22:12.500548,0 days 00:00:00.062208,0.8862998875355332,1.5535551157916825,0.011116417650911096,33,0.28016414714552684,94,INTC.O,COMPLETE,INTC.O
2,16.823780319125948,2025-04-30 15:22:12.509273,2025-04-30 15:22:12.542788,0 days 00:00:00.033515,0.9734140000047043,0.44186191968673894,0.028341392422086924,85,0.3810682753304454,33,INTC.O,COMPLETE,INTC.O
3,16.8869440064142,2025-04-30 15:22:12.549956,2025-04-30 15:22:12.611430,0 days 00:00:00.061474,0.608772886127921,0.0015666774765854387,0.08275952046649006,22,0.2130339733763877,125,INTC.O,COMPLETE,INTC.O
4,16.889749714218183,2025-04-30 15:22:12.618690,2025-04-30 15:22:12.678862,0 days 00:00:00.060172,0.7078461719352295,1.5323665947162046,0.07196343241948763,17,0.1445753580010266,50,INTC.O,COMPLETE,INTC.O
5,16.832516650202976,2025-04-30 15:22:12.683439,2025-04-30 15:22:12.744075,0 days 00:00:00.060636,0.8718240042793419,0.007330437793227072,0.013507550331858336,15,0.11377682841066894,49,INTC.O,COMPLETE,INTC.O
6,16.818584074063754,2025-04-30 15:22:12.751619,2025-04-30 15:22:12.818874,0 days 00:00:00.067255,0.8760131055674811,0.005248074911750984,0.006143950980634442,21,0.17543030601516957,62,INTC.O,COMPLETE,INTC.O
7,16.82812782551682,2025-04-30 15:22:12.824597,2025-04-30 15:22:12.856818,0 days 00:00:00.032221,0.7067093289154627,0.0029282577821632167,0.025878914080415934,89,0.22165174758557998,86,INTC.O,COMPLETE,INTC.O
8,16.800164999046284,2025-04-30 15:22:12.863004,2025-04-30 15:22:12.925239,0 days 00:00:00.062235,0.9086272194614159,0.8142811941462009,0.013787895016844647,29,0.40296386571002124,44,INTC.O,COMPLETE,INTC.O
9,16.794175789834807,2025-04-30 15:22:12.929871,2025-04-30 15:22:12.981070,0 days 00:00:00.051199,0.9143355087433771,0.00024508032191458657,0.020047701809718318,29,0.143339817137838,86,INTC.O,COMPLETE,INTC.O
10,16.815410528427133,2025-04-30 15:22:12.989482,2025-04-30 15:22:13.068670,0 days 00:00:00.079188,0.7880940269105441,0.054789650182609805,0.005531155508726083,55,0.011183539608218218,120,INTC.O,COMPLETE,INTC.O
11,16.818251956286357,2025-04-30 15:22:13.074359,2025-04-30 15:22:13.153342,0 days 00:00:00.078983,0.9804682379804559,0.00018218093564879005,0.012697599888635865,46,0.3045563960509912,100,INTC.O,COMPLETE,INTC.O
12,16.849446385483695,2025-04-30 15:22:13.162713,2025-04-30 15:22:13.253009,0 days 00:00:00.090296,0.8025849085421448,0.00012212845925599458,0.03822137135341618,42,0.4895051964242575,104,INTC.O,COMPLETE,INTC.O
13,16.785086702482864,2025-04-30 15:22:13.258513,2025-04-30 15:22:13.355307,0 days 00:00:00.096794,0.820128097453913,0.12305189499534865,0.008324238548750697,34,0.28555449452034315,73,INTC.O,COMPLETE,INTC.O
14,16.81776796463223,2025-04-30 15:22:13.363989,2025-04-30 15:22:13.436926,0 days 00:00:00.072937,0.8028801811789774,0.09980955351246469,0.008009903829144788,69,0.29618525603979573,71,INTC.O,COMPLETE,INTC.O
15,16.819128747255093,2025-04-30 15:22:13.441784,2025-04-30 15:22:13.527323,0 days 00:00:00.085539,0.8452500545502788,4.978747726541955,0.009194364386761735,39,0.30030646322479504,106,INTC.O,COMPLETE,INTC.O
16,16.793744116581376,2025-04-30 15:22:13.534838,2025-04-30 15:22:13.637888,0 days 00:00:00.103050,0.762123382339445,0.1707588234171314,0.009040960520369805,33,0.34612952479383374,67,INTC.O,COMPLETE,INTC.O
17,16.814410164702156,2025-04-30 15:22:13.642712,2025-04-30 15:22:13.716180,0 days 00:00:00.073468,0.9337866463241751,0.017063239620819515,0.016387639842140034,52,0.4753896799571231,23,INTC.O,COMPLETE,INTC.O
18,16.817631416943705,2025-04-30 15:22:13.723160,2025-04-30 15:22:13.842299,0 days 00:00:00.119139,0.8462457088672882,1.7688756300680062,0.0072684428078444874,10,0.2494515535050835,80,INTC.O,COMPLETE,INTC.O
19,16.838549969570213,2025-04-30 15:22:13.846932,2025-04-30 15:22:13.929395,0 days 00:00:00.082463,0.7510791019977557,0.20776844599758862,0.04221207749701548,73,0.06364365855774595,97,INTC.O,COMPLETE,INTC.O
20,16.811728549062593,2025-04-30 15:22:13.937102,2025-04-30 15:22:14.021057,0 days 00:00:00.083955,0.9447489690198663,0.02463317898040783,0.009005463135950171,37,0.3356682383200868,114,INTC.O,COMPLETE,INTC.O
21,16.790057744050692,2025-04-30 15:22:14.025097,2025-04-30 15:22:14.134912,0 days 00:00:00.109815,0.8307677221185931,0.24374057335523577,0.010168568682910413,33,0.3561076750006392,68,INTC.O,COMPLETE,INTC.O
22,16.820299700659437,2025-04-30 15:22:14.142917,2025-04-30 15:22:14.224608,0 days 00:00:00.081691,0.8350567698483541,0.4010976070206799,0.010252008717750363,48,0.4345176665568353,58,INTC.O,COMPLETE,INTC.O
23,16.810052227777383,2025-04-30 15:22:14.228987,2025-04-30 15:22:14.323299,0 days 00:00:00.094312,0.8786584324621547,0.09903637459603576,0.018070562725455753,27,0.27120457615477156,77,INTC.O,COMPLETE,INTC.O
24,16.819190497861168,2025-04-30 15:22:14.330994,2025-04-30 15:22:14.404404,0 days 00:00:00.073410,0.8252288637882892,2.331567635542283,0.011230974340484614,60,0.3297687585189445,94,INTC.O,COMPLETE,INTC.O
25,16.816095489949838,2025-04-30 15:22:14.409353,2025-04-30 15:22:14.481485,0 days 00:00:00.072132,0.7644996686135602,0.5571189466999518,0.0051616752448588685,100,0.24467300058801147,72,INTC.O,COMPLETE,INTC.O
26,16.813090360344372,2025-04-30 15:22:14.488952,2025-04-30 15:22:14.582204,0 days 00:00:00.093252,0.8886432525842866,0.052863575055599146,0.014652403108418222,36,0.3635521300365585,61,INTC.O,COMPLETE,INTC.O
27,16.81934735031628,2025-04-30 15:22:14.587214,2025-04-30 15:22:14.666587,0 days 00:00:00.079373,0.8143353200961169,0.22683632988126862,0.006750036692349515,44,0.4338012250773514,111,INTC.O,COMPLETE,INTC.O
28,16.78659077634445,2025-04-30 15:22:14.673823,2025-04-30 15:22:14.787668,0 days 00:00:00.113845,0.8564314003331729,1.2432447760491503,0.011194845004446563,31,0.21219138915132862,92,INTC.O,COMPLETE,INTC.O
