number,value,datetime_start,datetime_complete,duration,params_feature_fraction,params_lambda_l2,params_learning_rate,params_min_data_in_leaf,params_min_gain_to_split,params_num_leaves,user_attrs_Company,state,Company
29,73.08643043842791,2025-04-30 15:23:33.411722,2025-04-30 15:23:33.716407,0 days 00:00:00.304685,0.6695234332419979,0.8801626890998484,0.008090460530361755,85,0.42845937347804275,118,PANW.O,COMPLETE,PANW.O
0,35.461529251399156,2025-04-30 15:23:33.751783,2025-04-30 15:23:33.849969,0 days 00:00:00.098186,0.9405427250253189,0.0008051499896978149,0.019413914941069397,65,0.2500813994603423,58,PDD.O,COMPLETE,PDD.O
1,35.40874615168728,2025-04-30 15:23:33.859447,2025-04-30 15:23:33.920281,0 days 00:00:00.060834,0.8610759153945768,0.0002732927237367786,0.04784389161459228,95,0.2611886468516891,117,PDD.O,COMPLETE,PDD.O
2,35.72818711998536,2025-04-30 15:23:33.924679,2025-04-30 15:23:33.990919,0 days 00:00:00.066240,0.9525959452082674,0.001269984422014768,0.07755572023275212,29,0.23389322974815246,76,PDD.O,COMPLETE,PDD.O
3,35.210552057627936,2025-04-30 15:23:34.001312,2025-04-30 15:23:34.041556,0 days 00:00:00.040244,0.810019413005431,7.52542280409364,0.057190761922738004,71,0.32460376399155294,64,PDD.O,COMPLETE,PDD.O
4,35.50222639815428,2025-04-30 15:23:34.046380,2025-04-30 15:23:34.083036,0 days 00:00:00.036656,0.8099606182183685,0.006199044969863754,0.04442778960287779,80,0.06643422436756174,37,PDD.O,COMPLETE,PDD.O
5,34.90154697704164,2025-04-30 15:23:34.088454,2025-04-30 15:23:34.152397,0 days 00:00:00.063943,0.8977432965498015,0.007130906028705555,0.04552901274351785,44,0.23317813976282137,127,PDD.O,COMPLETE,PDD.O
6,35.39078744193537,2025-04-30 15:23:34.160412,2025-04-30 15:23:34.335095,0 days 00:00:00.174683,0.6173852264122086,5.73844908655843,0.00812355846820317,45,0.16123213065728287,39,PDD.O,COMPLETE,PDD.O
7,35.15680478718618,2025-04-30 15:23:34.344403,2025-04-30 15:23:34.431235,0 days 00:00:00.086832,0.8822866918808314,0.4197896446292536,0.023217426977297166,36,0.3732445063547474,113,PDD.O,COMPLETE,PDD.O
8,35.83292561147458,2025-04-30 15:23:34.442266,2025-04-30 15:23:34.680540,0 days 00:00:00.238274,0.6139867600567078,0.9810627426324944,0.007026463224306714,21,0.486306163634537,60,PDD.O,COMPLETE,PDD.O
9,35.27762487672905,2025-04-30 15:23:34.687984,2025-04-30 15:23:34.816617,0 days 00:00:00.128633,0.601122169241481,3.200755869038781,0.007896377474496308,82,0.02251423651844925,93,PDD.O,COMPLETE,PDD.O
10,35.77000561531879,2025-04-30 15:23:34.827314,2025-04-30 15:23:35.021183,0 days 00:00:00.193869,0.7119824794086416,0.06228591368510308,0.024233349226555324,13,0.11493347994034753,127,PDD.O,COMPLETE,PDD.O
11,35.33205950324623,2025-04-30 15:23:35.026511,2025-04-30 15:23:35.158061,0 days 00:00:00.131550,0.8805332994718646,0.1288817946074376,0.02359506688792257,40,0.43127231823870066,108,PDD.O,COMPLETE,PDD.O
12,35.266065553824276,2025-04-30 15:23:35.165226,2025-04-30 15:23:35.326890,0 days 00:00:00.161664,0.8779672906271413,0.3802602632806609,0.014838844751889802,51,0.35903318864621697,100,PDD.O,COMPLETE,PDD.O
13,35.690535476049014,2025-04-30 15:23:35.334886,2025-04-30 15:23:35.483323,0 days 00:00:00.148437,0.9948407471892499,0.012601073083661485,0.03590338052122012,34,0.3580376786299442,128,PDD.O,COMPLETE,PDD.O
14,34.70302714003305,2025-04-30 15:23:35.495431,2025-04-30 15:23:35.617168,0 days 00:00:00.121737,0.7352046096639271,0.006983230248602909,0.0905317003988136,59,0.20187667834744333,87,PDD.O,COMPLETE,PDD.O
15,34.70252510512344,2025-04-30 15:23:35.624808,2025-04-30 15:23:35.726471,0 days 00:00:00.101663,0.7354892212812737,0.00531857167937421,0.0931558056091356,57,0.17012021619970927,84,PDD.O,COMPLETE,PDD.O
16,34.88792673510514,2025-04-30 15:23:35.736773,2025-04-30 15:23:35.863709,0 days 00:00:00.126936,0.7220332637875448,0.0020436930518764117,0.07780213527871986,60,0.1765652354673524,83,PDD.O,COMPLETE,PDD.O
17,34.64048093265031,2025-04-30 15:23:35.869518,2025-04-30 15:23:35.971933,0 days 00:00:00.102415,0.7207103292777858,0.024259051448553094,0.09560699031953762,55,0.1652408403418311,88,PDD.O,COMPLETE,PDD.O
18,34.8789241928426,2025-04-30 15:23:35.978014,2025-04-30 15:23:36.080322,0 days 00:00:00.102308,0.6759222824032685,0.029172803496212985,0.09854440902925056,73,0.10256218638862358,47,PDD.O,COMPLETE,PDD.O
19,34.66143424617804,2025-04-30 15:23:36.088493,2025-04-30 15:23:36.200929,0 days 00:00:00.112436,0.7794165669235614,0.025862567028615235,0.065355047939722,52,0.11610544963935542,72,PDD.O,COMPLETE,PDD.O
20,34.96450149883107,2025-04-30 15:23:36.210883,2025-04-30 15:23:36.328816,0 days 00:00:00.117933,0.7775481309744239,0.0001240490762757139,0.06616905997505022,51,0.005446898527387667,25,PDD.O,COMPLETE,PDD.O
21,34.559644174762646,2025-04-30 15:23:36.337533,2025-04-30 15:23:36.446881,0 days 00:00:00.109348,0.7694009767601411,0.02985235034789603,0.09880808561166825,56,0.13821052432539105,73,PDD.O,COMPLETE,PDD.O
22,35.38001219031724,2025-04-30 15:23:36.457211,2025-04-30 15:23:36.554929,0 days 00:00:00.097718,0.7780052059915351,0.06722394013417804,0.06279816950960233,66,0.12515424265249742,70,PDD.O,COMPLETE,PDD.O
23,34.93119758508577,2025-04-30 15:23:36.565204,2025-04-30 15:23:36.680292,0 days 00:00:00.115088,0.6683973613558182,0.02233129216917352,0.03673296779545052,50,0.08408117756374955,76,PDD.O,COMPLETE,PDD.O
24,35.31240750105429,2025-04-30 15:23:36.690551,2025-04-30 15:23:36.806405,0 days 00:00:00.115854,0.7741127545881976,0.18051300139471516,0.06957520991677431,29,0.03977332600843558,53,PDD.O,COMPLETE,PDD.O
25,35.55425287931408,2025-04-30 15:23:36.814853,2025-04-30 15:23:37.066610,0 days 00:00:00.251757,0.8426178002531894,0.05852721040920666,0.005012206112557478,81,0.13160325336203768,98,PDD.O,COMPLETE,PDD.O
26,35.209500106390905,2025-04-30 15:23:37.076092,2025-04-30 15:23:37.156503,0 days 00:00:00.080411,0.6784911353909283,0.0026522055758380608,0.09943792038291178,64,0.2824702847527579,69,PDD.O,COMPLETE,PDD.O
27,35.17065127768035,2025-04-30 15:23:37.161361,2025-04-30 15:23:37.273660,0 days 00:00:00.112299,0.758143699857452,0.021394684443923413,0.03334248745718024,92,0.06175794886643586,79,PDD.O,COMPLETE,PDD.O
28,35.00619844265206,2025-04-30 15:23:37.281069,2025-04-30 15:23:37.380425,0 days 00:00:00.099356,0.8300208975309966,0.16593791556959986,0.05471740959876245,46,0.20010291813349265,90,PDD.O,COMPLETE,PDD.O
29,35.25625468838496,2025-04-30 15:23:37.387259,2025-04-30 15:23:37.507765,0 days 00:00:00.120506,0.7071529963141883,0.013677986357708416,0.013008562383124455,72,0.14063260531735272,65,PDD.O,COMPLETE,PDD.O
0,26.448113376249037,2025-04-30 15:23:37.556820,2025-04-30 15:23:37.688077,0 days 00:00:00.131257,0.9633134960210752,1.532888475403255,0.01210621266084478,41,0.23677088345220487,111,PLTR.O,COMPLETE,PLTR.O
1,26.35245404662691,2025-04-30 15:23:37.695446,2025-04-30 15:23:37.787332,0 days 00:00:00.091886,0.7439635833835436,0.00440349523487854,0.024230782235518868,95,0.13938869601028142,51,PLTR.O,COMPLETE,PLTR.O
2,26.304794882744698,2025-04-30 15:23:37.792964,2025-04-30 15:23:37.852064,0 days 00:00:00.059100,0.7950285936731062,0.005402433781403412,0.05628860685690915,49,0.3430269410543107,91,PLTR.O,COMPLETE,PLTR.O
3,26.3547139581044,2025-04-30 15:23:37.861442,2025-04-30 15:23:37.941570,0 days 00:00:00.080128,0.8033028954932528,9.010558600644506,0.022542127356238305,79,0.26379690974101627,54,PLTR.O,COMPLETE,PLTR.O
4,26.340219795051038,2025-04-30 15:23:37.946675,2025-04-30 15:23:38.006079,0 days 00:00:00.059404,0.9797850566145297,0.11184422344643075,0.03431217644243835,82,0.2890397772046879,23,PLTR.O,COMPLETE,PLTR.O
5,26.3276639406434,2025-04-30 15:23:38.014972,2025-04-30 15:23:38.191278,0 days 00:00:00.176306,0.9362020132766254,0.0015477067027992236,0.008133472331288843,65,0.4905938711599777,81,PLTR.O,COMPLETE,PLTR.O
6,26.3180122052475,2025-04-30 15:23:38.196535,2025-04-30 15:23:38.384310,0 days 00:00:00.187775,0.8373724346047359,0.004641338798426923,0.007232905275418769,55,0.11801223826350532,26,PLTR.O,COMPLETE,PLTR.O
7,26.34699813451533,2025-04-30 15:23:38.393545,2025-04-30 15:23:38.538273,0 days 00:00:00.144728,0.6112023060376333,6.395402162102624,0.010085073992449546,75,0.39118242514978846,30,PLTR.O,COMPLETE,PLTR.O
8,26.353577315480912,2025-04-30 15:23:38.546606,2025-04-30 15:23:38.614587,0 days 00:00:00.067981,0.7594383717126987,1.9710920474025593,0.03688051258878245,68,0.22450983642206912,122,PLTR.O,COMPLETE,PLTR.O
9,26.42017580927076,2025-04-30 15:23:38.622188,2025-04-30 15:23:38.745404,0 days 00:00:00.123216,0.8755155749678077,0.00023415849621296863,0.05244540377493621,28,0.2106504327646853,87,PLTR.O,COMPLETE,PLTR.O
10,26.55875000068201,2025-04-30 15:23:38.753500,2025-04-30 15:23:38.911647,0 days 00:00:00.158147,0.6875907075162576,0.09918891854498471,0.09142824219917427,13,0.3698442235668598,98,PLTR.O,COMPLETE,PLTR.O
11,26.37958039911634,2025-04-30 15:23:38.918129,2025-04-30 15:23:39.301135,0 days 00:00:00.383006,0.8519988876538028,0.007713643881010329,0.005049161272894856,47,0.005161821048389914,61,PLTR.O,COMPLETE,PLTR.O
12,26.264908317056722,2025-04-30 15:23:39.307847,2025-04-30 15:23:39.405466,0 days 00:00:00.097619,0.8529118419862087,0.00048582034066852825,0.09428048920722215,54,0.08745506886012955,69,PLTR.O,COMPLETE,PLTR.O
13,26.3357624739266,2025-04-30 15:23:39.412335,2025-04-30 15:23:39.510104,0 days 00:00:00.097769,0.8772592495516567,0.00010855480846350242,0.09465412217993921,33,0.06886670054570933,67,PLTR.O,COMPLETE,PLTR.O
14,26.308788907632866,2025-04-30 15:23:39.515693,2025-04-30 15:23:39.622085,0 days 00:00:00.106392,0.7293976752995031,0.0004198668376298275,0.057783460876593216,54,0.3541070906530084,100,PLTR.O,COMPLETE,PLTR.O
15,26.478444086446906,2025-04-30 15:23:39.628491,2025-04-30 15:23:39.769841,0 days 00:00:00.141350,0.9045407800635432,0.0009895850320432028,0.06230963551454343,21,0.45637089119778435,78,PLTR.O,COMPLETE,PLTR.O
16,26.398163572863528,2025-04-30 15:23:39.776342,2025-04-30 15:23:39.881520,0 days 00:00:00.105178,0.7926360656807483,0.030261848573951408,0.07121319882774377,41,0.31139152813817017,42,PLTR.O,COMPLETE,PLTR.O
17,26.36226337813182,2025-04-30 15:23:39.888299,2025-04-30 15:23:39.983284,0 days 00:00:00.094985,0.6757193945349169,0.020629931147519667,0.04752690137088777,63,0.16251097120641028,94,PLTR.O,COMPLETE,PLTR.O
18,26.323039451566913,2025-04-30 15:23:39.989109,2025-04-30 15:23:40.118986,0 days 00:00:00.129877,0.807772450442326,0.0010335674981635135,0.03482852458563207,47,0.0295177492245303,73,PLTR.O,COMPLETE,PLTR.O
19,26.36575082147438,2025-04-30 15:23:40.125410,2025-04-30 15:23:40.252406,0 days 00:00:00.126996,0.9111660994321253,0.13872188754097556,0.01770573856403652,90,0.4264407898080879,127,PLTR.O,COMPLETE,PLTR.O
20,26.387772369987832,2025-04-30 15:23:40.260672,2025-04-30 15:23:40.368381,0 days 00:00:00.107709,0.6984119808097197,0.011407888033016863,0.07722972050266161,34,0.07707408251978104,110,PLTR.O,COMPLETE,PLTR.O
21,26.291503146600842,2025-04-30 15:23:40.374602,2025-04-30 15:23:40.472220,0 days 00:00:00.097618,0.7444248743578309,0.0003477360956154902,0.04758466269906619,55,0.3368388706384988,101,PLTR.O,COMPLETE,PLTR.O
22,26.31957602560056,2025-04-30 15:23:40.480829,2025-04-30 15:23:40.585163,0 days 00:00:00.104334,0.7743067050047897,0.00033497055937775367,0.0460842763589302,60,0.3281584539759382,89,PLTR.O,COMPLETE,PLTR.O
23,26.289979249876556,2025-04-30 15:23:40.591341,2025-04-30 15:23:40.693551,0 days 00:00:00.102210,0.8269110469338338,0.002568527954716453,0.07610840527140354,48,0.19066587080999833,106,PLTR.O,COMPLETE,PLTR.O
24,26.309748858581187,2025-04-30 15:23:40.699585,2025-04-30 15:23:40.804520,0 days 00:00:00.104935,0.8360939256091293,0.00010595819845753124,0.0957088338784339,70,0.1917121647099427,109,PLTR.O,COMPLETE,PLTR.O
25,26.35712769778558,2025-04-30 15:23:40.812967,2025-04-30 15:23:40.915624,0 days 00:00:00.102657,0.6281848363032502,0.0019147704854155843,0.07212619690459729,59,0.0912379625105879,117,PLTR.O,COMPLETE,PLTR.O
26,26.409084830607,2025-04-30 15:23:40.920789,2025-04-30 15:23:41.066641,0 days 00:00:00.145852,0.8678459095134116,0.0004691757512003502,0.04105730494349047,41,0.17015987688359696,101,PLTR.O,COMPLETE,PLTR.O
27,26.33548063534126,2025-04-30 15:23:41.075008,2025-04-30 15:23:41.200288,0 days 00:00:00.125280,0.7173164180709115,0.0019757914531536875,0.07824659766228353,53,0.28989152577805727,71,PLTR.O,COMPLETE,PLTR.O
28,26.375003980666044,2025-04-30 15:23:41.210584,2025-04-30 15:23:41.330948,0 days 00:00:00.120364,0.6540753958865834,0.0006173530636596009,0.0650491951274147,34,0.12511158289961413,80,PLTR.O,COMPLETE,PLTR.O
29,26.406861674428814,2025-04-30 15:23:41.339365,2025-04-30 15:23:41.588346,0 days 00:00:00.248981,0.9474609293928714,0.00019826936053262334,0.016127530793190886,42,0.2479316768721798,106,PLTR.O,COMPLETE,PLTR.O
0,43.62755955062888,2025-04-30 15:23:41.633612,2025-04-30 15:23:41.691896,0 days 00:00:00.058284,0.8947439978423943,0.032745644265339865,0.00580290941538109,17,0.21265896387989325,77,QCOM.O,COMPLETE,QCOM.O
1,43.633027509932106,2025-04-30 15:23:41.696543,2025-04-30 15:23:41.722254,0 days 00:00:00.025711,0.650970677490151,0.22282281408070032,0.06733885210588812,93,0.309110511287265,105,QCOM.O,COMPLETE,QCOM.O
2,43.68633137404049,2025-04-30 15:23:41.730515,2025-04-30 15:23:41.777489,0 days 00:00:00.046974,0.8211134133648481,0.4523830079601792,0.08418511826957258,32,0.3127481871457365,65,QCOM.O,COMPLETE,QCOM.O
3,43.65110537436948,2025-04-30 15:23:41.782506,2025-04-30 15:23:41.855595,0 days 00:00:00.073089,0.7822953233637888,0.0012625662271241618,0.028361822861235588,16,0.44295615912212866,89,QCOM.O,COMPLETE,QCOM.O
4,43.67319929735688,2025-04-30 15:23:41.865910,2025-04-30 15:23:41.913767,0 days 00:00:00.047857,0.7569174021920323,0.6983239382644055,0.07900269737970081,49,0.09806126992826197,115,QCOM.O,COMPLETE,QCOM.O
5,43.617122238657245,2025-04-30 15:23:41.918253,2025-04-30 15:23:41.961596,0 days 00:00:00.043343,0.6325468381319214,0.217663840199431,0.032860785688955264,27,0.15376810013182418,47,QCOM.O,COMPLETE,QCOM.O
6,43.65611350893319,2025-04-30 15:23:41.969936,2025-04-30 15:23:42.007796,0 days 00:00:00.037860,0.7332964802349586,0.002277110025857188,0.04877079263410962,41,0.28955773448944516,26,QCOM.O,COMPLETE,QCOM.O
7,43.67993489610818,2025-04-30 15:23:42.012215,2025-04-30 15:23:42.049235,0 days 00:00:00.037020,0.912827441075529,3.203374010244081,0.08559238105247666,44,0.17341061142777403,110,QCOM.O,COMPLETE,QCOM.O
8,43.6226759714847,2025-04-30 15:23:42.056513,2025-04-30 15:23:42.094454,0 days 00:00:00.037941,0.9323265760202509,2.9500584382846573,0.00722160003985165,49,0.21473403029118637,124,QCOM.O,COMPLETE,QCOM.O
9,43.624991758999826,2025-04-30 15:23:42.102395,2025-04-30 15:23:42.154903,0 days 00:00:00.052508,0.6744767923786256,0.00204207205295552,0.017786355808523956,23,0.23329543770072636,126,QCOM.O,COMPLETE,QCOM.O
10,43.62013453623656,2025-04-30 15:23:42.159839,2025-04-30 15:23:42.228247,0 days 00:00:00.068408,0.6033821362690591,0.00018218911369647457,0.016467742370066787,79,0.01407704431060447,40,QCOM.O,COMPLETE,QCOM.O
11,43.61989476472911,2025-04-30 15:23:42.236006,2025-04-30 15:23:42.303680,0 days 00:00:00.067674,0.6012175549852383,0.00016008651055184734,0.016879452680249204,74,0.007967030903130013,38,QCOM.O,COMPLETE,QCOM.O
12,43.642294794494745,2025-04-30 15:23:42.308078,2025-04-30 15:23:42.377036,0 days 00:00:00.068958,0.6012221749889112,0.02791582150747648,0.031249214187595704,68,0.002386561390791267,49,QCOM.O,COMPLETE,QCOM.O
13,43.62768496307208,2025-04-30 15:23:42.385515,2025-04-30 15:23:42.454674,0 days 00:00:00.069159,0.6914596256390169,0.04770860106649395,0.010864994281653289,66,0.10036013610211747,51,QCOM.O,COMPLETE,QCOM.O
14,43.65854001252277,2025-04-30 15:23:42.459486,2025-04-30 15:23:42.530396,0 days 00:00:00.070910,0.852542930294436,0.0001364663516097058,0.04148855259963526,97,0.1025437549552082,20,QCOM.O,COMPLETE,QCOM.O
15,43.63130430073708,2025-04-30 15:23:42.538899,2025-04-30 15:23:42.608767,0 days 00:00:00.069868,0.651085854983436,0.009855330527875001,0.013795321338679084,64,0.40236082367271275,36,QCOM.O,COMPLETE,QCOM.O
16,43.656546794735355,2025-04-30 15:23:42.612921,2025-04-30 15:23:42.681261,0 days 00:00:00.068340,0.9748852923123135,0.16423410956300358,0.024448949422482116,82,0.057478310761384654,63,QCOM.O,COMPLETE,QCOM.O
17,43.621774978791166,2025-04-30 15:23:42.689319,2025-04-30 15:23:42.774829,0 days 00:00:00.085510,0.7148869707482557,0.0005597037905578331,0.01033120205388086,31,0.1558674747266099,35,QCOM.O,COMPLETE,QCOM.O
18,43.64933301818806,2025-04-30 15:23:42.779197,2025-04-30 15:23:42.849414,0 days 00:00:00.070217,0.620126413224262,0.011893641042170488,0.04062183663685779,59,0.15179326396000486,57,QCOM.O,COMPLETE,QCOM.O
19,43.61981185845138,2025-04-30 15:23:42.856169,2025-04-30 15:23:42.939949,0 days 00:00:00.083780,0.6527660289907945,0.005782074902961959,0.022420453162587478,77,0.053101698984981294,79,QCOM.O,COMPLETE,QCOM.O
20,43.66981120236851,2025-04-30 15:23:42.948272,2025-04-30 15:23:43.022299,0 days 00:00:00.074027,0.7127368297093395,8.033500953654535,0.05301210384957219,87,0.0620337071795555,84,QCOM.O,COMPLETE,QCOM.O
21,43.619835643808614,2025-04-30 15:23:43.030005,2025-04-30 15:23:43.110531,0 days 00:00:00.080526,0.6473348791785177,0.007233946265351954,0.02072222803076759,74,0.050867265111391544,97,QCOM.O,COMPLETE,QCOM.O
22,43.619816304916576,2025-04-30 15:23:43.114715,2025-04-30 15:23:43.186498,0 days 00:00:00.071783,0.6540398007527195,0.007492163672875927,0.022085276719623473,76,0.057719513904546604,93,QCOM.O,COMPLETE,QCOM.O
23,43.64698275852274,2025-04-30 15:23:43.193440,2025-04-30 15:23:43.268696,0 days 00:00:00.075256,0.683238651731175,0.07356461715920366,0.03313996972431681,56,0.12466622688071655,72,QCOM.O,COMPLETE,QCOM.O
24,43.64300056579835,2025-04-30 15:23:43.272826,2025-04-30 15:23:43.344976,0 days 00:00:00.072150,0.7495589214761275,0.004599611392187103,0.02354150100072797,85,0.0583698572110507,93,QCOM.O,COMPLETE,QCOM.O
25,43.64213029956593,2025-04-30 15:23:43.354425,2025-04-30 15:23:43.433124,0 days 00:00:00.078699,0.6387103122760788,0.0004950275436763199,0.034987579587052516,73,0.18126348146169502,79,QCOM.O,COMPLETE,QCOM.O
26,43.62242970547952,2025-04-30 15:23:43.437260,2025-04-30 15:23:43.510123,0 days 00:00:00.072863,0.6743430150890379,0.017997662269776466,0.012241853365154834,93,0.12843488659015162,100,QCOM.O,COMPLETE,QCOM.O
27,43.62460985046265,2025-04-30 15:23:43.518815,2025-04-30 15:23:43.647698,0 days 00:00:00.128883,0.7053899229208228,0.0046787033667368225,0.02537305938030872,10,0.08131290586072501,70,QCOM.O,COMPLETE,QCOM.O
28,43.63167292330035,2025-04-30 15:23:43.656057,2025-04-30 15:23:43.738609,0 days 00:00:00.082552,0.7858438707334684,0.16495511655521117,0.020459191206769818,61,0.2708291022987497,85,QCOM.O,COMPLETE,QCOM.O
29,43.62100291438809,2025-04-30 15:23:43.749058,2025-04-30 15:23:43.832640,0 days 00:00:00.083582,0.6670171601946968,0.08364300372156958,0.007660595368344379,33,0.19497880242764398,76,QCOM.O,COMPLETE,QCOM.O
0,85.80502816597885,2025-04-30 15:23:43.877513,2025-04-30 15:23:44.046431,0 days 00:00:00.168918,0.8836461669789661,0.09485211925084533,0.016292140818656865,60,0.038965311972161354,88,ROP.O,COMPLETE,ROP.O
1,85.93525950517493,2025-04-30 15:23:44.056346,2025-04-30 15:23:44.245114,0 days 00:00:00.188768,0.7942797668658148,0.0012693637911506109,0.01932652586913764,26,0.4453639072232138,117,ROP.O,COMPLETE,ROP.O
2,85.94717938401523,2025-04-30 15:23:44.254047,2025-04-30 15:23:44.394270,0 days 00:00:00.140223,0.8895415576379081,8.395536032459045,0.021014686871207437,52,0.27298873450418526,108,ROP.O,COMPLETE,ROP.O
3,86.05733879050523,2025-04-30 15:23:44.400270,2025-04-30 15:23:44.465832,0 days 00:00:00.065562,0.8317391805357695,0.2156735731597267,0.08233037823474364,39,0.17697903098637274,21,ROP.O,COMPLETE,ROP.O
4,85.73295590925996,2025-04-30 15:23:44.470213,2025-04-30 15:23:44.523123,0 days 00:00:00.052910,0.9852986594999877,0.01776327064677532,0.0718015935093429,85,0.3277819732539926,68,ROP.O,COMPLETE,ROP.O
5,85.48654984542243,2025-04-30 15:23:44.530507,2025-04-30 15:23:44.669261,0 days 00:00:00.138754,0.6991964503486963,0.006663261972710138,0.012327063967591097,91,0.3230281310635832,69,ROP.O,COMPLETE,ROP.O
6,86.02388398867306,2025-04-30 15:23:44.677752,2025-04-30 15:23:44.990382,0 days 00:00:00.312630,0.8883671615648117,0.1355568803517943,0.009902924478337067,32,0.33768300981399285,128,ROP.O,COMPLETE,ROP.O
7,85.96987189151432,2025-04-30 15:23:44.999043,2025-04-30 15:23:45.357526,0 days 00:00:00.358483,0.6818123860906958,1.8861784466037028,0.006430434029877506,53,0.4324124050073308,41,ROP.O,COMPLETE,ROP.O
8,85.27952071521796,2025-04-30 15:23:45.364605,2025-04-30 15:23:45.673655,0 days 00:00:00.309050,0.6034795865538041,0.0008257445158926824,0.005859942484076801,88,0.03782234558979641,108,ROP.O,COMPLETE,ROP.O
9,85.88726158207237,2025-04-30 15:23:45.680663,2025-04-30 15:23:45.761127,0 days 00:00:00.080464,0.9572341103370942,0.008182335706730506,0.039195065362543316,44,0.16876655765086823,24,ROP.O,COMPLETE,ROP.O
10,85.68774851327588,2025-04-30 15:23:45.766861,2025-04-30 15:23:46.102037,0 days 00:00:00.335176,0.6045619380508868,0.00014283112116982266,0.006448346233534546,73,0.013724088534616818,93,ROP.O,COMPLETE,ROP.O
11,85.42908343801994,2025-04-30 15:23:46.109820,2025-04-30 15:23:46.336420,0 days 00:00:00.226600,0.6848094538483511,0.0014173540901551986,0.010396076823884999,99,0.12593080057212278,63,ROP.O,COMPLETE,ROP.O
12,85.50540991442956,2025-04-30 15:23:46.343084,2025-04-30 15:23:46.665370,0 days 00:00:00.322286,0.613999107126492,0.0003421586880308699,0.005007680335198139,100,0.115347849314273,57,ROP.O,COMPLETE,ROP.O
13,87.0356642680976,2025-04-30 15:23:46.672777,2025-04-30 15:23:47.238202,0 days 00:00:00.565425,0.6903317475743653,0.0012685324630490962,0.009207978878449749,12,0.08280960504055637,89,ROP.O,COMPLETE,ROP.O
