number,value,datetime_start,datetime_complete,duration,params_feature_fraction,params_lambda_l2,params_learning_rate,params_min_data_in_leaf,params_min_gain_to_split,params_num_leaves,user_attrs_Company,state,Company
29,25.010121855133825,2025-04-30 15:22:51.626712,2025-04-30 15:22:51.818786,0 days 00:00:00.192074,0.9719046760667759,0.0005677889506738305,0.07524007231792962,68,0.20856860833403618,22,MRVL.O,COMPLETE,MRVL.O
0,124.96381643143752,2025-04-30 15:22:51.863547,2025-04-30 15:22:52.450391,0 days 00:00:00.586844,0.8880212727393593,0.00019235420442541916,0.00955109526079286,17,0.13828462298197708,118,MSFT.O,COMPLETE,MSFT.O
1,125.13683950344785,2025-04-30 15:22:52.458589,2025-04-30 15:22:52.612501,0 days 00:00:00.153912,0.8555653668750702,0.045027740315533415,0.0137429922516528,78,0.47451138259540154,91,MSFT.O,COMPLETE,MSFT.O
2,125.37041169149036,2025-04-30 15:22:52.617671,2025-04-30 15:22:52.839925,0 days 00:00:00.222254,0.7886127646337606,2.3693588723158947,0.007332438308760465,90,0.09823221980965041,25,MSFT.O,COMPLETE,MSFT.O
3,125.27713227393465,2025-04-30 15:22:52.848218,2025-04-30 15:22:53.786401,0 days 00:00:00.938183,0.7470704096372888,0.0016351706554687641,0.005683710679044771,10,0.26043714037571575,70,MSFT.O,COMPLETE,MSFT.O
4,126.17847767418958,2025-04-30 15:22:53.799629,2025-04-30 15:22:53.940676,0 days 00:00:00.141047,0.976835569219128,0.004441826005413253,0.05394206197965011,14,0.4744760885340393,123,MSFT.O,COMPLETE,MSFT.O
5,125.44940414891597,2025-04-30 15:22:53.946631,2025-04-30 15:22:54.116279,0 days 00:00:00.169648,0.7798379874959813,0.0003169187070274171,0.009251430910139613,81,0.115773269667164,21,MSFT.O,COMPLETE,MSFT.O
6,125.49549900848952,2025-04-30 15:22:54.122152,2025-04-30 15:22:54.288796,0 days 00:00:00.166644,0.6894331513760125,0.0033893222544524597,0.009327422944972151,70,0.26037097389217334,26,MSFT.O,COMPLETE,MSFT.O
7,125.67586170407264,2025-04-30 15:22:54.295780,2025-04-30 15:22:54.372041,0 days 00:00:00.076261,0.9107328236279992,0.01050018815356452,0.0894050983523201,28,0.31480922510012804,32,MSFT.O,COMPLETE,MSFT.O
8,125.38817665265326,2025-04-30 15:22:54.376477,2025-04-30 15:22:54.516051,0 days 00:00:00.139574,0.6085829275694289,0.0020725717027210767,0.01231309988687251,43,0.2786269108514644,51,MSFT.O,COMPLETE,MSFT.O
9,125.35579700986864,2025-04-30 15:22:54.523873,2025-04-30 15:22:54.634174,0 days 00:00:00.110301,0.9497519753039574,0.005955157995806222,0.01752415245731713,86,0.07273016491046441,42,MSFT.O,COMPLETE,MSFT.O
10,125.01023030351718,2025-04-30 15:22:54.639693,2025-04-30 15:22:54.776983,0 days 00:00:00.137290,0.8771305913770853,0.1822798451648591,0.03625521978944913,51,0.0002827312970722362,127,MSFT.O,COMPLETE,MSFT.O
11,125.04698916618345,2025-04-30 15:22:54.783861,2025-04-30 15:22:54.904463,0 days 00:00:00.120602,0.8519009489035378,0.15869786776276004,0.03563353455623034,53,0.029769595766450045,128,MSFT.O,COMPLETE,MSFT.O
12,125.8035920520483,2025-04-30 15:22:54.910393,2025-04-30 15:22:55.058648,0 days 00:00:00.148255,0.8786014512200857,0.354733190908307,0.027067499046607046,35,0.1652487473007994,102,MSFT.O,COMPLETE,MSFT.O
13,125.77232894649599,2025-04-30 15:22:55.064988,2025-04-30 15:22:55.195289,0 days 00:00:00.130301,0.9094682066055799,0.0001711200325707578,0.04295645426514638,63,0.004167325803415476,108,MSFT.O,COMPLETE,MSFT.O
14,125.11495612684938,2025-04-30 15:22:55.201125,2025-04-30 15:22:55.392364,0 days 00:00:00.191239,0.8393221658732098,8.127502003736863,0.023369309657423575,23,0.17631564503610395,112,MSFT.O,COMPLETE,MSFT.O
15,125.57397591631377,2025-04-30 15:22:55.400917,2025-04-30 15:22:55.509897,0 days 00:00:00.108980,0.9282767777287736,0.43626777553179036,0.07437313012533214,49,0.18603341299906734,83,MSFT.O,COMPLETE,MSFT.O
16,125.33313847621727,2025-04-30 15:22:55.516644,2025-04-30 15:22:55.672648,0 days 00:00:00.156004,0.995202071498228,0.04063668580994525,0.029901813800653904,40,0.37019200359149973,70,MSFT.O,COMPLETE,MSFT.O
17,125.2835495575956,2025-04-30 15:22:55.678054,2025-04-30 15:22:55.825310,0 days 00:00:00.147256,0.7250654277420496,0.0005688271045297341,0.017897189113916693,62,0.05447607433871679,116,MSFT.O,COMPLETE,MSFT.O
18,125.24099983958061,2025-04-30 15:22:55.831521,2025-04-30 15:22:55.926677,0 days 00:00:00.095156,0.8171367418446788,1.325967627773021,0.05873234192900605,96,0.13457357784439233,92,MSFT.O,COMPLETE,MSFT.O
19,125.00361840359398,2025-04-30 15:22:55.935548,2025-04-30 15:22:56.396842,0 days 00:00:00.461294,0.8870545824650237,0.09801197462140557,0.0050881856612227955,24,0.0050333739414311065,100,MSFT.O,COMPLETE,MSFT.O
20,126.36183245577713,2025-04-30 15:22:56.402529,2025-04-30 15:22:56.723332,0 days 00:00:00.320803,0.9644794499712254,0.012263441351739415,0.005214817901714677,22,0.2170475924834438,100,MSFT.O,COMPLETE,MSFT.O
21,125.23609727548377,2025-04-30 15:22:56.731168,2025-04-30 15:22:56.977926,0 days 00:00:00.246758,0.8863620279301176,0.09790476682289544,0.00783486479410746,31,0.009500691339148751,120,MSFT.O,COMPLETE,MSFT.O
22,125.16513273345413,2025-04-30 15:22:56.985881,2025-04-30 15:22:57.454929,0 days 00:00:00.469048,0.8898868521690596,0.1530238057853445,0.006535617623371176,20,0.0661259224474175,127,MSFT.O,COMPLETE,MSFT.O
23,124.96587314143129,2025-04-30 15:22:57.460641,2025-04-30 15:22:57.676956,0 days 00:00:00.216315,0.8220764903258067,0.02154826287281154,0.011817108320377624,44,0.047413655986209335,107,MSFT.O,COMPLETE,MSFT.O
24,125.20432127998052,2025-04-30 15:22:57.682266,2025-04-30 15:22:57.875678,0 days 00:00:00.193412,0.8169908819332623,0.0008701104416034146,0.011791935203851828,39,0.09696664177878989,103,MSFT.O,COMPLETE,MSFT.O
25,125.60468131722463,2025-04-30 15:22:57.886033,2025-04-30 15:22:58.267695,0 days 00:00:00.381662,0.7657546650410572,0.00013262286678690285,0.009441558021203696,16,0.13927320266518037,83,MSFT.O,COMPLETE,MSFT.O
26,125.79230622430285,2025-04-30 15:22:58.274096,2025-04-30 15:22:58.516267,0 days 00:00:00.242171,0.9335724489007823,0.019193528475820225,0.015219849564043276,28,0.04925607408895271,96,MSFT.O,COMPLETE,MSFT.O
27,125.49080391292841,2025-04-30 15:22:58.522244,2025-04-30 15:22:59.202825,0 days 00:00:00.680581,0.8223291424478876,0.771861815208666,0.005169066408448793,10,0.21197899827797057,110,MSFT.O,COMPLETE,MSFT.O
28,125.12257796623322,2025-04-30 15:22:59.210667,2025-04-30 15:22:59.440440,0 days 00:00:00.229773,0.6905657741113302,0.04238093428823324,0.010897878751205101,44,0.08875581936245423,59,MSFT.O,COMPLETE,MSFT.O
29,125.64205381527402,2025-04-30 15:22:59.446931,2025-04-30 15:22:59.639842,0 days 00:00:00.192911,0.8521479529558477,0.06393061668398285,0.014875935930036778,33,0.038790204367442384,82,MSFT.O,COMPLETE,MSFT.O
0,171.32612472253248,2025-04-30 15:22:59.679296,2025-04-30 15:22:59.907348,0 days 00:00:00.228052,0.624880225299331,0.26745065978599125,0.022650858861347486,18,0.061404332215164004,22,MSTR.O,COMPLETE,MSTR.O
1,171.43015092191013,2025-04-30 15:22:59.913621,2025-04-30 15:23:00.132388,0 days 00:00:00.218767,0.8270135767461043,0.39819854730409954,0.0065957893898364265,66,0.15647255015118594,61,MSTR.O,COMPLETE,MSTR.O
2,171.4690103770803,2025-04-30 15:23:00.138626,2025-04-30 15:23:00.339581,0 days 00:00:00.200955,0.6905497201725543,0.000218155005997286,0.009612097941779054,42,0.23348882899545792,114,MSTR.O,COMPLETE,MSTR.O
3,171.24725552952916,2025-04-30 15:23:00.345303,2025-04-30 15:23:00.540018,0 days 00:00:00.194715,0.7894457650347756,0.9067852132003891,0.011540921855028755,53,0.3703358894708534,100,MSTR.O,COMPLETE,MSTR.O
4,171.39216456473883,2025-04-30 15:23:00.547372,2025-04-30 15:23:00.660615,0 days 00:00:00.113243,0.7282705909593794,0.07246640035147683,0.049112201655767844,79,0.3416204601826105,72,MSTR.O,COMPLETE,MSTR.O
5,171.4149316429919,2025-04-30 15:23:00.666430,2025-04-30 15:23:00.741860,0 days 00:00:00.075430,0.9698337613479473,1.29181524731891,0.050672751495604046,86,0.3306377651237474,71,MSTR.O,COMPLETE,MSTR.O
6,171.3763266026366,2025-04-30 15:23:00.747016,2025-04-30 15:23:00.878605,0 days 00:00:00.131589,0.885198544346806,0.0021126752251051767,0.08117094646633134,10,0.49498542700864545,59,MSTR.O,COMPLETE,MSTR.O
7,171.29727504988935,2025-04-30 15:23:00.885469,2025-04-30 15:23:00.955899,0 days 00:00:00.070430,0.7699594555555851,4.124223204513124,0.0398988717248744,68,0.18498275354696597,113,MSTR.O,COMPLETE,MSTR.O
8,171.1373121834017,2025-04-30 15:23:00.960166,2025-04-30 15:23:01.105225,0 days 00:00:00.145059,0.9361259379481728,0.8519989433394093,0.04621698348568092,77,0.24116126825343948,28,MSTR.O,COMPLETE,MSTR.O
9,171.85286065493605,2025-04-30 15:23:01.115178,2025-04-30 15:23:01.212431,0 days 00:00:00.097253,0.9026878119026517,0.005183564440705039,0.08088189600090817,19,0.13653055901603306,54,MSTR.O,COMPLETE,MSTR.O
10,171.64433374179262,2025-04-30 15:23:01.218815,2025-04-30 15:23:01.374987,0 days 00:00:00.156172,0.9956567182040807,8.610359385787282,0.02188502970196203,96,0.021095768854207164,20,MSTR.O,COMPLETE,MSTR.O
11,171.39738416244984,2025-04-30 15:23:01.381617,2025-04-30 15:23:01.598513,0 days 00:00:00.216896,0.8263053883346377,0.06962463967469863,0.01736630546291293,46,0.3551032069179699,95,MSTR.O,COMPLETE,MSTR.O
12,171.2764596864049,2025-04-30 15:23:01.604957,2025-04-30 15:23:01.811769,0 days 00:00:00.206812,0.89494068761744,0.8866619428370451,0.012177864740516983,57,0.4448882736866963,91,MSTR.O,COMPLETE,MSTR.O
13,171.39483027337846,2025-04-30 15:23:01.818161,2025-04-30 15:23:01.957044,0 days 00:00:00.138883,0.7765905112294126,0.007923256283118579,0.032083297208832844,37,0.2775749394524268,93,MSTR.O,COMPLETE,MSTR.O
14,171.58751814451398,2025-04-30 15:23:01.964203,2025-04-30 15:23:02.434080,0 days 00:00:00.469877,0.9466922753908265,2.1079923649376524,0.006146262455560841,75,0.38110062877141765,41,MSTR.O,COMPLETE,MSTR.O
15,171.29303094480318,2025-04-30 15:23:02.444901,2025-04-30 15:23:02.715603,0 days 00:00:00.270702,0.8492523966028532,0.1938494192214916,0.01223878396380112,56,0.27250157395535085,124,MSTR.O,COMPLETE,MSTR.O
16,171.76546449611632,2025-04-30 15:23:02.721547,2025-04-30 15:23:02.832683,0 days 00:00:00.111136,0.7108685936350438,0.02848744988945725,0.029942306257355653,98,0.410462278866802,40,MSTR.O,COMPLETE,MSTR.O
17,171.4507199292282,2025-04-30 15:23:02.838144,2025-04-30 15:23:03.247092,0 days 00:00:00.408948,0.6291938964576009,9.405891863737722,0.008885550593725746,30,0.21668541046351322,83,MSTR.O,COMPLETE,MSTR.O
18,171.59111771672488,2025-04-30 15:23:03.252782,2025-04-30 15:23:03.446671,0 days 00:00:00.193889,0.9401406513567996,0.6044425786299024,0.016229244568692,86,0.2945464402746161,105,MSTR.O,COMPLETE,MSTR.O
19,171.22992883930235,2025-04-30 15:23:03.452079,2025-04-30 15:23:03.609158,0 days 00:00:00.157079,0.7538470741647034,0.020969480109214015,0.06146924057533179,64,0.08668681323775035,35,MSTR.O,COMPLETE,MSTR.O
20,171.2391701443106,2025-04-30 15:23:03.614745,2025-04-30 15:23:03.736452,0 days 00:00:00.121707,0.6626225052986247,0.00035302404121420757,0.09954986327902138,64,0.1011134789181829,37,MSTR.O,COMPLETE,MSTR.O
21,171.1993015590456,2025-04-30 15:23:03.744528,2025-04-30 15:23:03.869902,0 days 00:00:00.125374,0.6689059767608161,0.0001265479802112143,0.09591936845187803,67,0.08911635858220944,33,MSTR.O,COMPLETE,MSTR.O
22,171.21904746359138,2025-04-30 15:23:03.875588,2025-04-30 15:23:04.062944,0 days 00:00:00.187356,0.7442937086180776,0.000583991135681225,0.06085748421250552,76,0.018281002718103123,30,MSTR.O,COMPLETE,MSTR.O
23,171.17977238776578,2025-04-30 15:23:04.068773,2025-04-30 15:23:04.279056,0 days 00:00:00.210283,0.6692066919103984,0.0001118708356064751,0.06759958422771968,76,0.05275640640011203,27,MSTR.O,COMPLETE,MSTR.O
24,171.4918869526369,2025-04-30 15:23:04.285009,2025-04-30 15:23:04.389149,0 days 00:00:00.104140,0.6697121425505452,0.0001015549308115755,0.0803651350510108,86,0.12826284125101717,49,MSTR.O,COMPLETE,MSTR.O
25,171.42090905421,2025-04-30 15:23:04.394626,2025-04-30 15:23:04.542112,0 days 00:00:00.147486,0.6068029224102587,0.0009698562887448517,0.09785810789404772,73,0.05452912429496503,28,MSTR.O,COMPLETE,MSTR.O
26,171.55002632890518,2025-04-30 15:23:04.547757,2025-04-30 15:23:04.649672,0 days 00:00:00.101915,0.6551792644978902,0.00012340275169473588,0.06461319618979419,83,0.1921177939907004,44,MSTR.O,COMPLETE,MSTR.O
27,171.1832003832604,2025-04-30 15:23:04.655168,2025-04-30 15:23:04.864405,0 days 00:00:00.209237,0.7033111446781872,0.0016089995366905074,0.04244315304515039,70,0.06537726154266237,28,MSTR.O,COMPLETE,MSTR.O
28,171.4230278697003,2025-04-30 15:23:04.870810,2025-04-30 15:23:04.965266,0 days 00:00:00.094456,0.7171132205729073,0.0012275679697201685,0.04328584249745377,58,0.005931868541732055,24,MSTR.O,COMPLETE,MSTR.O
29,171.53463509335407,2025-04-30 15:23:04.969191,2025-04-30 15:23:05.122403,0 days 00:00:00.153212,0.6337083038059287,0.004177591982587883,0.03375652262403189,91,0.054191964895912055,20,MSTR.O,COMPLETE,MSTR.O
0,40.82412452361189,2025-04-30 15:23:05.161796,2025-04-30 15:23:05.421070,0 days 00:00:00.259274,0.9334171549527731,0.0028051034580408385,0.011429429621149277,45,0.07189039115663126,31,MU.O,COMPLETE,MU.O
1,41.02123594927901,2025-04-30 15:23:05.431494,2025-04-30 15:23:05.667423,0 days 00:00:00.235929,0.905109251027413,0.0023625965208500647,0.005391270581228921,88,0.2911289984324159,27,MU.O,COMPLETE,MU.O
2,41.0094316890409,2025-04-30 15:23:05.673391,2025-04-30 15:23:05.949049,0 days 00:00:00.275658,0.8622595340395438,0.7955767435921589,0.010671751779348516,30,0.42339911448446754,91,MU.O,COMPLETE,MU.O
3,40.844027144932866,2025-04-30 15:23:05.957019,2025-04-30 15:23:06.036626,0 days 00:00:00.079607,0.9314941450635905,4.190854654597192,0.08998540938527805,33,0.0790875621639135,44,MU.O,COMPLETE,MU.O
4,41.14844489662199,2025-04-30 15:23:06.043588,2025-04-30 15:23:06.143547,0 days 00:00:00.099959,0.8861290921946139,0.00010631408930180696,0.022617102272789447,74,0.40280557953975143,110,MU.O,COMPLETE,MU.O
5,41.041733091638704,2025-04-30 15:23:06.151042,2025-04-30 15:23:06.391386,0 days 00:00:00.240344,0.671186376943601,0.17312741915189744,0.010354281851522193,45,0.29180704503113786,73,MU.O,COMPLETE,MU.O
6,40.93441309803444,2025-04-30 15:23:06.397493,2025-04-30 15:23:06.537961,0 days 00:00:00.140468,0.7455644267564772,0.05128967780739694,0.052967595392152476,30,0.41697268434458495,42,MU.O,COMPLETE,MU.O
7,40.945079049708106,2025-04-30 15:23:06.549070,2025-04-30 15:23:06.669069,0 days 00:00:00.119999,0.9578653345118372,0.006935433908317872,0.025800240018323924,62,0.48849506326310843,55,MU.O,COMPLETE,MU.O
8,41.07475040140738,2025-04-30 15:23:06.678420,2025-04-30 15:23:06.753949,0 days 00:00:00.075529,0.6482303237053989,4.290169350527884,0.06668453582721763,79,0.20597971659974013,33,MU.O,COMPLETE,MU.O
9,40.87062502845586,2025-04-30 15:23:06.760618,2025-04-30 15:23:07.104154,0 days 00:00:00.343536,0.9608820601137009,2.0521713654811733,0.006506651938389073,51,0.24503545379671693,62,MU.O,COMPLETE,MU.O
10,41.192123127371794,2025-04-30 15:23:07.112399,2025-04-30 15:23:07.280256,0 days 00:00:00.167857,0.786651040626274,0.0004336060448248455,0.013735049855241025,18,0.007507990216445465,126,MU.O,COMPLETE,MU.O
11,40.89039671210513,2025-04-30 15:23:07.287676,2025-04-30 15:23:07.388522,0 days 00:00:00.100846,0.9994524795710785,0.006663106893436776,0.09741049465719485,38,0.03247888037257284,21,MU.O,COMPLETE,MU.O
12,40.796185564377836,2025-04-30 15:23:07.395640,2025-04-30 15:23:07.749301,0 days 00:00:00.353661,0.84711563915083,0.23753262539793188,0.03568989156429832,10,0.10443955298911445,47,MU.O,COMPLETE,MU.O
13,40.91448791719357,2025-04-30 15:23:07.755355,2025-04-30 15:23:08.137838,0 days 00:00:00.382483,0.8326663106778606,0.1512652303312043,0.03593767968571088,13,0.1299509466128831,53,MU.O,COMPLETE,MU.O
14,40.91682458096594,2025-04-30 15:23:08.143961,2025-04-30 15:23:08.378685,0 days 00:00:00.234724,0.7770026817726873,0.01826239508352316,0.016167764189323346,60,0.14594585643068783,75,MU.O,COMPLETE,MU.O
15,40.91790539156077,2025-04-30 15:23:08.385296,2025-04-30 15:23:08.549969,0 days 00:00:00.164673,0.7231695230101012,0.0007855518842235619,0.03572982915863752,21,0.10359157341066011,38,MU.O,COMPLETE,MU.O
16,41.06152894381722,2025-04-30 15:23:08.556144,2025-04-30 15:23:08.728243,0 days 00:00:00.172099,0.8456337145222371,0.3178873611843811,0.008401259033277738,100,0.18117414286955547,20,MU.O,COMPLETE,MU.O
17,40.81558750060149,2025-04-30 15:23:08.734297,2025-04-30 15:23:09.398980,0 days 00:00:00.664683,0.8133899619076441,0.03692491888796317,0.015130711993617629,10,0.06484394235694879,73,MU.O,COMPLETE,MU.O
18,40.94754495801357,2025-04-30 15:23:09.405415,2025-04-30 15:23:09.912623,0 days 00:00:00.507208,0.8095344015375745,0.03198525115442627,0.017274602193642505,10,0.05100455688512096,88,MU.O,COMPLETE,MU.O
19,41.0100917051997,2025-04-30 15:23:09.918373,2025-04-30 15:23:10.085872,0 days 00:00:00.167499,0.7030033433644967,0.07320111417392546,0.032840996989662884,23,0.1693106964485556,71,MU.O,COMPLETE,MU.O
20,41.172162392419956,2025-04-30 15:23:10.091280,2025-04-30 15:23:10.215208,0 days 00:00:00.123928,0.600691637655199,0.47287469083059186,0.047556674582837376,20,0.21603369229338554,92,MU.O,COMPLETE,MU.O
21,40.87764065869852,2025-04-30 15:23:10.221016,2025-04-30 15:23:10.438164,0 days 00:00:00.217148,0.8835398307806981,0.009820024734477774,0.018562504474507923,42,0.07971800744660586,50,MU.O,COMPLETE,MU.O
22,41.255020958575784,2025-04-30 15:23:10.445812,2025-04-30 15:23:10.625909,0 days 00:00:00.180097,0.8241358312894224,0.0013620981530681386,0.011336517598668269,10,0.011399633538537693,62,MU.O,COMPLETE,MU.O
23,40.86214618602372,2025-04-30 15:23:10.634632,2025-04-30 15:23:10.810816,0 days 00:00:00.176184,0.7682361171031273,1.0484591063846924,0.027003362259576506,53,0.11164124484371893,32,MU.O,COMPLETE,MU.O
24,40.917888891962086,2025-04-30 15:23:10.817513,2025-04-30 15:23:10.994194,0 days 00:00:00.176681,0.9207411172974956,0.002948123330882602,0.013801072657388901,27,0.05924729396670203,79,MU.O,COMPLETE,MU.O
25,41.011087259195584,2025-04-30 15:23:10.999884,2025-04-30 15:23:11.250893,0 days 00:00:00.251009,0.8729863083407233,0.09282511459368575,0.008180924203937031,67,0.09717738681932162,63,MU.O,COMPLETE,MU.O
26,40.880886090152345,2025-04-30 15:23:11.259134,2025-04-30 15:23:11.422068,0 days 00:00:00.162934,0.9559706536454519,0.0003595517457764707,0.020904326979556933,36,9.312007626795238e-05,105,MU.O,COMPLETE,MU.O
27,41.02678800558388,2025-04-30 15:23:11.428467,2025-04-30 15:23:11.606262,0 days 00:00:00.177795,0.8087574003004975,0.021911958156517884,0.04629099670389636,16,0.16314387047786083,47,MU.O,COMPLETE,MU.O
28,40.979242148652155,2025-04-30 15:23:11.611737,2025-04-30 15:23:11.785077,0 days 00:00:00.173340,0.8522927928634841,0.01115361515567813,0.013930560820157225,46,0.04652076233736482,37,MU.O,COMPLETE,MU.O
29,41.015743235626836,2025-04-30 15:23:11.790989,2025-04-30 15:23:11.984497,0 days 00:00:00.193508,0.9012648712816853,0.2535581731407947,0.00536510284440909,87,0.2650503707839612,30,MU.O,COMPLETE,MU.O
0,89.1916221553972,2025-04-30 15:23:12.026094,2025-04-30 15:23:12.154557,0 days 00:00:00.128463,0.6644890202029784,0.006694805854604403,0.03068554771416967,42,0.2642833615819829,37,NVDA.O,COMPLETE,NVDA.O
1,89.52199829123516,2025-04-30 15:23:12.161699,2025-04-30 15:23:12.357946,0 days 00:00:00.196247,0.9988564451232468,0.0021811808339749074,0.007200111866963182,89,0.0418084109874145,46,NVDA.O,COMPLETE,NVDA.O
2,89.22737407434634,2025-04-30 15:23:12.364202,2025-04-30 15:23:12.490977,0 days 00:00:00.126775,0.7624569498033306,0.000392940218361895,0.022452735601156425,96,0.25727943687730115,32,NVDA.O,COMPLETE,NVDA.O
3,89.47597782245163,2025-04-30 15:23:12.497965,2025-04-30 15:23:12.822030,0 days 00:00:00.324065,0.8587095471182666,5.434204493865781,0.006121474376952834,99,0.27907577520077215,125,NVDA.O,COMPLETE,NVDA.O
4,89.28055572295217,2025-04-30 15:23:12.829002,2025-04-30 15:23:13.021693,0 days 00:00:00.192691,0.8217665051644764,0.7741068595178765,0.009509349074217742,75,0.4339118327865361,64,NVDA.O,COMPLETE,NVDA.O
5,89.34999973070363,2025-04-30 15:23:13.028382,2025-04-30 15:23:13.201233,0 days 00:00:00.172851,0.9822427046130048,1.562262640723068,0.016388971078106492,45,0.32258477864705093,46,NVDA.O,COMPLETE,NVDA.O
6,89.35342262081456,2025-04-30 15:23:13.212966,2025-04-30 15:23:13.320117,0 days 00:00:00.107151,0.9397023122291958,0.16376634686198135,0.022047609366912045,68,0.4717097393925933,28,NVDA.O,COMPLETE,NVDA.O
7,89.19527558475674,2025-04-30 15:23:13.328344,2025-04-30 15:23:13.495336,0 days 00:00:00.166992,0.7744750932892996,0.347829078139358,0.015421873770961516,53,0.30035722871547516,112,NVDA.O,COMPLETE,NVDA.O
8,89.15601498850069,2025-04-30 15:23:13.504912,2025-04-30 15:23:13.577994,0 days 00:00:00.073082,0.8022841440769803,6.449442485307483,0.07836482932558864,56,0.4130564623364258,22,NVDA.O,COMPLETE,NVDA.O
9,89.34882921403604,2025-04-30 15:23:13.587030,2025-04-30 15:23:13.682784,0 days 00:00:00.095754,0.9437306446270058,0.5536136727834109,0.02254513262394277,82,0.1881044677926586,51,NVDA.O,COMPLETE,NVDA.O
10,89.06087145531167,2025-04-30 15:23:13.691583,2025-04-30 15:23:13.821565,0 days 00:00:00.129982,0.6454281059458319,0.030029762886573507,0.09805400511881807,33,0.3903694113691867,94,NVDA.O,COMPLETE,NVDA.O
11,88.9392735665637,2025-04-30 15:23:13.827524,2025-04-30 15:23:13.976126,0 days 00:00:00.148602,0.6057915118232282,0.031157128565263696,0.09955814498456864,17,0.3921485439203401,90,NVDA.O,COMPLETE,NVDA.O
12,89.13362052072966,2025-04-30 15:23:13.986375,2025-04-30 15:23:14.142295,0 days 00:00:00.155920,0.6207630242222093,0.033473483665116786,0.09161541323032923,14,0.3777889129048,92,NVDA.O,COMPLETE,NVDA.O
13,88.8262092427276,2025-04-30 15:23:14.150142,2025-04-30 15:23:14.370282,0 days 00:00:00.220140,0.7044912343620917,0.03461200814225654,0.05293135675543335,15,0.4972250484855934,85,NVDA.O,COMPLETE,NVDA.O
