,number,value,datetime_start,datetime_complete,duration,params_batch_size,params_dropout,params_epochs,params_lookback,params_units,user_attrs_Company,state,Company
977,17,0.0271726671985989,2025-05-01 13:16:40.219799,2025-05-01 13:16:54.088408,0 days 00:00:13.868609,32,0.1662293238871343,33,6,220,ZS.O,COMPLETE,ZS.O
978,18,0.0271787271367289,2025-05-01 13:16:54.098369,2025-05-01 13:17:15.560047,0 days 00:00:21.461678,64,0.3366869046170638,32,11,134,ZS.O,COMPLETE,ZS.O
979,19,0.0169864336784846,2025-05-01 13:17:15.575622,2025-05-01 13:17:26.846442,0 days 00:00:11.270820,32,0.2331435301493276,32,1,192,ZS.O,COMPLETE,ZS.O
980,20,0.0271079207062026,2025-05-01 13:17:26.859772,2025-05-01 13:17:52.082427,0 days 00:00:25.222655,32,0.4807918020836589,34,11,231,ZS.O,COMPLETE,ZS.O
981,21,0.0168696468459976,2025-05-01 13:17:52.095190,2025-05-01 13:18:01.756614,0 days 00:00:09.661424,32,0.1521372253202033,31,1,242,ZS.O,COMPLETE,ZS.O
982,22,0.0267668727559095,2025-05-01 13:18:01.766127,2025-05-01 13:18:13.102501,0 days 00:00:11.336374,32,0.1706371960524308,31,6,236,ZS.O,COMPLETE,ZS.O
983,23,0.0167185976546462,2025-05-01 13:18:13.113126,2025-05-01 13:18:23.441535,0 days 00:00:10.328409,32,0.1583440922522659,31,1,204,ZS.O,COMPLETE,ZS.O
984,24,0.0292920544414929,2025-05-01 13:18:23.452328,2025-05-01 13:18:50.219931,0 days 00:00:26.767603,32,0.2385255438820466,33,16,207,ZS.O,COMPLETE,ZS.O
985,25,0.0269503285407309,2025-05-01 13:18:50.228798,2025-05-01 13:18:59.349569,0 days 00:00:09.120771,32,0.1003689166274892,29,6,177,ZS.O,COMPLETE,ZS.O
986,26,0.0284371282547662,2025-05-01 13:18:59.356592,2025-05-01 13:19:18.150338,0 days 00:00:18.793746,64,0.1847328959338348,34,21,210,ZS.O,COMPLETE,ZS.O
987,27,0.0166971557483504,2025-05-01 13:19:18.158812,2025-05-01 13:19:28.277093,0 days 00:00:10.118281,32,0.3672918278763963,32,1,181,ZS.O,COMPLETE,ZS.O
988,28,0.0306006549578925,2025-05-01 13:19:28.283699,2025-05-01 13:19:42.119092,0 days 00:00:13.835393,32,0.3495221282933485,31,11,143,ZS.O,COMPLETE,ZS.O
989,29,0.0281506441692723,2025-05-01 13:19:42.125911,2025-05-01 13:20:07.415491,0 days 00:00:25.289580,32,0.3746428530648277,29,21,172,ZS.O,COMPLETE,ZS.O
990,0,0.0538200029051168,2025-05-01 09:07:48.598167,2025-05-01 09:08:19.613072,0 days 00:00:31.014905,64,0.1423315508311686,31,51,196,CDW.O,COMPLETE,CDW.O
991,1,0.055630503703652,2025-05-01 09:08:19.620962,2025-05-01 09:08:41.557940,0 days 00:00:21.936978,64,0.327702926638763,35,41,56,CDW.O,COMPLETE,CDW.O
992,2,0.0546704646058551,2025-05-01 09:08:41.567636,2025-05-01 09:08:58.001960,0 days 00:00:16.434324,32,0.2778261587676072,31,26,89,CDW.O,COMPLETE,CDW.O
993,3,0.0538955573540762,2025-05-01 09:08:58.015309,2025-05-01 09:09:10.355570,0 days 00:00:12.340261,64,0.1597033269567355,31,26,78,CDW.O,COMPLETE,CDW.O
994,4,0.050286983305283,2025-05-01 09:09:10.364033,2025-05-01 09:09:41.906086,0 days 00:00:31.542053,32,0.3481082294257707,24,21,152,CDW.O,COMPLETE,CDW.O
995,5,0.0520204317814056,2025-05-01 09:09:41.914197,2025-05-01 09:10:26.895966,0 days 00:00:44.981769,32,0.3964396820780062,29,36,251,CDW.O,COMPLETE,CDW.O
996,6,0.0549483493397503,2025-05-01 09:10:26.902219,2025-05-01 09:10:34.092520,0 days 00:00:07.190301,32,0.31570110447867,34,11,51,CDW.O,COMPLETE,CDW.O
997,7,0.0552327560892345,2025-05-01 09:10:34.101741,2025-05-01 09:10:55.929972,0 days 00:00:21.828231,32,0.4864152280963716,30,46,114,CDW.O,COMPLETE,CDW.O
998,8,0.049986332036891,2025-05-01 09:10:55.936723,2025-05-01 09:12:15.165216,0 days 00:01:19.228493,32,0.3867416141548756,35,46,249,CDW.O,COMPLETE,CDW.O
999,9,0.0588686510390042,2025-05-01 09:12:15.173078,2025-05-01 09:12:42.392513,0 days 00:00:27.219435,32,0.3628641459869444,22,51,73,CDW.O,COMPLETE,CDW.O
1000,10,0.0315315599966032,2025-05-01 09:12:42.397997,2025-05-01 09:12:51.711683,0 days 00:00:09.313686,64,0.4974386630078315,26,1,251,CDW.O,COMPLETE,CDW.O
1001,11,0.0315431115751262,2025-05-01 09:12:51.721405,2025-05-01 09:13:01.188625,0 days 00:00:09.467220,64,0.497158895362963,26,1,252,CDW.O,COMPLETE,CDW.O
1002,12,0.0315380187519945,2025-05-01 09:13:01.194827,2025-05-01 09:13:10.501761,0 days 00:00:09.306934,64,0.4968134012381263,26,1,209,CDW.O,COMPLETE,CDW.O
1003,13,0.2058607026588436,2025-05-01 09:13:10.507673,2025-05-01 09:13:15.136653,0 days 00:00:04.628980,64,0.4389857824522701,20,1,206,CDW.O,COMPLETE,CDW.O
1004,14,0.0535901451365942,2025-05-01 09:13:15.146635,2025-05-01 09:13:28.731980,0 days 00:00:13.585345,64,0.2501354312668528,26,11,209,CDW.O,COMPLETE,CDW.O
1005,15,0.0529060123179961,2025-05-01 09:13:28.740959,2025-05-01 09:13:45.890382,0 days 00:00:17.149423,64,0.4362928547781944,27,11,161,CDW.O,COMPLETE,CDW.O
1006,16,0.2114492980040027,2025-05-01 09:13:45.896154,2025-05-01 09:13:50.285116,0 days 00:00:04.388962,64,0.4472899461149555,24,1,185,CDW.O,COMPLETE,CDW.O
1007,17,0.0514862725032974,2025-05-01 09:13:50.292579,2025-05-01 09:14:13.563604,0 days 00:00:23.271025,64,0.2241839477498332,24,16,223,CDW.O,COMPLETE,CDW.O
1008,18,0.0510066051574975,2025-05-01 09:14:13.572409,2025-05-01 09:14:30.566219,0 days 00:00:16.993810,64,0.4742288999868961,29,6,229,CDW.O,COMPLETE,CDW.O
1009,19,0.0517634622354314,2025-05-01 09:14:30.572490,2025-05-01 09:14:48.511890,0 days 00:00:17.939400,64,0.4005490312431842,22,16,176,CDW.O,COMPLETE,CDW.O
1010,20,0.0518376027842171,2025-05-01 09:14:48.522599,2025-05-01 09:15:20.828233,0 days 00:00:32.305634,64,0.1830899139631121,28,31,136,CDW.O,COMPLETE,CDW.O
1011,21,0.0314531388689205,2025-05-01 09:15:20.835005,2025-05-01 09:15:30.378598,0 days 00:00:09.543593,64,0.4940136686220294,26,1,235,CDW.O,COMPLETE,CDW.O
1012,22,0.0512154519538063,2025-05-01 09:15:30.388466,2025-05-01 09:15:47.370920,0 days 00:00:16.982454,64,0.4552447361332227,26,6,230,CDW.O,COMPLETE,CDW.O
1013,23,0.0510889457043095,2025-05-01 09:15:47.381625,2025-05-01 09:16:04.032561,0 days 00:00:16.650936,64,0.4246358786238282,25,6,231,CDW.O,COMPLETE,CDW.O
1014,24,0.0317564573401222,2025-05-01 09:16:04.038077,2025-05-01 09:16:13.189874,0 days 00:00:09.151797,64,0.1045716073800608,22,1,213,CDW.O,COMPLETE,CDW.O
1015,25,0.0525761623832585,2025-05-01 09:16:13.197811,2025-05-01 09:16:46.666763,0 days 00:00:33.468952,64,0.4955005804904183,28,16,255,CDW.O,COMPLETE,CDW.O
1016,26,0.0541018175497834,2025-05-01 09:16:46.672898,2025-05-01 09:16:53.989371,0 days 00:00:07.316473,64,0.4716576883164536,27,6,177,CDW.O,COMPLETE,CDW.O
1017,27,0.0508365443931043,2025-05-01 09:16:54.001079,2025-05-01 09:17:29.333333,0 days 00:00:35.332254,64,0.4159673479236367,25,21,237,CDW.O,COMPLETE,CDW.O
1018,28,0.0525486784070426,2025-05-01 09:17:29.338913,2025-05-01 09:17:45.948637,0 days 00:00:16.609724,64,0.3679788740996708,23,11,198,CDW.O,COMPLETE,CDW.O
1019,29,0.0544369294104989,2025-05-01 09:17:45.958645,2025-05-01 09:18:48.483248,0 days 00:01:02.524603,64,0.4629351596816994,33,56,192,CDW.O,COMPLETE,CDW.O
1020,0,0.0475500548484264,2025-05-01 09:18:48.536082,2025-05-01 09:19:25.301331,0 days 00:00:36.765249,32,0.1753048585115384,32,16,179,CRWD.O,COMPLETE,CRWD.O
1021,1,0.0531253285975183,2025-05-01 09:19:25.309945,2025-05-01 09:20:54.042162,0 days 00:01:28.732217,64,0.352807381200801,28,51,238,CRWD.O,COMPLETE,CRWD.O
1022,2,0.0657270557582937,2025-05-01 09:20:54.048940,2025-05-01 09:21:05.978003,0 days 00:00:11.929063,64,0.3170085321960842,28,11,83,CRWD.O,COMPLETE,CRWD.O
1023,3,0.0545174980031807,2025-05-01 09:21:05.989821,2025-05-01 09:22:23.723841,0 days 00:01:17.734020,64,0.3493449920689265,32,46,233,CRWD.O,COMPLETE,CRWD.O
1024,4,0.0652080796055024,2025-05-01 09:22:23.731138,2025-05-01 09:22:38.985027,0 days 00:00:15.253889,64,0.3334656420562988,25,36,54,CRWD.O,COMPLETE,CRWD.O
1025,5,0.050992180989554,2025-05-01 09:22:38.994168,2025-05-01 09:23:35.696420,0 days 00:00:56.702252,32,0.4968364796028394,21,46,177,CRWD.O,COMPLETE,CRWD.O
1026,6,0.0524337211562537,2025-05-01 09:23:35.707238,2025-05-01 09:24:27.844708,0 days 00:00:52.137470,32,0.4592098220718938,33,26,234,CRWD.O,COMPLETE,CRWD.O
1027,7,0.0576998573067255,2025-05-01 09:24:27.857412,2025-05-01 09:25:06.325537,0 days 00:00:38.468125,64,0.1785968151988112,30,46,111,CRWD.O,COMPLETE,CRWD.O
1028,8,0.060457861243084,2025-05-01 09:25:06.335045,2025-05-01 09:25:26.606875,0 days 00:00:20.271830,32,0.404516719633373,20,51,77,CRWD.O,COMPLETE,CRWD.O
1029,9,0.0559466048304753,2025-05-01 09:25:26.614635,2025-05-01 09:26:02.563247,0 days 00:00:35.948612,64,0.2968870884515444,27,26,212,CRWD.O,COMPLETE,CRWD.O
1030,10,0.0436484464569738,2025-05-01 09:26:02.572986,2025-05-01 09:26:25.611010,0 days 00:00:23.038024,32,0.1182230896424569,35,11,148,CRWD.O,COMPLETE,CRWD.O
1031,11,0.0328428412565049,2025-05-01 09:26:25.618393,2025-05-01 09:26:33.128524,0 days 00:00:07.510131,32,0.1096227660690576,35,1,151,CRWD.O,COMPLETE,CRWD.O
1032,12,0.0324705783182227,2025-05-01 09:26:33.136123,2025-05-01 09:26:41.549202,0 days 00:00:08.413079,32,0.1003678307714219,35,1,137,CRWD.O,COMPLETE,CRWD.O
1033,13,0.0334774243939624,2025-05-01 09:26:41.558494,2025-05-01 09:26:48.202101,0 days 00:00:06.643607,32,0.1038337521750761,35,1,129,CRWD.O,COMPLETE,CRWD.O
1034,14,0.0324897548819174,2025-05-01 09:26:48.208938,2025-05-01 09:26:55.624418,0 days 00:00:07.415480,32,0.2206777033790854,35,1,166,CRWD.O,COMPLETE,CRWD.O
1035,15,0.0328355079664769,2025-05-01 09:26:55.637585,2025-05-01 09:27:02.467850,0 days 00:00:06.830265,32,0.2434211121409153,24,1,185,CRWD.O,COMPLETE,CRWD.O
1036,16,0.0517460688435507,2025-05-01 09:27:02.477663,2025-05-01 09:27:24.798603,0 days 00:00:22.320940,32,0.2026224097499579,33,16,106,CRWD.O,COMPLETE,CRWD.O
1037,17,0.0534702789659313,2025-05-01 09:27:24.804805,2025-05-01 09:27:36.203990,0 days 00:00:11.399185,32,0.2572527811480699,30,11,35,CRWD.O,COMPLETE,CRWD.O
1038,18,0.0492545139342907,2025-05-01 09:27:36.214119,2025-05-01 09:27:57.051402,0 days 00:00:20.837283,32,0.1574299597682708,30,6,204,CRWD.O,COMPLETE,CRWD.O
1039,19,0.0488080251043191,2025-05-01 09:27:57.058197,2025-05-01 09:28:39.614518,0 days 00:00:42.556321,32,0.2310268744341188,33,21,158,CRWD.O,COMPLETE,CRWD.O
1040,20,0.0514315255636135,2025-05-01 09:28:39.620675,2025-05-01 09:29:21.568227,0 days 00:00:41.947552,32,0.2837786517322537,31,36,123,CRWD.O,COMPLETE,CRWD.O
1041,21,0.0326560192285267,2025-05-01 09:29:21.577850,2025-05-01 09:29:28.769933,0 days 00:00:07.192083,32,0.2315506818592472,24,1,184,CRWD.O,COMPLETE,CRWD.O
1042,22,0.050654313255969,2025-05-01 09:29:28.779463,2025-05-01 09:29:45.701333,0 days 00:00:16.921870,32,0.1485497849796143,23,6,200,CRWD.O,COMPLETE,CRWD.O
1043,23,0.051517240860355,2025-05-01 09:29:45.711882,2025-05-01 09:30:01.610782,0 days 00:00:15.898900,32,0.2091004188607595,25,6,165,CRWD.O,COMPLETE,CRWD.O
1044,24,0.0329321213616728,2025-05-01 09:30:01.621178,2025-05-01 09:30:10.823635,0 days 00:00:09.202457,32,0.2682432254873483,22,1,130,CRWD.O,COMPLETE,CRWD.O
1045,25,0.0485970927362687,2025-05-01 09:30:10.829944,2025-05-01 09:30:47.801918,0 days 00:00:36.971974,32,0.218983309065688,26,16,255,CRWD.O,COMPLETE,CRWD.O
1046,26,0.0471841195331104,2025-05-01 09:30:47.810262,2025-05-01 09:31:12.144723,0 days 00:00:24.334461,32,0.130723963712017,34,6,191,CRWD.O,COMPLETE,CRWD.O
1047,27,0.0603729860433706,2025-05-01 09:31:12.152408,2025-05-01 09:31:28.168560,0 days 00:00:16.016152,32,0.3893312052647546,29,11,167,CRWD.O,COMPLETE,CRWD.O
1048,28,0.0534882947964013,2025-05-01 09:31:28.180500,2025-05-01 09:31:59.116450,0 days 00:00:30.935950,32,0.18741385591416,23,21,137,CRWD.O,COMPLETE,CRWD.O
1049,29,0.0333189726734997,2025-05-01 09:31:59.122655,2025-05-01 09:32:07.162248,0 days 00:00:08.039593,32,0.1604735040751951,32,1,173,CRWD.O,COMPLETE,CRWD.O
1050,0,0.037946321729256,2025-05-01 09:32:07.206477,2025-05-01 09:32:39.892590,0 days 00:00:32.686113,64,0.440979683939842,20,46,200,CTSH.O,COMPLETE,CTSH.O
1051,1,0.0384022438456556,2025-05-01 09:32:39.901968,2025-05-01 09:33:03.914448,0 days 00:00:24.012480,64,0.2240072918574838,33,11,185,CTSH.O,COMPLETE,CTSH.O
1052,2,0.0554994561431066,2025-05-01 09:33:03.921652,2025-05-01 09:33:17.361813,0 days 00:00:13.440161,64,0.4430840174217136,23,41,32,CTSH.O,COMPLETE,CTSH.O
1053,3,0.0346741616511444,2025-05-01 09:33:17.372581,2025-05-01 09:33:53.964489,0 days 00:00:36.591908,32,0.4528254387138436,30,11,248,CTSH.O,COMPLETE,CTSH.O
1054,4,0.0396637466448675,2025-05-01 09:33:53.972484,2025-05-01 09:34:21.379961,0 days 00:00:27.407477,64,0.1411234120897181,28,56,129,CTSH.O,COMPLETE,CTSH.O
1055,5,0.0380176438038676,2025-05-01 09:34:21.388243,2025-05-01 09:34:36.972946,0 days 00:00:15.584703,64,0.3320945783484897,20,26,114,CTSH.O,COMPLETE,CTSH.O
1056,6,0.0386433063047431,2025-05-01 09:34:36.984380,2025-05-01 09:35:07.442880,0 days 00:00:30.458500,64,0.4555236230290821,21,41,201,CTSH.O,COMPLETE,CTSH.O
1057,7,0.0387779502120543,2025-05-01 09:35:07.448513,2025-05-01 09:35:17.680125,0 days 00:00:10.231612,64,0.4230101207277581,29,6,103,CTSH.O,COMPLETE,CTSH.O
1058,8,0.0362850256914737,2025-05-01 09:35:17.687665,2025-05-01 09:35:45.824139,0 days 00:00:28.136474,32,0.3701284943769147,34,51,112,CTSH.O,COMPLETE,CTSH.O
1059,9,0.0361900645722148,2025-05-01 09:35:45.837503,2025-05-01 09:36:23.613676,0 days 00:00:37.776173,32,0.2799662027474974,34,16,191,CTSH.O,COMPLETE,CTSH.O
1060,10,0.0239976328226431,2025-05-01 09:36:23.620350,2025-05-01 09:36:33.200415,0 days 00:00:09.580065,32,0.4886820538211806,31,1,255,CTSH.O,COMPLETE,CTSH.O
1061,11,0.0243319151800794,2025-05-01 09:36:33.207780,2025-05-01 09:36:40.798801,0 days 00:00:07.591021,32,0.492164361738007,31,1,230,CTSH.O,COMPLETE,CTSH.O
1062,12,0.0239179630195129,2025-05-01 09:36:40.806129,2025-05-01 09:36:51.450916,0 days 00:00:10.644787,32,0.3660646417862728,31,1,252,CTSH.O,COMPLETE,CTSH.O
1063,13,0.0382697189265454,2025-05-01 09:36:51.465207,2025-05-01 09:37:32.416887,0 days 00:00:40.951680,32,0.38417537303583,26,21,250,CTSH.O,COMPLETE,CTSH.O
1064,14,0.0239663114403554,2025-05-01 09:37:32.423634,2025-05-01 09:37:42.144493,0 days 00:00:09.720859,32,0.2721947255501247,26,1,168,CTSH.O,COMPLETE,CTSH.O
1065,15,0.0384093936796458,2025-05-01 09:37:42.150332,2025-05-01 09:38:22.104307,0 days 00:00:39.953975,32,0.2687595230403572,26,31,160,CTSH.O,COMPLETE,CTSH.O
1066,16,0.0245237020973091,2025-05-01 09:38:22.113949,2025-05-01 09:38:31.176495,0 days 00:00:09.062546,32,0.2074765246209935,24,1,64,CTSH.O,COMPLETE,CTSH.O
1067,17,0.0378938875231971,2025-05-01 09:38:31.183404,2025-05-01 09:38:50.491096,0 days 00:00:19.307692,32,0.3256619488254159,25,11,155,CTSH.O,COMPLETE,CTSH.O
1068,18,0.0383750071919119,2025-05-01 09:38:50.505775,2025-05-01 09:39:11.916537,0 days 00:00:21.410762,32,0.1243344621363888,27,21,222,CTSH.O,COMPLETE,CTSH.O
1069,19,0.0377194171340371,2025-05-01 09:39:11.931132,2025-05-01 09:39:24.762254,0 days 00:00:12.831122,32,0.2314151433573096,32,6,82,CTSH.O,COMPLETE,CTSH.O
1070,20,0.0364748078930618,2025-05-01 09:39:24.768969,2025-05-01 09:39:59.938946,0 days 00:00:35.169977,32,0.3682034273820087,35,31,180,CTSH.O,COMPLETE,CTSH.O
1071,21,0.0246057150527998,2025-05-01 09:39:59.944621,2025-05-01 09:40:08.429953,0 days 00:00:08.485332,32,0.4906094058062251,30,1,224,CTSH.O,COMPLETE,CTSH.O
1072,22,0.0362732353084266,2025-05-01 09:40:08.439073,2025-05-01 09:40:29.360888,0 days 00:00:20.921815,32,0.1748559333417128,28,6,254,CTSH.O,COMPLETE,CTSH.O
1073,23,0.0237843861221463,2025-05-01 09:40:29.372256,2025-05-01 09:40:41.195350,0 days 00:00:11.823094,32,0.3187418106868323,32,1,230,CTSH.O,COMPLETE,CTSH.O
1074,24,0.0347691979446443,2025-05-01 09:40:41.211415,2025-05-01 09:41:20.235354,0 days 00:00:39.023939,32,0.3113851608927681,32,16,220,CTSH.O,COMPLETE,CTSH.O
1075,25,0.0360651013637286,2025-05-01 09:41:20.242488,2025-05-01 09:41:45.003183,0 days 00:00:24.760695,32,0.2633065831917372,29,6,164,CTSH.O,COMPLETE,CTSH.O
1076,26,0.0367244159238542,2025-05-01 09:41:45.021060,2025-05-01 09:42:17.144221,0 days 00:00:32.123161,32,0.3494358616580366,23,16,208,CTSH.O,COMPLETE,CTSH.O
1077,27,0.0240639095629975,2025-05-01 09:42:17.156556,2025-05-01 09:42:25.795259,0 days 00:00:08.638703,32,0.2962493327631484,32,1,234,CTSH.O,COMPLETE,CTSH.O
1078,28,0.0389466553220995,2025-05-01 09:42:25.806166,2025-05-01 09:42:43.002998,0 days 00:00:17.196832,32,0.4068016048397984,27,11,146,CTSH.O,COMPLETE,CTSH.O
1079,29,0.0344681768993271,2025-05-01 09:42:43.010796,2025-05-01 09:43:07.153161,0 days 00:00:24.142365,32,0.2445902925891325,35,6,174,CTSH.O,COMPLETE,CTSH.O
1080,0,0.0235564677504728,2025-05-01 09:43:07.201627,2025-05-01 09:43:41.917085,0 days 00:00:34.715458,32,0.1974551283278062,24,26,126,DASH.O,COMPLETE,DASH.O
1081,1,0.0253049962257909,2025-05-01 09:43:41.927526,2025-05-01 09:44:15.410846,0 days 00:00:33.483320,64,0.3346940243169373,24,31,220,DASH.O,COMPLETE,DASH.O
1082,2,0.0252947296030803,2025-05-01 09:44:15.424443,2025-05-01 09:44:50.634128,0 days 00:00:35.209685,64,0.2684623822643851,26,56,168,DASH.O,COMPLETE,DASH.O
1083,3,0.028205282895984,2025-05-01 09:44:50.649784,2025-05-01 09:45:12.051185,0 days 00:00:21.401401,32,0.4811613246270532,28,56,81,DASH.O,COMPLETE,DASH.O
1084,4,0.0187557466934775,2025-05-01 09:45:12.065461,2025-05-01 09:46:21.461333,0 days 00:01:09.395872,32,0.1390413615907841,30,31,215,DASH.O,COMPLETE,DASH.O
1085,5,0.0216485018758245,2025-05-01 09:46:21.469843,2025-05-01 09:46:58.385961,0 days 00:00:36.916118,32,0.2064150125275451,30,36,120,DASH.O,COMPLETE,DASH.O
1086,6,0.0240614099902703,2025-05-01 09:46:58.398005,2025-05-01 09:47:06.817041,0 days 00:00:08.419036,32,0.290476216876909,23,11,42,DASH.O,COMPLETE,DASH.O
1087,7,0.0253887114583913,2025-05-01 09:47:06.822775,2025-05-01 09:48:00.158971,0 days 00:00:53.336196,32,0.4074775663056813,20,56,140,DASH.O,COMPLETE,DASH.O
1088,8,0.0135409782945115,2025-05-01 09:48:00.168093,2025-05-01 09:48:12.438285,0 days 00:00:12.270192,32,0.3574388764985744,35,1,146,DASH.O,COMPLETE,DASH.O
1089,9,0.0150477007158403,2025-05-01 09:48:12.445362,2025-05-01 09:48:20.733392,0 days 00:00:08.288030,64,0.2928432107146194,28,1,133,DASH.O,COMPLETE,DASH.O
1090,10,0.0136719770340718,2025-05-01 09:48:20.742372,2025-05-01 09:48:30.351034,0 days 00:00:09.608662,64,0.3871652737530735,34,1,185,DASH.O,COMPLETE,DASH.O
1091,11,0.0147737986609465,2025-05-01 09:48:30.358505,2025-05-01 09:48:38.419869,0 days 00:00:08.061364,64,0.3906347950176407,35,1,186,DASH.O,COMPLETE,DASH.O
1092,12,0.0257544804275511,2025-05-01 09:48:38.426283,2025-05-01 09:48:58.644286,0 days 00:00:20.218003,64,0.40072621070976,35,16,241,DASH.O,COMPLETE,DASH.O
1093,13,0.025049205824087,2025-05-01 09:48:58.651256,2025-05-01 09:49:13.523407,0 days 00:00:14.872151,64,0.4967187123071772,33,11,183,DASH.O,COMPLETE,DASH.O
1094,14,0.0138900442515163,2025-05-01 09:49:13.539530,2025-05-01 09:49:23.873500,0 days 00:00:10.333970,32,0.3543632234151986,32,1,91,DASH.O,COMPLETE,DASH.O
1095,15,0.0236992220169018,2025-05-01 09:49:23.882380,2025-05-01 09:49:44.611563,0 days 00:00:20.729183,64,0.429904386150959,33,16,172,DASH.O,COMPLETE,DASH.O
1096,16,0.0225467016164589,2025-05-01 09:49:44.617756,2025-05-01 09:50:47.102049,0 days 00:01:02.484293,64,0.4398929145550135,31,46,207,DASH.O,COMPLETE,DASH.O
1097,17,0.022637629680359,2025-05-01 09:50:47.110403,2025-05-01 09:51:05.738865,0 days 00:00:18.628462,32,0.3513034320928512,35,11,102,DASH.O,COMPLETE,DASH.O
1098,18,0.0279467163557761,2025-05-01 09:51:05.745910,2025-05-01 09:51:20.140439,0 days 00:00:14.394529,64,0.2429728929040009,33,21,155,DASH.O,COMPLETE,DASH.O
1099,19,0.0234317344431521,2025-05-01 09:51:20.149155,2025-05-01 09:51:31.031621,0 days 00:00:10.882466,32,0.3511642654809003,34,6,246,DASH.O,COMPLETE,DASH.O
1100,20,0.0336076038878485,2025-05-01 09:51:31.039791,2025-05-01 09:51:41.651852,0 days 00:00:10.612061,64,0.4467313336732488,30,41,59,DASH.O,COMPLETE,DASH.O
1101,21,0.0160499328633765,2025-05-01 09:51:41.662260,2025-05-01 09:51:48.974633,0 days 00:00:07.312373,32,0.3300694640919427,32,1,92,DASH.O,COMPLETE,DASH.O
1102,22,0.019842176881947,2025-05-01 09:51:48.982234,2025-05-01 09:52:05.706150,0 days 00:00:16.723916,32,0.3696135068991413,32,6,113,DASH.O,COMPLETE,DASH.O
1103,23,0.0250093878719635,2025-05-01 09:52:05.719383,2025-05-01 09:52:11.159213,0 days 00:00:05.439830,32,0.3145571013986908,34,6,73,DASH.O,COMPLETE,DASH.O
1104,24,0.0133866090860183,2025-05-01 09:52:11.168026,2025-05-01 09:52:19.280042,0 days 00:00:08.112016,32,0.3732156132990283,31,1,154,DASH.O,COMPLETE,DASH.O
1105,25,0.0270185997886645,2025-05-01 09:52:19.287364,2025-05-01 09:52:30.304259,0 days 00:00:11.016895,32,0.377792825175766,29,16,153,DASH.O,COMPLETE,DASH.O
1106,26,0.019835813780622,2025-05-01 09:52:30.311203,2025-05-01 09:52:48.005069,0 days 00:00:17.693866,32,0.4203656485797681,34,6,198,DASH.O,COMPLETE,DASH.O
1107,27,0.0228280765303479,2025-05-01 09:52:48.010832,2025-05-01 09:53:20.829013,0 days 00:00:32.818181,32,0.4560627252336524,26,21,165,DASH.O,COMPLETE,DASH.O
1108,28,0.0236505589121344,2025-05-01 09:53:20.836666,2025-05-01 09:53:40.899423,0 days 00:00:20.062757,64,0.2518451922678599,31,11,148,DASH.O,COMPLETE,DASH.O
1109,29,0.0192507298372443,2025-05-01 09:53:40.905681,2025-05-01 09:54:28.287653,0 days 00:00:47.381972,32,0.1177311961329848,35,26,130,DASH.O,COMPLETE,DASH.O
1110,0,0.0352625628272461,2025-05-01 09:54:28.338840,2025-05-01 09:54:42.571926,0 days 00:00:14.233086,64,0.2651212216708938,26,6,175,DDOG.O,COMPLETE,DDOG.O
1111,1,0.0357154955334922,2025-05-01 09:54:42.580625,2025-05-01 09:55:01.714315,0 days 00:00:19.133690,64,0.4259997592667432,25,11,212,DDOG.O,COMPLETE,DDOG.O
1112,2,0.0356383870175016,2025-05-01 09:55:01.720170,2025-05-01 09:55:37.634480,0 days 00:00:35.914310,32,0.211493154803152,25,31,114,DDOG.O,COMPLETE,DDOG.O
1113,3,0.0436659045438185,2025-05-01 09:55:37.643087,2025-05-01 09:55:54.541354,0 days 00:00:16.898267,64,0.2501300890966918,30,16,243,DDOG.O,COMPLETE,DDOG.O
1114,4,0.0360943263324353,2025-05-01 09:55:54.547175,2025-05-01 09:56:27.076694,0 days 00:00:32.529519,32,0.3292431492404035,30,16,232,DDOG.O,COMPLETE,DDOG.O
1115,5,0.0386255700110902,2025-05-01 09:56:27.089454,2025-05-01 09:57:04.176793,0 days 00:00:37.087339,64,0.4796157310449207,29,46,89,DDOG.O,COMPLETE,DDOG.O
