,number,value,datetime_start,datetime_complete,duration,params_batch_size,params_dropout,params_epochs,params_lookback,params_units,user_attrs_Company,state,Company
557,17,0.0583734305273253,2025-05-01 10:45:59.160275,2025-05-01 10:46:17.828927,0 days 00:00:18.668652,64,0.1259971050665506,20,26,150,APP.O,COMPLETE,APP.O
558,18,0.0466122538815349,2025-05-01 10:46:17.841323,2025-05-01 10:46:25.860065,0 days 00:00:08.018742,32,0.278803960597646,25,11,148,APP.O,COMPLETE,APP.O
559,19,0.0496304439239652,2025-05-01 10:46:25.871512,2025-05-01 10:46:36.485976,0 days 00:00:10.614464,64,0.1920974397010057,31,11,251,APP.O,COMPLETE,APP.O
560,20,0.0514613551882292,2025-05-01 10:46:36.496803,2025-05-01 10:46:55.394716,0 days 00:00:18.897913,32,0.1622556425554758,27,26,80,APP.O,COMPLETE,APP.O
561,21,0.0258839363004143,2025-05-01 10:46:55.406326,2025-05-01 10:47:03.048125,0 days 00:00:07.641799,32,0.2385826037993393,28,1,86,APP.O,COMPLETE,APP.O
562,22,0.0255959866088408,2025-05-01 10:47:03.062929,2025-05-01 10:47:12.079793,0 days 00:00:09.016864,32,0.2223049216505942,25,1,116,APP.O,COMPLETE,APP.O
563,23,0.0420866918032433,2025-05-01 10:47:12.090386,2025-05-01 10:47:20.321615,0 days 00:00:08.231229,32,0.3127249143928682,24,6,130,APP.O,COMPLETE,APP.O
564,24,0.051170949953247,2025-05-01 10:47:20.334218,2025-05-01 10:47:28.657872,0 days 00:00:08.323654,32,0.2178720660749484,22,11,165,APP.O,COMPLETE,APP.O
565,25,0.0250179916763464,2025-05-01 10:47:28.671635,2025-05-01 10:47:36.183041,0 days 00:00:07.511406,32,0.2733846672116322,26,1,118,APP.O,COMPLETE,APP.O
566,26,0.0546505995194924,2025-05-01 10:47:36.196624,2025-05-01 10:47:45.735212,0 days 00:00:09.538588,64,0.2733203176187206,26,16,135,APP.O,COMPLETE,APP.O
567,27,0.0430024518153817,2025-05-01 10:47:45.746833,2025-05-01 10:47:53.036593,0 days 00:00:07.289760,32,0.3422017906913031,23,6,163,APP.O,COMPLETE,APP.O
568,28,0.0663144099782879,2025-05-01 10:47:53.050895,2025-05-01 10:48:01.428254,0 days 00:00:08.377359,64,0.3931770964228493,26,21,99,APP.O,COMPLETE,APP.O
569,29,0.060366076742004,2025-05-01 10:48:01.439742,2025-05-01 10:48:14.685142,0 days 00:00:13.245400,32,0.2901623826851046,21,21,69,APP.O,COMPLETE,APP.O
570,0,0.0508084557962117,2025-05-01 10:48:14.741959,2025-05-01 10:48:52.998968,0 days 00:00:38.257009,64,0.3791305203444918,30,46,112,ASML.O,COMPLETE,ASML.O
571,1,0.0516076526931106,2025-05-01 10:48:53.015677,2025-05-01 10:49:23.477120,0 days 00:00:30.461443,64,0.2960252565835657,22,36,152,ASML.O,COMPLETE,ASML.O
572,2,0.0460156577509174,2025-05-01 10:49:23.489659,2025-05-01 10:51:41.921961,0 days 00:02:18.432302,32,0.2437428784511524,35,51,246,ASML.O,COMPLETE,ASML.O
573,3,0.0481438996604854,2025-05-01 10:51:41.936385,2025-05-01 10:52:41.017100,0 days 00:00:59.080715,32,0.1680585634207497,30,46,142,ASML.O,COMPLETE,ASML.O
574,4,0.0470230983265242,2025-05-01 10:52:41.029141,2025-05-01 10:54:09.924691,0 days 00:01:28.895550,64,0.2701196368397541,35,41,228,ASML.O,COMPLETE,ASML.O
575,5,0.0471007015233351,2025-05-01 10:54:09.938605,2025-05-01 10:54:44.850182,0 days 00:00:34.911577,32,0.1488921705883167,23,26,182,ASML.O,COMPLETE,ASML.O
576,6,0.0549789418917125,2025-05-01 10:54:44.864088,2025-05-01 10:55:08.712031,0 days 00:00:23.847943,64,0.4545077312261613,23,41,94,ASML.O,COMPLETE,ASML.O
577,7,0.0472268245603264,2025-05-01 10:55:08.722601,2025-05-01 10:55:49.980016,0 days 00:00:41.257415,64,0.3932415303736073,34,16,253,ASML.O,COMPLETE,ASML.O
578,8,0.0527989435362416,2025-05-01 10:55:49.992291,2025-05-01 10:56:19.120501,0 days 00:00:29.128210,64,0.238357908902122,20,41,138,ASML.O,COMPLETE,ASML.O
579,9,0.0505546169625807,2025-05-01 10:56:19.131246,2025-05-01 10:57:41.027313,0 days 00:01:21.896067,32,0.3951091420740978,28,46,256,ASML.O,COMPLETE,ASML.O
580,10,0.051849815519374,2025-05-01 10:57:41.039764,2025-05-01 10:57:59.051246,0 days 00:00:18.011482,32,0.1053560157984083,32,56,52,ASML.O,COMPLETE,ASML.O
581,11,0.0369827628019748,2025-05-01 10:57:59.065194,2025-05-01 10:58:06.711963,0 days 00:00:07.646769,32,0.2491763421266978,35,1,200,ASML.O,COMPLETE,ASML.O
582,12,0.037047534359928,2025-05-01 10:58:06.727463,2025-05-01 10:58:19.713212,0 days 00:00:12.985749,32,0.2206842346974306,33,1,205,ASML.O,COMPLETE,ASML.O
583,13,0.0372018633817374,2025-05-01 10:58:19.725088,2025-05-01 10:58:28.438495,0 days 00:00:08.713407,32,0.2008421099358225,32,1,200,ASML.O,COMPLETE,ASML.O
584,14,0.0364134977670647,2025-05-01 10:58:28.456860,2025-05-01 10:58:37.292226,0 days 00:00:08.835366,32,0.3391599947046401,26,1,195,ASML.O,COMPLETE,ASML.O
585,15,0.0458265491702927,2025-05-01 10:58:37.307037,2025-05-01 10:59:11.040448,0 days 00:00:33.733411,32,0.333913216697828,25,16,180,ASML.O,COMPLETE,ASML.O
586,16,0.0466481424100765,2025-05-01 10:59:11.050529,2025-05-01 10:59:41.269396,0 days 00:00:30.218867,32,0.3349071063533742,26,11,217,ASML.O,COMPLETE,ASML.O
587,17,0.0451441176763105,2025-05-01 10:59:41.288004,2025-05-01 11:00:00.227742,0 days 00:00:18.939738,32,0.4855851910127209,28,6,173,ASML.O,COMPLETE,ASML.O
588,18,0.0472230606415599,2025-05-01 11:00:00.239093,2025-05-01 11:00:35.299403,0 days 00:00:35.060310,32,0.3293146787932183,26,26,161,ASML.O,COMPLETE,ASML.O
589,19,0.0460106738714174,2025-05-01 11:00:35.310766,2025-05-01 11:01:12.996725,0 days 00:00:37.685959,32,0.2797408268463693,29,16,199,ASML.O,COMPLETE,ASML.O
590,20,0.0506412844753304,2025-05-01 11:01:13.009028,2025-05-01 11:01:23.373267,0 days 00:00:10.364239,32,0.4248536269887527,25,6,121,ASML.O,COMPLETE,ASML.O
591,21,0.0365865367849692,2025-05-01 11:01:23.383786,2025-05-01 11:01:30.760007,0 days 00:00:07.376221,32,0.2171231510685596,33,1,212,ASML.O,COMPLETE,ASML.O
592,22,0.0370918008686587,2025-05-01 11:01:30.774384,2025-05-01 11:01:38.835653,0 days 00:00:08.061269,32,0.1770362872115239,32,1,230,ASML.O,COMPLETE,ASML.O
593,23,0.0489831172312922,2025-05-01 11:01:38.846802,2025-05-01 11:01:57.591288,0 days 00:00:18.744486,32,0.260599529169999,31,11,188,ASML.O,COMPLETE,ASML.O
594,24,0.045211108366055,2025-05-01 11:01:57.605938,2025-05-01 11:02:19.218029,0 days 00:00:21.612091,32,0.3153451154833384,34,6,219,ASML.O,COMPLETE,ASML.O
595,25,0.0454767966643142,2025-05-01 11:02:19.228807,2025-05-01 11:03:03.873839,0 days 00:00:44.645032,32,0.3548246402196547,34,21,165,ASML.O,COMPLETE,ASML.O
596,26,0.0437339495906874,2025-05-01 11:03:03.890641,2025-05-01 11:03:35.205486,0 days 00:00:31.314845,32,0.1195880872440999,27,11,232,ASML.O,COMPLETE,ASML.O
597,27,0.0371558291555551,2025-05-01 11:03:35.219320,2025-05-01 11:03:42.803993,0 days 00:00:07.584673,32,0.2017866339273067,30,1,204,ASML.O,COMPLETE,ASML.O
598,28,0.0494101844700991,2025-05-01 11:03:42.814999,2025-05-01 11:03:49.457156,0 days 00:00:06.642157,32,0.2920381872035077,33,6,80,ASML.O,COMPLETE,ASML.O
599,29,0.0500638060470709,2025-05-01 11:03:49.468679,2025-05-01 11:04:21.299687,0 days 00:00:31.831008,64,0.3617216957239176,29,31,122,ASML.O,COMPLETE,ASML.O
600,0,0.030000249183978,2025-05-01 11:04:21.354776,2025-05-01 11:04:29.986186,0 days 00:00:08.631410,64,0.4419424859012227,25,1,163,AVGO.O,COMPLETE,AVGO.O
601,1,0.0302675959137286,2025-05-01 11:04:29.997518,2025-05-01 11:04:37.020170,0 days 00:00:07.022652,64,0.3488679748399346,22,1,177,AVGO.O,COMPLETE,AVGO.O
602,2,0.0518017533152961,2025-05-01 11:04:37.029488,2025-05-01 11:05:09.023315,0 days 00:00:31.993827,64,0.3085218813258769,28,21,200,AVGO.O,COMPLETE,AVGO.O
603,3,0.0513317797164455,2025-05-01 11:05:09.041664,2025-05-01 11:05:46.081240,0 days 00:00:37.039576,64,0.3862160751459781,25,31,197,AVGO.O,COMPLETE,AVGO.O
604,4,0.0460188060809277,2025-05-01 11:05:46.094805,2025-05-01 11:06:04.584068,0 days 00:00:18.489263,32,0.1905557432633742,24,11,146,AVGO.O,COMPLETE,AVGO.O
605,5,0.0602334719926222,2025-05-01 11:06:04.596016,2025-05-01 11:06:14.406229,0 days 00:00:09.810213,64,0.3011268265411461,28,56,44,AVGO.O,COMPLETE,AVGO.O
606,6,0.0482463727030877,2025-05-01 11:06:14.424248,2025-05-01 11:07:31.007317,0 days 00:01:16.583069,32,0.4253184991756799,35,41,183,AVGO.O,COMPLETE,AVGO.O
607,7,0.0542936047095923,2025-05-01 11:07:31.018864,2025-05-01 11:08:09.345105,0 days 00:00:38.326241,32,0.1969112822550663,29,46,107,AVGO.O,COMPLETE,AVGO.O
608,8,0.0468347069593549,2025-05-01 11:08:09.355462,2025-05-01 11:09:27.351334,0 days 00:01:17.995872,32,0.2586479148928827,33,46,140,AVGO.O,COMPLETE,AVGO.O
609,9,0.053780249275072,2025-05-01 11:09:27.362721,2025-05-01 11:10:01.001919,0 days 00:00:33.639198,64,0.3248497706585596,32,41,233,AVGO.O,COMPLETE,AVGO.O
610,10,0.049473065034443,2025-05-01 11:10:01.016740,2025-05-01 11:10:08.388011,0 days 00:00:07.371271,64,0.4997543652006283,20,1,69,AVGO.O,COMPLETE,AVGO.O
611,11,0.0302441852329811,2025-05-01 11:10:08.402879,2025-05-01 11:10:17.035362,0 days 00:00:08.632483,64,0.4283968645042603,21,1,159,AVGO.O,COMPLETE,AVGO.O
612,12,0.0520845317481731,2025-05-01 11:10:17.046720,2025-05-01 11:10:31.017538,0 days 00:00:13.970818,64,0.4632021916085043,20,11,120,AVGO.O,COMPLETE,AVGO.O
613,13,0.0488503946763108,2025-05-01 11:10:31.032172,2025-05-01 11:11:02.090672,0 days 00:00:31.058500,64,0.4126955263090268,25,11,256,AVGO.O,COMPLETE,AVGO.O
614,14,0.0525418883505032,2025-05-01 11:11:02.100987,2025-05-01 11:11:24.869784,0 days 00:00:22.768797,64,0.1049410740948415,23,21,156,AVGO.O,COMPLETE,AVGO.O
615,15,0.0301934859960474,2025-05-01 11:11:24.886299,2025-05-01 11:11:31.458244,0 days 00:00:06.571945,64,0.4952693348055379,26,1,91,AVGO.O,COMPLETE,AVGO.O
616,16,0.0532641963855935,2025-05-01 11:11:31.469300,2025-05-01 11:11:49.694695,0 days 00:00:18.225395,64,0.4970526250292403,26,21,88,AVGO.O,COMPLETE,AVGO.O
617,17,0.0483472048685132,2025-05-01 11:11:49.705498,2025-05-01 11:11:57.593585,0 days 00:00:07.888087,64,0.3736285704837928,30,6,43,AVGO.O,COMPLETE,AVGO.O
618,18,0.0555219156379122,2025-05-01 11:11:57.603831,2025-05-01 11:12:07.246707,0 days 00:00:09.642876,32,0.4580241187258551,26,16,79,AVGO.O,COMPLETE,AVGO.O
619,19,0.0538319674982481,2025-05-01 11:12:07.258295,2025-05-01 11:12:41.228063,0 days 00:00:33.969768,64,0.4619340737584373,31,31,116,AVGO.O,COMPLETE,AVGO.O
620,20,0.0521432265023769,2025-05-01 11:12:41.244338,2025-05-01 11:12:46.916960,0 days 00:00:05.672622,64,0.2592260572976479,27,6,99,AVGO.O,COMPLETE,AVGO.O
621,21,0.0301372015610589,2025-05-01 11:12:46.930373,2025-05-01 11:12:55.165653,0 days 00:00:08.235280,64,0.4252793486040748,22,1,169,AVGO.O,COMPLETE,AVGO.O
622,22,0.0470633284103545,2025-05-01 11:12:55.175577,2025-05-01 11:13:05.087709,0 days 00:00:09.912132,64,0.3939131706441209,23,6,132,AVGO.O,COMPLETE,AVGO.O
623,23,0.0296710539219386,2025-05-01 11:13:05.099456,2025-05-01 11:13:12.757803,0 days 00:00:07.658347,64,0.4509561976600603,23,1,210,AVGO.O,COMPLETE,AVGO.O
624,24,0.0501281212213458,2025-05-01 11:13:12.773380,2025-05-01 11:13:38.512377,0 days 00:00:25.738997,64,0.3577057022780099,22,16,231,AVGO.O,COMPLETE,AVGO.O
625,25,0.0475397357480953,2025-05-01 11:13:38.526740,2025-05-01 11:13:53.887792,0 days 00:00:15.361052,64,0.4478736483773361,24,6,213,AVGO.O,COMPLETE,AVGO.O
626,26,0.0546067218025327,2025-05-01 11:13:53.901021,2025-05-01 11:14:10.111420,0 days 00:00:16.210399,32,0.4062544087464816,22,16,166,AVGO.O,COMPLETE,AVGO.O
627,27,0.0297473400932494,2025-05-01 11:14:10.122539,2025-05-01 11:14:17.820914,0 days 00:00:07.698375,64,0.4392471113062481,24,1,215,AVGO.O,COMPLETE,AVGO.O
628,28,0.0535054860662886,2025-05-01 11:14:17.832430,2025-05-01 11:14:47.010655,0 days 00:00:29.178225,64,0.3402655101226041,24,26,222,AVGO.O,COMPLETE,AVGO.O
629,29,0.0489092219704143,2025-05-01 11:14:47.029669,2025-05-01 11:15:15.466405,0 days 00:00:28.436736,64,0.3619074066797689,23,11,252,AVGO.O,COMPLETE,AVGO.O
630,0,0.0487180979598969,2025-05-01 11:15:15.522970,2025-05-01 11:15:22.873427,0 days 00:00:07.350457,64,0.2800314854185339,27,6,64,CDNS.O,COMPLETE,CDNS.O
631,1,0.0525055237226278,2025-05-01 11:15:22.884297,2025-05-01 11:15:42.577221,0 days 00:00:19.692924,64,0.1213846151729914,28,31,90,CDNS.O,COMPLETE,CDNS.O
632,2,0.0672410725456002,2025-05-01 11:15:42.589953,2025-05-01 11:15:58.053909,0 days 00:00:15.463956,64,0.3646250029277066,27,36,232,CDNS.O,COMPLETE,CDNS.O
633,3,0.057324760513284,2025-05-01 11:15:58.066850,2025-05-01 11:16:07.600589,0 days 00:00:09.533739,64,0.1036996578571756,21,11,96,CDNS.O,COMPLETE,CDNS.O
634,4,0.0474260819321148,2025-05-01 11:16:07.612785,2025-05-01 11:17:04.366205,0 days 00:00:56.753420,64,0.3821965253261533,31,36,227,CDNS.O,COMPLETE,CDNS.O
635,5,0.047338842279805,2025-05-01 11:17:04.378860,2025-05-01 11:17:48.295475,0 days 00:00:43.916615,64,0.2679869019916507,33,21,235,CDNS.O,COMPLETE,CDNS.O
636,6,0.05476934468203,2025-05-01 11:17:48.311159,2025-05-01 11:18:12.181977,0 days 00:00:23.870818,32,0.4314089567724571,32,51,94,CDNS.O,COMPLETE,CDNS.O
637,7,0.0692107652367413,2025-05-01 11:18:12.193689,2025-05-01 11:18:23.820726,0 days 00:00:11.627037,64,0.1193674615697898,33,56,52,CDNS.O,COMPLETE,CDNS.O
638,8,0.0337344860228336,2025-05-01 11:18:23.835062,2025-05-01 11:18:31.401838,0 days 00:00:07.566776,32,0.1550854971395371,26,1,78,CDNS.O,COMPLETE,CDNS.O
639,9,0.0323386060716543,2025-05-01 11:18:31.420355,2025-05-01 11:18:38.284382,0 days 00:00:06.864027,64,0.2402950560309096,20,1,256,CDNS.O,COMPLETE,CDNS.O
640,10,0.0463876859547709,2025-05-01 11:18:38.296217,2025-05-01 11:19:05.008841,0 days 00:00:26.712624,32,0.2077516135272564,20,16,169,CDNS.O,COMPLETE,CDNS.O
641,11,0.0323106579379676,2025-05-01 11:19:05.027104,2025-05-01 11:19:12.972183,0 days 00:00:07.945079,32,0.1915464607501057,23,1,159,CDNS.O,COMPLETE,CDNS.O
642,12,0.0327747365447787,2025-05-01 11:19:12.983872,2025-05-01 11:19:20.588827,0 days 00:00:07.604955,32,0.227608093104885,23,1,167,CDNS.O,COMPLETE,CDNS.O
643,13,0.0463972384818421,2025-05-01 11:19:20.604057,2025-05-01 11:19:47.998353,0 days 00:00:27.394296,32,0.2007414812582376,23,21,135,CDNS.O,COMPLETE,CDNS.O
644,14,0.0485618068662868,2025-05-01 11:19:48.012803,2025-05-01 11:20:05.164984,0 days 00:00:17.152181,32,0.3513042285556407,23,11,190,CDNS.O,COMPLETE,CDNS.O
645,15,0.0317993948304112,2025-05-01 11:20:05.175857,2025-05-01 11:20:13.010691,0 days 00:00:07.834834,32,0.304380834776405,21,1,206,CDNS.O,COMPLETE,CDNS.O
646,16,0.0526770588947734,2025-05-01 11:20:13.027902,2025-05-01 11:20:24.853057,0 days 00:00:11.825155,32,0.485778266428687,25,11,129,CDNS.O,COMPLETE,CDNS.O
647,17,0.0447533869210602,2025-05-01 11:20:24.865789,2025-05-01 11:21:45.655370,0 days 00:01:20.789581,32,0.3256180932100759,29,46,199,CDNS.O,COMPLETE,CDNS.O
648,18,0.0456608557413558,2025-05-01 11:21:45.668862,2025-05-01 11:22:22.962770,0 days 00:00:37.293908,32,0.1706716217855801,22,26,197,CDNS.O,COMPLETE,CDNS.O
649,19,0.0414447699893445,2025-05-01 11:22:22.973738,2025-05-01 11:22:48.836141,0 days 00:00:25.862403,32,0.3020479294637407,35,6,158,CDNS.O,COMPLETE,CDNS.O
650,20,0.0553209454503113,2025-05-01 11:22:48.848223,2025-05-01 11:23:04.291603,0 days 00:00:15.443380,32,0.3983413296512725,24,16,113,CDNS.O,COMPLETE,CDNS.O
651,21,0.0325003900542701,2025-05-01 11:23:04.303008,2025-05-01 11:23:12.818633,0 days 00:00:08.515625,64,0.2460824378274423,20,1,255,CDNS.O,COMPLETE,CDNS.O
652,22,0.0423433240044709,2025-05-01 11:23:12.833036,2025-05-01 11:23:33.363660,0 days 00:00:20.530624,32,0.1749780948985582,21,6,256,CDNS.O,COMPLETE,CDNS.O
653,23,0.0323716409152848,2025-05-01 11:23:33.378985,2025-05-01 11:23:41.190711,0 days 00:00:07.811726,64,0.3132310745017295,20,1,216,CDNS.O,COMPLETE,CDNS.O
654,24,0.0464107941719022,2025-05-01 11:23:41.206232,2025-05-01 11:23:51.709662,0 days 00:00:10.503430,32,0.2508769592317486,22,6,210,CDNS.O,COMPLETE,CDNS.O
655,25,0.047226444827543,2025-05-01 11:23:51.722111,2025-05-01 11:24:20.047698,0 days 00:00:28.325587,32,0.2199914485334008,24,16,186,CDNS.O,COMPLETE,CDNS.O
656,26,0.0319687978699564,2025-05-01 11:24:20.059267,2025-05-01 11:24:27.697277,0 days 00:00:07.638010,64,0.2886674723427451,21,1,148,CDNS.O,COMPLETE,CDNS.O
657,27,0.0439784771211156,2025-05-01 11:24:27.713385,2025-05-01 11:24:49.149106,0 days 00:00:21.435721,32,0.3364910760673293,25,11,149,CDNS.O,COMPLETE,CDNS.O
658,28,0.0446572730867368,2025-05-01 11:24:49.167103,2025-05-01 11:25:02.283204,0 days 00:00:13.116101,64,0.2816714725332244,22,6,175,CDNS.O,COMPLETE,CDNS.O
659,29,0.0513886802376258,2025-05-01 11:25:02.297659,2025-05-01 11:25:09.286508,0 days 00:00:06.988849,64,0.2775819326947347,21,6,32,CDNS.O,COMPLETE,CDNS.O
660,0,0.0354644232917791,2025-05-01 11:18:00.420628,2025-05-01 11:18:45.731849,0 days 00:00:45.311221,64,0.327570798024696,34,31,223,ON.O,COMPLETE,ON.O
661,1,0.0413317744464731,2025-05-01 11:18:45.743055,2025-05-01 11:18:56.159724,0 days 00:00:10.416669,64,0.2276481957007588,22,21,37,ON.O,COMPLETE,ON.O
662,2,0.0377329583758727,2025-05-01 11:18:56.170095,2025-05-01 11:19:11.166635,0 days 00:00:14.996540,64,0.1433993374328742,25,46,90,ON.O,COMPLETE,ON.O
663,3,0.0408348650342618,2025-05-01 11:19:11.177320,2025-05-01 11:19:16.469461,0 days 00:00:05.292141,64,0.1224929209734971,31,6,70,ON.O,COMPLETE,ON.O
664,4,0.0335138379996743,2025-05-01 11:19:16.475899,2025-05-01 11:19:34.462037,0 days 00:00:17.986138,32,0.4727502421475985,30,6,222,ON.O,COMPLETE,ON.O
665,5,0.0358272885494441,2025-05-01 11:19:34.470684,2025-05-01 11:20:10.279159,0 days 00:00:35.808475,32,0.3687590661459519,25,46,122,ON.O,COMPLETE,ON.O
666,6,0.0334599940412069,2025-05-01 11:20:10.288634,2025-05-01 11:20:28.698958,0 days 00:00:18.410324,32,0.4532013730331988,25,21,76,ON.O,COMPLETE,ON.O
667,7,0.0343501927732237,2025-05-01 11:20:28.707838,2025-05-01 11:20:38.685821,0 days 00:00:09.977983,32,0.3169829106933917,35,6,219,ON.O,COMPLETE,ON.O
668,8,0.0347361419276747,2025-05-01 11:20:38.692580,2025-05-01 11:20:51.559641,0 days 00:00:12.867061,64,0.4652150798639748,34,6,129,ON.O,COMPLETE,ON.O
669,9,0.0332870527789406,2025-05-01 11:20:51.567363,2025-05-01 11:21:40.670061,0 days 00:00:49.102698,64,0.1370545277636784,35,21,231,ON.O,COMPLETE,ON.O
670,10,0.0349236422753822,2025-05-01 11:21:40.677744,2025-05-01 11:22:23.312986,0 days 00:00:42.635242,64,0.1846768900622485,20,56,171,ON.O,COMPLETE,ON.O
671,11,0.0373194730594386,2025-05-01 11:22:23.319205,2025-05-01 11:22:36.726929,0 days 00:00:13.407724,32,0.3980591478619395,27,21,168,ON.O,COMPLETE,ON.O
672,12,0.0352844997605197,2025-05-01 11:22:36.737104,2025-05-01 11:23:20.815586,0 days 00:00:44.078482,32,0.2591859678244917,30,26,253,ON.O,COMPLETE,ON.O
673,13,0.0352718707074801,2025-05-01 11:23:20.823325,2025-05-01 11:23:36.965360,0 days 00:00:16.142035,32,0.4150159839820789,24,16,89,ON.O,COMPLETE,ON.O
674,14,0.0397436311093226,2025-05-01 11:23:36.972850,2025-05-01 11:23:44.483979,0 days 00:00:07.511129,64,0.2522691167148354,27,36,33,ON.O,COMPLETE,ON.O
675,15,0.0345886441825979,2025-05-01 11:23:44.494191,2025-05-01 11:24:16.919861,0 days 00:00:32.425670,32,0.4928008174833827,32,16,178,ON.O,COMPLETE,ON.O
676,16,0.0385341241716418,2025-05-01 11:24:16.928720,2025-05-01 11:24:34.108498,0 days 00:00:17.179778,64,0.3555417020208218,28,36,144,ON.O,COMPLETE,ON.O
677,17,0.0357574236626836,2025-05-01 11:24:34.120627,2025-05-01 11:24:44.795289,0 days 00:00:10.674662,32,0.1007397260587714,23,16,61,ON.O,COMPLETE,ON.O
678,18,0.0346212661795132,2025-05-01 11:24:44.807351,2025-05-01 11:25:04.028990,0 days 00:00:19.221639,32,0.2086105043869126,20,26,107,ON.O,COMPLETE,ON.O
679,19,0.0491627199841508,2025-05-01 11:25:04.036163,2025-05-01 11:25:09.008813,0 days 00:00:04.972650,64,0.4352794083665608,28,1,198,ON.O,COMPLETE,ON.O
680,20,0.0377678854150622,2025-05-01 11:25:09.016600,2025-05-01 11:25:21.220840,0 days 00:00:12.204240,64,0.1775576615779054,32,36,195,ON.O,COMPLETE,ON.O
681,21,0.0376829486165402,2025-05-01 11:25:21.230651,2025-05-01 11:25:37.003371,0 days 00:00:15.772720,32,0.4984468852188358,29,11,249,ON.O,COMPLETE,ON.O
682,22,0.0283828370114338,2025-05-01 11:25:37.013544,2025-05-01 11:25:48.430462,0 days 00:00:11.416918,32,0.4500358471051529,33,1,229,ON.O,COMPLETE,ON.O
683,23,0.037357243160858,2025-05-01 11:25:48.441160,2025-05-01 11:26:10.011135,0 days 00:00:21.569975,32,0.4418878073846761,35,21,233,ON.O,COMPLETE,ON.O
684,24,0.0295995169824515,2025-05-01 11:26:10.018179,2025-05-01 11:26:17.092671,0 days 00:00:07.074492,32,0.3786109555203164,33,1,200,ON.O,COMPLETE,ON.O
685,25,0.0283845349110704,2025-05-01 11:26:17.098834,2025-05-01 11:26:25.173648,0 days 00:00:08.074814,32,0.3897108569850804,33,1,196,ON.O,COMPLETE,ON.O
686,26,0.027954027757132,2025-05-01 11:26:25.181700,2025-05-01 11:26:35.907731,0 days 00:00:10.726031,32,0.3889272301790218,33,1,199,ON.O,COMPLETE,ON.O
687,27,0.0279222053556806,2025-05-01 11:26:35.916744,2025-05-01 11:26:55.221919,0 days 00:00:19.305175,32,0.4054855727652202,33,1,182,ON.O,COMPLETE,ON.O
688,28,0.0344584504511566,2025-05-01 11:26:55.230692,2025-05-01 11:27:11.915942,0 days 00:00:16.685250,32,0.3484001465794772,31,11,151,ON.O,COMPLETE,ON.O
689,29,0.0336873724568912,2025-05-01 11:27:11.924937,2025-05-01 11:27:35.237934,0 days 00:00:23.312997,32,0.3033490406394302,33,11,210,ON.O,COMPLETE,ON.O
690,0,0.0237215951435286,2025-05-01 11:27:35.287699,2025-05-01 11:27:44.822000,0 days 00:00:09.534301,64,0.1589259689838124,28,1,187,PANW.O,COMPLETE,PANW.O
691,1,0.0408281591161066,2025-05-01 11:27:44.830035,2025-05-01 11:27:53.609760,0 days 00:00:08.779725,64,0.2532928401017938,33,46,37,PANW.O,COMPLETE,PANW.O
692,2,0.0392387591247498,2025-05-01 11:27:53.616659,2025-05-01 11:28:09.472303,0 days 00:00:15.855644,64,0.3086325285153629,34,16,197,PANW.O,COMPLETE,PANW.O
693,3,0.0366635121339586,2025-05-01 11:28:09.482401,2025-05-01 11:29:03.985505,0 days 00:00:54.503104,64,0.2622383391621778,33,56,250,PANW.O,COMPLETE,PANW.O
694,4,0.0349362681549561,2025-05-01 11:29:03.996445,2025-05-01 11:29:16.555028,0 days 00:00:12.558583,64,0.2503422626278051,27,16,79,PANW.O,COMPLETE,PANW.O
695,5,0.036265430679782,2025-05-01 11:29:16.564580,2025-05-01 11:29:27.613722,0 days 00:00:11.049142,32,0.468495484192186,28,11,104,PANW.O,COMPLETE,PANW.O
696,6,0.0507619700342083,2025-05-01 11:29:27.621192,2025-05-01 11:29:35.683513,0 days 00:00:08.062321,64,0.391007612576994,35,56,35,PANW.O,COMPLETE,PANW.O
