,number,value,datetime_start,datetime_complete,duration,params_batch_size,params_dropout,params_epochs,params_lookback,params_units,user_attrs_Company,state,Company
1254,24,0.0383347043159649,2025-05-01 10:48:41.564094,2025-05-01 10:49:17.656389,0 days 00:00:36.092295,32,0.3353463096613731,26,16,255,GOOGL.O,COMPLETE,GOOGL.O
1255,25,0.0373927481363537,2025-05-01 10:49:17.663059,2025-05-01 10:49:32.128980,0 days 00:00:14.465921,32,0.2797995098753778,27,6,205,GOOGL.O,COMPLETE,GOOGL.O
1256,26,0.0396499380775905,2025-05-01 10:49:32.138433,2025-05-01 10:50:30.808958,0 days 00:00:58.670525,32,0.4195998511718851,24,31,256,GOOGL.O,COMPLETE,GOOGL.O
1257,27,0.0405853601637236,2025-05-01 10:50:30.816665,2025-05-01 10:50:49.421317,0 days 00:00:18.604652,32,0.2807220909405351,21,11,227,GOOGL.O,COMPLETE,GOOGL.O
1258,28,0.0279552749102436,2025-05-01 10:50:49.429018,2025-05-01 10:50:58.041825,0 days 00:00:08.612807,32,0.329809914189681,27,1,189,GOOGL.O,COMPLETE,GOOGL.O
1259,29,0.0390091449423545,2025-05-01 10:50:58.047388,2025-05-01 10:51:31.935128,0 days 00:00:33.887740,32,0.3553220080813981,22,16,219,GOOGL.O,COMPLETE,GOOGL.O
1260,0,0.0384962907105222,2025-05-01 10:51:31.975480,2025-05-01 10:51:41.022476,0 days 00:00:09.046996,32,0.2760541709228142,28,21,37,INTC.O,COMPLETE,INTC.O
1261,1,0.0441738225837374,2025-05-01 10:51:41.032707,2025-05-01 10:51:52.531718,0 days 00:00:11.499011,64,0.1172489460590529,29,26,125,INTC.O,COMPLETE,INTC.O
1262,2,0.0324632297373852,2025-05-01 10:51:52.539874,2025-05-01 10:52:02.522349,0 days 00:00:09.982475,32,0.3360129071214828,33,6,81,INTC.O,COMPLETE,INTC.O
1263,3,0.0430620078775249,2025-05-01 10:52:02.535360,2025-05-01 10:52:19.545935,0 days 00:00:17.010575,32,0.2571920895453999,29,26,254,INTC.O,COMPLETE,INTC.O
1264,4,0.03114899891751,2025-05-01 10:52:19.555084,2025-05-01 10:52:50.886375,0 days 00:00:31.331291,32,0.1441408372576867,34,51,69,INTC.O,COMPLETE,INTC.O
1265,5,0.0426641156594589,2025-05-01 10:52:50.893077,2025-05-01 10:53:04.198456,0 days 00:00:13.305379,64,0.1281481321312702,26,31,204,INTC.O,COMPLETE,INTC.O
1266,6,0.0501652682698654,2025-05-01 10:53:04.204588,2025-05-01 10:53:12.837856,0 days 00:00:08.633268,64,0.3360307915037492,27,41,70,INTC.O,COMPLETE,INTC.O
1267,7,0.035968933379805,2025-05-01 10:53:12.847080,2025-05-01 10:53:55.135187,0 days 00:00:42.288107,64,0.1165842420417949,28,46,156,INTC.O,COMPLETE,INTC.O
1268,8,0.0400148930635685,2025-05-01 10:53:55.145069,2025-05-01 10:54:24.497363,0 days 00:00:29.352294,32,0.3086303918404425,24,46,203,INTC.O,COMPLETE,INTC.O
1269,9,0.0429560657636076,2025-05-01 10:54:24.506833,2025-05-01 10:54:33.911956,0 days 00:00:09.405123,64,0.2649081894109613,30,26,119,INTC.O,COMPLETE,INTC.O
1270,10,0.046534124646399,2025-05-01 10:54:33.920136,2025-05-01 10:54:43.639831,0 days 00:00:09.719695,32,0.4767363556809068,20,56,39,INTC.O,COMPLETE,INTC.O
1271,11,0.0334514114004382,2025-05-01 10:54:43.648185,2025-05-01 10:54:52.849777,0 days 00:00:09.201592,32,0.3924752939858505,35,6,85,INTC.O,COMPLETE,INTC.O
1272,12,0.1605224190908444,2025-05-01 10:54:52.857583,2025-05-01 10:54:57.029152,0 days 00:00:04.171569,32,0.1972008140811636,35,1,79,INTC.O,COMPLETE,INTC.O
1273,13,0.0330763254041098,2025-05-01 10:54:57.035072,2025-05-01 10:55:11.856766,0 days 00:00:14.821694,32,0.3844109648151557,32,11,100,INTC.O,COMPLETE,INTC.O
1274,14,0.0381303816923606,2025-05-01 10:55:11.863052,2025-05-01 10:55:30.994825,0 days 00:00:19.131773,32,0.1931256603800803,32,16,159,INTC.O,COMPLETE,INTC.O
1275,15,0.0405051018372616,2025-05-01 10:55:31.001834,2025-05-01 10:55:45.832183,0 days 00:00:14.830349,32,0.2016863839162643,33,56,57,INTC.O,COMPLETE,INTC.O
1276,16,0.041971420252725,2025-05-01 10:55:45.846510,2025-05-01 10:55:58.569660,0 days 00:00:12.723150,32,0.4345787422935426,33,36,110,INTC.O,COMPLETE,INTC.O
1277,17,0.02251690365711,2025-05-01 10:55:58.580077,2025-05-01 10:56:08.234004,0 days 00:00:09.653927,32,0.3612741551098213,31,1,136,INTC.O,COMPLETE,INTC.O
1278,18,0.0349017538848135,2025-05-01 10:56:08.241420,2025-05-01 10:56:56.989166,0 days 00:00:48.747746,32,0.4989366564679575,31,51,184,INTC.O,COMPLETE,INTC.O
1279,19,0.0378613410072943,2025-05-01 10:56:57.003485,2025-05-01 10:57:15.535416,0 days 00:00:18.531931,32,0.3823179687959195,25,36,135,INTC.O,COMPLETE,INTC.O
1280,20,0.0221043214366878,2025-05-01 10:57:15.545937,2025-05-01 10:57:26.305919,0 days 00:00:10.759982,32,0.1515662090838897,22,1,245,INTC.O,COMPLETE,INTC.O
1281,21,0.0212056271819817,2025-05-01 10:57:26.313101,2025-05-01 10:57:34.124232,0 days 00:00:07.811131,32,0.1594299631897845,22,1,233,INTC.O,COMPLETE,INTC.O
1282,22,0.0210155879747904,2025-05-01 10:57:34.134467,2025-05-01 10:57:43.662513,0 days 00:00:09.528046,32,0.1600324819473476,21,1,252,INTC.O,COMPLETE,INTC.O
1283,23,0.0365004443635968,2025-05-01 10:57:43.673708,2025-05-01 10:57:58.786815,0 days 00:00:15.113107,32,0.1692765407433052,21,11,254,INTC.O,COMPLETE,INTC.O
1284,24,0.0214860948510485,2025-05-01 10:57:58.797845,2025-05-01 10:58:08.653546,0 days 00:00:09.855701,32,0.2211886372851826,22,1,232,INTC.O,COMPLETE,INTC.O
1285,25,0.033525495949108,2025-05-01 10:58:08.663246,2025-05-01 10:58:32.595505,0 days 00:00:23.932259,32,0.2338432513859868,23,11,228,INTC.O,COMPLETE,INTC.O
1286,26,0.0354113568480401,2025-05-01 10:58:32.602491,2025-05-01 10:58:43.701666,0 days 00:00:11.099175,64,0.2253986495033379,20,6,225,INTC.O,COMPLETE,INTC.O
1287,27,0.0345849783386498,2025-05-01 10:58:43.708050,2025-05-01 10:59:09.001647,0 days 00:00:25.293597,32,0.1689021494239966,22,16,229,INTC.O,COMPLETE,INTC.O
1288,28,0.0210071793024316,2025-05-01 10:59:09.008931,2025-05-01 10:59:19.382431,0 days 00:00:10.373500,32,0.2257580067608607,23,1,189,INTC.O,COMPLETE,INTC.O
1289,29,0.040999825468605,2025-05-01 10:59:19.395457,2025-05-01 10:59:32.088395,0 days 00:00:12.692938,32,0.2812803934458127,24,16,186,INTC.O,COMPLETE,INTC.O
1290,0,0.0535391854540108,2025-05-01 10:59:32.132943,2025-05-01 11:00:08.834818,0 days 00:00:36.701875,32,0.3221198321710106,33,56,48,INTU.O,COMPLETE,INTU.O
1291,1,0.0545336970185772,2025-05-01 11:00:08.845124,2025-05-01 11:00:34.930653,0 days 00:00:26.085529,64,0.2265724640967208,35,21,124,INTU.O,COMPLETE,INTU.O
1292,2,0.0587185020243746,2025-05-01 11:00:34.936561,2025-05-01 11:00:55.019755,0 days 00:00:20.083194,32,0.3407119491510381,30,46,64,INTU.O,COMPLETE,INTU.O
1293,3,0.0495619398408852,2025-05-01 11:00:55.027915,2025-05-01 11:01:18.524449,0 days 00:00:23.496534,32,0.2400172184647737,27,11,172,INTU.O,COMPLETE,INTU.O
1294,4,0.0578900783446905,2025-05-01 11:01:18.532523,2025-05-01 11:01:58.790650,0 days 00:00:40.258127,64,0.420763358995329,21,51,127,INTU.O,COMPLETE,INTU.O
1295,5,0.0536400037666415,2025-05-01 11:01:58.798695,2025-05-01 11:03:19.909098,0 days 00:01:21.110403,64,0.4123508731229298,27,46,209,INTU.O,COMPLETE,INTU.O
1296,6,0.0489284615471051,2025-05-01 11:03:19.915504,2025-05-01 11:03:56.305901,0 days 00:00:36.390397,32,0.4664580432368433,26,11,230,INTU.O,COMPLETE,INTU.O
1297,7,0.0348064468439812,2025-05-01 11:03:56.313759,2025-05-01 11:04:05.308100,0 days 00:00:08.994341,64,0.3607759040621235,20,1,163,INTU.O,COMPLETE,INTU.O
1298,8,0.0497904544833083,2025-05-01 11:04:05.315715,2025-05-01 11:04:31.293719,0 days 00:00:25.978004,32,0.3245028848724052,21,16,151,INTU.O,COMPLETE,INTU.O
1299,9,0.0669597471021621,2025-05-01 11:04:31.304368,2025-05-01 11:04:37.175889,0 days 00:00:05.871521,64,0.1220337949804658,28,11,57,INTU.O,COMPLETE,INTU.O
1300,10,0.0338195230879662,2025-05-01 11:04:37.183169,2025-05-01 11:04:47.029259,0 days 00:00:09.846090,64,0.1054727577378811,23,1,254,INTU.O,COMPLETE,INTU.O
1301,11,0.0341675394198314,2025-05-01 11:04:47.040591,2025-05-01 11:04:57.151199,0 days 00:00:10.110608,64,0.1127109020316709,23,1,255,INTU.O,COMPLETE,INTU.O
1302,12,0.0340322777084026,2025-05-01 11:04:57.160745,2025-05-01 11:05:07.250562,0 days 00:00:10.089817,64,0.1007179683487385,24,1,252,INTU.O,COMPLETE,INTU.O
1303,13,0.0540059485709015,2025-05-01 11:05:07.259792,2025-05-01 11:05:53.209900,0 days 00:00:45.950108,64,0.1722504615809112,24,31,203,INTU.O,COMPLETE,INTU.O
1304,14,0.049895452876154,2025-05-01 11:05:53.220302,2025-05-01 11:06:51.645065,0 days 00:00:58.424763,64,0.184955841253903,24,31,256,INTU.O,COMPLETE,INTU.O
1305,15,0.0338495851175326,2025-05-01 11:06:51.652220,2025-05-01 11:07:02.001478,0 days 00:00:10.349258,64,0.1017929698664836,23,1,220,INTU.O,COMPLETE,INTU.O
1306,16,0.0607748700315577,2025-05-01 11:07:02.008866,2025-05-01 11:07:21.979600,0 days 00:00:19.970734,64,0.2607274020101439,22,21,193,INTU.O,COMPLETE,INTU.O
1307,17,0.0495895418839155,2025-05-01 11:07:21.987215,2025-05-01 11:07:42.520866,0 days 00:00:20.533651,64,0.1634919069200573,30,6,221,INTU.O,COMPLETE,INTU.O
1308,18,0.0559386155286886,2025-05-01 11:07:42.528589,2025-05-01 11:08:01.788463,0 days 00:00:19.259874,64,0.1458673468801267,25,26,94,INTU.O,COMPLETE,INTU.O
1309,19,0.0517109187326102,2025-05-01 11:08:01.796052,2025-05-01 11:08:51.309908,0 days 00:00:49.513856,64,0.2066948965796063,29,36,184,INTU.O,COMPLETE,INTU.O
1310,20,0.0512314002874693,2025-05-01 11:08:51.316476,2025-05-01 11:09:05.530663,0 days 00:00:14.214187,64,0.2618177468507915,20,6,232,INTU.O,COMPLETE,INTU.O
1311,21,0.0338865357431699,2025-05-01 11:09:05.537209,2025-05-01 11:09:13.739466,0 days 00:00:08.202257,64,0.106221924653252,23,1,235,INTU.O,COMPLETE,INTU.O
1312,22,0.0525752694781196,2025-05-01 11:09:13.750468,2025-05-01 11:09:29.196256,0 days 00:00:15.445788,64,0.1419251409156526,22,6,233,INTU.O,COMPLETE,INTU.O
1313,23,0.0339049977441532,2025-05-01 11:09:29.208759,2025-05-01 11:09:37.559452,0 days 00:00:08.350693,64,0.104960664380687,23,1,219,INTU.O,COMPLETE,INTU.O
1314,24,0.0524390384601899,2025-05-01 11:09:37.569198,2025-05-01 11:10:09.436611,0 days 00:00:31.867413,64,0.1959515772540419,25,16,241,INTU.O,COMPLETE,INTU.O
1315,25,0.0572214504315608,2025-05-01 11:10:09.442083,2025-05-01 11:10:19.703516,0 days 00:00:10.261433,64,0.138177755350937,26,6,206,INTU.O,COMPLETE,INTU.O
1316,26,0.0512964137169969,2025-05-01 11:10:19.710376,2025-05-01 11:10:48.148709,0 days 00:00:28.438333,32,0.1523374499195368,22,16,185,INTU.O,COMPLETE,INTU.O
1317,27,0.0339387858776133,2025-05-01 11:10:48.158334,2025-05-01 11:10:57.866802,0 days 00:00:09.708468,64,0.2825104378788469,25,1,215,INTU.O,COMPLETE,INTU.O
1318,28,0.0548999820374972,2025-05-01 11:10:57.873168,2025-05-01 11:11:18.542848,0 days 00:00:20.669680,64,0.2083444676860685,23,11,239,INTU.O,COMPLETE,INTU.O
1319,29,0.0464430444760796,2025-05-01 11:11:18.550985,2025-05-01 11:11:39.443575,0 days 00:00:20.892590,32,0.127919804685065,33,6,191,INTU.O,COMPLETE,INTU.O
