number,value,datetime_start,datetime_complete,duration,params_batch_size,params_dropout,params_epochs,params_lookback,params_units,user_attrs_Company,state,Company
11,0.029215075429848903,2025-05-01 10:41:23.811527,2025-05-01 10:41:30.559265,0 days 00:00:06.747738,64,0.10105978969585422,35,1,196,NVDA.O,COMPLETE,NVDA.O
12,0.030849999070994567,2025-05-01 10:41:30.565136,2025-05-01 10:41:38.118756,0 days 00:00:07.553620,64,0.1058773593277907,35,1,209,NVDA.O,COMPLETE,NVDA.O
13,0.052957994236090614,2025-05-01 10:41:38.125547,2025-05-01 10:41:48.628233,0 days 00:00:10.502686,64,0.1103262647635597,34,16,194,NVDA.O,COMPLETE,NVDA.O
14,0.031580907019423315,2025-05-01 10:41:48.635325,2025-05-01 10:41:55.334361,0 days 00:00:06.699036,64,0.16440387892372058,35,1,249,NVDA.O,COMPLETE,NVDA.O
15,0.05263777469705355,2025-05-01 10:41:55.341621,2025-05-01 10:42:08.144905,0 days 00:00:12.803284,64,0.17772417023472925,24,26,215,NVDA.O,COMPLETE,NVDA.O
16,0.029582734246037277,2025-05-01 10:42:08.151160,2025-05-01 10:42:16.443648,0 days 00:00:08.292488,64,0.15265097403450525,28,1,182,NVDA.O,COMPLETE,NVDA.O
17,0.05126959920661894,2025-05-01 10:42:16.449693,2025-05-01 10:42:23.684609,0 days 00:00:07.234916,64,0.16291988568145122,24,11,162,NVDA.O,COMPLETE,NVDA.O
18,0.06386600607808993,2025-05-01 10:42:23.690963,2025-05-01 10:42:34.385168,0 days 00:00:10.694205,64,0.33902279182491546,28,21,178,NVDA.O,COMPLETE,NVDA.O
19,0.0440409915785033,2025-05-01 10:42:34.392522,2025-05-01 10:42:43.539747,0 days 00:00:09.147225,64,0.1456037455233258,26,6,230,NVDA.O,COMPLETE,NVDA.O
20,0.06544274133140542,2025-05-01 10:42:43.552334,2025-05-01 10:42:50.399001,0 days 00:00:06.846667,64,0.18973392678173087,23,16,35,NVDA.O,COMPLETE,NVDA.O
21,0.029035024321450647,2025-05-01 10:42:50.410191,2025-05-01 10:42:57.641559,0 days 00:00:07.231368,64,0.10051661871222374,33,1,195,NVDA.O,COMPLETE,NVDA.O
22,0.05191917008202965,2025-05-01 10:42:57.649544,2025-05-01 10:43:06.505502,0 days 00:00:08.855958,64,0.13699227542955314,33,6,186,NVDA.O,COMPLETE,NVDA.O
23,0.032062066721321905,2025-05-01 10:43:06.512632,2025-05-01 10:43:14.203274,0 days 00:00:07.690642,64,0.13552878539686813,30,1,154,NVDA.O,COMPLETE,NVDA.O
24,0.04557453557265735,2025-05-01 10:43:14.209313,2025-05-01 10:43:22.112002,0 days 00:00:07.902689,64,0.20303572979079343,32,6,219,NVDA.O,COMPLETE,NVDA.O
25,0.05265671542614529,2025-05-01 10:43:22.118700,2025-05-01 10:43:31.446314,0 days 00:00:09.327614,64,0.13026618823635247,33,16,132,NVDA.O,COMPLETE,NVDA.O
26,0.02974988511242495,2025-05-01 10:43:31.452162,2025-05-01 10:43:39.255313,0 days 00:00:07.803151,64,0.10053556044071946,29,1,166,NVDA.O,COMPLETE,NVDA.O
27,0.060032544287154356,2025-05-01 10:43:39.262822,2025-05-01 10:43:46.859677,0 days 00:00:07.596855,64,0.16006238937001746,26,11,203,NVDA.O,COMPLETE,NVDA.O
28,0.05164135629820117,2025-05-01 10:43:46.865876,2025-05-01 10:44:14.980036,0 days 00:00:28.114160,64,0.19461424438136055,34,56,233,NVDA.O,COMPLETE,NVDA.O
29,0.04280085465549869,2025-05-01 10:44:14.987069,2025-05-01 10:44:21.942434,0 days 00:00:06.955365,64,0.2307693408009318,31,6,180,NVDA.O,COMPLETE,NVDA.O
0,0.05351666544245139,2025-05-01 10:44:21.985517,2025-05-01 10:44:42.773594,0 days 00:00:20.788077,64,0.4672231100251638,21,46,87,NXPI.O,COMPLETE,NXPI.O
1,0.0450164862277492,2025-05-01 10:44:42.783796,2025-05-01 10:45:44.742595,0 days 00:01:01.958799,32,0.29108675205986,25,51,190,NXPI.O,COMPLETE,NXPI.O
2,0.05452186519260725,2025-05-01 10:45:44.753173,2025-05-01 10:46:07.726258,0 days 00:00:22.973085,64,0.46437630439229827,21,46,87,NXPI.O,COMPLETE,NXPI.O
3,0.048545674857942395,2025-05-01 10:46:07.736253,2025-05-01 10:46:38.457350,0 days 00:00:30.721097,64,0.25549015536595965,22,31,127,NXPI.O,COMPLETE,NXPI.O
4,0.04157118332115763,2025-05-01 10:46:38.472684,2025-05-01 10:47:22.671370,0 days 00:00:44.198686,32,0.28988156478775096,29,26,188,NXPI.O,COMPLETE,NXPI.O
5,0.04721692209079138,2025-05-01 10:47:22.678310,2025-05-01 10:47:59.157479,0 days 00:00:36.479169,64,0.20659555779432515,21,31,205,NXPI.O,COMPLETE,NXPI.O
6,0.05379194358770461,2025-05-01 10:47:59.165859,2025-05-01 10:48:21.507411,0 days 00:00:22.341552,32,0.25356534959980703,20,46,76,NXPI.O,COMPLETE,NXPI.O
7,0.044707493660433695,2025-05-01 10:48:21.518264,2025-05-01 10:48:36.468879,0 days 00:00:14.950615,32,0.45641826583224565,31,6,110,NXPI.O,COMPLETE,NXPI.O
8,0.05062567542310647,2025-05-01 10:48:36.478835,2025-05-01 10:49:29.915489,0 days 00:00:53.436654,64,0.23729104320250363,25,41,204,NXPI.O,COMPLETE,NXPI.O
9,0.046584180485981876,2025-05-01 10:49:29.923133,2025-05-01 10:50:46.334110,0 days 00:01:16.410977,32,0.17457073976054738,22,56,201,NXPI.O,COMPLETE,NXPI.O
10,0.04154851222380135,2025-05-01 10:50:46.342479,2025-05-01 10:51:30.760901,0 days 00:00:44.418422,32,0.36256517541165284,35,11,250,NXPI.O,COMPLETE,NXPI.O
11,0.043310503323711017,2025-05-01 10:51:30.770544,2025-05-01 10:52:09.322734,0 days 00:00:38.552190,32,0.3682820714142966,35,11,256,NXPI.O,COMPLETE,NXPI.O
12,0.04130577030376605,2025-05-01 10:52:09.335259,2025-05-01 10:52:52.744003,0 days 00:00:43.408744,32,0.37137689312251493,31,16,251,NXPI.O,COMPLETE,NXPI.O
13,0.04130546575960591,2025-05-01 10:52:52.752258,2025-05-01 10:54:01.543194,0 days 00:01:08.790936,32,0.3760613990332535,35,21,253,NXPI.O,COMPLETE,NXPI.O
14,0.059867621007042245,2025-05-01 10:54:01.552382,2025-05-01 10:54:13.527754,0 days 00:00:11.975372,32,0.1065330426106948,33,21,41,NXPI.O,COMPLETE,NXPI.O
15,0.04176859168646638,2025-05-01 10:54:13.535964,2025-05-01 10:54:56.554390,0 days 00:00:43.018426,32,0.38250640906525213,31,16,232,NXPI.O,COMPLETE,NXPI.O
16,0.03817951208090351,2025-05-01 10:54:56.565948,2025-05-01 10:55:05.737257,0 days 00:00:09.171309,32,0.40536096717737585,32,1,157,NXPI.O,COMPLETE,NXPI.O
17,0.03879648528205317,2025-05-01 10:55:05.744554,2025-05-01 10:55:15.205041,0 days 00:00:09.460487,32,0.42256444321565406,33,1,155,NXPI.O,COMPLETE,NXPI.O
18,0.037959226183504,2025-05-01 10:55:15.212504,2025-05-01 10:55:24.441498,0 days 00:00:09.228994,32,0.41480595709824203,28,1,163,NXPI.O,COMPLETE,NXPI.O
19,0.03793460732870147,2025-05-01 10:55:24.447755,2025-05-01 10:55:33.712355,0 days 00:00:09.264600,32,0.41770040624620103,27,1,161,NXPI.O,COMPLETE,NXPI.O
20,0.04745489674389396,2025-05-01 10:55:33.722088,2025-05-01 10:55:52.353990,0 days 00:00:18.631902,32,0.3282270061082727,27,6,171,NXPI.O,COMPLETE,NXPI.O
21,0.03846174864086963,2025-05-01 10:55:52.360804,2025-05-01 10:55:59.953935,0 days 00:00:07.593131,32,0.4207017885003728,28,1,143,NXPI.O,COMPLETE,NXPI.O
22,0.037931169041594555,2025-05-01 10:55:59.962426,2025-05-01 10:56:09.657471,0 days 00:00:09.695045,32,0.49272892848663463,26,1,160,NXPI.O,COMPLETE,NXPI.O
23,0.04436712026880539,2025-05-01 10:56:09.666084,2025-05-01 10:56:24.058598,0 days 00:00:14.392514,32,0.49267024313840224,25,6,127,NXPI.O,COMPLETE,NXPI.O
24,0.043684041829604246,2025-05-01 10:56:24.067127,2025-05-01 10:56:50.619324,0 days 00:00:26.552197,32,0.4875266665370118,27,11,174,NXPI.O,COMPLETE,NXPI.O
25,0.037169379601971336,2025-05-01 10:56:50.627297,2025-05-01 10:56:59.608633,0 days 00:00:08.981336,32,0.43439810513738364,29,1,131,NXPI.O,COMPLETE,NXPI.O
26,0.056489369053331025,2025-05-01 10:56:59.616750,2025-05-01 10:57:07.717862,0 days 00:00:08.101112,64,0.44363468968036174,26,6,119,NXPI.O,COMPLETE,NXPI.O
27,0.04397613402942584,2025-05-01 10:57:07.725951,2025-05-01 10:57:35.400088,0 days 00:00:27.674137,32,0.3375280893865391,29,16,144,NXPI.O,COMPLETE,NXPI.O
28,0.04783585092988138,2025-05-01 10:57:35.408720,2025-05-01 10:58:07.192123,0 days 00:00:31.783403,32,0.49682708204032433,24,36,105,NXPI.O,COMPLETE,NXPI.O
29,0.055683613478702945,2025-05-01 10:58:07.207585,2025-05-01 10:58:13.472729,0 days 00:00:06.265144,64,0.4446856048721665,29,11,65,NXPI.O,COMPLETE,NXPI.O
